2021-05-24 16:45:01,243 INFO      ----------configuration**********
2021-05-24 16:45:01,243 INFO      ('dataset', 'my_data')
2021-05-24 16:45:01,243 INFO      ('train_path', 'G:\\vscode_workspace\\Weather_Recognition\\data_v6_new_2classes\\train2\\')
2021-05-24 16:45:01,243 INFO      ('test_path', 'G:\\vscode_workspace\\Weather_Recognition\\data3\\test\\')
2021-05-24 16:45:01,244 INFO      ('imagesize', '224')
2021-05-24 16:45:01,244 INFO      ('pretrained_path', 'G:\\vscode_workspace\\Weather_Recognition\\checkpoints\\mwd_resnet18_2classes\\05_10_10_36_fold_0_model_best.pth.tar')
2021-05-24 16:45:01,244 INFO      ('epochs', '20')
2021-05-24 16:45:01,244 INFO      ('start_epoch', '0')
2021-05-24 16:45:01,244 INFO      ('train_batch', '8')
2021-05-24 16:45:01,244 INFO      ('test_batch', '8')
2021-05-24 16:45:01,244 INFO      ('lr', '0.0001')
2021-05-24 16:45:01,244 INFO      ('drop', '0')
2021-05-24 16:45:01,244 INFO      ('schedule', '[5, 10, 15, 20, 25, 30, 35, 40, 45]')
2021-05-24 16:45:01,244 INFO      ('gamma', '0.9')
2021-05-24 16:45:01,244 INFO      ('momentum', '0.8')
2021-05-24 16:45:01,244 INFO      ('weight_decay', '0.0001')
2021-05-24 16:45:01,244 INFO      ('triplet_margin', '1.5')
2021-05-24 16:45:01,245 INFO      ('checkpoint', 'checkpoints/my_data_v6_new_resnet18_transfer_480_2classes')
2021-05-24 16:45:01,245 INFO      ('resume', '')
2021-05-24 16:45:01,245 INFO      ('arch', 'resnet18')
2021-05-24 16:45:01,245 INFO      ('manualSeed', '1502')
2021-05-24 16:50:39,884 INFO      epoch: 1, train_acc: 96.96, test_acc: 75.04
2021-05-24 16:54:43,347 INFO      epoch: 2, train_acc: 98.85, test_acc: 68.63
2021-05-24 16:58:43,030 INFO      epoch: 3, train_acc: 99.38, test_acc: 68.13
2021-05-24 17:03:03,150 INFO      ----------configuration**********
2021-05-24 17:03:03,150 INFO      ('dataset', 'my_data')
2021-05-24 17:03:03,150 INFO      ('train_path', 'G:\\vscode_workspace\\Weather_Recognition\\data_v6_new_2classes\\train2\\')
2021-05-24 17:03:03,150 INFO      ('test_path', 'G:\\vscode_workspace\\Weather_Recognition\\data3\\test\\')
2021-05-24 17:03:03,150 INFO      ('imagesize', '224')
2021-05-24 17:03:03,150 INFO      ('pretrained_path', 'G:\\vscode_workspace\\Weather_Recognition\\checkpoints\\mwd_resnet18_2classes\\05_10_10_36_fold_0_model_best.pth.tar')
2021-05-24 17:03:03,150 INFO      ('epochs', '20')
2021-05-24 17:03:03,151 INFO      ('start_epoch', '0')
2021-05-24 17:03:03,151 INFO      ('train_batch', '8')
2021-05-24 17:03:03,151 INFO      ('test_batch', '8')
2021-05-24 17:03:03,151 INFO      ('lr', '1e-05')
2021-05-24 17:03:03,151 INFO      ('drop', '0')
2021-05-24 17:03:03,151 INFO      ('schedule', '[5, 10, 15, 20, 25, 30, 35, 40, 45]')
2021-05-24 17:03:03,151 INFO      ('gamma', '0.9')
2021-05-24 17:03:03,151 INFO      ('momentum', '0.8')
2021-05-24 17:03:03,151 INFO      ('weight_decay', '0.0005')
2021-05-24 17:03:03,151 INFO      ('triplet_margin', '1.5')
2021-05-24 17:03:03,151 INFO      ('checkpoint', 'checkpoints/my_data_v6_new_resnet18_transfer_480_2classes')
2021-05-24 17:03:03,151 INFO      ('resume', '')
2021-05-24 17:03:03,151 INFO      ('arch', 'resnet18')
2021-05-24 17:03:03,151 INFO      ('manualSeed', '436')
2021-05-24 17:07:04,843 INFO      epoch: 1, train_acc: 90.47, test_acc: 72.01
2021-05-24 17:11:11,424 INFO      epoch: 2, train_acc: 96.87, test_acc: 73.52
2021-05-24 17:15:08,162 INFO      epoch: 3, train_acc: 97.81, test_acc: 73.69
2021-05-24 17:19:05,618 INFO      epoch: 4, train_acc: 98.40, test_acc: 76.05
2021-05-24 17:23:02,218 INFO      epoch: 5, train_acc: 98.72, test_acc: 72.01
2021-05-24 17:27:08,878 INFO      epoch: 6, train_acc: 98.66, test_acc: 73.02
2021-05-24 18:37:56,206 INFO      ----------configuration**********
2021-05-24 18:37:56,227 INFO      ('dataset', 'my_data')
2021-05-24 18:37:56,227 INFO      ('train_path', 'G:\\vscode_workspace\\Weather_Recognition\\data_v6_new_2classes\\train2\\')
2021-05-24 18:37:56,227 INFO      ('test_path', 'G:\\vscode_workspace\\Weather_Recognition\\data3\\test\\')
2021-05-24 18:37:56,227 INFO      ('imagesize', '224')
2021-05-24 18:37:56,227 INFO      ('pretrained_path', 'G:\\vscode_workspace\\Weather_Recognition\\checkpoints\\mwd_resnet18_2classes\\05_10_10_36_fold_0_model_best.pth.tar')
2021-05-24 18:37:56,227 INFO      ('epochs', '20')
2021-05-24 18:37:56,227 INFO      ('start_epoch', '0')
2021-05-24 18:37:56,227 INFO      ('train_batch', '8')
2021-05-24 18:37:56,227 INFO      ('test_batch', '8')
2021-05-24 18:37:56,227 INFO      ('lr', '1e-05')
2021-05-24 18:37:56,227 INFO      ('drop', '0')
2021-05-24 18:37:56,227 INFO      ('schedule', '[5, 10, 15, 20, 25, 30, 35, 40, 45]')
2021-05-24 18:37:56,227 INFO      ('gamma', '0.9')
2021-05-24 18:37:56,227 INFO      ('momentum', '0.8')
2021-05-24 18:37:56,227 INFO      ('weight_decay', '0.0005')
2021-05-24 18:37:56,227 INFO      ('triplet_margin', '1.0')
2021-05-24 18:37:56,228 INFO      ('checkpoint', 'checkpoints/my_data_v6_new_resnet18_transfer_480_2classes')
2021-05-24 18:37:56,228 INFO      ('resume', '')
2021-05-24 18:37:56,228 INFO      ('arch', 'resnet18')
2021-05-24 18:37:56,228 INFO      ('manualSeed', '9093')
