2021-05-20 12:39:35,211 INFO      ----------configuration**********
2021-05-20 12:39:35,211 INFO      ('dataset', 'my_data')
2021-05-20 12:39:35,211 INFO      ('train_path', 'G:\\vscode_workspace\\Weather_Recognition\\data_v6_new\\train2\\')
2021-05-20 12:39:35,211 INFO      ('test_path', 'G:\\vscode_workspace\\Weather_Recognition\\data_v6_new\\test2\\')
2021-05-20 12:39:35,211 INFO      ('imagesize', '224')
2021-05-20 12:39:35,211 INFO      ('pretrained_path', 'G:\\vscode_workspace\\Weather_Recognition\\checkpoints\\mwd_resnet18\\04_14_14_25_fold_0_model_best.pth.tar')
2021-05-20 12:39:35,211 INFO      ('epochs', '20')
2021-05-20 12:39:35,211 INFO      ('start_epoch', '0')
2021-05-20 12:39:35,212 INFO      ('train_batch', '4')
2021-05-20 12:39:35,212 INFO      ('test_batch', '4')
2021-05-20 12:39:35,212 INFO      ('lr', '0.0003')
2021-05-20 12:39:35,212 INFO      ('drop', '0')
2021-05-20 12:39:35,212 INFO      ('schedule', '[5, 10, 15, 20, 25, 30, 35, 40, 45]')
2021-05-20 12:39:35,212 INFO      ('gamma', '0.9')
2021-05-20 12:39:35,212 INFO      ('momentum', '0.8')
2021-05-20 12:39:35,212 INFO      ('weight_decay', '0.0001')
2021-05-20 12:39:35,212 INFO      ('triplet_margin', '1.5')
2021-05-20 12:39:35,213 INFO      ('checkpoint', 'checkpoints/my_data_v6_new_resnet18_tripletloss_transfer_480')
2021-05-20 12:39:35,213 INFO      ('resume', '')
2021-05-20 12:39:35,213 INFO      ('arch', 'resnet18')
2021-05-20 12:39:35,213 INFO      ('manualSeed', '7504')
2021-05-20 12:43:16,893 INFO      ----------configuration**********
2021-05-20 12:43:16,893 INFO      ('dataset', 'my_data')
2021-05-20 12:43:16,893 INFO      ('train_path', 'G:\\vscode_workspace\\Weather_Recognition\\data_v6_new\\train2\\')
2021-05-20 12:43:16,893 INFO      ('test_path', 'G:\\vscode_workspace\\Weather_Recognition\\data_v6_new\\test2\\')
2021-05-20 12:43:16,894 INFO      ('imagesize', '224')
2021-05-20 12:43:16,894 INFO      ('pretrained_path', 'G:\\vscode_workspace\\Weather_Recognition\\checkpoints\\mwd_resnet18\\04_14_14_25_fold_0_model_best.pth.tar')
2021-05-20 12:43:16,894 INFO      ('epochs', '20')
2021-05-20 12:43:16,894 INFO      ('start_epoch', '0')
2021-05-20 12:43:16,894 INFO      ('train_batch', '4')
2021-05-20 12:43:16,894 INFO      ('test_batch', '4')
2021-05-20 12:43:16,894 INFO      ('lr', '0.0003')
2021-05-20 12:43:16,894 INFO      ('drop', '0')
2021-05-20 12:43:16,894 INFO      ('schedule', '[5, 10, 15, 20, 25, 30, 35, 40, 45]')
2021-05-20 12:43:16,894 INFO      ('gamma', '0.9')
2021-05-20 12:43:16,894 INFO      ('momentum', '0.8')
2021-05-20 12:43:16,894 INFO      ('weight_decay', '0.0001')
2021-05-20 12:43:16,894 INFO      ('triplet_margin', '1.5')
2021-05-20 12:43:16,894 INFO      ('checkpoint', 'checkpoints/my_data_v6_new_resnet18_tripletloss_transfer_480')
2021-05-20 12:43:16,894 INFO      ('resume', '')
2021-05-20 12:43:16,894 INFO      ('arch', 'resnet18')
2021-05-20 12:43:16,894 INFO      ('manualSeed', '2562')
2021-05-20 12:47:54,477 INFO      epoch: 1, train_acc: 0.00, test_acc: 63.42
2021-05-20 12:49:10,892 INFO      ----------configuration**********
2021-05-20 12:49:10,892 INFO      ('dataset', 'my_data')
2021-05-20 12:49:10,892 INFO      ('train_path', 'G:\\vscode_workspace\\Weather_Recognition\\data_v6_new\\train2\\')
2021-05-20 12:49:10,893 INFO      ('test_path', 'G:\\vscode_workspace\\Weather_Recognition\\data_v6_new\\test2\\')
2021-05-20 12:49:10,893 INFO      ('imagesize', '224')
2021-05-20 12:49:10,893 INFO      ('pretrained_path', 'G:\\vscode_workspace\\Weather_Recognition\\checkpoints\\mwd_resnet18\\04_14_14_25_fold_0_model_best.pth.tar')
2021-05-20 12:49:10,893 INFO      ('epochs', '20')
2021-05-20 12:49:10,893 INFO      ('start_epoch', '0')
2021-05-20 12:49:10,893 INFO      ('train_batch', '4')
2021-05-20 12:49:10,893 INFO      ('test_batch', '4')
2021-05-20 12:49:10,893 INFO      ('lr', '0.0001')
2021-05-20 12:49:10,893 INFO      ('drop', '0')
2021-05-20 12:49:10,893 INFO      ('schedule', '[5, 10, 15, 20, 25, 30, 35, 40, 45]')
2021-05-20 12:49:10,893 INFO      ('gamma', '0.9')
2021-05-20 12:49:10,893 INFO      ('momentum', '0.8')
2021-05-20 12:49:10,893 INFO      ('weight_decay', '0.0001')
2021-05-20 12:49:10,893 INFO      ('triplet_margin', '1.5')
2021-05-20 12:49:10,893 INFO      ('checkpoint', 'checkpoints/my_data_v6_new_resnet18_tripletloss_transfer_480')
2021-05-20 12:49:10,893 INFO      ('resume', '')
2021-05-20 12:49:10,893 INFO      ('arch', 'resnet18')
2021-05-20 12:49:10,894 INFO      ('manualSeed', '8785')
2021-05-20 12:53:00,644 INFO      epoch: 1, train_acc: 0.00, test_acc: 63.42, val_acc: 59.02
2021-05-20 12:54:08,380 INFO      ----------configuration**********
2021-05-20 12:54:08,381 INFO      ('dataset', 'my_data')
2021-05-20 12:54:08,381 INFO      ('train_path', 'G:\\vscode_workspace\\Weather_Recognition\\data_v6_new\\train2\\')
2021-05-20 12:54:08,381 INFO      ('test_path', 'G:\\vscode_workspace\\Weather_Recognition\\data_v6_new\\test2\\')
2021-05-20 12:54:08,381 INFO      ('imagesize', '224')
2021-05-20 12:54:08,381 INFO      ('pretrained_path', 'G:\\vscode_workspace\\Weather_Recognition\\checkpoints\\mwd_resnet18\\04_14_14_25_fold_0_model_best.pth.tar')
2021-05-20 12:54:08,381 INFO      ('epochs', '20')
2021-05-20 12:54:08,381 INFO      ('start_epoch', '0')
2021-05-20 12:54:08,381 INFO      ('train_batch', '4')
2021-05-20 12:54:08,381 INFO      ('test_batch', '4')
2021-05-20 12:54:08,381 INFO      ('lr', '0.0001')
2021-05-20 12:54:08,381 INFO      ('drop', '0')
2021-05-20 12:54:08,381 INFO      ('schedule', '[5, 10, 15, 20, 25, 30, 35, 40, 45]')
2021-05-20 12:54:08,381 INFO      ('gamma', '0.9')
2021-05-20 12:54:08,381 INFO      ('momentum', '0.8')
2021-05-20 12:54:08,381 INFO      ('weight_decay', '0.0001')
2021-05-20 12:54:08,381 INFO      ('triplet_margin', '1.5')
2021-05-20 12:54:08,382 INFO      ('checkpoint', 'checkpoints/my_data_v6_new_resnet18_tripletloss_transfer_480')
2021-05-20 12:54:08,382 INFO      ('resume', '')
2021-05-20 12:54:08,382 INFO      ('arch', 'resnet18')
2021-05-20 12:54:08,382 INFO      ('manualSeed', '1663')
2021-05-20 12:58:06,664 INFO      epoch: 1, train_acc: 0.00, test_acc: 63.42, val_acc: 59.02
