2021-05-19 19:29:47,148 INFO      ----------configuration**********
2021-05-19 19:29:47,148 INFO      ('dataset', 'my_data')
2021-05-19 19:29:47,148 INFO      ('train_path', 'G:\\vscode_workspace\\Weather_Recognition\\data2\\train\\')
2021-05-19 19:29:47,148 INFO      ('test_path', 'G:\\vscode_workspace\\Weather_Recognition\\data2\\test\\')
2021-05-19 19:29:47,149 INFO      ('imagesize', '224')
2021-05-19 19:29:47,149 INFO      ('pretrained_path', 'G:\\vscode_workspace\\Weather_Recognition\\checkpoints\\mwd_resnet18\\04_14_14_25_fold_0_model_best.pth.tar')
2021-05-19 19:29:47,149 INFO      ('epochs', '20')
2021-05-19 19:29:47,149 INFO      ('start_epoch', '0')
2021-05-19 19:29:47,149 INFO      ('train_batch', '8')
2021-05-19 19:29:47,149 INFO      ('test_batch', '8')
2021-05-19 19:29:47,149 INFO      ('lr', '0.0005')
2021-05-19 19:29:47,149 INFO      ('drop', '0')
2021-05-19 19:29:47,149 INFO      ('schedule', '[5, 10, 15, 20, 25, 30, 35, 40, 45]')
2021-05-19 19:29:47,149 INFO      ('gamma', '0.9')
2021-05-19 19:29:47,149 INFO      ('momentum', '0.8')
2021-05-19 19:29:47,149 INFO      ('weight_decay', '0.0001')
2021-05-19 19:29:47,149 INFO      ('checkpoint', 'checkpoints/data2_resnet18_transfer_480')
2021-05-19 19:29:47,149 INFO      ('resume', '')
2021-05-19 19:29:47,150 INFO      ('arch', 'resnet18')
2021-05-19 19:29:47,150 INFO      ('manualSeed', '4055')
2021-05-19 19:32:15,972 INFO      epoch: 1, train_acc: 74.59, test_acc: 84.46
2021-05-19 19:34:05,307 INFO      epoch: 2, train_acc: 90.36, test_acc: 82.16
2021-05-19 19:35:55,185 INFO      epoch: 3, train_acc: 94.73, test_acc: 82.23
2021-05-19 19:37:44,438 INFO      epoch: 4, train_acc: 96.23, test_acc: 82.37
2021-05-19 19:39:34,318 INFO      epoch: 5, train_acc: 97.59, test_acc: 81.39
2021-05-19 19:41:24,513 INFO      epoch: 6, train_acc: 98.83, test_acc: 83.41
2021-05-19 19:43:16,780 INFO      epoch: 7, train_acc: 99.17, test_acc: 81.32
2021-05-19 19:45:11,465 INFO      epoch: 8, train_acc: 98.95, test_acc: 79.93
2021-05-19 19:46:46,101 INFO      ----------configuration**********
2021-05-19 19:46:46,101 INFO      ('dataset', 'my_data')
2021-05-19 19:46:46,101 INFO      ('train_path', 'G:\\vscode_workspace\\Weather_Recognition\\data2\\train\\')
2021-05-19 19:46:46,101 INFO      ('test_path', 'G:\\vscode_workspace\\Weather_Recognition\\data2\\test\\')
2021-05-19 19:46:46,101 INFO      ('imagesize', '224')
2021-05-19 19:46:46,101 INFO      ('pretrained_path', 'G:\\vscode_workspace\\Weather_Recognition\\checkpoints\\mwd_resnet18\\04_14_14_25_fold_0_model_best.pth.tar')
2021-05-19 19:46:46,102 INFO      ('epochs', '20')
2021-05-19 19:46:46,102 INFO      ('start_epoch', '0')
2021-05-19 19:46:46,102 INFO      ('train_batch', '8')
2021-05-19 19:46:46,102 INFO      ('test_batch', '8')
2021-05-19 19:46:46,102 INFO      ('lr', '0.0005')
2021-05-19 19:46:46,102 INFO      ('drop', '0')
2021-05-19 19:46:46,102 INFO      ('schedule', '[5, 10, 15, 20, 25, 30, 35, 40, 45]')
2021-05-19 19:46:46,102 INFO      ('gamma', '0.9')
2021-05-19 19:46:46,102 INFO      ('momentum', '0.8')
2021-05-19 19:46:46,102 INFO      ('weight_decay', '0.0001')
2021-05-19 19:46:46,102 INFO      ('checkpoint', 'checkpoints/data2_resnet18_transfer_480')
2021-05-19 19:46:46,102 INFO      ('resume', '')
2021-05-19 19:46:46,102 INFO      ('arch', 'resnet18')
2021-05-19 19:46:46,103 INFO      ('manualSeed', '8189')
2021-05-19 19:49:45,936 INFO      ----------configuration**********
2021-05-19 19:49:45,937 INFO      ('dataset', 'my_data')
2021-05-19 19:49:45,937 INFO      ('train_path', 'G:\\vscode_workspace\\Weather_Recognition\\data2\\train\\')
2021-05-19 19:49:45,937 INFO      ('test_path', 'G:\\vscode_workspace\\Weather_Recognition\\data2\\test\\')
2021-05-19 19:49:45,937 INFO      ('imagesize', '224')
2021-05-19 19:49:45,937 INFO      ('pretrained_path', 'G:\\vscode_workspace\\Weather_Recognition\\checkpoints\\mwd_resnet18\\04_14_14_25_fold_0_model_best.pth.tar')
2021-05-19 19:49:45,937 INFO      ('epochs', '20')
2021-05-19 19:49:45,937 INFO      ('start_epoch', '0')
2021-05-19 19:49:45,937 INFO      ('train_batch', '8')
2021-05-19 19:49:45,937 INFO      ('test_batch', '8')
2021-05-19 19:49:45,937 INFO      ('lr', '0.0005')
2021-05-19 19:49:45,937 INFO      ('drop', '0')
2021-05-19 19:49:45,937 INFO      ('schedule', '[5, 10, 15, 20, 25, 30, 35, 40, 45]')
2021-05-19 19:49:45,938 INFO      ('gamma', '0.9')
2021-05-19 19:49:45,938 INFO      ('momentum', '0.8')
2021-05-19 19:49:45,938 INFO      ('weight_decay', '0.0001')
2021-05-19 19:49:45,938 INFO      ('checkpoint', 'checkpoints/data2_resnet18_transfer_480')
2021-05-19 19:49:45,938 INFO      ('resume', '')
2021-05-19 19:49:45,938 INFO      ('arch', 'resnet18')
2021-05-19 19:49:45,938 INFO      ('manualSeed', '6215')
2021-05-19 19:50:22,205 INFO      ----------configuration**********
2021-05-19 19:50:22,205 INFO      ('dataset', 'my_data')
2021-05-19 19:50:22,205 INFO      ('train_path', 'G:\\vscode_workspace\\Weather_Recognition\\data2\\train\\')
2021-05-19 19:50:22,205 INFO      ('test_path', 'G:\\vscode_workspace\\Weather_Recognition\\data2\\test\\')
2021-05-19 19:50:22,206 INFO      ('imagesize', '224')
2021-05-19 19:50:22,206 INFO      ('pretrained_path', 'G:\\vscode_workspace\\Weather_Recognition\\checkpoints\\mwd_resnet18\\04_14_14_25_fold_0_model_best.pth.tar')
2021-05-19 19:50:22,206 INFO      ('epochs', '20')
2021-05-19 19:50:22,206 INFO      ('start_epoch', '0')
2021-05-19 19:50:22,206 INFO      ('train_batch', '8')
2021-05-19 19:50:22,206 INFO      ('test_batch', '8')
2021-05-19 19:50:22,206 INFO      ('lr', '0.0005')
2021-05-19 19:50:22,206 INFO      ('drop', '0')
2021-05-19 19:50:22,206 INFO      ('schedule', '[5, 10, 15, 20, 25, 30, 35, 40, 45]')
2021-05-19 19:50:22,206 INFO      ('gamma', '0.9')
2021-05-19 19:50:22,206 INFO      ('momentum', '0.8')
2021-05-19 19:50:22,206 INFO      ('weight_decay', '0.0001')
2021-05-19 19:50:22,206 INFO      ('checkpoint', 'checkpoints/data2_resnet18_transfer_480')
2021-05-19 19:50:22,206 INFO      ('resume', '')
2021-05-19 19:50:22,206 INFO      ('arch', 'resnet18')
2021-05-19 19:50:22,206 INFO      ('manualSeed', '5831')
2021-05-19 19:52:14,228 INFO      epoch: 1, train_acc: 56.51, test_acc: 58.68
2021-05-19 19:54:02,663 INFO      epoch: 2, train_acc: 78.20, test_acc: 65.16
2021-05-19 19:55:50,719 INFO      epoch: 3, train_acc: 87.16, test_acc: 62.44
2021-05-19 19:57:37,296 INFO      epoch: 4, train_acc: 89.98, test_acc: 65.44
2021-05-19 19:59:28,910 INFO      epoch: 5, train_acc: 92.73, test_acc: 65.71
2021-05-19 20:01:15,739 INFO      epoch: 6, train_acc: 93.90, test_acc: 66.34
2021-05-19 20:03:02,577 INFO      epoch: 7, train_acc: 94.54, test_acc: 66.55
2021-05-19 20:04:49,255 INFO      epoch: 8, train_acc: 95.18, test_acc: 68.43
2021-05-19 20:06:35,647 INFO      epoch: 9, train_acc: 96.46, test_acc: 64.95
2021-05-19 20:08:22,099 INFO      epoch: 10, train_acc: 96.80, test_acc: 70.10
2021-05-19 20:10:08,683 INFO      epoch: 11, train_acc: 97.55, test_acc: 70.52
2021-05-19 20:11:55,232 INFO      epoch: 12, train_acc: 98.27, test_acc: 70.87
2021-05-19 20:13:44,059 INFO      epoch: 13, train_acc: 97.82, test_acc: 69.13
2021-05-19 20:15:32,129 INFO      epoch: 14, train_acc: 98.34, test_acc: 68.43
2021-05-19 20:17:17,158 INFO      epoch: 15, train_acc: 98.46, test_acc: 66.76
2021-05-19 20:19:02,279 INFO      epoch: 16, train_acc: 98.19, test_acc: 69.76
2021-05-19 20:21:24,617 INFO      ----------configuration**********
2021-05-19 20:21:24,617 INFO      ('dataset', 'my_data')
2021-05-19 20:21:24,617 INFO      ('train_path', 'G:\\vscode_workspace\\Weather_Recognition\\data2\\train\\')
2021-05-19 20:21:24,617 INFO      ('test_path', 'G:\\vscode_workspace\\Weather_Recognition\\data2\\test\\')
2021-05-19 20:21:24,617 INFO      ('imagesize', '224')
2021-05-19 20:21:24,617 INFO      ('pretrained_path', 'G:\\vscode_workspace\\Weather_Recognition\\checkpoints\\mwd_resnet18\\04_14_14_25_fold_0_model_best.pth.tar')
2021-05-19 20:21:24,617 INFO      ('epochs', '20')
2021-05-19 20:21:24,617 INFO      ('start_epoch', '0')
2021-05-19 20:21:24,617 INFO      ('train_batch', '8')
2021-05-19 20:21:24,617 INFO      ('test_batch', '8')
2021-05-19 20:21:24,617 INFO      ('lr', '0.0005')
2021-05-19 20:21:24,617 INFO      ('drop', '0')
2021-05-19 20:21:24,617 INFO      ('schedule', '[5, 10, 15, 20, 25, 30, 35, 40, 45]')
2021-05-19 20:21:24,618 INFO      ('gamma', '0.9')
2021-05-19 20:21:24,618 INFO      ('momentum', '0.8')
2021-05-19 20:21:24,618 INFO      ('weight_decay', '0.0001')
2021-05-19 20:21:24,618 INFO      ('checkpoint', 'checkpoints/data2_resnet18_transfer_480')
2021-05-19 20:21:24,618 INFO      ('resume', '')
2021-05-19 20:21:24,618 INFO      ('arch', 'resnet18')
2021-05-19 20:21:24,618 INFO      ('manualSeed', '1012')
2021-05-19 20:23:15,187 INFO      epoch: 1, train_acc: 65.59, test_acc: 62.51
2021-05-19 20:25:02,176 INFO      epoch: 2, train_acc: 82.00, test_acc: 67.11
2021-05-19 20:26:51,834 INFO      epoch: 3, train_acc: 87.46, test_acc: 69.06
2021-05-19 20:32:05,178 INFO      ----------configuration**********
2021-05-19 20:32:05,178 INFO      ('dataset', 'my_data')
2021-05-19 20:32:05,178 INFO      ('train_path', 'G:\\vscode_workspace\\Weather_Recognition\\data2\\train\\')
2021-05-19 20:32:05,178 INFO      ('test_path', 'G:\\vscode_workspace\\Weather_Recognition\\data2\\test\\')
2021-05-19 20:32:05,179 INFO      ('imagesize', '224')
2021-05-19 20:32:05,179 INFO      ('pretrained_path', 'G:\\vscode_workspace\\Weather_Recognition\\checkpoints\\mwd_resnet18\\04_14_14_25_fold_0_model_best.pth.tar')
2021-05-19 20:32:05,179 INFO      ('epochs', '20')
2021-05-19 20:32:05,179 INFO      ('start_epoch', '0')
2021-05-19 20:32:05,179 INFO      ('train_batch', '8')
2021-05-19 20:32:05,179 INFO      ('test_batch', '8')
2021-05-19 20:32:05,179 INFO      ('lr', '0.0005')
2021-05-19 20:32:05,179 INFO      ('drop', '0')
2021-05-19 20:32:05,179 INFO      ('schedule', '[5, 10, 15, 20, 25, 30, 35, 40, 45]')
2021-05-19 20:32:05,179 INFO      ('gamma', '0.9')
2021-05-19 20:32:05,179 INFO      ('momentum', '0.8')
2021-05-19 20:32:05,179 INFO      ('weight_decay', '0.0001')
2021-05-19 20:32:05,179 INFO      ('checkpoint', 'checkpoints/data2_resnet18_transfer_480')
2021-05-19 20:32:05,180 INFO      ('resume', '')
2021-05-19 20:32:05,180 INFO      ('arch', 'resnet18')
2021-05-19 20:32:05,180 INFO      ('manualSeed', '1895')
2021-05-19 20:35:05,905 INFO      ----------configuration**********
2021-05-19 20:35:05,905 INFO      ('dataset', 'my_data')
2021-05-19 20:35:05,905 INFO      ('train_path', 'G:\\vscode_workspace\\Weather_Recognition\\data2\\train\\')
2021-05-19 20:35:05,905 INFO      ('test_path', 'G:\\vscode_workspace\\Weather_Recognition\\data2\\test\\')
2021-05-19 20:35:05,905 INFO      ('imagesize', '224')
2021-05-19 20:35:05,905 INFO      ('pretrained_path', 'G:\\vscode_workspace\\Weather_Recognition\\checkpoints\\mwd_resnet18\\04_14_14_25_fold_0_model_best.pth.tar')
2021-05-19 20:35:05,905 INFO      ('epochs', '20')
2021-05-19 20:35:05,905 INFO      ('start_epoch', '0')
2021-05-19 20:35:05,905 INFO      ('train_batch', '8')
2021-05-19 20:35:05,905 INFO      ('test_batch', '8')
2021-05-19 20:35:05,905 INFO      ('lr', '0.0005')
2021-05-19 20:35:05,906 INFO      ('drop', '0')
2021-05-19 20:35:05,906 INFO      ('schedule', '[5, 10, 15, 20, 25, 30, 35, 40, 45]')
2021-05-19 20:35:05,906 INFO      ('gamma', '0.9')
2021-05-19 20:35:05,906 INFO      ('momentum', '0.8')
2021-05-19 20:35:05,906 INFO      ('weight_decay', '0.0001')
2021-05-19 20:35:05,906 INFO      ('checkpoint', 'checkpoints/data2_resnet18_transfer_480')
2021-05-19 20:35:05,906 INFO      ('resume', '')
2021-05-19 20:35:05,906 INFO      ('arch', 'resnet18')
2021-05-19 20:35:05,906 INFO      ('manualSeed', '8415')
2021-05-19 20:36:56,623 INFO      epoch: 1, train_acc: 65.25, test_acc: 61.32
2021-05-19 20:38:45,892 INFO      epoch: 2, train_acc: 81.74, test_acc: 63.28
2021-05-19 20:40:34,265 INFO      epoch: 3, train_acc: 85.81, test_acc: 67.53
2021-05-19 20:42:23,085 INFO      epoch: 4, train_acc: 89.27, test_acc: 63.97
2021-05-19 20:44:15,486 INFO      epoch: 5, train_acc: 92.17, test_acc: 67.67
2021-05-19 20:46:44,309 INFO      ----------configuration**********
2021-05-19 20:46:44,309 INFO      ('dataset', 'my_data')
2021-05-19 20:46:44,309 INFO      ('train_path', 'G:\\vscode_workspace\\Weather_Recognition\\data2\\train\\')
2021-05-19 20:46:44,309 INFO      ('test_path', 'G:\\vscode_workspace\\Weather_Recognition\\data2\\test\\')
2021-05-19 20:46:44,309 INFO      ('imagesize', '224')
2021-05-19 20:46:44,309 INFO      ('pretrained_path', 'G:\\vscode_workspace\\Weather_Recognition\\checkpoints\\mwd_resnet18\\04_14_14_25_fold_0_model_best.pth.tar')
2021-05-19 20:46:44,309 INFO      ('epochs', '20')
2021-05-19 20:46:44,309 INFO      ('start_epoch', '0')
2021-05-19 20:46:44,309 INFO      ('train_batch', '8')
2021-05-19 20:46:44,309 INFO      ('test_batch', '8')
2021-05-19 20:46:44,309 INFO      ('lr', '0.0005')
2021-05-19 20:46:44,309 INFO      ('drop', '0')
2021-05-19 20:46:44,309 INFO      ('schedule', '[5, 10, 15, 20, 25, 30, 35, 40, 45]')
2021-05-19 20:46:44,310 INFO      ('gamma', '0.9')
2021-05-19 20:46:44,310 INFO      ('momentum', '0.8')
2021-05-19 20:46:44,310 INFO      ('weight_decay', '0.0001')
2021-05-19 20:46:44,310 INFO      ('checkpoint', 'checkpoints/data2_resnet18_transfer_480')
2021-05-19 20:46:44,310 INFO      ('resume', '')
2021-05-19 20:46:44,310 INFO      ('arch', 'resnet18')
2021-05-19 20:46:44,310 INFO      ('manualSeed', '3323')
2021-05-19 20:48:33,769 INFO      epoch: 1, train_acc: 62.84, test_acc: 57.00
2021-05-19 20:50:22,931 INFO      epoch: 2, train_acc: 80.61, test_acc: 63.55
2021-05-19 20:52:10,692 INFO      epoch: 3, train_acc: 85.05, test_acc: 63.62
2021-05-19 20:53:58,752 INFO      epoch: 4, train_acc: 90.29, test_acc: 65.99
2021-05-19 20:54:26,958 INFO      ----------configuration**********
2021-05-19 20:54:26,958 INFO      ('dataset', 'my_data')
2021-05-19 20:54:26,958 INFO      ('train_path', 'G:\\vscode_workspace\\Weather_Recognition\\data2\\train\\')
2021-05-19 20:54:26,959 INFO      ('test_path', 'G:\\vscode_workspace\\Weather_Recognition\\data2\\test\\')
2021-05-19 20:54:26,959 INFO      ('imagesize', '224')
2021-05-19 20:54:26,959 INFO      ('pretrained_path', 'G:\\vscode_workspace\\Weather_Recognition\\checkpoints\\mwd_resnet18\\04_14_14_25_fold_0_model_best.pth.tar')
2021-05-19 20:54:26,959 INFO      ('epochs', '20')
2021-05-19 20:54:26,959 INFO      ('start_epoch', '0')
2021-05-19 20:54:26,959 INFO      ('train_batch', '8')
2021-05-19 20:54:26,959 INFO      ('test_batch', '8')
2021-05-19 20:54:26,959 INFO      ('lr', '0.0005')
2021-05-19 20:54:26,959 INFO      ('drop', '0')
2021-05-19 20:54:26,959 INFO      ('schedule', '[5, 10, 15, 20, 25, 30, 35, 40, 45]')
2021-05-19 20:54:26,959 INFO      ('gamma', '0.9')
2021-05-19 20:54:26,959 INFO      ('momentum', '0.8')
2021-05-19 20:54:26,959 INFO      ('weight_decay', '0.0001')
2021-05-19 20:54:26,959 INFO      ('checkpoint', 'checkpoints/data2_resnet18_transfer_480')
2021-05-19 20:54:26,959 INFO      ('resume', '')
2021-05-19 20:54:26,959 INFO      ('arch', 'resnet18')
2021-05-19 20:54:26,959 INFO      ('manualSeed', '5837')
2021-05-19 20:56:16,638 INFO      epoch: 1, train_acc: 73.49, test_acc: 83.97
2021-05-19 20:58:05,286 INFO      epoch: 2, train_acc: 89.87, test_acc: 85.37
2021-05-19 20:59:56,573 INFO      epoch: 3, train_acc: 93.90, test_acc: 85.30
2021-05-19 21:01:43,654 INFO      epoch: 4, train_acc: 96.27, test_acc: 85.30
2021-05-19 21:03:32,101 INFO      epoch: 5, train_acc: 97.44, test_acc: 83.07
2021-05-19 21:05:20,034 INFO      epoch: 6, train_acc: 98.12, test_acc: 82.30
2021-05-19 21:07:08,759 INFO      epoch: 7, train_acc: 98.87, test_acc: 83.14
2021-05-19 21:08:57,924 INFO      epoch: 8, train_acc: 98.80, test_acc: 80.98
2021-05-19 21:10:46,284 INFO      epoch: 9, train_acc: 99.28, test_acc: 80.14
2021-05-19 21:11:30,561 INFO      ----------configuration**********
2021-05-19 21:11:30,562 INFO      ('dataset', 'my_data')
2021-05-19 21:11:30,562 INFO      ('train_path', 'G:\\vscode_workspace\\Weather_Recognition\\data2\\train\\')
2021-05-19 21:11:30,562 INFO      ('test_path', 'G:\\vscode_workspace\\Weather_Recognition\\data2\\test\\')
2021-05-19 21:11:30,562 INFO      ('imagesize', '224')
2021-05-19 21:11:30,562 INFO      ('pretrained_path', 'G:\\vscode_workspace\\Weather_Recognition\\checkpoints\\mwd_resnet18\\04_14_14_25_fold_0_model_best.pth.tar')
2021-05-19 21:11:30,562 INFO      ('epochs', '20')
2021-05-19 21:11:30,562 INFO      ('start_epoch', '0')
2021-05-19 21:11:30,562 INFO      ('train_batch', '8')
2021-05-19 21:11:30,562 INFO      ('test_batch', '8')
2021-05-19 21:11:30,562 INFO      ('lr', '0.0005')
2021-05-19 21:11:30,562 INFO      ('drop', '0')
2021-05-19 21:11:30,562 INFO      ('schedule', '[5, 10, 15, 20, 25, 30, 35, 40, 45]')
2021-05-19 21:11:30,562 INFO      ('gamma', '0.9')
2021-05-19 21:11:30,562 INFO      ('momentum', '0.8')
2021-05-19 21:11:30,562 INFO      ('weight_decay', '0.0001')
2021-05-19 21:11:30,562 INFO      ('checkpoint', 'checkpoints/data2_resnet18_transfer_480')
2021-05-19 21:11:30,562 INFO      ('resume', '')
2021-05-19 21:11:30,562 INFO      ('arch', 'resnet18')
2021-05-19 21:11:30,563 INFO      ('manualSeed', '9118')
2021-05-19 21:13:21,253 INFO      epoch: 1, train_acc: 71.23, test_acc: 83.55
2021-05-19 21:15:13,118 INFO      epoch: 2, train_acc: 88.55, test_acc: 78.89
2021-05-19 21:17:00,352 INFO      epoch: 3, train_acc: 94.39, test_acc: 83.62
2021-05-19 21:18:47,980 INFO      epoch: 4, train_acc: 96.20, test_acc: 82.93
2021-05-19 21:20:37,086 INFO      epoch: 5, train_acc: 97.70, test_acc: 82.02
2021-05-19 21:22:24,903 INFO      epoch: 6, train_acc: 98.19, test_acc: 80.84
2021-05-19 21:24:13,846 INFO      epoch: 7, train_acc: 98.76, test_acc: 78.89
2021-05-19 21:26:01,631 INFO      epoch: 8, train_acc: 98.95, test_acc: 82.02
2021-05-19 21:27:49,296 INFO      epoch: 9, train_acc: 99.02, test_acc: 83.21
2021-05-19 21:29:41,650 INFO      epoch: 10, train_acc: 99.28, test_acc: 80.14
2021-05-19 21:31:29,166 INFO      epoch: 11, train_acc: 99.44, test_acc: 84.04
2021-05-19 21:33:16,394 INFO      epoch: 12, train_acc: 99.21, test_acc: 81.81
2021-05-19 21:35:04,020 INFO      epoch: 13, train_acc: 99.66, test_acc: 81.67
2021-05-19 21:36:51,415 INFO      epoch: 14, train_acc: 99.55, test_acc: 81.60
2021-05-19 21:38:39,281 INFO      epoch: 15, train_acc: 99.51, test_acc: 81.95
2021-05-19 21:40:26,776 INFO      epoch: 16, train_acc: 99.70, test_acc: 81.46
2021-05-19 21:42:14,193 INFO      epoch: 17, train_acc: 99.62, test_acc: 82.65
2021-05-19 21:44:06,308 INFO      epoch: 18, train_acc: 99.47, test_acc: 84.18
2021-05-19 21:45:55,399 INFO      epoch: 19, train_acc: 99.70, test_acc: 83.48
2021-05-19 21:47:42,883 INFO      epoch: 20, train_acc: 99.74, test_acc: 82.65
2021-05-19 21:47:42,883 INFO      best_acc: 84.18
2021-05-19 21:57:30,185 INFO      ----------configuration**********
2021-05-19 21:57:30,185 INFO      ('dataset', 'my_data')
2021-05-19 21:57:30,185 INFO      ('train_path', 'G:\\vscode_workspace\\Weather_Recognition\\data2\\train\\')
2021-05-19 21:57:30,185 INFO      ('test_path', 'G:\\vscode_workspace\\Weather_Recognition\\data2\\test\\')
2021-05-19 21:57:30,185 INFO      ('imagesize', '224')
2021-05-19 21:57:30,185 INFO      ('pretrained_path', 'G:\\vscode_workspace\\Weather_Recognition\\checkpoints\\mwd_resnet18\\04_14_14_25_fold_0_model_best.pth.tar')
2021-05-19 21:57:30,185 INFO      ('epochs', '20')
2021-05-19 21:57:30,185 INFO      ('start_epoch', '0')
2021-05-19 21:57:30,185 INFO      ('train_batch', '8')
2021-05-19 21:57:30,185 INFO      ('test_batch', '8')
2021-05-19 21:57:30,185 INFO      ('lr', '0.0005')
2021-05-19 21:57:30,186 INFO      ('drop', '0')
2021-05-19 21:57:30,186 INFO      ('schedule', '[5, 10, 15, 20, 25, 30, 35, 40, 45]')
2021-05-19 21:57:30,186 INFO      ('gamma', '0.9')
2021-05-19 21:57:30,186 INFO      ('momentum', '0.8')
2021-05-19 21:57:30,186 INFO      ('weight_decay', '0.0005')
2021-05-19 21:57:30,186 INFO      ('checkpoint', 'checkpoints/data2_resnet18_transfer_480')
2021-05-19 21:57:30,186 INFO      ('resume', '')
2021-05-19 21:57:30,186 INFO      ('arch', 'resnet18')
2021-05-19 21:57:30,186 INFO      ('manualSeed', '2890')
2021-05-19 21:59:21,842 INFO      epoch: 1, train_acc: 72.25, test_acc: 81.25
2021-05-19 22:01:09,966 INFO      epoch: 2, train_acc: 88.33, test_acc: 73.66
2021-05-19 22:02:57,686 INFO      epoch: 3, train_acc: 93.19, test_acc: 79.65
2021-05-19 22:04:36,408 INFO      ----------configuration**********
2021-05-19 22:04:36,409 INFO      ('dataset', 'my_data')
2021-05-19 22:04:36,409 INFO      ('train_path', 'G:\\vscode_workspace\\Weather_Recognition\\data2\\train\\')
2021-05-19 22:04:36,409 INFO      ('test_path', 'G:\\vscode_workspace\\Weather_Recognition\\data2\\test\\')
2021-05-19 22:04:36,409 INFO      ('imagesize', '224')
2021-05-19 22:04:36,409 INFO      ('pretrained_path', 'G:\\vscode_workspace\\Weather_Recognition\\checkpoints\\mwd_resnet18\\04_14_14_25_fold_0_model_best.pth.tar')
2021-05-19 22:04:36,409 INFO      ('epochs', '20')
2021-05-19 22:04:36,409 INFO      ('start_epoch', '0')
2021-05-19 22:04:36,409 INFO      ('train_batch', '8')
2021-05-19 22:04:36,409 INFO      ('test_batch', '8')
2021-05-19 22:04:36,409 INFO      ('lr', '0.0003')
2021-05-19 22:04:36,409 INFO      ('drop', '0')
2021-05-19 22:04:36,409 INFO      ('schedule', '[5, 10, 15, 20, 25, 30, 35, 40, 45]')
2021-05-19 22:04:36,409 INFO      ('gamma', '0.9')
2021-05-19 22:04:36,409 INFO      ('momentum', '0.8')
2021-05-19 22:04:36,409 INFO      ('weight_decay', '0.0001')
2021-05-19 22:04:36,409 INFO      ('checkpoint', 'checkpoints/data2_resnet18_transfer_480')
2021-05-19 22:04:36,409 INFO      ('resume', '')
2021-05-19 22:04:36,410 INFO      ('arch', 'resnet18')
2021-05-19 22:04:36,410 INFO      ('manualSeed', '339')
2021-05-19 22:06:27,625 INFO      epoch: 1, train_acc: 65.51, test_acc: 75.61
2021-05-19 22:08:16,993 INFO      epoch: 2, train_acc: 83.55, test_acc: 81.18
2021-05-19 22:10:07,043 INFO      epoch: 3, train_acc: 89.61, test_acc: 81.11
2021-05-19 22:11:56,472 INFO      epoch: 4, train_acc: 92.43, test_acc: 81.81
2021-05-19 22:13:48,921 INFO      epoch: 5, train_acc: 93.90, test_acc: 82.16
2021-05-19 22:15:40,158 INFO      epoch: 6, train_acc: 95.90, test_acc: 85.02
2021-05-19 22:17:29,742 INFO      epoch: 7, train_acc: 97.06, test_acc: 79.79
2021-05-19 22:19:19,234 INFO      epoch: 8, train_acc: 96.35, test_acc: 84.81
2021-05-19 22:21:06,956 INFO      epoch: 9, train_acc: 97.67, test_acc: 79.51
2021-05-19 22:22:54,162 INFO      epoch: 10, train_acc: 97.89, test_acc: 81.05
2021-05-19 22:24:41,055 INFO      epoch: 11, train_acc: 98.31, test_acc: 79.79
2021-05-19 22:26:29,137 INFO      epoch: 12, train_acc: 98.53, test_acc: 77.70
2021-05-19 22:28:16,700 INFO      epoch: 13, train_acc: 98.53, test_acc: 82.23
2021-05-19 22:30:08,271 INFO      epoch: 14, train_acc: 98.87, test_acc: 81.53
2021-05-19 22:31:54,920 INFO      epoch: 15, train_acc: 99.28, test_acc: 80.56
2021-05-19 22:33:41,658 INFO      epoch: 16, train_acc: 99.44, test_acc: 82.72
2021-05-19 22:35:28,909 INFO      epoch: 17, train_acc: 99.17, test_acc: 83.07
2021-05-19 22:37:16,236 INFO      epoch: 18, train_acc: 98.91, test_acc: 79.23
2021-05-19 22:39:03,512 INFO      epoch: 19, train_acc: 99.02, test_acc: 80.28
2021-05-19 22:40:51,126 INFO      epoch: 20, train_acc: 99.55, test_acc: 81.81
2021-05-19 22:40:51,126 INFO      best_acc: 85.02
2021-05-20 09:15:07,829 INFO      ----------configuration**********
2021-05-20 09:15:07,830 INFO      ('dataset', 'my_data')
2021-05-20 09:15:07,830 INFO      ('train_path', 'G:\\vscode_workspace\\Weather_Recognition\\data2\\train\\')
2021-05-20 09:15:07,830 INFO      ('test_path', 'G:\\vscode_workspace\\Weather_Recognition\\data2\\test\\')
2021-05-20 09:15:07,830 INFO      ('imagesize', '224')
2021-05-20 09:15:07,830 INFO      ('pretrained_path', 'G:\\vscode_workspace\\Weather_Recognition\\checkpoints\\mwd_resnet18\\04_14_14_25_fold_0_model_best.pth.tar')
2021-05-20 09:15:07,830 INFO      ('epochs', '20')
2021-05-20 09:15:07,830 INFO      ('start_epoch', '0')
2021-05-20 09:15:07,830 INFO      ('train_batch', '8')
2021-05-20 09:15:07,830 INFO      ('test_batch', '8')
2021-05-20 09:15:07,830 INFO      ('lr', '0.0003')
2021-05-20 09:15:07,830 INFO      ('drop', '0')
2021-05-20 09:15:07,830 INFO      ('schedule', '[5, 10, 15, 20, 25, 30, 35, 40, 45]')
2021-05-20 09:15:07,830 INFO      ('gamma', '0.9')
2021-05-20 09:15:07,830 INFO      ('momentum', '0.8')
2021-05-20 09:15:07,830 INFO      ('weight_decay', '0.0001')
2021-05-20 09:15:07,830 INFO      ('checkpoint', 'checkpoints/data2_resnet18_transfer_480')
2021-05-20 09:15:07,831 INFO      ('resume', '')
2021-05-20 09:15:07,831 INFO      ('arch', 'resnet18')
2021-05-20 09:15:07,831 INFO      ('manualSeed', '3432')
2021-05-20 09:16:56,725 INFO      epoch: 1, train_acc: 42.58, test_acc: 33.87
2021-05-20 09:17:34,668 INFO      ----------configuration**********
2021-05-20 09:17:34,668 INFO      ('dataset', 'my_data')
2021-05-20 09:17:34,668 INFO      ('train_path', 'G:\\vscode_workspace\\Weather_Recognition\\data2\\train\\')
2021-05-20 09:17:34,668 INFO      ('test_path', 'G:\\vscode_workspace\\Weather_Recognition\\data2\\test\\')
2021-05-20 09:17:34,668 INFO      ('imagesize', '224')
2021-05-20 09:17:34,668 INFO      ('pretrained_path', 'G:\\vscode_workspace\\Weather_Recognition\\checkpoints\\mwd_resnet18\\04_14_14_25_fold_0_model_best.pth.tar')
2021-05-20 09:17:34,668 INFO      ('epochs', '20')
2021-05-20 09:17:34,668 INFO      ('start_epoch', '0')
2021-05-20 09:17:34,668 INFO      ('train_batch', '8')
2021-05-20 09:17:34,668 INFO      ('test_batch', '8')
2021-05-20 09:17:34,668 INFO      ('lr', '0.001')
2021-05-20 09:17:34,668 INFO      ('drop', '0')
2021-05-20 09:17:34,668 INFO      ('schedule', '[5, 10, 15, 20, 25, 30, 35, 40, 45]')
2021-05-20 09:17:34,668 INFO      ('gamma', '0.9')
2021-05-20 09:17:34,668 INFO      ('momentum', '0.8')
2021-05-20 09:17:34,669 INFO      ('weight_decay', '0.0001')
2021-05-20 09:17:34,669 INFO      ('checkpoint', 'checkpoints/data2_resnet18_transfer_480')
2021-05-20 09:17:34,669 INFO      ('resume', '')
2021-05-20 09:17:34,669 INFO      ('arch', 'resnet18')
2021-05-20 09:17:34,669 INFO      ('manualSeed', '4056')
2021-05-20 09:19:23,473 INFO      epoch: 1, train_acc: 49.21, test_acc: 34.01
2021-05-20 09:21:11,545 INFO      epoch: 2, train_acc: 55.69, test_acc: 60.91
2021-05-20 09:22:58,878 INFO      epoch: 3, train_acc: 71.20, test_acc: 76.66
2021-05-20 09:24:45,988 INFO      epoch: 4, train_acc: 79.59, test_acc: 69.55
2021-05-20 09:26:32,499 INFO      epoch: 5, train_acc: 81.36, test_acc: 71.78
2021-05-20 09:28:22,956 INFO      epoch: 6, train_acc: 82.15, test_acc: 71.29
2021-05-20 09:30:20,013 INFO      epoch: 7, train_acc: 83.73, test_acc: 74.22
2021-05-20 09:32:13,294 INFO      epoch: 8, train_acc: 83.21, test_acc: 77.07
2021-05-20 09:34:24,847 INFO      epoch: 9, train_acc: 84.41, test_acc: 72.82
2021-05-20 09:36:15,169 INFO      epoch: 10, train_acc: 85.17, test_acc: 76.52
2021-05-20 09:38:03,342 INFO      epoch: 11, train_acc: 85.62, test_acc: 79.44
