2021-03-09 10:55:25,211 INFO      ----------configuration**********
2021-03-09 10:55:25,211 INFO      ('dataset', 'my_data')
2021-03-09 10:55:25,211 INFO      ('train_path', 'D:\\flk\\Weather_Recognition\\data_split_v6\\train\\')
2021-03-09 10:55:25,211 INFO      ('test_path', 'D:\\flk\\Weather_Recognition\\data_split_v6\\test\\')
2021-03-09 10:55:25,211 INFO      ('imagesize', '224')
2021-03-09 10:55:25,211 INFO      ('epochs', '100')
2021-03-09 10:55:25,211 INFO      ('start_epoch', '0')
2021-03-09 10:55:25,211 INFO      ('train_batch', '16')
2021-03-09 10:55:25,211 INFO      ('test_batch', '16')
2021-03-09 10:55:25,211 INFO      ('lr', '0.001')
2021-03-09 10:55:25,211 INFO      ('drop', '0')
2021-03-09 10:55:25,211 INFO      ('schedule', '[5, 10, 15]')
2021-03-09 10:55:25,232 INFO      ('gamma', '0.8')
2021-03-09 10:55:25,232 INFO      ('momentum', '0.8')
2021-03-09 10:55:25,232 INFO      ('weight_decay', '0.0005')
2021-03-09 10:55:25,232 INFO      ('checkpoint', 'checkpoints/my_data_v6_efficientnet')
2021-03-09 10:55:25,232 INFO      ('resume', '')
2021-03-09 10:55:25,232 INFO      ('arch', 'resnet18')
2021-03-09 10:55:25,233 INFO      ('manualSeed', '5804')
2021-03-09 11:20:27,878 INFO      ----------configuration**********
2021-03-09 11:20:27,878 INFO      ('dataset', 'my_data')
2021-03-09 11:20:27,878 INFO      ('train_path', 'D:\\flk\\Weather_Recognition\\data_split_v6\\train\\')
2021-03-09 11:20:27,878 INFO      ('test_path', 'D:\\flk\\Weather_Recognition\\data_split_v6\\test\\')
2021-03-09 11:20:27,878 INFO      ('imagesize', '224')
2021-03-09 11:20:27,878 INFO      ('epochs', '100')
2021-03-09 11:20:27,878 INFO      ('start_epoch', '0')
2021-03-09 11:20:27,878 INFO      ('train_batch', '8')
2021-03-09 11:20:27,878 INFO      ('test_batch', '8')
2021-03-09 11:20:27,878 INFO      ('lr', '0.001')
2021-03-09 11:20:27,878 INFO      ('drop', '0')
2021-03-09 11:20:27,878 INFO      ('schedule', '[5, 10, 15]')
2021-03-09 11:20:27,878 INFO      ('gamma', '0.8')
2021-03-09 11:20:27,878 INFO      ('momentum', '0.8')
2021-03-09 11:20:27,878 INFO      ('weight_decay', '0.0005')
2021-03-09 11:20:27,878 INFO      ('checkpoint', 'checkpoints/my_data_v6_efficientnet')
2021-03-09 11:20:27,878 INFO      ('resume', '')
2021-03-09 11:20:27,878 INFO      ('arch', 'resnet18')
2021-03-09 11:20:27,878 INFO      ('manualSeed', '6886')
2021-03-09 11:41:55,007 INFO      epoch: 1, train_acc: 81.30, test_acc: 72.62
2021-03-09 12:02:52,926 INFO      epoch: 2, train_acc: 96.87, test_acc: 73.72
2021-03-09 12:23:51,990 INFO      epoch: 3, train_acc: 98.59, test_acc: 74.80
2021-03-09 12:44:24,685 INFO      epoch: 4, train_acc: 99.19, test_acc: 76.92
2021-03-09 13:04:49,172 INFO      epoch: 5, train_acc: 99.47, test_acc: 71.16
2021-03-09 13:25:14,330 INFO      epoch: 6, train_acc: 99.70, test_acc: 75.50
2021-03-09 13:45:41,893 INFO      epoch: 7, train_acc: 99.71, test_acc: 75.42
2021-03-09 13:58:19,407 INFO      ----------configuration**********
2021-03-09 13:58:19,407 INFO      ('dataset', 'my_data')
2021-03-09 13:58:19,407 INFO      ('train_path', 'D:\\flk\\Weather_Recognition\\data_split_v6\\train\\')
2021-03-09 13:58:19,407 INFO      ('test_path', 'D:\\flk\\Weather_Recognition\\data_split_v6\\test\\')
2021-03-09 13:58:19,407 INFO      ('imagesize', '224')
2021-03-09 13:58:19,407 INFO      ('epochs', '100')
2021-03-09 13:58:19,407 INFO      ('start_epoch', '0')
2021-03-09 13:58:19,407 INFO      ('train_batch', '8')
2021-03-09 13:58:19,407 INFO      ('test_batch', '8')
2021-03-09 13:58:19,407 INFO      ('lr', '0.0005')
2021-03-09 13:58:19,407 INFO      ('drop', '0')
2021-03-09 13:58:19,407 INFO      ('schedule', '[1, 3, 5, 7, 10, 15]')
2021-03-09 13:58:19,407 INFO      ('gamma', '0.8')
2021-03-09 13:58:19,407 INFO      ('momentum', '0.8')
2021-03-09 13:58:19,407 INFO      ('weight_decay', '0.0001')
2021-03-09 13:58:19,407 INFO      ('checkpoint', 'checkpoints/my_data_v6_efficientnet')
2021-03-09 13:58:19,407 INFO      ('resume', '')
2021-03-09 13:58:19,407 INFO      ('arch', 'resnet18')
2021-03-09 13:58:19,407 INFO      ('manualSeed', '6451')
2021-03-09 14:18:47,677 INFO      epoch: 1, train_acc: 73.08, test_acc: 69.87
2021-03-09 14:39:11,999 INFO      epoch: 2, train_acc: 90.64, test_acc: 73.98
2021-03-09 15:00:12,770 INFO      epoch: 3, train_acc: 95.22, test_acc: 75.63
2021-03-09 15:21:18,045 INFO      epoch: 4, train_acc: 97.03, test_acc: 77.07
2021-03-09 15:42:20,872 INFO      epoch: 5, train_acc: 97.86, test_acc: 77.01
2021-03-09 16:03:24,248 INFO      epoch: 6, train_acc: 98.26, test_acc: 76.32
2021-03-09 16:24:23,420 INFO      epoch: 7, train_acc: 98.51, test_acc: 76.74
2021-03-09 16:45:28,565 INFO      epoch: 8, train_acc: 98.80, test_acc: 75.74
2021-03-09 17:06:35,905 INFO      epoch: 9, train_acc: 99.00, test_acc: 76.15
2021-03-09 17:27:38,652 INFO      epoch: 10, train_acc: 99.08, test_acc: 76.51
2021-03-09 17:48:42,812 INFO      epoch: 11, train_acc: 99.17, test_acc: 76.10
2021-03-09 18:09:48,854 INFO      epoch: 12, train_acc: 99.24, test_acc: 75.72
2021-03-09 18:30:51,714 INFO      epoch: 13, train_acc: 99.34, test_acc: 76.61
2021-03-09 18:51:52,829 INFO      epoch: 14, train_acc: 99.34, test_acc: 77.19
2021-03-09 19:12:56,431 INFO      epoch: 15, train_acc: 99.37, test_acc: 77.42
2021-03-09 19:33:58,267 INFO      epoch: 16, train_acc: 99.46, test_acc: 75.15
2021-03-09 19:55:00,125 INFO      epoch: 17, train_acc: 99.48, test_acc: 76.27
2021-03-09 20:16:03,811 INFO      epoch: 18, train_acc: 99.52, test_acc: 76.25
2021-03-09 20:37:08,535 INFO      epoch: 19, train_acc: 99.41, test_acc: 76.34
2021-03-09 20:58:11,710 INFO      epoch: 20, train_acc: 99.63, test_acc: 77.60
2021-03-09 21:19:17,594 INFO      epoch: 21, train_acc: 99.64, test_acc: 75.52
2021-03-09 21:40:21,198 INFO      epoch: 22, train_acc: 99.55, test_acc: 77.75
2021-03-09 22:01:22,326 INFO      epoch: 23, train_acc: 99.60, test_acc: 77.19
2021-03-09 22:22:26,939 INFO      epoch: 24, train_acc: 99.56, test_acc: 76.76
2021-03-09 22:44:52,368 INFO      epoch: 25, train_acc: 99.60, test_acc: 77.47
2021-03-09 23:06:38,168 INFO      epoch: 26, train_acc: 99.64, test_acc: 76.62
2021-03-09 23:27:36,035 INFO      epoch: 27, train_acc: 99.67, test_acc: 76.34
2021-03-09 23:48:36,297 INFO      epoch: 28, train_acc: 99.63, test_acc: 76.62
2021-03-10 00:09:39,926 INFO      epoch: 29, train_acc: 99.74, test_acc: 75.93
2021-03-10 00:30:37,090 INFO      epoch: 30, train_acc: 99.75, test_acc: 76.87
2021-03-10 00:51:36,227 INFO      epoch: 31, train_acc: 99.80, test_acc: 76.03
2021-03-10 01:12:38,349 INFO      epoch: 32, train_acc: 99.71, test_acc: 76.03
2021-03-10 01:33:42,947 INFO      epoch: 33, train_acc: 99.73, test_acc: 77.01
2021-03-10 01:54:42,539 INFO      epoch: 34, train_acc: 99.72, test_acc: 76.79
2021-03-10 02:15:44,597 INFO      epoch: 35, train_acc: 99.78, test_acc: 76.68
2021-03-10 02:36:51,092 INFO      epoch: 36, train_acc: 99.77, test_acc: 76.80
2021-03-10 02:57:50,228 INFO      epoch: 37, train_acc: 99.77, test_acc: 77.92
2021-03-10 03:18:49,530 INFO      epoch: 38, train_acc: 99.79, test_acc: 77.88
2021-03-10 03:39:53,814 INFO      epoch: 39, train_acc: 99.79, test_acc: 77.47
2021-03-10 04:00:53,588 INFO      epoch: 40, train_acc: 99.82, test_acc: 77.06
2021-03-10 04:21:54,353 INFO      epoch: 41, train_acc: 99.81, test_acc: 77.58
2021-03-10 04:42:55,369 INFO      epoch: 42, train_acc: 99.83, test_acc: 77.38
2021-03-10 05:03:54,752 INFO      epoch: 43, train_acc: 99.80, test_acc: 77.01
2021-03-10 05:24:55,390 INFO      epoch: 44, train_acc: 99.79, test_acc: 76.52
2021-03-10 05:45:58,562 INFO      epoch: 45, train_acc: 99.80, test_acc: 76.97
2021-03-10 06:06:58,966 INFO      epoch: 46, train_acc: 99.84, test_acc: 76.80
2021-03-10 06:27:57,714 INFO      epoch: 47, train_acc: 99.83, test_acc: 77.87
2021-03-10 06:48:56,303 INFO      epoch: 48, train_acc: 99.88, test_acc: 77.68
2021-03-10 07:09:59,220 INFO      epoch: 49, train_acc: 99.79, test_acc: 76.92
2021-03-10 07:30:58,528 INFO      epoch: 50, train_acc: 99.85, test_acc: 77.48
2021-03-10 07:51:59,784 INFO      epoch: 51, train_acc: 99.87, test_acc: 77.30
2021-03-10 08:13:04,284 INFO      epoch: 52, train_acc: 99.85, test_acc: 78.12
2021-03-10 08:34:07,108 INFO      epoch: 53, train_acc: 99.87, test_acc: 77.34
2021-03-10 08:57:13,908 INFO      epoch: 54, train_acc: 99.88, test_acc: 77.57
2021-03-10 09:18:08,685 INFO      epoch: 55, train_acc: 99.86, test_acc: 76.64
2021-03-10 09:39:06,337 INFO      epoch: 56, train_acc: 99.86, test_acc: 76.51
2021-03-10 10:00:02,438 INFO      epoch: 57, train_acc: 99.88, test_acc: 77.66
2021-03-10 10:20:55,958 INFO      epoch: 58, train_acc: 99.88, test_acc: 76.90
2021-03-10 10:41:51,822 INFO      epoch: 59, train_acc: 99.86, test_acc: 76.67
2021-03-10 11:02:53,020 INFO      epoch: 60, train_acc: 99.87, test_acc: 77.19
2021-03-10 11:23:48,871 INFO      epoch: 61, train_acc: 99.91, test_acc: 76.61
2021-03-10 11:44:45,187 INFO      epoch: 62, train_acc: 99.88, test_acc: 76.60
2021-03-10 12:05:45,268 INFO      epoch: 63, train_acc: 99.88, test_acc: 76.85
2021-03-10 12:26:42,131 INFO      epoch: 64, train_acc: 99.85, test_acc: 76.28
2021-03-10 12:47:38,784 INFO      epoch: 65, train_acc: 99.90, test_acc: 76.47
2021-03-10 13:08:39,826 INFO      epoch: 66, train_acc: 99.93, test_acc: 78.00
2021-03-10 13:29:35,154 INFO      epoch: 67, train_acc: 99.92, test_acc: 77.51
2021-03-10 13:50:28,873 INFO      epoch: 68, train_acc: 99.90, test_acc: 76.22
2021-03-10 14:11:25,681 INFO      epoch: 69, train_acc: 99.91, test_acc: 77.16
2021-03-10 14:32:22,414 INFO      epoch: 70, train_acc: 99.90, test_acc: 76.98
2021-03-10 14:53:17,249 INFO      epoch: 71, train_acc: 99.92, test_acc: 76.61
2021-03-10 15:14:12,985 INFO      epoch: 72, train_acc: 99.91, test_acc: 77.89
2021-03-10 15:35:10,522 INFO      epoch: 73, train_acc: 99.92, test_acc: 78.23
2021-03-10 15:56:06,886 INFO      epoch: 74, train_acc: 99.91, test_acc: 76.64
2021-03-10 16:17:06,011 INFO      epoch: 75, train_acc: 99.94, test_acc: 77.94
2021-03-10 16:38:02,882 INFO      epoch: 76, train_acc: 99.90, test_acc: 77.44
2021-03-10 16:58:59,678 INFO      epoch: 77, train_acc: 99.91, test_acc: 78.00
2021-03-10 17:19:58,121 INFO      epoch: 78, train_acc: 99.93, test_acc: 76.12
2021-03-10 17:40:54,713 INFO      epoch: 79, train_acc: 99.91, test_acc: 77.65
2021-03-10 18:01:53,130 INFO      epoch: 80, train_acc: 99.91, test_acc: 77.12
2021-03-10 18:22:49,037 INFO      epoch: 81, train_acc: 99.90, test_acc: 77.28
2021-03-10 18:43:43,242 INFO      epoch: 82, train_acc: 99.94, test_acc: 77.88
2021-03-10 19:04:40,701 INFO      epoch: 83, train_acc: 99.94, test_acc: 77.36
2021-03-10 19:25:37,954 INFO      epoch: 84, train_acc: 99.96, test_acc: 76.48
2021-03-10 19:46:33,658 INFO      epoch: 85, train_acc: 99.93, test_acc: 76.85
2021-03-10 20:07:29,070 INFO      epoch: 86, train_acc: 99.94, test_acc: 77.46
2021-03-10 20:29:08,736 INFO      epoch: 87, train_acc: 99.94, test_acc: 76.83
2021-03-10 20:51:34,933 INFO      epoch: 88, train_acc: 99.94, test_acc: 76.67
2021-03-10 21:12:33,541 INFO      epoch: 89, train_acc: 99.97, test_acc: 77.26
2021-03-10 21:33:33,794 INFO      epoch: 90, train_acc: 99.95, test_acc: 77.30
2021-03-10 21:54:33,980 INFO      epoch: 91, train_acc: 99.96, test_acc: 77.71
2021-03-10 22:15:28,057 INFO      epoch: 92, train_acc: 99.93, test_acc: 78.06
2021-03-10 22:36:23,748 INFO      epoch: 93, train_acc: 99.95, test_acc: 77.66
2021-03-10 22:57:20,190 INFO      epoch: 94, train_acc: 99.94, test_acc: 78.41
2021-03-10 23:18:15,485 INFO      epoch: 95, train_acc: 99.94, test_acc: 77.80
2021-03-10 23:39:17,499 INFO      epoch: 96, train_acc: 99.95, test_acc: 77.56
2021-03-11 00:00:16,849 INFO      epoch: 97, train_acc: 99.93, test_acc: 78.45
2021-03-11 00:21:12,382 INFO      epoch: 98, train_acc: 99.94, test_acc: 77.98
2021-03-11 00:42:07,625 INFO      epoch: 99, train_acc: 99.94, test_acc: 77.21
2021-03-11 01:03:05,621 INFO      epoch: 100, train_acc: 99.95, test_acc: 77.64
2021-03-11 01:03:05,621 INFO      best_acc: 78.45
