2022-03-05 23:18:34,330 INFO      ----------configuration**********
2022-03-05 23:18:34,330 INFO      ('dataset', 'my_data')
2022-03-05 23:18:34,330 INFO      ('train_path', 'G:\\vscode_workspace\\Weather_Recognition\\data_split_v6\\train\\')
2022-03-05 23:18:34,330 INFO      ('test_path', 'G:\\vscode_workspace\\Weather_Recognition\\data_split_v6\\test\\')
2022-03-05 23:18:34,330 INFO      ('imagesize', '224')
2022-03-05 23:18:34,331 INFO      ('epochs', '20')
2022-03-05 23:18:34,331 INFO      ('start_epoch', '0')
2022-03-05 23:18:34,331 INFO      ('train_batch', '2')
2022-03-05 23:18:34,331 INFO      ('test_batch', '2')
2022-03-05 23:18:34,331 INFO      ('lr', '0.0001')
2022-03-05 23:18:34,331 INFO      ('drop', '0')
2022-03-05 23:18:34,331 INFO      ('schedule', '[5, 10, 15]')
2022-03-05 23:18:34,331 INFO      ('gamma', '0.8')
2022-03-05 23:18:34,332 INFO      ('momentum', '0.8')
2022-03-05 23:18:34,332 INFO      ('weight_decay', '0.0001')
2022-03-05 23:18:34,332 INFO      ('checkpoint', 'checkpoints/my_data_v6_vgg16')
2022-03-05 23:18:34,332 INFO      ('resume', '')
2022-03-05 23:18:34,332 INFO      ('arch', 'resnet18')
2022-03-05 23:18:34,332 INFO      ('manualSeed', '385')
2022-03-06 08:10:51,416 INFO      ----------configuration**********
2022-03-06 08:10:51,434 INFO      ('dataset', 'my_data')
2022-03-06 08:10:51,435 INFO      ('train_path', 'G:\\vscode_workspace\\Weather_Recognition\\data_split_v6\\train\\')
2022-03-06 08:10:51,435 INFO      ('test_path', 'G:\\vscode_workspace\\Weather_Recognition\\data_split_v6\\test\\')
2022-03-06 08:10:51,435 INFO      ('imagesize', '224')
2022-03-06 08:10:51,435 INFO      ('epochs', '20')
2022-03-06 08:10:51,435 INFO      ('start_epoch', '0')
2022-03-06 08:10:51,435 INFO      ('train_batch', '1')
2022-03-06 08:10:51,435 INFO      ('test_batch', '2')
2022-03-06 08:10:51,435 INFO      ('lr', '0.0001')
2022-03-06 08:10:51,435 INFO      ('drop', '0')
2022-03-06 08:10:51,435 INFO      ('schedule', '[5, 10, 15]')
2022-03-06 08:10:51,435 INFO      ('gamma', '0.8')
2022-03-06 08:10:51,435 INFO      ('momentum', '0.8')
2022-03-06 08:10:51,435 INFO      ('weight_decay', '0.0001')
2022-03-06 08:10:51,435 INFO      ('checkpoint', 'checkpoints/my_data_v6_vgg16')
2022-03-06 08:10:51,435 INFO      ('resume', '')
2022-03-06 08:10:51,435 INFO      ('arch', 'resnet18')
2022-03-06 08:10:51,435 INFO      ('manualSeed', '8044')
2022-03-06 08:46:00,264 INFO      epoch: 1, train_acc: 97.40, test_acc: 64.00
2022-03-06 09:18:43,297 INFO      epoch: 2, train_acc: 99.96, test_acc: 69.81
2022-03-06 09:51:55,378 INFO      epoch: 3, train_acc: 99.97, test_acc: 64.48
2022-03-06 10:24:43,047 INFO      epoch: 4, train_acc: 100.00, test_acc: 66.43
2022-03-06 10:57:34,983 INFO      epoch: 5, train_acc: 100.00, test_acc: 66.69
2022-03-06 11:30:21,359 INFO      epoch: 6, train_acc: 100.00, test_acc: 67.26
2022-03-06 12:03:14,085 INFO      epoch: 7, train_acc: 100.00, test_acc: 67.28
2022-03-06 12:36:05,490 INFO      epoch: 8, train_acc: 100.00, test_acc: 66.68
2022-03-06 13:09:03,533 INFO      epoch: 9, train_acc: 100.00, test_acc: 66.35
2022-03-06 13:41:53,290 INFO      epoch: 10, train_acc: 100.00, test_acc: 67.67
2022-03-06 14:15:23,236 INFO      epoch: 11, train_acc: 100.00, test_acc: 67.90
2022-03-06 14:50:08,369 INFO      epoch: 12, train_acc: 100.00, test_acc: 66.69
2022-03-06 15:23:16,667 INFO      epoch: 13, train_acc: 100.00, test_acc: 67.76
2022-03-06 15:56:15,739 INFO      epoch: 14, train_acc: 100.00, test_acc: 68.12
2022-03-06 16:29:21,777 INFO      epoch: 15, train_acc: 100.00, test_acc: 67.78
2022-03-06 17:02:15,915 INFO      epoch: 16, train_acc: 100.00, test_acc: 67.86
2022-03-06 17:37:48,669 INFO      epoch: 17, train_acc: 100.00, test_acc: 67.68
2022-03-06 18:11:05,771 INFO      epoch: 18, train_acc: 100.00, test_acc: 66.54
2022-03-06 18:44:49,099 INFO      epoch: 19, train_acc: 100.00, test_acc: 67.20
2022-03-06 19:18:03,686 INFO      epoch: 20, train_acc: 100.00, test_acc: 67.17
2022-03-06 19:18:03,687 INFO      best_acc: 69.81
2022-04-06 22:13:04,685 INFO      ----------configuration**********
2022-04-06 22:13:04,712 INFO      ('dataset', 'my_data')
2022-04-06 22:13:04,712 INFO      ('train_path', 'G:\\vscode_workspace\\Weather_Recognition\\data_split_v6\\train\\')
2022-04-06 22:13:04,712 INFO      ('test_path', 'G:\\vscode_workspace\\Weather_Recognition\\data_split_v6\\test\\')
2022-04-06 22:13:04,712 INFO      ('imagesize', '224')
2022-04-06 22:13:04,713 INFO      ('epochs', '20')
2022-04-06 22:13:04,713 INFO      ('start_epoch', '0')
2022-04-06 22:13:04,713 INFO      ('train_batch', '1')
2022-04-06 22:13:04,713 INFO      ('test_batch', '2')
2022-04-06 22:13:04,713 INFO      ('lr', '0.0001')
2022-04-06 22:13:04,713 INFO      ('drop', '0')
2022-04-06 22:13:04,713 INFO      ('schedule', '[5, 10, 15]')
2022-04-06 22:13:04,713 INFO      ('gamma', '0.8')
2022-04-06 22:13:04,713 INFO      ('momentum', '0.8')
2022-04-06 22:13:04,713 INFO      ('weight_decay', '0.0001')
2022-04-06 22:13:04,713 INFO      ('checkpoint', 'checkpoints/my_data_v6_vgg16')
2022-04-06 22:13:04,713 INFO      ('resume', '')
2022-04-06 22:13:04,713 INFO      ('arch', 'resnet18')
2022-04-06 22:13:04,713 INFO      ('manualSeed', '5654')
