2022-01-04 09:38:07,527 INFO      ----------configuration**********
2022-01-04 09:38:07,527 INFO      ('dataset', 'my_data')
2022-01-04 09:38:07,527 INFO      ('train_path', 'G:\\vscode_workspace\\Weather_Recognition\\data_split_v6\\train\\')
2022-01-04 09:38:07,527 INFO      ('test_path', 'G:\\vscode_workspace\\Weather_Recognition\\data_split_v6\\test\\')
2022-01-04 09:38:07,527 INFO      ('imagesize', '224')
2022-01-04 09:38:07,527 INFO      ('pretrained_path', 'G:\\vscode_workspace\\Weather_Recognition\\checkpoints\\mwd_resnet18\\04_14_14_25_fold_0_model_best.pth.tar')
2022-01-04 09:38:07,528 INFO      ('epochs', '20')
2022-01-04 09:38:07,528 INFO      ('start_epoch', '0')
2022-01-04 09:38:07,528 INFO      ('train_batch', '16')
2022-01-04 09:38:07,528 INFO      ('test_batch', '4')
2022-01-04 09:38:07,528 INFO      ('lr', '0.001')
2022-01-04 09:38:07,528 INFO      ('drop', '0')
2022-01-04 09:38:07,528 INFO      ('schedule', '[5, 10, 15, 20, 25, 30, 35, 40, 45]')
2022-01-04 09:38:07,528 INFO      ('gamma', '0.9')
2022-01-04 09:38:07,529 INFO      ('momentum', '0.8')
2022-01-04 09:38:07,529 INFO      ('weight_decay', '0.0001')
2022-01-04 09:38:07,529 INFO      ('checkpoint', 'checkpoints/my_data_v6_resnet18_transfer_480_triplet_loss')
2022-01-04 09:38:07,529 INFO      ('resume', '')
2022-01-04 09:38:07,529 INFO      ('arch', 'resnet18')
2022-01-04 09:38:07,529 INFO      ('manualSeed', '5413')
2022-01-04 10:02:48,195 INFO      epoch: 1, train_acc: 97.38, test_acc: 84.26
2022-01-04 10:25:12,126 INFO      epoch: 2, train_acc: 99.93, test_acc: 83.65
2022-01-04 10:47:29,949 INFO      epoch: 3, train_acc: 99.98, test_acc: 83.69
2022-01-04 11:10:01,130 INFO      epoch: 4, train_acc: 99.98, test_acc: 84.17
2022-01-04 11:32:32,527 INFO      epoch: 5, train_acc: 99.99, test_acc: 84.15
2022-01-04 11:55:40,911 INFO      epoch: 6, train_acc: 99.99, test_acc: 83.55
2022-01-04 12:17:59,842 INFO      epoch: 7, train_acc: 100.00, test_acc: 83.95
2022-01-04 12:40:06,708 INFO      epoch: 8, train_acc: 99.98, test_acc: 84.57
2022-01-04 13:02:47,176 INFO      epoch: 9, train_acc: 100.00, test_acc: 84.19
2022-01-04 13:25:03,137 INFO      epoch: 10, train_acc: 100.00, test_acc: 84.29
2022-01-04 13:47:22,903 INFO      epoch: 11, train_acc: 100.00, test_acc: 83.77
2022-01-04 14:09:36,282 INFO      epoch: 12, train_acc: 100.00, test_acc: 84.56
2022-01-04 14:31:44,525 INFO      epoch: 13, train_acc: 99.99, test_acc: 82.78
2022-01-04 14:54:01,973 INFO      epoch: 14, train_acc: 100.00, test_acc: 84.16
2022-01-04 15:17:05,541 INFO      epoch: 15, train_acc: 100.00, test_acc: 84.36
2022-01-04 15:39:58,530 INFO      epoch: 16, train_acc: 99.99, test_acc: 84.79
2022-01-04 16:02:39,732 INFO      epoch: 17, train_acc: 100.00, test_acc: 85.51
2022-01-04 16:25:18,746 INFO      epoch: 18, train_acc: 100.00, test_acc: 85.65
2022-01-04 16:47:56,354 INFO      epoch: 19, train_acc: 100.00, test_acc: 85.11
2022-03-06 22:37:07,782 INFO      ----------configuration**********
2022-03-06 22:37:07,800 INFO      ('dataset', 'my_data')
2022-03-06 22:37:07,801 INFO      ('train_path', 'G:\\vscode_workspace\\Weather_Recognition\\data_split_v6\\train\\')
2022-03-06 22:37:07,801 INFO      ('test_path', 'G:\\vscode_workspace\\Weather_Recognition\\data_split_v6\\test\\')
2022-03-06 22:37:07,801 INFO      ('imagesize', '224')
2022-03-06 22:37:07,801 INFO      ('pretrained_path', 'G:\\vscode_workspace\\Weather_Recognition\\checkpoints\\mwd_resnet18\\04_14_14_25_fold_0_model_best.pth.tar')
2022-03-06 22:37:07,801 INFO      ('epochs', '20')
2022-03-06 22:37:07,801 INFO      ('start_epoch', '0')
2022-03-06 22:37:07,801 INFO      ('train_batch', '16')
2022-03-06 22:37:07,801 INFO      ('test_batch', '4')
2022-03-06 22:37:07,801 INFO      ('lr', '0.001')
2022-03-06 22:37:07,801 INFO      ('drop', '0')
2022-03-06 22:37:07,801 INFO      ('schedule', '[5, 10, 15, 20, 25, 30, 35, 40, 45]')
2022-03-06 22:37:07,801 INFO      ('gamma', '0.9')
2022-03-06 22:37:07,801 INFO      ('momentum', '0.8')
2022-03-06 22:37:07,801 INFO      ('weight_decay', '0.0001')
2022-03-06 22:37:07,813 INFO      ('checkpoint', 'checkpoints/my_data_v6_resnet18_transfer_480_triplet_loss')
2022-03-06 22:37:07,813 INFO      ('resume', '')
2022-03-06 22:37:07,813 INFO      ('arch', 'resnet18')
2022-03-06 22:37:07,813 INFO      ('manualSeed', '6388')
2022-03-06 23:03:48,421 INFO      epoch: 1, train_acc: 97.46, test_acc: 82.47
2022-03-06 23:28:10,172 INFO      epoch: 2, train_acc: 99.95, test_acc: 84.60
2022-03-06 23:52:05,515 INFO      epoch: 3, train_acc: 99.96, test_acc: 84.82
2022-03-07 00:15:35,652 INFO      epoch: 4, train_acc: 99.97, test_acc: 83.41
2022-03-07 00:40:42,950 INFO      epoch: 5, train_acc: 99.98, test_acc: 82.76
2022-03-07 01:05:12,641 INFO      epoch: 6, train_acc: 99.98, test_acc: 84.58
2022-03-07 01:29:15,653 INFO      epoch: 7, train_acc: 99.99, test_acc: 84.28
2022-03-07 01:52:10,487 INFO      epoch: 8, train_acc: 99.99, test_acc: 84.53
2022-03-07 02:17:55,685 INFO      epoch: 9, train_acc: 99.99, test_acc: 84.24
2022-03-07 02:41:31,501 INFO      epoch: 10, train_acc: 100.00, test_acc: 84.18
2022-03-07 03:05:29,510 INFO      epoch: 11, train_acc: 100.00, test_acc: 82.36
2022-03-07 03:28:37,294 INFO      epoch: 12, train_acc: 99.99, test_acc: 82.81
2022-03-07 03:51:55,888 INFO      epoch: 13, train_acc: 99.99, test_acc: 83.43
2022-03-07 04:17:30,015 INFO      epoch: 14, train_acc: 99.99, test_acc: 84.15
2022-03-07 04:41:32,670 INFO      epoch: 15, train_acc: 100.00, test_acc: 82.79
2022-03-07 05:07:07,572 INFO      epoch: 16, train_acc: 99.99, test_acc: 83.37
2022-03-07 05:31:02,354 INFO      epoch: 17, train_acc: 100.00, test_acc: 84.00
2022-03-07 05:54:08,893 INFO      epoch: 18, train_acc: 100.00, test_acc: 84.06
2022-03-07 06:17:14,488 INFO      epoch: 19, train_acc: 100.00, test_acc: 84.28
2022-03-07 06:40:13,857 INFO      epoch: 20, train_acc: 100.00, test_acc: 84.07
2022-03-07 06:40:13,857 INFO      best_acc: 84.82
2022-03-10 21:40:07,834 INFO      ----------configuration**********
2022-03-10 21:40:07,834 INFO      ('dataset', 'my_data')
2022-03-10 21:40:07,834 INFO      ('train_path', 'G:\\vscode_workspace\\Weather_Recognition\\data_split_v6\\train\\')
2022-03-10 21:40:07,834 INFO      ('test_path', 'G:\\vscode_workspace\\Weather_Recognition\\data_split_v6\\test\\')
2022-03-10 21:40:07,834 INFO      ('imagesize', '224')
2022-03-10 21:40:07,834 INFO      ('pretrained_path', 'G:\\vscode_workspace\\Weather_Recognition\\checkpoints\\mwd_resnet18\\04_14_14_25_fold_0_model_best.pth.tar')
2022-03-10 21:40:07,835 INFO      ('epochs', '20')
2022-03-10 21:40:07,835 INFO      ('start_epoch', '0')
2022-03-10 21:40:07,835 INFO      ('train_batch', '8')
2022-03-10 21:40:07,835 INFO      ('test_batch', '4')
2022-03-10 21:40:07,835 INFO      ('lr', '0.001')
2022-03-10 21:40:07,835 INFO      ('drop', '0')
2022-03-10 21:40:07,835 INFO      ('schedule', '[5, 10, 15, 20, 25, 30, 35, 40, 45]')
2022-03-10 21:40:07,835 INFO      ('gamma', '0.9')
2022-03-10 21:40:07,835 INFO      ('momentum', '0.8')
2022-03-10 21:40:07,835 INFO      ('weight_decay', '0.0001')
2022-03-10 21:40:07,835 INFO      ('checkpoint', 'checkpoints/my_data_v6_resnet18_transfer_480_triplet_loss')
2022-03-10 21:40:07,835 INFO      ('resume', '')
2022-03-10 21:40:07,835 INFO      ('arch', 'resnet18')
2022-03-10 21:40:07,835 INFO      ('manualSeed', '3473')
2022-03-10 22:12:09,529 INFO      epoch: 1, train_acc: 97.53, test_acc: 80.55
2022-03-10 22:40:13,555 INFO      epoch: 2, train_acc: 99.81, test_acc: 80.14
2022-03-10 23:08:42,046 INFO      epoch: 3, train_acc: 99.90, test_acc: 79.75
2022-03-10 23:36:07,798 INFO      epoch: 4, train_acc: 99.95, test_acc: 80.72
2022-03-11 00:03:29,930 INFO      epoch: 5, train_acc: 99.95, test_acc: 80.42
2022-03-11 00:30:57,792 INFO      epoch: 6, train_acc: 99.98, test_acc: 79.83
2022-03-11 01:03:55,886 INFO      epoch: 7, train_acc: 99.96, test_acc: 79.33
2022-03-11 01:33:13,077 INFO      epoch: 8, train_acc: 99.99, test_acc: 79.89
2022-03-11 02:04:12,176 INFO      epoch: 9, train_acc: 99.98, test_acc: 76.89
2022-03-11 02:34:45,218 INFO      epoch: 10, train_acc: 99.99, test_acc: 78.77
2022-03-11 03:03:51,039 INFO      epoch: 11, train_acc: 99.98, test_acc: 76.31
2022-03-11 03:34:17,713 INFO      epoch: 12, train_acc: 99.97, test_acc: 75.67
2022-03-11 04:07:14,297 INFO      epoch: 13, train_acc: 99.99, test_acc: 79.19
2022-03-11 04:37:03,236 INFO      epoch: 14, train_acc: 99.99, test_acc: 79.51
2022-03-11 05:10:59,068 INFO      epoch: 15, train_acc: 99.99, test_acc: 78.43
2022-03-11 13:07:13,190 INFO      ----------configuration**********
2022-03-11 13:07:13,205 INFO      ('dataset', 'my_data')
2022-03-11 13:07:13,205 INFO      ('train_path', 'G:\\vscode_workspace\\Weather_Recognition\\data_split_v6\\train\\')
2022-03-11 13:07:13,205 INFO      ('test_path', 'G:\\vscode_workspace\\Weather_Recognition\\data_split_v6\\test\\')
2022-03-11 13:07:13,205 INFO      ('imagesize', '224')
2022-03-11 13:07:13,205 INFO      ('pretrained_path', 'G:\\vscode_workspace\\Weather_Recognition\\checkpoints\\mwd_resnet18\\04_14_14_25_fold_0_model_best.pth.tar')
2022-03-11 13:07:13,206 INFO      ('epochs', '20')
2022-03-11 13:07:13,206 INFO      ('start_epoch', '0')
2022-03-11 13:07:13,206 INFO      ('train_batch', '16')
2022-03-11 13:07:13,206 INFO      ('test_batch', '4')
2022-03-11 13:07:13,206 INFO      ('lr', '0.001')
2022-03-11 13:07:13,206 INFO      ('drop', '0')
2022-03-11 13:07:13,206 INFO      ('schedule', '[5, 10, 15, 20, 25, 30, 35, 40, 45]')
2022-03-11 13:07:13,206 INFO      ('gamma', '0.9')
2022-03-11 13:07:13,206 INFO      ('momentum', '0.8')
2022-03-11 13:07:13,206 INFO      ('weight_decay', '0.0001')
2022-03-11 13:07:13,206 INFO      ('checkpoint', 'checkpoints/my_data_v6_resnet18_transfer_480_triplet_loss')
2022-03-11 13:07:13,206 INFO      ('resume', '')
2022-03-11 13:07:13,206 INFO      ('arch', 'resnet18')
2022-03-11 13:07:13,206 INFO      ('manualSeed', '53')
2022-03-11 13:36:18,455 INFO      epoch: 1, train_acc: 97.37, test_acc: 85.16
2022-03-11 22:52:19,204 INFO      ----------configuration**********
2022-03-11 22:52:19,204 INFO      ('dataset', 'my_data')
2022-03-11 22:52:19,204 INFO      ('train_path', 'G:\\vscode_workspace\\Weather_Recognition\\data_split_v6\\train\\')
2022-03-11 22:52:19,205 INFO      ('test_path', 'G:\\vscode_workspace\\Weather_Recognition\\data_split_v6\\test\\')
2022-03-11 22:52:19,205 INFO      ('imagesize', '224')
2022-03-11 22:52:19,205 INFO      ('pretrained_path', 'G:\\vscode_workspace\\Weather_Recognition\\checkpoints\\mwd_resnet18\\04_14_14_25_fold_0_model_best.pth.tar')
2022-03-11 22:52:19,205 INFO      ('epochs', '20')
2022-03-11 22:52:19,205 INFO      ('start_epoch', '0')
2022-03-11 22:52:19,205 INFO      ('train_batch', '16')
2022-03-11 22:52:19,205 INFO      ('test_batch', '4')
2022-03-11 22:52:19,205 INFO      ('lr', '0.001')
2022-03-11 22:52:19,205 INFO      ('drop', '0')
2022-03-11 22:52:19,205 INFO      ('schedule', '[5, 10, 15, 20, 25, 30, 35, 40, 45]')
2022-03-11 22:52:19,205 INFO      ('gamma', '0.9')
2022-03-11 22:52:19,205 INFO      ('momentum', '0.8')
2022-03-11 22:52:19,205 INFO      ('weight_decay', '0.0001')
2022-03-11 22:52:19,205 INFO      ('checkpoint', 'checkpoints/my_data_v6_resnet18_transfer_480_triplet_loss')
2022-03-11 22:52:19,205 INFO      ('resume', '')
2022-03-11 22:52:19,205 INFO      ('arch', 'resnet18')
2022-03-11 22:52:19,205 INFO      ('manualSeed', '155')
2022-03-11 23:22:12,046 INFO      epoch: 1, train_acc: 97.16, test_acc: 85.83
2022-03-11 23:45:49,840 INFO      epoch: 2, train_acc: 99.94, test_acc: 85.73
2022-03-12 00:09:39,472 INFO      epoch: 3, train_acc: 99.99, test_acc: 85.62
2022-03-12 00:33:39,335 INFO      epoch: 4, train_acc: 99.98, test_acc: 85.98
2022-03-12 00:57:17,609 INFO      epoch: 5, train_acc: 99.99, test_acc: 85.25
2022-03-12 01:21:20,044 INFO      epoch: 6, train_acc: 99.99, test_acc: 84.75
2022-03-12 01:45:26,360 INFO      epoch: 7, train_acc: 99.99, test_acc: 85.64
2022-03-12 02:09:15,951 INFO      epoch: 8, train_acc: 99.99, test_acc: 85.14
2022-03-12 02:33:10,805 INFO      epoch: 9, train_acc: 99.99, test_acc: 84.56
2022-03-12 02:57:20,055 INFO      epoch: 10, train_acc: 100.00, test_acc: 84.50
2022-03-12 03:21:09,346 INFO      epoch: 11, train_acc: 100.00, test_acc: 84.79
2022-03-12 03:45:20,658 INFO      epoch: 12, train_acc: 100.00, test_acc: 83.82
2022-03-12 04:09:38,559 INFO      epoch: 13, train_acc: 99.99, test_acc: 85.26
2022-03-12 04:33:36,274 INFO      epoch: 14, train_acc: 100.00, test_acc: 83.76
2022-03-12 04:57:36,653 INFO      epoch: 15, train_acc: 99.99, test_acc: 83.55
2022-03-12 05:21:51,627 INFO      epoch: 16, train_acc: 100.00, test_acc: 83.68
2022-03-12 05:45:57,789 INFO      epoch: 17, train_acc: 100.00, test_acc: 83.89
2022-03-12 06:10:27,324 INFO      epoch: 18, train_acc: 100.00, test_acc: 83.31
2022-03-12 06:35:02,767 INFO      epoch: 19, train_acc: 100.00, test_acc: 85.23
2022-03-12 06:59:21,369 INFO      epoch: 20, train_acc: 100.00, test_acc: 84.76
2022-03-12 06:59:21,369 INFO      best_acc: 85.98
