2021-01-15 10:31:58,727 INFO      ----------configuration**********
2021-01-15 10:31:58,727 INFO      ('dataset', 'my_data')
2021-01-15 10:31:58,727 INFO      ('train_path', 'G:\\vscode_workspace\\Weather_Recognition\\data_split_v3\\train\\')
2021-01-15 10:31:58,727 INFO      ('test_path', 'G:\\vscode_workspace\\Weather_Recognition\\data_split_v3\\test\\')
2021-01-15 10:31:58,728 INFO      ('pretrained_path', 'G:\\vscode_workspace\\Weather_Recognition\\checkpoints\\mwd_densenet121\\fold_0_model_best.pth.tar')
2021-01-15 10:31:58,728 INFO      ('imagesize', '224')
2021-01-15 10:31:58,728 INFO      ('epochs', '100')
2021-01-15 10:31:58,728 INFO      ('start_epoch', '0')
2021-01-15 10:31:58,728 INFO      ('train_batch', '16')
2021-01-15 10:31:58,733 INFO      ('test_batch', '16')
2021-01-15 10:31:58,733 INFO      ('lr', '0.0005')
2021-01-15 10:31:58,733 INFO      ('drop', '0')
2021-01-15 10:31:58,733 INFO      ('schedule', '[3, 6, 9, 12, 15]')
2021-01-15 10:31:58,733 INFO      ('gamma', '0.9')
2021-01-15 10:31:58,733 INFO      ('momentum', '0.8')
2021-01-15 10:31:58,733 INFO      ('weight_decay', '0.001')
2021-01-15 10:31:58,733 INFO      ('checkpoint', 'checkpoints/my_data_v3_densenet121_transfer')
2021-01-15 10:31:58,733 INFO      ('resume', '')
2021-01-15 10:31:58,733 INFO      ('arch', 'densenet121')
2021-01-15 10:31:58,733 INFO      ('manualSeed', '6679')
2021-01-15 10:58:21,347 INFO      epoch: 1, train_acc: 98.41, test_acc: 68.88
2021-01-15 11:20:39,162 INFO      epoch: 2, train_acc: 99.79, test_acc: 71.88
2021-01-15 11:40:23,040 INFO      epoch: 3, train_acc: 99.87, test_acc: 70.08
2021-01-15 11:59:09,346 INFO      epoch: 4, train_acc: 99.93, test_acc: 67.89
2021-01-15 12:18:10,709 INFO      epoch: 5, train_acc: 99.95, test_acc: 68.76
2021-01-15 12:37:06,635 INFO      epoch: 6, train_acc: 99.94, test_acc: 70.16
2021-01-15 12:56:25,418 INFO      epoch: 7, train_acc: 99.96, test_acc: 69.12
2021-01-15 13:15:24,117 INFO      epoch: 8, train_acc: 99.96, test_acc: 67.67
2021-01-15 13:34:10,622 INFO      epoch: 9, train_acc: 99.98, test_acc: 67.91
2021-01-15 13:53:09,463 INFO      epoch: 10, train_acc: 99.99, test_acc: 68.39
2021-01-15 14:12:15,239 INFO      epoch: 11, train_acc: 99.98, test_acc: 67.25
2021-01-15 14:51:39,743 INFO      ----------configuration**********
2021-01-15 14:51:39,743 INFO      ('dataset', 'my_data')
2021-01-15 14:51:39,743 INFO      ('train_path', 'G:\\vscode_workspace\\Weather_Recognition\\data_split_v3\\train\\')
2021-01-15 14:51:39,743 INFO      ('test_path', 'G:\\vscode_workspace\\Weather_Recognition\\data_split_v3\\test\\')
2021-01-15 14:51:39,743 INFO      ('pretrained_path', 'G:\\vscode_workspace\\Weather_Recognition\\checkpoints\\mwd_densenet121\\fold_0_model_best.pth.tar')
2021-01-15 14:51:39,743 INFO      ('imagesize', '224')
2021-01-15 14:51:39,744 INFO      ('epochs', '100')
2021-01-15 14:51:39,744 INFO      ('start_epoch', '0')
2021-01-15 14:51:39,744 INFO      ('train_batch', '16')
2021-01-15 14:51:39,744 INFO      ('test_batch', '16')
2021-01-15 14:51:39,744 INFO      ('lr', '0.0001')
2021-01-15 14:51:39,744 INFO      ('drop', '0')
2021-01-15 14:51:39,744 INFO      ('schedule', '[3, 6, 9, 12, 15]')
2021-01-15 14:51:39,744 INFO      ('gamma', '0.95')
2021-01-15 14:51:39,744 INFO      ('momentum', '0.8')
2021-01-15 14:51:39,744 INFO      ('weight_decay', '0.001')
2021-01-15 14:51:39,744 INFO      ('checkpoint', 'checkpoints/my_data_v3_densenet121_transfer')
2021-01-15 14:51:39,744 INFO      ('resume', '')
2021-01-15 14:51:39,744 INFO      ('arch', 'densenet121')
2021-01-15 14:51:39,744 INFO      ('manualSeed', '6843')
2021-01-15 15:13:00,656 INFO      ----------configuration**********
2021-01-15 15:13:00,656 INFO      ('dataset', 'my_data')
2021-01-15 15:13:00,656 INFO      ('train_path', 'G:\\vscode_workspace\\Weather_Recognition\\data_split_v3\\train\\')
2021-01-15 15:13:00,657 INFO      ('test_path', 'G:\\vscode_workspace\\Weather_Recognition\\data_split_v3\\test\\')
2021-01-15 15:13:00,657 INFO      ('pretrained_path', 'G:\\vscode_workspace\\Weather_Recognition\\checkpoints\\mwd_densenet121\\fold_0_model_best.pth.tar')
2021-01-15 15:13:00,657 INFO      ('imagesize', '224')
2021-01-15 15:13:00,657 INFO      ('epochs', '100')
2021-01-15 15:13:00,657 INFO      ('start_epoch', '0')
2021-01-15 15:13:00,657 INFO      ('train_batch', '16')
2021-01-15 15:13:00,657 INFO      ('test_batch', '16')
2021-01-15 15:13:00,657 INFO      ('lr', '0.0001')
2021-01-15 15:13:00,658 INFO      ('drop', '0')
2021-01-15 15:13:00,658 INFO      ('schedule', '[3, 6, 9, 12, 15]')
2021-01-15 15:13:00,658 INFO      ('gamma', '0.95')
2021-01-15 15:13:00,658 INFO      ('momentum', '0.8')
2021-01-15 15:13:00,658 INFO      ('weight_decay', '0.001')
2021-01-15 15:13:00,658 INFO      ('checkpoint', 'checkpoints/my_data_v3_densenet121_transfer')
2021-01-15 15:13:00,658 INFO      ('resume', '')
2021-01-15 15:13:00,658 INFO      ('arch', 'densenet121')
2021-01-15 15:13:00,658 INFO      ('manualSeed', '3753')
2021-01-15 15:33:18,187 INFO      epoch: 1, train_acc: 96.66, test_acc: 71.62
2021-01-15 15:51:51,420 INFO      epoch: 2, train_acc: 99.47, test_acc: 72.16
2021-01-15 16:09:18,160 INFO      epoch: 3, train_acc: 99.70, test_acc: 72.28
2021-01-15 16:28:16,854 INFO      epoch: 4, train_acc: 99.78, test_acc: 72.26
2021-01-15 16:45:49,182 INFO      epoch: 5, train_acc: 99.81, test_acc: 72.20
2021-01-15 17:06:17,326 INFO      epoch: 6, train_acc: 99.83, test_acc: 70.76
