2021-05-24 15:16:36,050 INFO      ----------configuration**********
2021-05-24 15:16:36,050 INFO      ('dataset', 'my_data')
2021-05-24 15:16:36,050 INFO      ('train_path', 'G:\\vscode_workspace\\Weather_Recognition\\data3\\train\\')
2021-05-24 15:16:36,050 INFO      ('test_path', 'G:\\vscode_workspace\\Weather_Recognition\\data3\\test\\')
2021-05-24 15:16:36,051 INFO      ('imagesize', '224')
2021-05-24 15:16:36,051 INFO      ('pretrained_path', 'G:\\vscode_workspace\\Weather_Recognition\\checkpoints\\mwd_resnet18\\04_14_14_25_fold_0_model_best.pth.tar')
2021-05-24 15:16:36,051 INFO      ('epochs', '20')
2021-05-24 15:16:36,051 INFO      ('start_epoch', '0')
2021-05-24 15:16:36,051 INFO      ('train_batch', '4')
2021-05-24 15:16:36,064 INFO      ('test_batch', '4')
2021-05-24 15:16:36,064 INFO      ('lr', '0.0001')
2021-05-24 15:16:36,064 INFO      ('drop', '0')
2021-05-24 15:16:36,064 INFO      ('schedule', '[5, 10, 15, 20, 25, 30, 35, 40, 45]')
2021-05-24 15:16:36,064 INFO      ('gamma', '0.9')
2021-05-24 15:16:36,064 INFO      ('momentum', '0.8')
2021-05-24 15:16:36,065 INFO      ('weight_decay', '0.0001')
2021-05-24 15:16:36,065 INFO      ('triplet_margin', '1.3')
2021-05-24 15:16:36,065 INFO      ('checkpoint', 'checkpoints/data3_resnet18_tripletloss_transfer_480')
2021-05-24 15:16:36,065 INFO      ('resume', '')
2021-05-24 15:16:36,065 INFO      ('arch', 'resnet18')
2021-05-24 15:16:36,065 INFO      ('manualSeed', '6899')
2021-05-24 15:20:16,860 INFO      epoch: 1, train_acc: 92.17, test_acc: 77.32
2021-05-24 15:23:03,214 INFO      epoch: 2, train_acc: 97.99, test_acc: 75.78
2021-05-24 15:23:26,208 INFO      ----------configuration**********
2021-05-24 15:23:26,209 INFO      ('dataset', 'my_data')
2021-05-24 15:23:26,209 INFO      ('train_path', 'G:\\vscode_workspace\\Weather_Recognition\\data3\\train\\')
2021-05-24 15:23:26,209 INFO      ('test_path', 'G:\\vscode_workspace\\Weather_Recognition\\data3\\test\\')
2021-05-24 15:23:26,209 INFO      ('imagesize', '224')
2021-05-24 15:23:26,209 INFO      ('pretrained_path', 'G:\\vscode_workspace\\Weather_Recognition\\checkpoints\\mwd_resnet18\\04_14_14_25_fold_0_model_best.pth.tar')
2021-05-24 15:23:26,209 INFO      ('epochs', '20')
2021-05-24 15:23:26,209 INFO      ('start_epoch', '0')
2021-05-24 15:23:26,209 INFO      ('train_batch', '4')
2021-05-24 15:23:26,209 INFO      ('test_batch', '4')
2021-05-24 15:23:26,209 INFO      ('lr', '0.0001')
2021-05-24 15:23:26,209 INFO      ('drop', '0')
2021-05-24 15:23:26,209 INFO      ('schedule', '[5, 10, 15, 20, 25, 30, 35, 40, 45]')
2021-05-24 15:23:26,209 INFO      ('gamma', '0.9')
2021-05-24 15:23:26,209 INFO      ('momentum', '0.8')
2021-05-24 15:23:26,209 INFO      ('weight_decay', '0.0001')
2021-05-24 15:23:26,209 INFO      ('triplet_margin', '1.3')
2021-05-24 15:23:26,209 INFO      ('checkpoint', 'checkpoints/data3_resnet18_tripletloss_transfer_480')
2021-05-24 15:23:26,209 INFO      ('resume', '')
2021-05-24 15:23:26,210 INFO      ('arch', 'resnet18')
2021-05-24 15:23:26,210 INFO      ('manualSeed', '9330')
2021-05-24 15:26:10,880 INFO      epoch: 1, train_acc: 91.84, test_acc: 75.92
2021-05-25 15:37:36,596 INFO      ----------configuration**********
2021-05-25 15:37:36,596 INFO      ('dataset', 'my_data')
2021-05-25 15:37:36,596 INFO      ('train_path', 'G:\\vscode_workspace\\Weather_Recognition\\data3\\train\\')
2021-05-25 15:37:36,596 INFO      ('test_path', 'G:\\vscode_workspace\\Weather_Recognition\\data3\\test\\')
2021-05-25 15:37:36,596 INFO      ('imagesize', '224')
2021-05-25 15:37:36,596 INFO      ('pretrained_path', 'G:\\vscode_workspace\\Weather_Recognition\\checkpoints\\mwd_resnet18\\04_14_14_25_fold_0_model_best.pth.tar')
2021-05-25 15:37:36,596 INFO      ('epochs', '20')
2021-05-25 15:37:36,597 INFO      ('start_epoch', '0')
2021-05-25 15:37:36,597 INFO      ('train_batch', '4')
2021-05-25 15:37:36,597 INFO      ('test_batch', '4')
2021-05-25 15:37:36,597 INFO      ('lr', '5e-05')
2021-05-25 15:37:36,597 INFO      ('drop', '0')
2021-05-25 15:37:36,597 INFO      ('schedule', '[5, 10, 15, 20, 25, 30, 35, 40, 45]')
2021-05-25 15:37:36,613 INFO      ('gamma', '0.9')
2021-05-25 15:37:36,613 INFO      ('momentum', '0.8')
2021-05-25 15:37:36,614 INFO      ('weight_decay', '0.0001')
2021-05-25 15:37:36,614 INFO      ('triplet_margin', '1.5')
2021-05-25 15:37:36,614 INFO      ('checkpoint', 'checkpoints/data3_resnet18_tripletloss_transfer_480')
2021-05-25 15:37:36,614 INFO      ('resume', '')
2021-05-25 15:37:36,614 INFO      ('arch', 'resnet18')
2021-05-25 15:37:36,614 INFO      ('manualSeed', '4696')
2021-05-25 15:40:25,159 INFO      epoch: 1, train_acc: 89.38, test_acc: 76.45
2021-05-25 15:56:30,684 INFO      ----------configuration**********
2021-05-25 15:56:30,684 INFO      ('dataset', 'my_data')
2021-05-25 15:56:30,684 INFO      ('train_path', 'G:\\vscode_workspace\\Weather_Recognition\\data3\\train\\')
2021-05-25 15:56:30,684 INFO      ('test_path', 'G:\\vscode_workspace\\Weather_Recognition\\data3\\test\\')
2021-05-25 15:56:30,684 INFO      ('imagesize', '224')
2021-05-25 15:56:30,684 INFO      ('pretrained_path', 'G:\\vscode_workspace\\Weather_Recognition\\checkpoints\\mwd_resnet18\\04_14_14_25_fold_0_model_best.pth.tar')
2021-05-25 15:56:30,684 INFO      ('epochs', '20')
2021-05-25 15:56:30,684 INFO      ('start_epoch', '0')
2021-05-25 15:56:30,684 INFO      ('train_batch', '3')
2021-05-25 15:56:30,684 INFO      ('test_batch', '3')
2021-05-25 15:56:30,684 INFO      ('lr', '5e-05')
2021-05-25 15:56:30,684 INFO      ('drop', '0')
2021-05-25 15:56:30,684 INFO      ('schedule', '[5, 10, 15, 20, 25, 30, 35, 40, 45]')
2021-05-25 15:56:30,684 INFO      ('gamma', '0.9')
2021-05-25 15:56:30,685 INFO      ('momentum', '0.8')
2021-05-25 15:56:30,685 INFO      ('weight_decay', '0.0001')
2021-05-25 15:56:30,685 INFO      ('triplet_margin', '1.5')
2021-05-25 15:56:30,685 INFO      ('checkpoint', 'checkpoints/data3_resnet18_tripletloss_transfer_480')
2021-05-25 15:56:30,685 INFO      ('resume', '')
2021-05-25 15:56:30,685 INFO      ('arch', 'resnet18')
2021-05-25 15:56:30,685 INFO      ('manualSeed', '705')
2021-05-25 15:59:33,858 INFO      epoch: 1, train_acc: 89.09, test_acc: 75.85
2021-05-25 16:02:23,315 INFO      epoch: 2, train_acc: 95.51, test_acc: 77.18
2021-05-25 16:05:11,387 INFO      epoch: 3, train_acc: 97.34, test_acc: 77.59
2021-05-25 16:07:57,732 INFO      epoch: 4, train_acc: 98.32, test_acc: 77.92
2021-05-25 16:10:45,235 INFO      epoch: 5, train_acc: 98.66, test_acc: 77.59
2021-05-25 16:13:39,056 INFO      epoch: 6, train_acc: 98.80, test_acc: 78.45
2021-05-25 16:16:26,208 INFO      epoch: 7, train_acc: 98.86, test_acc: 76.65
2021-05-25 16:19:13,744 INFO      epoch: 8, train_acc: 99.29, test_acc: 77.65
2021-05-25 16:22:02,893 INFO      epoch: 9, train_acc: 99.22, test_acc: 77.65
2021-05-25 16:24:49,848 INFO      epoch: 10, train_acc: 99.14, test_acc: 77.59
2021-05-25 16:27:42,622 INFO      epoch: 11, train_acc: 99.48, test_acc: 77.25
2021-05-25 16:30:31,397 INFO      epoch: 12, train_acc: 99.49, test_acc: 76.78
2021-05-25 16:33:18,872 INFO      epoch: 13, train_acc: 99.32, test_acc: 77.45
2021-05-25 16:36:06,478 INFO      epoch: 14, train_acc: 99.62, test_acc: 78.12
2021-05-25 16:38:56,000 INFO      epoch: 15, train_acc: 99.71, test_acc: 77.45
2021-05-25 16:41:44,933 INFO      epoch: 16, train_acc: 99.49, test_acc: 76.78
2021-05-25 16:44:36,901 INFO      epoch: 17, train_acc: 99.57, test_acc: 77.92
2021-05-25 16:47:25,657 INFO      epoch: 18, train_acc: 99.38, test_acc: 77.92
2021-05-25 16:50:16,436 INFO      epoch: 19, train_acc: 99.68, test_acc: 78.32
2021-05-25 16:53:06,220 INFO      epoch: 20, train_acc: 99.57, test_acc: 78.39
2021-05-25 16:53:06,220 INFO      best_acc: 78.45
