2021-05-20 20:12:27,684 INFO      ----------configuration**********
2021-05-20 20:12:27,685 INFO      ('dataset', 'my_data')
2021-05-20 20:12:27,685 INFO      ('train_path', 'G:\\vscode_workspace\\Weather_Recognition\\data_v6_new\\train\\')
2021-05-20 20:12:27,685 INFO      ('test_path', 'G:\\vscode_workspace\\Weather_Recognition\\val_imgs_3\\')
2021-05-20 20:12:27,685 INFO      ('train2_path', 'G:\\vscode_workspace\\Weather_Recognition\\data_2\\train\\')
2021-05-20 20:12:27,685 INFO      ('imagesize', '224')
2021-05-20 20:12:27,685 INFO      ('pretrained_path', 'G:\\vscode_workspace\\Weather_Recognition\\checkpoints\\mwd_resnet18\\04_14_14_25_fold_0_model_best.pth.tar')
2021-05-20 20:12:27,685 INFO      ('epochs', '20')
2021-05-20 20:12:27,685 INFO      ('start_epoch', '0')
2021-05-20 20:12:27,685 INFO      ('train_batch', '6')
2021-05-20 20:12:27,685 INFO      ('test_batch', '6')
2021-05-20 20:12:27,685 INFO      ('mwd_batch', '18')
2021-05-20 20:12:27,686 INFO      ('lr', '1e-05')
2021-05-20 20:12:27,686 INFO      ('drop', '0')
2021-05-20 20:12:27,686 INFO      ('schedule', '[5, 10, 15, 20, 25, 30, 35, 40, 45]')
2021-05-20 20:12:27,686 INFO      ('gamma', '0.9')
2021-05-20 20:12:27,686 INFO      ('momentum', '0.8')
2021-05-20 20:12:27,686 INFO      ('weight_decay', '0.0005')
2021-05-20 20:12:27,686 INFO      ('weight_domain', '0.2')
2021-05-20 20:12:27,686 INFO      ('weight_my_data', '0.8')
2021-05-20 20:12:27,686 INFO      ('weight_mwd', '0.2')
2021-05-20 20:12:27,686 INFO      ('checkpoint', 'checkpoints/my_data_v6_resnet18_tripletloss_transfer_480_maml_5classes')
2021-05-20 20:12:27,686 INFO      ('resume', '')
2021-05-20 20:12:27,686 INFO      ('arch', 'resnet18')
2021-05-20 20:12:27,686 INFO      ('manualSeed', '7512')
2021-05-20 20:12:51,419 INFO      ----------configuration**********
2021-05-20 20:12:51,420 INFO      ('dataset', 'my_data')
2021-05-20 20:12:51,420 INFO      ('train_path', 'G:\\vscode_workspace\\Weather_Recognition\\data_v6_new\\train2\\')
2021-05-20 20:12:51,420 INFO      ('test_path', 'G:\\vscode_workspace\\Weather_Recognition\\val_imgs_3\\')
2021-05-20 20:12:51,420 INFO      ('train2_path', 'G:\\vscode_workspace\\Weather_Recognition\\data_2\\train\\')
2021-05-20 20:12:51,420 INFO      ('imagesize', '224')
2021-05-20 20:12:51,420 INFO      ('pretrained_path', 'G:\\vscode_workspace\\Weather_Recognition\\checkpoints\\mwd_resnet18\\04_14_14_25_fold_0_model_best.pth.tar')
2021-05-20 20:12:51,420 INFO      ('epochs', '20')
2021-05-20 20:12:51,420 INFO      ('start_epoch', '0')
2021-05-20 20:12:51,420 INFO      ('train_batch', '6')
2021-05-20 20:12:51,420 INFO      ('test_batch', '6')
2021-05-20 20:12:51,420 INFO      ('mwd_batch', '18')
2021-05-20 20:12:51,420 INFO      ('lr', '1e-05')
2021-05-20 20:12:51,420 INFO      ('drop', '0')
2021-05-20 20:12:51,420 INFO      ('schedule', '[5, 10, 15, 20, 25, 30, 35, 40, 45]')
2021-05-20 20:12:51,420 INFO      ('gamma', '0.9')
2021-05-20 20:12:51,420 INFO      ('momentum', '0.8')
2021-05-20 20:12:51,421 INFO      ('weight_decay', '0.0005')
2021-05-20 20:12:51,421 INFO      ('weight_domain', '0.2')
2021-05-20 20:12:51,421 INFO      ('weight_my_data', '0.8')
2021-05-20 20:12:51,421 INFO      ('weight_mwd', '0.2')
2021-05-20 20:12:51,421 INFO      ('checkpoint', 'checkpoints/my_data_v6_resnet18_tripletloss_transfer_480_maml_5classes')
2021-05-20 20:12:51,421 INFO      ('resume', '')
2021-05-20 20:12:51,421 INFO      ('arch', 'resnet18')
2021-05-20 20:12:51,421 INFO      ('manualSeed', '4773')
2021-05-20 20:13:17,354 INFO      ----------configuration**********
2021-05-20 20:13:17,354 INFO      ('dataset', 'my_data')
2021-05-20 20:13:17,354 INFO      ('train_path', 'G:\\vscode_workspace\\Weather_Recognition\\data_v6_new\\train2\\')
2021-05-20 20:13:17,354 INFO      ('test_path', 'G:\\vscode_workspace\\Weather_Recognition\\val_imgs_3\\')
2021-05-20 20:13:17,354 INFO      ('train2_path', 'G:\\vscode_workspace\\Weather_Recognition\\data2\\train\\')
2021-05-20 20:13:17,354 INFO      ('imagesize', '224')
2021-05-20 20:13:17,355 INFO      ('pretrained_path', 'G:\\vscode_workspace\\Weather_Recognition\\checkpoints\\mwd_resnet18\\04_14_14_25_fold_0_model_best.pth.tar')
2021-05-20 20:13:17,355 INFO      ('epochs', '20')
2021-05-20 20:13:17,355 INFO      ('start_epoch', '0')
2021-05-20 20:13:17,355 INFO      ('train_batch', '6')
2021-05-20 20:13:17,355 INFO      ('test_batch', '6')
2021-05-20 20:13:17,355 INFO      ('mwd_batch', '18')
2021-05-20 20:13:17,355 INFO      ('lr', '1e-05')
2021-05-20 20:13:17,355 INFO      ('drop', '0')
2021-05-20 20:13:17,355 INFO      ('schedule', '[5, 10, 15, 20, 25, 30, 35, 40, 45]')
2021-05-20 20:13:17,355 INFO      ('gamma', '0.9')
2021-05-20 20:13:17,355 INFO      ('momentum', '0.8')
2021-05-20 20:13:17,355 INFO      ('weight_decay', '0.0005')
2021-05-20 20:13:17,355 INFO      ('weight_domain', '0.2')
2021-05-20 20:13:17,355 INFO      ('weight_my_data', '0.8')
2021-05-20 20:13:17,355 INFO      ('weight_mwd', '0.2')
2021-05-20 20:13:17,355 INFO      ('checkpoint', 'checkpoints/my_data_v6_resnet18_tripletloss_transfer_480_maml_5classes')
2021-05-20 20:13:17,355 INFO      ('resume', '')
2021-05-20 20:13:17,355 INFO      ('arch', 'resnet18')
2021-05-20 20:13:17,355 INFO      ('manualSeed', '9151')
2021-05-20 20:13:52,238 INFO      ----------configuration**********
2021-05-20 20:13:52,238 INFO      ('dataset', 'my_data')
2021-05-20 20:13:52,238 INFO      ('train_path', 'G:\\vscode_workspace\\Weather_Recognition\\data_v6_new\\train2\\')
2021-05-20 20:13:52,238 INFO      ('test_path', 'G:\\vscode_workspace\\Weather_Recognition\\val_imgs_3\\')
2021-05-20 20:13:52,238 INFO      ('train2_path', 'G:\\vscode_workspace\\Weather_Recognition\\data2\\train\\')
2021-05-20 20:13:52,238 INFO      ('imagesize', '224')
2021-05-20 20:13:52,238 INFO      ('pretrained_path', 'G:\\vscode_workspace\\Weather_Recognition\\checkpoints\\mwd_resnet18\\04_14_14_25_fold_0_model_best.pth.tar')
2021-05-20 20:13:52,238 INFO      ('epochs', '20')
2021-05-20 20:13:52,238 INFO      ('start_epoch', '0')
2021-05-20 20:13:52,238 INFO      ('train_batch', '4')
2021-05-20 20:13:52,238 INFO      ('test_batch', '4')
2021-05-20 20:13:52,239 INFO      ('mwd_batch', '12')
2021-05-20 20:13:52,239 INFO      ('lr', '1e-05')
2021-05-20 20:13:52,239 INFO      ('drop', '0')
2021-05-20 20:13:52,239 INFO      ('schedule', '[5, 10, 15, 20, 25, 30, 35, 40, 45]')
2021-05-20 20:13:52,239 INFO      ('gamma', '0.9')
2021-05-20 20:13:52,239 INFO      ('momentum', '0.8')
2021-05-20 20:13:52,239 INFO      ('weight_decay', '0.0005')
2021-05-20 20:13:52,239 INFO      ('weight_domain', '0.2')
2021-05-20 20:13:52,239 INFO      ('weight_my_data', '0.8')
2021-05-20 20:13:52,239 INFO      ('weight_mwd', '0.2')
2021-05-20 20:13:52,239 INFO      ('checkpoint', 'checkpoints/my_data_v6_resnet18_tripletloss_transfer_480_maml_5classes')
2021-05-20 20:13:52,239 INFO      ('resume', '')
2021-05-20 20:13:52,239 INFO      ('arch', 'resnet18')
2021-05-20 20:13:52,239 INFO      ('manualSeed', '5318')
2021-05-20 20:14:45,804 INFO      epoch: 1, train_acc: 0.00, test_acc: 60.57
2021-05-20 20:20:14,100 INFO      ----------configuration**********
2021-05-20 20:20:14,100 INFO      ('dataset', 'my_data')
2021-05-20 20:20:14,100 INFO      ('train_path', 'G:\\vscode_workspace\\Weather_Recognition\\data_v6_new\\train2\\')
2021-05-20 20:20:14,100 INFO      ('test_path', 'G:\\vscode_workspace\\Weather_Recognition\\val_imgs_3\\')
2021-05-20 20:20:14,101 INFO      ('train2_path', 'G:\\vscode_workspace\\Weather_Recognition\\data2\\train\\')
2021-05-20 20:20:14,101 INFO      ('imagesize', '224')
2021-05-20 20:20:14,101 INFO      ('pretrained_path', 'G:\\vscode_workspace\\Weather_Recognition\\checkpoints\\mwd_resnet18\\04_14_14_25_fold_0_model_best.pth.tar')
2021-05-20 20:20:14,101 INFO      ('epochs', '20')
2021-05-20 20:20:14,101 INFO      ('start_epoch', '0')
2021-05-20 20:20:14,101 INFO      ('train_batch', '4')
2021-05-20 20:20:14,101 INFO      ('test_batch', '4')
2021-05-20 20:20:14,101 INFO      ('mwd_batch', '12')
2021-05-20 20:20:14,101 INFO      ('lr', '1e-05')
2021-05-20 20:20:14,101 INFO      ('drop', '0')
2021-05-20 20:20:14,101 INFO      ('schedule', '[5, 10, 15, 20, 25, 30, 35, 40, 45]')
2021-05-20 20:20:14,101 INFO      ('gamma', '0.9')
2021-05-20 20:20:14,101 INFO      ('momentum', '0.8')
2021-05-20 20:20:14,101 INFO      ('weight_decay', '0.0005')
2021-05-20 20:20:14,101 INFO      ('weight_domain', '0.2')
2021-05-20 20:20:14,101 INFO      ('weight_my_data', '0.8')
2021-05-20 20:20:14,101 INFO      ('weight_mwd', '0.2')
2021-05-20 20:20:14,101 INFO      ('checkpoint', 'checkpoints/my_data_v6_resnet18_tripletloss_transfer_480_maml_5classes')
2021-05-20 20:20:14,101 INFO      ('resume', '')
2021-05-20 20:20:14,102 INFO      ('arch', 'resnet18')
2021-05-20 20:20:14,102 INFO      ('manualSeed', '5691')
2021-05-20 20:21:34,638 INFO      ----------configuration**********
2021-05-20 20:21:34,638 INFO      ('dataset', 'my_data')
2021-05-20 20:21:34,638 INFO      ('train_path', 'G:\\vscode_workspace\\Weather_Recognition\\data_v6_new\\train2\\')
2021-05-20 20:21:34,639 INFO      ('test_path', 'G:\\vscode_workspace\\Weather_Recognition\\val_imgs_3\\')
2021-05-20 20:21:34,639 INFO      ('train2_path', 'G:\\vscode_workspace\\Weather_Recognition\\data2\\train\\')
2021-05-20 20:21:34,639 INFO      ('imagesize', '224')
2021-05-20 20:21:34,639 INFO      ('pretrained_path', 'G:\\vscode_workspace\\Weather_Recognition\\checkpoints\\mwd_resnet18\\04_14_14_25_fold_0_model_best.pth.tar')
2021-05-20 20:21:34,639 INFO      ('epochs', '20')
2021-05-20 20:21:34,639 INFO      ('start_epoch', '0')
2021-05-20 20:21:34,639 INFO      ('train_batch', '4')
2021-05-20 20:21:34,639 INFO      ('test_batch', '4')
2021-05-20 20:21:34,639 INFO      ('mwd_batch', '12')
2021-05-20 20:21:34,639 INFO      ('lr', '1e-05')
2021-05-20 20:21:34,639 INFO      ('drop', '0')
2021-05-20 20:21:34,639 INFO      ('schedule', '[5, 10, 15, 20, 25, 30, 35, 40, 45]')
2021-05-20 20:21:34,639 INFO      ('gamma', '0.9')
2021-05-20 20:21:34,639 INFO      ('momentum', '0.8')
2021-05-20 20:21:34,639 INFO      ('weight_decay', '0.0005')
2021-05-20 20:21:34,639 INFO      ('weight_domain', '0.2')
2021-05-20 20:21:34,639 INFO      ('weight_my_data', '0.8')
2021-05-20 20:21:34,639 INFO      ('weight_mwd', '0.2')
2021-05-20 20:21:34,639 INFO      ('checkpoint', 'checkpoints/my_data_v6_resnet18_tripletloss_transfer_480_maml_5classes')
2021-05-20 20:21:34,639 INFO      ('resume', '')
2021-05-20 20:21:34,639 INFO      ('arch', 'resnet18')
2021-05-20 20:21:34,640 INFO      ('manualSeed', '2493')
2021-05-20 20:25:28,948 INFO      ----------configuration**********
2021-05-20 20:25:28,949 INFO      ('dataset', 'my_data')
2021-05-20 20:25:28,949 INFO      ('train_path', 'G:\\vscode_workspace\\Weather_Recognition\\data_v6_new\\train2\\')
2021-05-20 20:25:28,949 INFO      ('test_path', 'G:\\vscode_workspace\\Weather_Recognition\\val_imgs_3\\')
2021-05-20 20:25:28,949 INFO      ('train2_path', 'G:\\vscode_workspace\\Weather_Recognition\\data2\\train\\')
2021-05-20 20:25:28,949 INFO      ('imagesize', '224')
2021-05-20 20:25:28,949 INFO      ('pretrained_path', 'G:\\vscode_workspace\\Weather_Recognition\\checkpoints\\mwd_resnet18\\04_14_14_25_fold_0_model_best.pth.tar')
2021-05-20 20:25:28,949 INFO      ('epochs', '20')
2021-05-20 20:25:28,949 INFO      ('start_epoch', '0')
2021-05-20 20:25:28,949 INFO      ('train_batch', '12')
2021-05-20 20:25:28,949 INFO      ('test_batch', '12')
2021-05-20 20:25:28,949 INFO      ('mwd_batch', '12')
2021-05-20 20:25:28,949 INFO      ('lr', '1e-05')
2021-05-20 20:25:28,949 INFO      ('drop', '0')
2021-05-20 20:25:28,949 INFO      ('schedule', '[5, 10, 15, 20, 25, 30, 35, 40, 45]')
2021-05-20 20:25:28,949 INFO      ('gamma', '0.9')
2021-05-20 20:25:28,949 INFO      ('momentum', '0.8')
2021-05-20 20:25:28,949 INFO      ('weight_decay', '0.0005')
2021-05-20 20:25:28,949 INFO      ('weight_domain', '0.2')
2021-05-20 20:25:28,950 INFO      ('weight_my_data', '0.8')
2021-05-20 20:25:28,950 INFO      ('weight_mwd', '0.2')
2021-05-20 20:25:28,950 INFO      ('checkpoint', 'checkpoints/my_data_v6_resnet18_tripletloss_transfer_480_maml_5classes')
2021-05-20 20:25:28,950 INFO      ('resume', '')
2021-05-20 20:25:28,950 INFO      ('arch', 'resnet18')
2021-05-20 20:25:28,950 INFO      ('manualSeed', '6786')
2021-05-20 20:51:47,786 INFO      epoch: 1, train_acc: 83.64, test_acc: 74.78
2021-05-20 21:13:27,996 INFO      epoch: 2, train_acc: 95.68, test_acc: 75.65
2021-05-20 21:35:04,256 INFO      epoch: 3, train_acc: 97.47, test_acc: 76.92
