2020-12-29 12:44:23,776 - root - INFO - Read a new frame G9411(莞佛高速)广东东莞虎门大桥广东虎门大桥有限公司K42+016_1: None
2020-12-29 12:44:26,391 - root - INFO - Read a new frame G4(京港澳高速)广东广州京珠南高速广东省路桥建设发展有限公司广韶分公司K2116+800上行[G4(京港澳高速)京珠南段广韶分公司K2116+800]_1: None
2020-12-29 12:44:28,780 - root - INFO - Read a new frame G0421(许广高速)广东清远清连高速广东清连公路发展有限公司K1082+450上行[G0421(许广高速)清连高速K1082+450(沾宝路口)]_1: None
2020-12-29 12:44:31,809 - root - INFO - Read a new frame G1523(甬莞高速)广东潮州潮漳高速广东省南粤交通潮漳高速公路管理中心K1094+780下行(甬莞高速公路)[甬莞高速公路K1094+780]_1: None
2020-12-29 12:44:32,543 - root - INFO - Read a new frame S81(广州环城高速)广东广州北环高速广州北环高速公路有限公司K21+500(广氮服务区)[S81(沈海高速)广州支线广州北环高速  K21+500（1）(北环主线）]_1: None
2020-12-29 12:44:56,933 - root - INFO - Read a new frame G9411(莞佛高速)广东东莞虎门大桥广东虎门大桥有限公司K42+016_2: None
2020-12-29 12:44:58,546 - root - INFO - Read a new frame G4(京港澳高速)广东广州京珠南高速广东省路桥建设发展有限公司广韶分公司K2116+800上行[G4(京港澳高速)京珠南段广韶分公司K2116+800]_2: None
2020-12-29 12:45:00,729 - root - INFO - Read a new frame G0421(许广高速)广东清远清连高速广东清连公路发展有限公司K1082+450上行[G0421(许广高速)清连高速K1082+450(沾宝路口)]_2: None
2020-12-29 12:45:01,546 - root - INFO - Read a new frame G1523(甬莞高速)广东潮州潮漳高速广东省南粤交通潮漳高速公路管理中心K1094+780下行(甬莞高速公路)[甬莞高速公路K1094+780]_2: None
2020-12-29 12:45:02,539 - root - INFO - Read a new frame S81(广州环城高速)广东广州北环高速广州北环高速公路有限公司K21+500(广氮服务区)[S81(沈海高速)广州支线广州北环高速  K21+500（1）(北环主线）]_2: None
2020-12-29 12:48:27,917 - root - INFO - Read a new frame G9411(莞佛高速)广东东莞虎门大桥广东虎门大桥有限公司K42+016_1: None
2020-12-29 12:48:29,306 - root - INFO - Read a new frame G4(京港澳高速)广东广州京珠南高速广东省路桥建设发展有限公司广韶分公司K2116+800上行[G4(京港澳高速)京珠南段广韶分公司K2116+800]_1: None
2020-12-29 12:48:30,752 - root - INFO - Read a new frame G0421(许广高速)广东清远清连高速广东清连公路发展有限公司K1082+450上行[G0421(许广高速)清连高速K1082+450(沾宝路口)]_1: None
2020-12-29 12:51:43,201 - root - INFO - Read a new frame G9411(莞佛高速)广东东莞虎门大桥广东虎门大桥有限公司K42+016_1: None
2020-12-29 12:51:49,162 - root - INFO - Read a new frame G4(京港澳高速)广东广州京珠南高速广东省路桥建设发展有限公司广韶分公司K2116+800上行[G4(京港澳高速)京珠南段广韶分公司K2116+800]_1: None
2020-12-29 12:55:43,696 - root - INFO - Read a new frame 0_1: None
2020-12-29 12:55:45,294 - root - INFO - Read a new frame 1_1: None
2020-12-29 12:55:46,932 - root - INFO - Read a new frame 2_1: None
2020-12-29 12:55:50,256 - root - INFO - Read a new frame 3_1: None
2020-12-29 12:55:51,060 - root - INFO - Read a new frame 4_1: None
2020-12-29 12:56:16,865 - root - INFO - Read a new frame 0_2: None
2020-12-29 12:56:19,242 - root - INFO - Read a new frame 1_2: None
2020-12-29 12:56:20,861 - root - INFO - Read a new frame 2_2: None
2020-12-29 12:56:22,843 - root - INFO - Read a new frame 3_2: None
2020-12-29 12:56:25,181 - root - INFO - Read a new frame 4_2: None
2020-12-29 12:58:34,368 - root - INFO - Read a new frame 0_1: None
2020-12-29 12:58:35,257 - root - INFO - Read a new frame 1_1: None
2020-12-29 12:58:37,284 - root - INFO - Read a new frame 2_1: None
2020-12-29 12:58:40,167 - root - INFO - Read a new frame 3_1: None
2020-12-29 12:58:42,504 - root - INFO - Read a new frame 4_1: None
2020-12-29 13:00:32,675 - root - INFO - Read a new frame 0_1: None
2020-12-29 13:00:34,230 - root - INFO - Read a new frame 1_1: None
2020-12-29 13:00:35,045 - root - INFO - Read a new frame 2_1: None
2020-12-29 13:00:36,392 - root - INFO - Read a new frame 3_1: None
2020-12-29 13:00:39,038 - root - INFO - Read a new frame 4_1: None
2020-12-29 13:00:44,805 - root - INFO - Read a new frame 16_1: None
2020-12-29 13:00:47,295 - root - INFO - Read a new frame 17_1: None
2020-12-29 13:00:48,994 - root - INFO - Read a new frame 18_1: None
2020-12-29 13:00:53,454 - root - INFO - Read a new frame 19_1: None
2020-12-29 13:00:54,932 - root - INFO - Read a new frame 20_1: None
2020-12-29 13:01:00,957 - root - INFO - Read a new frame 34_1: None
2020-12-29 13:02:01,474 - root - INFO - Read a new frame 0_1: None
2020-12-29 13:02:03,252 - root - INFO - Read a new frame 1_1: None
2020-12-29 13:02:04,434 - root - INFO - Read a new frame 2_1: None
2020-12-29 13:02:06,910 - root - INFO - Read a new frame 3_1: None
2020-12-29 13:02:09,050 - root - INFO - Read a new frame 4_1: None
2020-12-29 13:02:13,427 - root - INFO - Read a new frame 16_1: None
2020-12-29 13:02:15,183 - root - INFO - Read a new frame 17_1: None
2020-12-29 13:02:16,424 - root - INFO - Read a new frame 18_1: None
2020-12-29 13:02:19,918 - root - INFO - Read a new frame 19_1: None
2020-12-29 13:02:21,008 - root - INFO - Read a new frame 20_1: None
2020-12-29 13:03:02,594 - root - INFO - Read a new frame 0_1: None
2020-12-29 13:03:04,198 - root - INFO - Read a new frame 1_1: None
2020-12-29 13:03:05,179 - root - INFO - Read a new frame 2_1: None
2020-12-29 13:03:06,767 - root - INFO - Read a new frame 3_1: None
2020-12-29 13:03:08,401 - root - INFO - Read a new frame 4_1: None
2020-12-29 13:07:54,940 - root - INFO - Read a new frame 0_1: None
2020-12-29 13:07:57,856 - root - INFO - Read a new frame 1_1: None
2020-12-29 13:07:59,297 - root - INFO - Read a new frame 2_1: None
2020-12-29 13:08:02,180 - root - INFO - Read a new frame 3_1: None
2020-12-29 13:08:04,606 - root - INFO - Read a new frame 4_1: None
2020-12-29 13:08:07,384 - root - INFO - Read a new frame 5_1: None
2020-12-29 13:08:35,702 - root - INFO - Read a new frame 16_1: None
2020-12-29 13:08:45,899 - root - INFO - Read a new frame 17_1: None
2020-12-29 13:08:50,265 - root - INFO - Read a new frame 18_1: None
2020-12-29 13:08:54,473 - root - INFO - Read a new frame 19_1: None
2020-12-29 13:09:00,282 - root - INFO - Read a new frame 20_1: None
2020-12-29 13:09:01,698 - root - INFO - Read a new frame 21_1: None
2020-12-29 13:09:07,111 - root - INFO - Read a new frame 34_1: None
2020-12-29 13:09:37,916 - root - INFO - Read a new frame 0_2: None
2020-12-29 13:09:40,187 - root - INFO - Read a new frame 1_2: None
2020-12-29 13:09:42,357 - root - INFO - Read a new frame 2_2: None
2020-12-29 13:09:44,781 - root - INFO - Read a new frame 3_2: None
2020-12-29 13:09:46,576 - root - INFO - Read a new frame 4_2: None
2020-12-29 13:09:49,404 - root - INFO - Read a new frame 5_2: None
2020-12-29 13:09:53,768 - root - INFO - Read a new frame 16_2: None
2020-12-29 13:09:54,170 - root - INFO - Read a new frame 17_2: None
2020-12-29 13:09:55,179 - root - INFO - Read a new frame 18_2: None
2020-12-29 13:09:56,303 - root - INFO - Read a new frame 19_2: None
2020-12-29 13:09:58,530 - root - INFO - Read a new frame 20_2: None
2020-12-29 13:09:59,433 - root - INFO - Read a new frame 21_2: None
2020-12-29 13:10:04,585 - root - INFO - Read a new frame 34_2: None
2020-12-29 13:10:33,796 - root - INFO - Read a new frame 0_3: None
2020-12-29 13:10:36,267 - root - INFO - Read a new frame 1_3: None
2020-12-29 13:10:37,348 - root - INFO - Read a new frame 2_3: None
2020-12-29 13:10:39,943 - root - INFO - Read a new frame 3_3: None
2020-12-29 13:10:41,090 - root - INFO - Read a new frame 4_3: None
2020-12-29 13:10:43,385 - root - INFO - Read a new frame 5_3: None
2020-12-29 13:10:47,710 - root - INFO - Read a new frame 16_3: None
2020-12-29 13:10:48,778 - root - INFO - Read a new frame 17_3: None
2020-12-29 13:10:49,275 - root - INFO - Read a new frame 18_3: None
2020-12-29 13:10:51,417 - root - INFO - Read a new frame 19_3: None
2020-12-29 13:10:53,037 - root - INFO - Read a new frame 20_3: None
2020-12-29 13:10:55,322 - root - INFO - Read a new frame 21_3: None
2020-12-29 13:11:01,459 - root - INFO - Read a new frame 34_3: None
2020-12-29 13:11:30,658 - root - INFO - Read a new frame 0_4: None
2020-12-29 13:11:31,200 - root - INFO - Read a new frame 1_4: None
2020-12-29 13:11:33,360 - root - INFO - Read a new frame 2_4: None
2020-12-29 13:11:37,428 - root - INFO - Read a new frame 3_4: None
2020-12-29 13:11:39,084 - root - INFO - Read a new frame 4_4: None
2020-12-29 13:11:40,300 - root - INFO - Read a new frame 5_4: None
2020-12-29 13:11:43,775 - root - INFO - Read a new frame 16_4: None
2020-12-29 13:11:45,096 - root - INFO - Read a new frame 17_4: None
2020-12-29 13:11:47,476 - root - INFO - Read a new frame 18_4: None
2020-12-29 13:11:48,691 - root - INFO - Read a new frame 19_4: None
2020-12-29 13:11:51,053 - root - INFO - Read a new frame 20_4: None
2020-12-29 13:11:52,304 - root - INFO - Read a new frame 21_4: None
2020-12-29 13:11:56,768 - root - INFO - Read a new frame 34_4: None
2020-12-29 13:12:23,791 - root - INFO - Read a new frame 0_5: None
2020-12-29 13:12:25,273 - root - INFO - Read a new frame 1_5: None
2020-12-29 13:12:27,387 - root - INFO - Read a new frame 2_5: None
2020-12-29 13:12:28,508 - root - INFO - Read a new frame 3_5: None
2020-12-29 13:12:29,104 - root - INFO - Read a new frame 4_5: None
2020-12-29 13:12:31,464 - root - INFO - Read a new frame 5_5: None
2020-12-29 13:12:35,541 - root - INFO - Read a new frame 16_5: None
2020-12-29 13:12:37,113 - root - INFO - Read a new frame 17_5: None
2020-12-29 13:12:39,360 - root - INFO - Read a new frame 18_5: None
2020-12-29 13:12:40,590 - root - INFO - Read a new frame 19_5: None
2020-12-29 13:12:43,026 - root - INFO - Read a new frame 20_5: None
2020-12-29 13:12:45,380 - root - INFO - Read a new frame 21_5: None
2020-12-29 13:12:50,022 - root - INFO - Read a new frame 34_5: None
2020-12-29 13:13:17,561 - root - INFO - Read a new frame 0_6: None
2020-12-29 13:13:18,050 - root - INFO - Read a new frame 1_6: None
2020-12-29 13:13:19,568 - root - INFO - Read a new frame 2_6: None
2020-12-29 13:13:22,018 - root - INFO - Read a new frame 3_6: None
2020-12-29 13:13:24,333 - root - INFO - Read a new frame 4_6: None
2020-12-29 13:13:25,354 - root - INFO - Read a new frame 5_6: None
2020-12-29 13:13:29,502 - root - INFO - Read a new frame 16_6: None
2020-12-29 13:13:30,217 - root - INFO - Read a new frame 17_6: None
2020-12-29 13:13:31,307 - root - INFO - Read a new frame 18_6: None
2020-12-29 13:13:32,708 - root - INFO - Read a new frame 19_6: None
2020-12-29 13:13:34,522 - root - INFO - Read a new frame 20_6: None
2020-12-29 13:13:35,224 - root - INFO - Read a new frame 21_6: None
2020-12-29 13:13:41,069 - root - INFO - Read a new frame 34_6: None
2020-12-29 13:14:08,801 - root - INFO - Read a new frame 0_7: None
2020-12-29 13:14:10,162 - root - INFO - Read a new frame 1_7: None
2020-12-29 13:14:11,228 - root - INFO - Read a new frame 2_7: None
2020-12-29 13:14:14,422 - root - INFO - Read a new frame 3_7: None
2020-12-29 13:14:16,475 - root - INFO - Read a new frame 4_7: None
2020-12-29 13:14:17,411 - root - INFO - Read a new frame 5_7: None
2020-12-29 13:14:20,860 - root - INFO - Read a new frame 16_7: None
2020-12-29 13:14:21,110 - root - INFO - Read a new frame 17_7: None
2020-12-29 13:14:23,387 - root - INFO - Read a new frame 18_7: None
2020-12-29 13:14:26,298 - root - INFO - Read a new frame 19_7: None
2020-12-29 13:14:28,532 - root - INFO - Read a new frame 20_7: None
2020-12-29 13:14:29,324 - root - INFO - Read a new frame 21_7: None
2020-12-29 13:14:33,924 - root - INFO - Read a new frame 34_7: None
2020-12-29 13:15:03,825 - root - INFO - Read a new frame 0_8: None
2020-12-29 13:15:05,048 - root - INFO - Read a new frame 1_8: None
2020-12-29 13:15:07,520 - root - INFO - Read a new frame 2_8: None
2020-12-29 13:15:09,588 - root - INFO - Read a new frame 3_8: None
2020-12-29 13:15:10,399 - root - INFO - Read a new frame 4_8: None
2020-12-29 13:15:11,337 - root - INFO - Read a new frame 5_8: None
2020-12-29 13:15:15,773 - root - INFO - Read a new frame 16_8: None
2020-12-29 13:15:17,235 - root - INFO - Read a new frame 17_8: None
2020-12-29 13:15:19,670 - root - INFO - Read a new frame 18_8: None
2020-12-29 13:15:22,850 - root - INFO - Read a new frame 19_8: None
2020-12-29 13:15:24,327 - root - INFO - Read a new frame 20_8: None
2020-12-29 13:15:25,230 - root - INFO - Read a new frame 21_8: None
2020-12-29 13:15:31,168 - root - INFO - Read a new frame 34_8: None
2020-12-29 13:15:58,499 - root - INFO - Read a new frame 0_9: None
2020-12-29 13:16:00,183 - root - INFO - Read a new frame 1_9: None
2020-12-29 13:16:01,306 - root - INFO - Read a new frame 2_9: None
2020-12-29 13:16:02,847 - root - INFO - Read a new frame 3_9: None
2020-12-29 13:16:04,883 - root - INFO - Read a new frame 4_9: None
2020-12-29 13:16:06,160 - root - INFO - Read a new frame 5_9: None
2020-12-29 13:16:10,469 - root - INFO - Read a new frame 16_9: None
2020-12-29 13:16:12,278 - root - INFO - Read a new frame 17_9: None
2020-12-29 13:16:13,307 - root - INFO - Read a new frame 18_9: None
2020-12-29 13:16:18,506 - root - INFO - Read a new frame 19_9: None
2020-12-29 13:16:19,017 - root - INFO - Read a new frame 20_9: None
2020-12-29 13:16:20,109 - root - INFO - Read a new frame 21_9: None
2020-12-29 13:16:26,285 - root - INFO - Read a new frame 34_9: None
2020-12-29 13:16:53,735 - root - INFO - Read a new frame 0_10: None
2020-12-29 13:16:56,194 - root - INFO - Read a new frame 1_10: None
2020-12-29 13:16:57,529 - root - INFO - Read a new frame 2_10: None
2020-12-29 13:16:59,549 - root - INFO - Read a new frame 3_10: None
2020-12-29 13:17:01,010 - root - INFO - Read a new frame 4_10: None
2020-12-29 13:17:02,235 - root - INFO - Read a new frame 5_10: None
2020-12-29 13:17:05,734 - root - INFO - Read a new frame 16_10: None
2020-12-29 13:17:08,109 - root - INFO - Read a new frame 17_10: None
2020-12-29 13:17:09,691 - root - INFO - Read a new frame 18_10: None
2020-12-29 13:17:10,603 - root - INFO - Read a new frame 19_10: None
2020-12-29 13:17:12,951 - root - INFO - Read a new frame 20_10: None
2020-12-29 13:17:14,279 - root - INFO - Read a new frame 21_10: None
2020-12-29 13:17:19,328 - root - INFO - Read a new frame 34_10: None
2020-12-29 13:17:47,893 - root - INFO - Read a new frame 0_11: None
2020-12-29 13:17:49,126 - root - INFO - Read a new frame 1_11: None
2020-12-29 13:17:51,418 - root - INFO - Read a new frame 2_11: None
2020-12-29 13:17:53,627 - root - INFO - Read a new frame 3_11: None
2020-12-29 13:17:56,859 - root - INFO - Read a new frame 4_11: None
2020-12-29 13:17:59,102 - root - INFO - Read a new frame 5_11: None
2020-12-29 13:18:03,738 - root - INFO - Read a new frame 16_11: None
2020-12-29 13:18:05,278 - root - INFO - Read a new frame 17_11: None
2020-12-29 13:18:07,315 - root - INFO - Read a new frame 18_11: None
2020-12-29 13:18:10,327 - root - INFO - Read a new frame 19_11: None
2020-12-29 13:18:12,486 - root - INFO - Read a new frame 20_11: None
2020-12-29 13:18:13,208 - root - INFO - Read a new frame 21_11: None
2020-12-29 13:18:18,597 - root - INFO - Read a new frame 34_11: None
2020-12-29 13:18:48,698 - root - INFO - Read a new frame 0_12: None
2020-12-29 13:18:51,248 - root - INFO - Read a new frame 1_12: None
2020-12-29 13:18:52,339 - root - INFO - Read a new frame 2_12: None
2020-12-29 13:18:54,098 - root - INFO - Read a new frame 3_12: None
2020-12-29 13:18:56,412 - root - INFO - Read a new frame 4_12: None
2020-12-29 13:18:57,330 - root - INFO - Read a new frame 5_12: None
2020-12-29 13:19:02,606 - root - INFO - Read a new frame 16_12: None
2020-12-29 13:19:03,196 - root - INFO - Read a new frame 17_12: None
2020-12-29 13:19:04,309 - root - INFO - Read a new frame 18_12: None
2020-12-29 13:19:05,341 - root - INFO - Read a new frame 19_12: None
2020-12-29 13:19:06,441 - root - INFO - Read a new frame 20_12: None
2020-12-29 13:19:07,308 - root - INFO - Read a new frame 21_12: None
2020-12-29 13:19:11,689 - root - INFO - Read a new frame 34_12: None
2020-12-29 13:19:39,834 - root - INFO - Read a new frame 0_13: None
2020-12-29 13:19:42,263 - root - INFO - Read a new frame 1_13: None
2020-12-29 13:19:43,030 - root - INFO - Read a new frame 2_13: None
2020-12-29 13:19:44,070 - root - INFO - Read a new frame 3_13: None
2020-12-29 13:19:46,443 - root - INFO - Read a new frame 4_13: None
2020-12-29 13:19:47,491 - root - INFO - Read a new frame 5_13: None
2020-12-29 13:19:51,801 - root - INFO - Read a new frame 16_13: None
2020-12-29 13:19:54,207 - root - INFO - Read a new frame 17_13: None
2020-12-29 13:19:55,945 - root - INFO - Read a new frame 18_13: None
2020-12-29 13:19:57,512 - root - INFO - Read a new frame 19_13: None
2020-12-29 13:19:58,555 - root - INFO - Read a new frame 20_13: None
2020-12-29 13:19:59,273 - root - INFO - Read a new frame 21_13: None
2020-12-29 13:20:04,891 - root - INFO - Read a new frame 34_13: None
2020-12-29 13:20:33,995 - root - INFO - Read a new frame 0_14: None
2020-12-29 13:20:35,986 - root - INFO - Read a new frame 1_14: None
2020-12-29 13:20:37,090 - root - INFO - Read a new frame 2_14: None
2020-12-29 13:20:40,373 - root - INFO - Read a new frame 3_14: None
2020-12-29 13:20:42,492 - root - INFO - Read a new frame 4_14: None
2020-12-29 13:20:43,542 - root - INFO - Read a new frame 5_14: None
2020-12-29 13:20:47,922 - root - INFO - Read a new frame 16_14: None
2020-12-29 13:20:49,147 - root - INFO - Read a new frame 17_14: None
2020-12-29 13:20:51,031 - root - INFO - Read a new frame 18_14: None
2020-12-29 13:20:52,648 - root - INFO - Read a new frame 19_14: None
2020-12-29 13:20:54,458 - root - INFO - Read a new frame 20_14: None
2020-12-29 13:20:55,300 - root - INFO - Read a new frame 21_14: None
2020-12-29 13:21:00,117 - root - INFO - Read a new frame 34_14: None
2020-12-29 13:21:29,831 - root - INFO - Read a new frame 0_15: None
2020-12-29 13:21:31,191 - root - INFO - Read a new frame 1_15: None
2020-12-29 13:21:33,116 - root - INFO - Read a new frame 2_15: None
2020-12-29 13:21:35,600 - root - INFO - Read a new frame 3_15: None
2020-12-29 13:21:36,977 - root - INFO - Read a new frame 4_15: None
2020-12-29 13:21:39,260 - root - INFO - Read a new frame 5_15: None
2020-12-29 13:21:43,784 - root - INFO - Read a new frame 16_15: None
2020-12-29 13:21:45,141 - root - INFO - Read a new frame 17_15: None
2020-12-29 13:21:45,689 - root - INFO - Read a new frame 18_15: None
2020-12-29 13:21:49,520 - root - INFO - Read a new frame 19_15: None
2020-12-29 13:21:50,883 - root - INFO - Read a new frame 20_15: None
2020-12-29 13:21:53,184 - root - INFO - Read a new frame 21_15: None
2020-12-29 13:21:59,281 - root - INFO - Read a new frame 34_15: None
2020-12-29 13:22:29,859 - root - INFO - Read a new frame 0_16: None
2020-12-29 13:22:32,210 - root - INFO - Read a new frame 1_16: None
2020-12-29 13:22:34,415 - root - INFO - Read a new frame 2_16: None
2020-12-29 13:22:38,747 - root - INFO - Read a new frame 3_16: None
2020-12-29 13:22:41,533 - root - INFO - Read a new frame 4_16: None
2020-12-29 13:22:43,258 - root - INFO - Read a new frame 5_16: None
2020-12-29 13:22:47,311 - root - INFO - Read a new frame 16_16: None
2020-12-29 13:22:48,091 - root - INFO - Read a new frame 17_16: None
2020-12-29 13:22:49,924 - root - INFO - Read a new frame 18_16: None
2020-12-29 13:22:53,011 - root - INFO - Read a new frame 19_16: None
2020-12-29 13:22:55,003 - root - INFO - Read a new frame 20_16: None
2020-12-29 13:22:57,145 - root - INFO - Read a new frame 21_16: None
2020-12-29 13:23:02,773 - root - INFO - Read a new frame 34_16: None
2020-12-29 13:23:33,239 - root - INFO - Read a new frame 0_17: None
2020-12-29 13:23:34,246 - root - INFO - Read a new frame 1_17: None
2020-12-29 13:23:35,823 - root - INFO - Read a new frame 2_17: None
2020-12-29 13:23:38,377 - root - INFO - Read a new frame 3_17: None
2020-12-29 13:23:40,458 - root - INFO - Read a new frame 4_17: None
2020-12-29 13:23:43,233 - root - INFO - Read a new frame 5_17: None
2020-12-29 13:23:47,714 - root - INFO - Read a new frame 16_17: None
2020-12-29 13:23:48,138 - root - INFO - Read a new frame 17_17: None
2020-12-29 13:23:49,472 - root - INFO - Read a new frame 18_17: None
2020-12-29 13:23:50,489 - root - INFO - Read a new frame 19_17: None
2020-12-29 13:23:52,427 - root - INFO - Read a new frame 20_17: None
2020-12-29 13:23:53,234 - root - INFO - Read a new frame 21_17: None
2020-12-29 13:23:57,590 - root - INFO - Read a new frame 34_17: None
2020-12-29 13:24:25,757 - root - INFO - Read a new frame 0_18: None
2020-12-29 13:24:27,084 - root - INFO - Read a new frame 1_18: None
2020-12-29 13:24:29,740 - root - INFO - Read a new frame 2_18: None
2020-12-29 13:24:33,369 - root - INFO - Read a new frame 3_18: None
2020-12-29 13:24:34,511 - root - INFO - Read a new frame 4_18: None
2020-12-29 13:24:37,272 - root - INFO - Read a new frame 5_18: None
2020-12-29 13:24:43,629 - root - INFO - Read a new frame 16_18: None
2020-12-29 13:24:45,120 - root - INFO - Read a new frame 17_18: None
2020-12-29 13:24:47,512 - root - INFO - Read a new frame 18_18: None
2020-12-29 13:24:49,541 - root - INFO - Read a new frame 19_18: None
2020-12-29 13:24:50,473 - root - INFO - Read a new frame 20_18: None
2020-12-29 13:24:51,371 - root - INFO - Read a new frame 21_18: None
2020-12-29 13:24:56,915 - root - INFO - Read a new frame 34_18: None
2020-12-29 13:25:24,779 - root - INFO - Read a new frame 0_19: None
2020-12-29 13:25:27,086 - root - INFO - Read a new frame 1_19: None
2020-12-29 13:25:28,234 - root - INFO - Read a new frame 2_19: None
2020-12-29 13:25:29,842 - root - INFO - Read a new frame 3_19: None
2020-12-29 13:25:30,469 - root - INFO - Read a new frame 4_19: None
2020-12-29 13:25:33,341 - root - INFO - Read a new frame 5_19: None
2020-12-29 13:25:38,716 - root - INFO - Read a new frame 16_19: None
2020-12-29 13:25:40,173 - root - INFO - Read a new frame 17_19: None
2020-12-29 13:25:41,745 - root - INFO - Read a new frame 18_19: None
2020-12-29 13:25:42,428 - root - INFO - Read a new frame 19_19: None
2020-12-29 13:25:44,412 - root - INFO - Read a new frame 20_19: None
2020-12-29 13:25:45,280 - root - INFO - Read a new frame 21_19: None
2020-12-29 13:25:49,927 - root - INFO - Read a new frame 34_19: None
2020-12-29 13:26:19,656 - root - INFO - Read a new frame 0_20: None
2020-12-29 13:26:22,277 - root - INFO - Read a new frame 1_20: None
2020-12-29 13:26:23,706 - root - INFO - Read a new frame 2_20: None
2020-12-29 13:26:25,113 - root - INFO - Read a new frame 3_20: None
2020-12-29 13:26:26,530 - root - INFO - Read a new frame 4_20: None
2020-12-29 13:26:29,352 - root - INFO - Read a new frame 5_20: None
2020-12-29 13:26:33,576 - root - INFO - Read a new frame 16_20: None
2020-12-29 13:26:34,209 - root - INFO - Read a new frame 17_20: None
2020-12-29 13:26:35,691 - root - INFO - Read a new frame 18_20: None
2020-12-29 13:26:36,715 - root - INFO - Read a new frame 19_20: None
2020-12-29 13:26:38,487 - root - INFO - Read a new frame 20_20: None
2020-12-29 13:26:39,350 - root - INFO - Read a new frame 21_20: None
2020-12-29 13:26:45,254 - root - INFO - Read a new frame 34_20: None
2020-12-29 13:27:12,764 - root - INFO - Read a new frame 0_21: None
2020-12-29 13:27:14,250 - root - INFO - Read a new frame 1_21: None
2020-12-29 13:27:15,035 - root - INFO - Read a new frame 2_21: None
2020-12-29 13:27:16,428 - root - INFO - Read a new frame 3_21: None
2020-12-29 13:27:18,848 - root - INFO - Read a new frame 4_21: None
2020-12-29 13:27:21,322 - root - INFO - Read a new frame 5_21: None
2020-12-29 13:27:26,692 - root - INFO - Read a new frame 16_21: None
2020-12-29 13:27:29,220 - root - INFO - Read a new frame 17_21: None
2020-12-29 13:27:30,923 - root - INFO - Read a new frame 18_21: None
2020-12-29 13:27:32,211 - root - INFO - Read a new frame 19_21: None
2020-12-29 13:27:32,804 - root - INFO - Read a new frame 20_21: None
2020-12-29 13:27:33,280 - root - INFO - Read a new frame 21_21: None
2020-12-29 13:27:38,505 - root - INFO - Read a new frame 34_21: None
2020-12-29 13:28:06,890 - root - INFO - Read a new frame 0_22: None
2020-12-29 13:28:09,172 - root - INFO - Read a new frame 1_22: None
2020-12-29 13:28:11,861 - root - INFO - Read a new frame 2_22: None
2020-12-29 13:28:13,265 - root - INFO - Read a new frame 3_22: None
2020-12-29 13:28:14,465 - root - INFO - Read a new frame 4_22: None
2020-12-29 13:28:17,211 - root - INFO - Read a new frame 5_22: None
2020-12-29 13:28:21,572 - root - INFO - Read a new frame 16_22: None
2020-12-29 13:28:23,050 - root - INFO - Read a new frame 17_22: None
2020-12-29 13:28:23,609 - root - INFO - Read a new frame 18_22: None
2020-12-29 13:28:26,100 - root - INFO - Read a new frame 19_22: None
2020-12-29 13:28:28,421 - root - INFO - Read a new frame 20_22: None
2020-12-29 13:28:29,167 - root - INFO - Read a new frame 21_22: None
2020-12-29 13:28:33,386 - root - INFO - Read a new frame 34_22: None
2020-12-29 13:29:01,612 - root - INFO - Read a new frame 0_23: None
2020-12-29 13:29:02,225 - root - INFO - Read a new frame 1_23: None
2020-12-29 13:29:04,528 - root - INFO - Read a new frame 2_23: None
2020-12-29 13:29:05,755 - root - INFO - Read a new frame 3_23: None
2020-12-29 13:29:08,425 - root - INFO - Read a new frame 4_23: None
2020-12-29 13:29:11,353 - root - INFO - Read a new frame 5_23: None
2020-12-29 13:29:15,484 - root - INFO - Read a new frame 16_23: None
2020-12-29 13:29:16,019 - root - INFO - Read a new frame 17_23: None
2020-12-29 13:29:18,325 - root - INFO - Read a new frame 18_23: None
2020-12-29 13:29:22,257 - root - INFO - Read a new frame 19_23: None
2020-12-29 13:29:24,357 - root - INFO - Read a new frame 20_23: None
2020-12-29 13:29:25,233 - root - INFO - Read a new frame 21_23: None
2020-12-29 13:29:30,863 - root - INFO - Read a new frame 34_23: None
2020-12-29 13:30:00,006 - root - INFO - Read a new frame 0_24: None
2020-12-29 13:30:02,681 - root - INFO - Read a new frame 1_24: None
2020-12-29 13:30:03,724 - root - INFO - Read a new frame 2_24: None
2020-12-29 13:30:06,340 - root - INFO - Read a new frame 3_24: None
2020-12-29 13:30:08,703 - root - INFO - Read a new frame 4_24: None
2020-12-29 13:30:11,291 - root - INFO - Read a new frame 5_24: None
2020-12-29 13:30:15,900 - root - INFO - Read a new frame 16_24: None
2020-12-29 13:30:18,193 - root - INFO - Read a new frame 17_24: None
2020-12-29 13:30:19,565 - root - INFO - Read a new frame 18_24: None
2020-12-29 13:30:20,754 - root - INFO - Read a new frame 19_24: None
2020-12-29 13:30:22,540 - root - INFO - Read a new frame 20_24: None
2020-12-29 13:30:23,296 - root - INFO - Read a new frame 21_24: None
2020-12-29 13:30:29,861 - root - INFO - Read a new frame 34_24: None
2020-12-29 13:30:59,666 - root - INFO - Read a new frame 0_25: None
2020-12-29 13:31:01,275 - root - INFO - Read a new frame 1_25: None
2020-12-29 13:31:03,871 - root - INFO - Read a new frame 2_25: None
2020-12-29 13:31:07,450 - root - INFO - Read a new frame 3_25: None
2020-12-29 13:31:08,508 - root - INFO - Read a new frame 4_25: None
2020-12-29 13:31:10,297 - root - INFO - Read a new frame 5_25: None
2020-12-29 13:31:13,564 - root - INFO - Read a new frame 16_25: None
2020-12-29 13:31:15,099 - root - INFO - Read a new frame 17_25: None
2020-12-29 13:31:17,330 - root - INFO - Read a new frame 18_25: None
2020-12-29 13:31:17,968 - root - INFO - Read a new frame 19_25: None
2020-12-29 13:31:20,400 - root - INFO - Read a new frame 20_25: None
2020-12-29 13:31:22,299 - root - INFO - Read a new frame 21_25: None
2020-12-29 13:31:27,020 - root - INFO - Read a new frame 34_25: None
2020-12-29 13:31:55,698 - root - INFO - Read a new frame 0_26: None
2020-12-29 13:31:57,147 - root - INFO - Read a new frame 1_26: None
2020-12-29 13:31:59,976 - root - INFO - Read a new frame 2_26: None
2020-12-29 13:32:02,023 - root - INFO - Read a new frame 3_26: None
2020-12-29 13:32:04,490 - root - INFO - Read a new frame 4_26: None
2020-12-29 13:32:05,419 - root - INFO - Read a new frame 5_26: None
2020-12-29 13:32:09,652 - root - INFO - Read a new frame 16_26: None
2020-12-29 13:32:12,077 - root - INFO - Read a new frame 17_26: None
2020-12-29 13:32:14,301 - root - INFO - Read a new frame 18_26: None
2020-12-29 13:32:15,134 - root - INFO - Read a new frame 19_26: None
2020-12-29 13:32:16,428 - root - INFO - Read a new frame 20_26: None
2020-12-29 13:32:17,200 - root - INFO - Read a new frame 21_26: None
2020-12-29 13:32:22,300 - root - INFO - Read a new frame 34_26: None
2020-12-29 13:32:51,788 - root - INFO - Read a new frame 0_27: None
2020-12-29 13:32:54,195 - root - INFO - Read a new frame 1_27: None
2020-12-29 13:32:56,319 - root - INFO - Read a new frame 2_27: None
2020-12-29 13:32:58,382 - root - INFO - Read a new frame 3_27: None
2020-12-29 13:32:59,008 - root - INFO - Read a new frame 4_27: None
2020-12-29 13:33:01,256 - root - INFO - Read a new frame 5_27: None
2020-12-29 13:33:05,718 - root - INFO - Read a new frame 16_27: None
2020-12-29 13:33:08,121 - root - INFO - Read a new frame 17_27: None
2020-12-29 13:33:10,250 - root - INFO - Read a new frame 18_27: None
2020-12-29 13:33:11,103 - root - INFO - Read a new frame 19_27: None
2020-12-29 13:33:12,296 - root - INFO - Read a new frame 20_27: None
2020-12-29 13:33:13,218 - root - INFO - Read a new frame 21_27: None
2020-12-29 13:33:19,339 - root - INFO - Read a new frame 34_27: None
2020-12-29 13:33:49,857 - root - INFO - Read a new frame 0_28: None
2020-12-29 13:33:51,220 - root - INFO - Read a new frame 1_28: None
2020-12-29 13:33:51,882 - root - INFO - Read a new frame 2_28: None
2020-12-29 13:33:55,248 - root - INFO - Read a new frame 3_28: None
2020-12-29 13:33:56,391 - root - INFO - Read a new frame 4_28: None
2020-12-29 13:33:57,472 - root - INFO - Read a new frame 5_28: None
2020-12-29 13:34:01,814 - root - INFO - Read a new frame 16_28: None
2020-12-29 13:34:03,217 - root - INFO - Read a new frame 17_28: None
2020-12-29 13:34:03,813 - root - INFO - Read a new frame 18_28: None
2020-12-29 13:34:07,009 - root - INFO - Read a new frame 19_28: None
2020-12-29 13:34:08,347 - root - INFO - Read a new frame 20_28: None
2020-12-29 13:34:09,150 - root - INFO - Read a new frame 21_28: None
2020-12-29 13:34:14,610 - root - INFO - Read a new frame 34_28: None
2020-12-29 13:34:43,810 - root - INFO - Read a new frame 0_29: None
2020-12-29 13:34:45,169 - root - INFO - Read a new frame 1_29: None
2020-12-29 13:34:46,213 - root - INFO - Read a new frame 2_29: None
2020-12-29 13:34:50,443 - root - INFO - Read a new frame 3_29: None
2020-12-29 13:34:52,487 - root - INFO - Read a new frame 4_29: None
2020-12-29 13:34:55,209 - root - INFO - Read a new frame 5_29: None
2020-12-29 13:34:59,545 - root - INFO - Read a new frame 16_29: None
2020-12-29 13:35:01,051 - root - INFO - Read a new frame 17_29: None
2020-12-29 13:35:02,061 - root - INFO - Read a new frame 18_29: None
2020-12-29 13:35:03,928 - root - INFO - Read a new frame 19_29: None
2020-12-29 13:35:04,429 - root - INFO - Read a new frame 20_29: None
2020-12-29 13:35:05,199 - root - INFO - Read a new frame 21_29: None
2020-12-29 13:35:11,619 - root - INFO - Read a new frame 34_29: None
2020-12-29 13:35:41,667 - root - INFO - Read a new frame 0_30: None
2020-12-29 13:35:44,155 - root - INFO - Read a new frame 1_30: None
2020-12-29 13:35:45,854 - root - INFO - Read a new frame 2_30: None
2020-12-29 13:35:50,706 - root - INFO - Read a new frame 3_30: None
2020-12-29 13:35:52,532 - root - INFO - Read a new frame 4_30: None
2020-12-29 13:35:53,750 - root - INFO - Read a new frame 5_30: None
2020-12-29 13:35:59,757 - root - INFO - Read a new frame 16_30: None
2020-12-29 13:36:00,050 - root - INFO - Read a new frame 17_30: None
2020-12-29 13:36:01,803 - root - INFO - Read a new frame 18_30: None
2020-12-29 13:36:04,774 - root - INFO - Read a new frame 19_30: None
2020-12-29 13:36:06,391 - root - INFO - Read a new frame 20_30: None
2020-12-29 13:36:08,271 - root - INFO - Read a new frame 21_30: None
2020-12-29 13:36:13,131 - root - INFO - Read a new frame 34_30: None
