2021-01-27 10:28:37,531 INFO      ----------configuration**********
2021-01-27 10:28:37,531 INFO      ('dataset', 'my_data')
2021-01-27 10:28:37,531 INFO      ('train_path', 'G:\\vscode_workspace\\Weather_Recognition\\data_split_v5\\train\\')
2021-01-27 10:28:37,531 INFO      ('test_path', 'G:\\vscode_workspace\\Weather_Recognition\\data_split_v5\\test\\')
2021-01-27 10:28:37,531 INFO      ('imagesize', '224')
2021-01-27 10:28:37,531 INFO      ('epochs', '100')
2021-01-27 10:28:37,531 INFO      ('start_epoch', '0')
2021-01-27 10:28:37,532 INFO      ('train_batch', '8')
2021-01-27 10:28:37,532 INFO      ('test_batch', '8')
2021-01-27 10:28:37,532 INFO      ('lr', '0.001')
2021-01-27 10:28:37,532 INFO      ('drop', '0')
2021-01-27 10:28:37,532 INFO      ('schedule', '[5, 10, 15]')
2021-01-27 10:28:37,532 INFO      ('gamma', '0.8')
2021-01-27 10:28:37,532 INFO      ('momentum', '0.8')
2021-01-27 10:28:37,532 INFO      ('weight_decay', '0.001')
2021-01-27 10:28:37,532 INFO      ('checkpoint', 'checkpoints/my_data_v5_resnet18')
2021-01-27 10:28:37,532 INFO      ('resume', '')
2021-01-27 10:28:37,532 INFO      ('arch', 'resnet18')
2021-01-27 10:28:37,532 INFO      ('manualSeed', '3802')
2021-01-27 10:44:06,251 INFO      ----------configuration**********
2021-01-27 10:44:06,251 INFO      ('dataset', 'my_data')
2021-01-27 10:44:06,251 INFO      ('train_path', 'G:\\vscode_workspace\\Weather_Recognition\\data_split_v5\\train\\')
2021-01-27 10:44:06,251 INFO      ('test_path', 'G:\\vscode_workspace\\Weather_Recognition\\data_split_v5\\test\\')
2021-01-27 10:44:06,251 INFO      ('imagesize', '224')
2021-01-27 10:44:06,251 INFO      ('epochs', '100')
2021-01-27 10:44:06,252 INFO      ('start_epoch', '0')
2021-01-27 10:44:06,252 INFO      ('train_batch', '8')
2021-01-27 10:44:06,252 INFO      ('test_batch', '8')
2021-01-27 10:44:06,252 INFO      ('lr', '0.001')
2021-01-27 10:44:06,252 INFO      ('drop', '0')
2021-01-27 10:44:06,252 INFO      ('schedule', '[5, 10, 15]')
2021-01-27 10:44:06,252 INFO      ('gamma', '0.8')
2021-01-27 10:44:06,252 INFO      ('momentum', '0.8')
2021-01-27 10:44:06,252 INFO      ('weight_decay', '0.001')
2021-01-27 10:44:06,252 INFO      ('checkpoint', 'checkpoints/my_data_v5_resnet18')
2021-01-27 10:44:06,252 INFO      ('resume', '')
2021-01-27 10:44:06,252 INFO      ('arch', 'resnet18')
2021-01-27 10:44:06,252 INFO      ('manualSeed', '5032')
2021-01-27 11:23:31,418 INFO      epoch: 1, train_acc: 96.28, test_acc: 74.10
2021-01-27 11:25:20,292 INFO      ----------configuration**********
2021-01-27 11:25:20,292 INFO      ('dataset', 'my_data')
2021-01-27 11:25:20,292 INFO      ('train_path', 'G:\\vscode_workspace\\Weather_Recognition\\data_split_v5\\train\\')
2021-01-27 11:25:20,292 INFO      ('test_path', 'G:\\vscode_workspace\\Weather_Recognition\\data_split_v5\\test\\')
2021-01-27 11:25:20,292 INFO      ('imagesize', '224')
2021-01-27 11:25:20,293 INFO      ('epochs', '100')
2021-01-27 11:25:20,293 INFO      ('start_epoch', '0')
2021-01-27 11:25:20,293 INFO      ('train_batch', '8')
2021-01-27 11:25:20,293 INFO      ('test_batch', '8')
2021-01-27 11:25:20,293 INFO      ('lr', '0.001')
2021-01-27 11:25:20,293 INFO      ('drop', '0')
2021-01-27 11:25:20,293 INFO      ('schedule', '[5, 10, 15]')
2021-01-27 11:25:20,293 INFO      ('gamma', '0.8')
2021-01-27 11:25:20,293 INFO      ('momentum', '0.8')
2021-01-27 11:25:20,293 INFO      ('weight_decay', '0.001')
2021-01-27 11:25:20,293 INFO      ('checkpoint', 'checkpoints/my_data_v5_resnet18')
2021-01-27 11:25:20,293 INFO      ('resume', '')
2021-01-27 11:25:20,293 INFO      ('arch', 'resnet18')
2021-01-27 11:25:20,293 INFO      ('manualSeed', '7595')
2021-01-27 11:29:17,365 INFO      ----------configuration**********
2021-01-27 11:29:17,365 INFO      ('dataset', 'my_data')
2021-01-27 11:29:17,366 INFO      ('train_path', 'G:\\vscode_workspace\\Weather_Recognition\\data_split_v5\\train\\')
2021-01-27 11:29:17,366 INFO      ('test_path', 'G:\\vscode_workspace\\Weather_Recognition\\data_split_v5\\test\\')
2021-01-27 11:29:17,366 INFO      ('imagesize', '224')
2021-01-27 11:29:17,366 INFO      ('epochs', '100')
2021-01-27 11:29:17,366 INFO      ('start_epoch', '0')
2021-01-27 11:29:17,366 INFO      ('train_batch', '8')
2021-01-27 11:29:17,366 INFO      ('test_batch', '8')
2021-01-27 11:29:17,367 INFO      ('lr', '0.001')
2021-01-27 11:29:17,367 INFO      ('drop', '0')
2021-01-27 11:29:17,367 INFO      ('schedule', '[5, 10, 15]')
2021-01-27 11:29:17,367 INFO      ('gamma', '0.8')
2021-01-27 11:29:17,367 INFO      ('momentum', '0.8')
2021-01-27 11:29:17,367 INFO      ('weight_decay', '0.001')
2021-01-27 11:29:17,367 INFO      ('checkpoint', 'checkpoints/my_data_v5_resnet18')
2021-01-27 11:29:17,367 INFO      ('resume', '')
2021-01-27 11:29:17,367 INFO      ('arch', 'resnet18')
2021-01-27 11:29:17,367 INFO      ('manualSeed', '2439')
2021-01-27 11:29:47,262 INFO      ----------configuration**********
2021-01-27 11:29:47,262 INFO      ('dataset', 'my_data')
2021-01-27 11:29:47,262 INFO      ('train_path', 'G:\\vscode_workspace\\Weather_Recognition\\data_split_v5\\train\\')
2021-01-27 11:29:47,262 INFO      ('test_path', 'G:\\vscode_workspace\\Weather_Recognition\\data_split_v5\\test\\')
2021-01-27 11:29:47,263 INFO      ('imagesize', '224')
2021-01-27 11:29:47,263 INFO      ('epochs', '100')
2021-01-27 11:29:47,263 INFO      ('start_epoch', '0')
2021-01-27 11:29:47,263 INFO      ('train_batch', '8')
2021-01-27 11:29:47,263 INFO      ('test_batch', '8')
2021-01-27 11:29:47,263 INFO      ('lr', '0.001')
2021-01-27 11:29:47,263 INFO      ('drop', '0')
2021-01-27 11:29:47,263 INFO      ('schedule', '[5, 10, 15]')
2021-01-27 11:29:47,263 INFO      ('gamma', '0.8')
2021-01-27 11:29:47,263 INFO      ('momentum', '0.8')
2021-01-27 11:29:47,263 INFO      ('weight_decay', '0.001')
2021-01-27 11:29:47,263 INFO      ('checkpoint', 'checkpoints/my_data_v5_resnet18')
2021-01-27 11:29:47,263 INFO      ('resume', '')
2021-01-27 11:29:47,263 INFO      ('arch', 'resnet18')
2021-01-27 11:29:47,263 INFO      ('manualSeed', '6933')
2021-01-27 12:07:56,974 INFO      epoch: 1, train_acc: 95.92, test_acc: 76.70
2021-01-27 12:46:17,937 INFO      epoch: 2, train_acc: 99.67, test_acc: 77.58
2021-01-27 13:19:22,262 INFO      epoch: 3, train_acc: 99.91, test_acc: 75.85
2021-01-27 13:52:16,434 INFO      epoch: 4, train_acc: 99.91, test_acc: 74.21
2021-01-27 14:25:12,837 INFO      epoch: 5, train_acc: 99.92, test_acc: 75.64
