2021-12-29 15:37:10,595 INFO      ----------configuration**********
2021-12-29 15:37:10,595 INFO      ('dataset', 'my_data_seg')
2021-12-29 15:37:10,595 INFO      ('train_path', 'G:\\vscode_workspace\\Weather_Recognition\\data_split_v6\\train\\')
2021-12-29 15:37:10,595 INFO      ('test_path', 'G:\\vscode_workspace\\Weather_Recognition\\data_split_v6\\test\\')
2021-12-29 15:37:10,595 INFO      ('pretrained_path', 'G:\\vscode_workspace\\Weather_Recognition\\checkpoints\\mwd_resnet18\\04_14_14_25_fold_0_model_best.pth.tar')
2021-12-29 15:37:10,595 INFO      ('imagesize', '224')
2021-12-29 15:37:10,596 INFO      ('epochs', '100')
2021-12-29 15:37:10,596 INFO      ('start_epoch', '0')
2021-12-29 15:37:10,596 INFO      ('train_batch', '4')
2021-12-29 15:37:10,602 INFO      ('test_batch', '4')
2021-12-29 15:37:10,602 INFO      ('lr', '0.001')
2021-12-29 15:37:10,603 INFO      ('drop', '0')
2021-12-29 15:37:10,603 INFO      ('schedule', '[1, 2, 3, 10, 15]')
2021-12-29 15:37:10,603 INFO      ('gamma', '0.8')
2021-12-29 15:37:10,603 INFO      ('momentum', '0.8')
2021-12-29 15:37:10,603 INFO      ('weight_decay', '0.001')
2021-12-29 15:37:10,603 INFO      ('checkpoint', 'checkpoints/my_data_v6_resnet18_seg_transfer')
2021-12-29 15:37:10,603 INFO      ('resume', '')
2021-12-29 15:37:10,603 INFO      ('arch', 'resnet18_seg')
2021-12-29 15:37:10,603 INFO      ('manualSeed', '9090')
2021-12-29 15:43:51,023 INFO      ----------configuration**********
2021-12-29 15:43:51,023 INFO      ('dataset', 'my_data_seg')
2021-12-29 15:43:51,023 INFO      ('train_path', 'G:\\vscode_workspace\\Weather_Recognition\\data_split_v6\\train\\')
2021-12-29 15:43:51,023 INFO      ('test_path', 'G:\\vscode_workspace\\Weather_Recognition\\data_split_v6\\test\\')
2021-12-29 15:43:51,023 INFO      ('pretrained_path', 'G:\\vscode_workspace\\Weather_Recognition\\checkpoints\\mwd_resnet18\\04_14_14_25_fold_0_model_best.pth.tar')
2021-12-29 15:43:51,023 INFO      ('imagesize', '224')
2021-12-29 15:43:51,023 INFO      ('epochs', '20')
2021-12-29 15:43:51,023 INFO      ('start_epoch', '0')
2021-12-29 15:43:51,023 INFO      ('train_batch', '8')
2021-12-29 15:43:51,023 INFO      ('test_batch', '8')
2021-12-29 15:43:51,023 INFO      ('lr', '0.001')
2021-12-29 15:43:51,023 INFO      ('drop', '0')
2021-12-29 15:43:51,023 INFO      ('schedule', '[1, 2, 3, 10, 15]')
2021-12-29 15:43:51,024 INFO      ('gamma', '0.8')
2021-12-29 15:43:51,024 INFO      ('momentum', '0.8')
2021-12-29 15:43:51,024 INFO      ('weight_decay', '0.0001')
2021-12-29 15:43:51,024 INFO      ('checkpoint', 'checkpoints/my_data_v6_resnet18_seg_transfer')
2021-12-29 15:43:51,024 INFO      ('resume', '')
2021-12-29 15:43:51,024 INFO      ('arch', 'resnet18_seg')
2021-12-29 15:43:51,024 INFO      ('manualSeed', '5768')
2021-12-29 16:35:49,344 INFO      epoch: 1, train_acc: 96.94, test_acc: 82.71
2021-12-29 17:19:17,226 INFO      epoch: 2, train_acc: 99.84, test_acc: 80.43
2021-12-29 18:03:39,756 INFO      epoch: 3, train_acc: 99.91, test_acc: 84.75
2021-12-29 18:43:11,682 INFO      epoch: 4, train_acc: 99.94, test_acc: 84.96
2021-12-29 19:22:59,693 INFO      epoch: 5, train_acc: 99.99, test_acc: 82.82
2021-12-29 20:02:28,311 INFO      epoch: 6, train_acc: 99.96, test_acc: 83.82
2021-12-29 20:42:15,078 INFO      epoch: 7, train_acc: 99.98, test_acc: 83.62
2021-12-29 21:22:19,527 INFO      epoch: 8, train_acc: 99.99, test_acc: 80.35
2021-12-29 22:02:20,175 INFO      epoch: 9, train_acc: 99.95, test_acc: 82.20
2021-12-29 22:42:45,122 INFO      epoch: 10, train_acc: 99.98, test_acc: 81.09
2021-12-29 23:22:50,695 INFO      epoch: 11, train_acc: 99.99, test_acc: 83.59
2021-12-30 00:02:40,281 INFO      epoch: 12, train_acc: 99.99, test_acc: 84.09

batch_size 为64时 ,img_size 为 224,224
