2021-01-19 15:46:56,581 INFO      ----------configuration**********
2021-01-19 15:46:56,943 INFO      ('dataset', 'my_data_seg')
2021-01-19 15:46:56,943 INFO      ('train_path', 'G:\\vscode_workspace\\Weather_Recognition\\data_split_v4\\train\\')
2021-01-19 15:46:56,943 INFO      ('test_path', 'G:\\vscode_workspace\\Weather_Recognition\\data_split_v4\\test\\')
2021-01-19 15:46:56,943 INFO      ('imagesize', '224')
2021-01-19 15:46:56,943 INFO      ('epochs', '100')
2021-01-19 15:46:56,943 INFO      ('start_epoch', '0')
2021-01-19 15:46:56,943 INFO      ('train_batch', '8')
2021-01-19 15:46:56,943 INFO      ('test_batch', '8')
2021-01-19 15:46:56,944 INFO      ('lr', '0.001')
2021-01-19 15:46:56,944 INFO      ('drop', '0')
2021-01-19 15:46:56,944 INFO      ('schedule', '[5, 10, 15]')
2021-01-19 15:46:56,944 INFO      ('gamma', '0.8')
2021-01-19 15:46:56,944 INFO      ('momentum', '0.8')
2021-01-19 15:46:56,944 INFO      ('weight_decay', '0.001')
2021-01-19 15:46:56,944 INFO      ('checkpoint', 'checkpoints/my_data_v4_resnet18_seg')
2021-01-19 15:46:56,944 INFO      ('resume', '')
2021-01-19 15:46:56,944 INFO      ('arch', 'resnet18_seg')
2021-01-19 15:46:56,944 INFO      ('manualSeed', '2813')
2021-01-19 15:53:29,002 INFO      ----------configuration**********
2021-01-19 15:53:29,003 INFO      ('dataset', 'my_data_seg')
2021-01-19 15:53:29,003 INFO      ('train_path', 'G:\\vscode_workspace\\Weather_Recognition\\data_split_v4\\train\\')
2021-01-19 15:53:29,003 INFO      ('test_path', 'G:\\vscode_workspace\\Weather_Recognition\\data_split_v4\\test\\')
2021-01-19 15:53:29,003 INFO      ('imagesize', '224')
2021-01-19 15:53:29,003 INFO      ('epochs', '100')
2021-01-19 15:53:29,003 INFO      ('start_epoch', '0')
2021-01-19 15:53:29,003 INFO      ('train_batch', '1')
2021-01-19 15:53:29,003 INFO      ('test_batch', '1')
2021-01-19 15:53:29,003 INFO      ('lr', '0.001')
2021-01-19 15:53:29,003 INFO      ('drop', '0')
2021-01-19 15:53:29,003 INFO      ('schedule', '[5, 10, 15]')
2021-01-19 15:53:29,003 INFO      ('gamma', '0.8')
2021-01-19 15:53:29,003 INFO      ('momentum', '0.8')
2021-01-19 15:53:29,003 INFO      ('weight_decay', '0.001')
2021-01-19 15:53:29,003 INFO      ('checkpoint', 'checkpoints/my_data_v4_resnet18_seg')
2021-01-19 15:53:29,003 INFO      ('resume', '')
2021-01-19 15:53:29,003 INFO      ('arch', 'resnet18_seg')
2021-01-19 15:53:29,003 INFO      ('manualSeed', '952')
2021-01-19 15:54:57,550 INFO      ----------configuration**********
2021-01-19 15:54:57,551 INFO      ('dataset', 'my_data_seg')
2021-01-19 15:54:57,551 INFO      ('train_path', 'G:\\vscode_workspace\\Weather_Recognition\\data_split_v4\\train\\')
2021-01-19 15:54:57,551 INFO      ('test_path', 'G:\\vscode_workspace\\Weather_Recognition\\data_split_v4\\test\\')
2021-01-19 15:54:57,551 INFO      ('imagesize', '224')
2021-01-19 15:54:57,551 INFO      ('epochs', '100')
2021-01-19 15:54:57,552 INFO      ('start_epoch', '0')
2021-01-19 15:54:57,552 INFO      ('train_batch', '1')
2021-01-19 15:54:57,552 INFO      ('test_batch', '1')
2021-01-19 15:54:57,552 INFO      ('lr', '0.001')
2021-01-19 15:54:57,552 INFO      ('drop', '0')
2021-01-19 15:54:57,552 INFO      ('schedule', '[5, 10, 15]')
2021-01-19 15:54:57,553 INFO      ('gamma', '0.8')
2021-01-19 15:54:57,553 INFO      ('momentum', '0.8')
2021-01-19 15:54:57,553 INFO      ('weight_decay', '0.001')
2021-01-19 15:54:57,553 INFO      ('checkpoint', 'checkpoints/my_data_v4_resnet18_seg')
2021-01-19 15:54:57,553 INFO      ('resume', '')
2021-01-19 15:54:57,553 INFO      ('arch', 'resnet18_seg')
2021-01-19 15:54:57,553 INFO      ('manualSeed', '6818')
2021-01-19 15:55:14,614 INFO      ----------configuration**********
2021-01-19 15:55:14,614 INFO      ('dataset', 'my_data_seg')
2021-01-19 15:55:14,614 INFO      ('train_path', 'G:\\vscode_workspace\\Weather_Recognition\\data_split_v4\\train\\')
2021-01-19 15:55:14,614 INFO      ('test_path', 'G:\\vscode_workspace\\Weather_Recognition\\data_split_v4\\test\\')
2021-01-19 15:55:14,614 INFO      ('imagesize', '224')
2021-01-19 15:55:14,614 INFO      ('epochs', '100')
2021-01-19 15:55:14,614 INFO      ('start_epoch', '0')
2021-01-19 15:55:14,614 INFO      ('train_batch', '1')
2021-01-19 15:55:14,614 INFO      ('test_batch', '1')
2021-01-19 15:55:14,614 INFO      ('lr', '0.001')
2021-01-19 15:55:14,615 INFO      ('drop', '0')
2021-01-19 15:55:14,615 INFO      ('schedule', '[5, 10, 15]')
2021-01-19 15:55:14,615 INFO      ('gamma', '0.8')
2021-01-19 15:55:14,615 INFO      ('momentum', '0.8')
2021-01-19 15:55:14,615 INFO      ('weight_decay', '0.001')
2021-01-19 15:55:14,615 INFO      ('checkpoint', 'checkpoints/my_data_v4_resnet18_seg')
2021-01-19 15:55:14,615 INFO      ('resume', '')
2021-01-19 15:55:14,615 INFO      ('arch', 'resnet18_seg')
2021-01-19 15:55:14,615 INFO      ('manualSeed', '6408')
2021-01-19 16:12:25,950 INFO      ----------configuration**********
2021-01-19 16:12:25,977 INFO      ('dataset', 'my_data_seg')
2021-01-19 16:12:25,977 INFO      ('train_path', 'G:\\vscode_workspace\\Weather_Recognition\\data_split_v4\\train\\')
2021-01-19 16:12:25,977 INFO      ('test_path', 'G:\\vscode_workspace\\Weather_Recognition\\data_split_v4\\test\\')
2021-01-19 16:12:25,977 INFO      ('imagesize', '224')
2021-01-19 16:12:25,977 INFO      ('epochs', '100')
2021-01-19 16:12:25,977 INFO      ('start_epoch', '0')
2021-01-19 16:12:25,977 INFO      ('train_batch', '1')
2021-01-19 16:12:25,977 INFO      ('test_batch', '1')
2021-01-19 16:12:25,978 INFO      ('lr', '0.001')
2021-01-19 16:12:25,978 INFO      ('drop', '0')
2021-01-19 16:12:25,978 INFO      ('schedule', '[5, 10, 15]')
2021-01-19 16:12:25,978 INFO      ('gamma', '0.8')
2021-01-19 16:12:25,978 INFO      ('momentum', '0.8')
2021-01-19 16:12:25,978 INFO      ('weight_decay', '0.001')
2021-01-19 16:12:25,978 INFO      ('checkpoint', 'checkpoints/my_data_v4_resnet18_seg')
2021-01-19 16:12:25,978 INFO      ('resume', '')
2021-01-19 16:12:25,978 INFO      ('arch', 'resnet18_seg')
2021-01-19 16:12:25,978 INFO      ('manualSeed', '6307')
2021-01-19 16:13:11,188 INFO      ----------configuration**********
2021-01-19 16:13:11,188 INFO      ('dataset', 'my_data_seg')
2021-01-19 16:13:11,188 INFO      ('train_path', 'G:\\vscode_workspace\\Weather_Recognition\\data_split_v4\\train\\')
2021-01-19 16:13:11,188 INFO      ('test_path', 'G:\\vscode_workspace\\Weather_Recognition\\data_split_v4\\test\\')
2021-01-19 16:13:11,188 INFO      ('imagesize', '224')
2021-01-19 16:13:11,188 INFO      ('epochs', '100')
2021-01-19 16:13:11,188 INFO      ('start_epoch', '0')
2021-01-19 16:13:11,188 INFO      ('train_batch', '8')
2021-01-19 16:13:11,188 INFO      ('test_batch', '8')
2021-01-19 16:13:11,188 INFO      ('lr', '0.001')
2021-01-19 16:13:11,188 INFO      ('drop', '0')
2021-01-19 16:13:11,188 INFO      ('schedule', '[5, 10, 15]')
2021-01-19 16:13:11,188 INFO      ('gamma', '0.8')
2021-01-19 16:13:11,189 INFO      ('momentum', '0.8')
2021-01-19 16:13:11,189 INFO      ('weight_decay', '0.001')
2021-01-19 16:13:11,189 INFO      ('checkpoint', 'checkpoints/my_data_v4_resnet18_seg')
2021-01-19 16:13:11,189 INFO      ('resume', '')
2021-01-19 16:13:11,189 INFO      ('arch', 'resnet18_seg')
2021-01-19 16:13:11,189 INFO      ('manualSeed', '9024')
2021-01-19 16:13:49,292 INFO      ----------configuration**********
2021-01-19 16:13:49,292 INFO      ('dataset', 'my_data_seg')
2021-01-19 16:13:49,292 INFO      ('train_path', 'G:\\vscode_workspace\\Weather_Recognition\\data_split_v4\\train\\')
2021-01-19 16:13:49,292 INFO      ('test_path', 'G:\\vscode_workspace\\Weather_Recognition\\data_split_v4\\test\\')
2021-01-19 16:13:49,292 INFO      ('imagesize', '224')
2021-01-19 16:13:49,292 INFO      ('epochs', '100')
2021-01-19 16:13:49,292 INFO      ('start_epoch', '0')
2021-01-19 16:13:49,292 INFO      ('train_batch', '16')
2021-01-19 16:13:49,292 INFO      ('test_batch', '16')
2021-01-19 16:13:49,292 INFO      ('lr', '0.001')
2021-01-19 16:13:49,292 INFO      ('drop', '0')
2021-01-19 16:13:49,292 INFO      ('schedule', '[5, 10, 15]')
2021-01-19 16:13:49,293 INFO      ('gamma', '0.8')
2021-01-19 16:13:49,293 INFO      ('momentum', '0.8')
2021-01-19 16:13:49,293 INFO      ('weight_decay', '0.001')
2021-01-19 16:13:49,293 INFO      ('checkpoint', 'checkpoints/my_data_v4_resnet18_seg')
2021-01-19 16:13:49,293 INFO      ('resume', '')
2021-01-19 16:13:49,293 INFO      ('arch', 'resnet18_seg')
2021-01-19 16:13:49,293 INFO      ('manualSeed', '391')
2021-01-19 16:15:32,530 INFO      ----------configuration**********
2021-01-19 16:15:32,530 INFO      ('dataset', 'my_data_seg')
2021-01-19 16:15:32,530 INFO      ('train_path', 'G:\\vscode_workspace\\Weather_Recognition\\data_split_v4\\train\\')
2021-01-19 16:15:32,530 INFO      ('test_path', 'G:\\vscode_workspace\\Weather_Recognition\\data_split_v4\\test\\')
2021-01-19 16:15:32,530 INFO      ('imagesize', '224')
2021-01-19 16:15:32,530 INFO      ('epochs', '100')
2021-01-19 16:15:32,531 INFO      ('start_epoch', '0')
2021-01-19 16:15:32,531 INFO      ('train_batch', '16')
2021-01-19 16:15:32,531 INFO      ('test_batch', '16')
2021-01-19 16:15:32,531 INFO      ('lr', '0.001')
2021-01-19 16:15:32,531 INFO      ('drop', '0')
2021-01-19 16:15:32,531 INFO      ('schedule', '[5, 10, 15]')
2021-01-19 16:15:32,531 INFO      ('gamma', '0.8')
2021-01-19 16:15:32,531 INFO      ('momentum', '0.8')
2021-01-19 16:15:32,531 INFO      ('weight_decay', '0.001')
2021-01-19 16:15:32,531 INFO      ('checkpoint', 'checkpoints/my_data_v4_resnet18_seg')
2021-01-19 16:15:32,531 INFO      ('resume', '')
2021-01-19 16:15:32,531 INFO      ('arch', 'resnet18_seg')
2021-01-19 16:15:32,531 INFO      ('manualSeed', '2484')
2021-01-19 16:29:05,321 INFO      ----------configuration**********
2021-01-19 16:29:05,342 INFO      ('dataset', 'my_data_seg')
2021-01-19 16:29:05,342 INFO      ('train_path', 'G:\\vscode_workspace\\Weather_Recognition\\data_split_v4\\train\\')
2021-01-19 16:29:05,342 INFO      ('test_path', 'G:\\vscode_workspace\\Weather_Recognition\\data_split_v4\\test\\')
2021-01-19 16:29:05,342 INFO      ('imagesize', '224')
2021-01-19 16:29:05,342 INFO      ('epochs', '100')
2021-01-19 16:29:05,342 INFO      ('start_epoch', '0')
2021-01-19 16:29:05,342 INFO      ('train_batch', '8')
2021-01-19 16:29:05,342 INFO      ('test_batch', '8')
2021-01-19 16:29:05,342 INFO      ('lr', '0.001')
2021-01-19 16:29:05,342 INFO      ('drop', '0')
2021-01-19 16:29:05,342 INFO      ('schedule', '[5, 10, 15]')
2021-01-19 16:29:05,342 INFO      ('gamma', '0.8')
2021-01-19 16:29:05,343 INFO      ('momentum', '0.8')
2021-01-19 16:29:05,343 INFO      ('weight_decay', '0.001')
2021-01-19 16:29:05,343 INFO      ('checkpoint', 'checkpoints/my_data_v4_resnet18_seg')
2021-01-19 16:29:05,343 INFO      ('resume', '')
2021-01-19 16:29:05,343 INFO      ('arch', 'resnet18_seg')
2021-01-19 16:29:05,343 INFO      ('manualSeed', '7252')
2021-01-19 16:35:18,533 INFO      ----------configuration**********
2021-01-19 16:35:18,533 INFO      ('dataset', 'my_data_seg')
2021-01-19 16:35:18,533 INFO      ('train_path', 'G:\\vscode_workspace\\Weather_Recognition\\data_split_v4\\train\\')
2021-01-19 16:35:18,533 INFO      ('test_path', 'G:\\vscode_workspace\\Weather_Recognition\\data_split_v4\\test\\')
2021-01-19 16:35:18,533 INFO      ('imagesize', '224')
2021-01-19 16:35:18,534 INFO      ('epochs', '100')
2021-01-19 16:35:18,534 INFO      ('start_epoch', '0')
2021-01-19 16:35:18,534 INFO      ('train_batch', '8')
2021-01-19 16:35:18,534 INFO      ('test_batch', '8')
2021-01-19 16:35:18,534 INFO      ('lr', '0.001')
2021-01-19 16:35:18,534 INFO      ('drop', '0')
2021-01-19 16:35:18,534 INFO      ('schedule', '[5, 10, 15]')
2021-01-19 16:35:18,534 INFO      ('gamma', '0.8')
2021-01-19 16:35:18,534 INFO      ('momentum', '0.8')
2021-01-19 16:35:18,534 INFO      ('weight_decay', '0.001')
2021-01-19 16:35:18,534 INFO      ('checkpoint', 'checkpoints/my_data_v4_resnet18_seg')
2021-01-19 16:35:18,534 INFO      ('resume', '')
2021-01-19 16:35:18,534 INFO      ('arch', 'resnet18_seg')
2021-01-19 16:35:18,534 INFO      ('manualSeed', '1065')
2021-01-19 16:50:14,675 INFO      ----------configuration**********
2021-01-19 16:50:14,677 INFO      ('dataset', 'my_data_seg')
2021-01-19 16:50:14,678 INFO      ('train_path', 'G:\\vscode_workspace\\Weather_Recognition\\data_split_v4\\train\\')
2021-01-19 16:50:14,678 INFO      ('test_path', 'G:\\vscode_workspace\\Weather_Recognition\\data_split_v4\\test\\')
2021-01-19 16:50:14,678 INFO      ('imagesize', '224')
2021-01-19 16:50:14,678 INFO      ('epochs', '100')
2021-01-19 16:50:14,678 INFO      ('start_epoch', '0')
2021-01-19 16:50:14,679 INFO      ('train_batch', '8')
2021-01-19 16:50:14,679 INFO      ('test_batch', '8')
2021-01-19 16:50:14,679 INFO      ('lr', '0.001')
2021-01-19 16:50:14,679 INFO      ('drop', '0')
2021-01-19 16:50:14,679 INFO      ('schedule', '[5, 10, 15]')
2021-01-19 16:50:14,679 INFO      ('gamma', '0.8')
2021-01-19 16:50:14,680 INFO      ('momentum', '0.8')
2021-01-19 16:50:14,680 INFO      ('weight_decay', '0.001')
2021-01-19 16:50:14,680 INFO      ('checkpoint', 'checkpoints/my_data_v4_resnet18_seg')
2021-01-19 16:50:14,680 INFO      ('resume', '')
2021-01-19 16:50:14,680 INFO      ('arch', 'resnet18_seg')
2021-01-19 16:50:14,680 INFO      ('manualSeed', '8934')
2021-01-19 16:58:09,441 INFO      ----------configuration**********
2021-01-19 16:58:09,441 INFO      ('dataset', 'my_data_seg')
2021-01-19 16:58:09,442 INFO      ('train_path', 'G:\\vscode_workspace\\Weather_Recognition\\data_split_v4\\train\\')
2021-01-19 16:58:09,442 INFO      ('test_path', 'G:\\vscode_workspace\\Weather_Recognition\\data_split_v4\\test\\')
2021-01-19 16:58:09,442 INFO      ('imagesize', '224')
2021-01-19 16:58:09,442 INFO      ('epochs', '100')
2021-01-19 16:58:09,442 INFO      ('start_epoch', '0')
2021-01-19 16:58:09,442 INFO      ('train_batch', '8')
2021-01-19 16:58:09,442 INFO      ('test_batch', '8')
2021-01-19 16:58:09,442 INFO      ('lr', '0.001')
2021-01-19 16:58:09,442 INFO      ('drop', '0')
2021-01-19 16:58:09,442 INFO      ('schedule', '[5, 10, 15]')
2021-01-19 16:58:09,443 INFO      ('gamma', '0.8')
2021-01-19 16:58:09,443 INFO      ('momentum', '0.8')
2021-01-19 16:58:09,443 INFO      ('weight_decay', '0.001')
2021-01-19 16:58:09,443 INFO      ('checkpoint', 'checkpoints/my_data_v4_resnet18_seg')
2021-01-19 16:58:09,443 INFO      ('resume', '')
2021-01-19 16:58:09,443 INFO      ('arch', 'resnet18_seg')
2021-01-19 16:58:09,443 INFO      ('manualSeed', '8616')
2021-01-19 17:27:15,600 INFO      ----------configuration**********
2021-01-19 17:27:15,601 INFO      ('dataset', 'my_data_seg')
2021-01-19 17:27:15,601 INFO      ('train_path', 'G:\\vscode_workspace\\Weather_Recognition\\data_split_v4\\train\\')
2021-01-19 17:27:15,601 INFO      ('test_path', 'G:\\vscode_workspace\\Weather_Recognition\\data_split_v4\\test\\')
2021-01-19 17:27:15,601 INFO      ('imagesize', '224')
2021-01-19 17:27:15,601 INFO      ('epochs', '100')
2021-01-19 17:27:15,601 INFO      ('start_epoch', '0')
2021-01-19 17:27:15,601 INFO      ('train_batch', '8')
2021-01-19 17:27:15,601 INFO      ('test_batch', '8')
2021-01-19 17:27:15,601 INFO      ('lr', '0.001')
2021-01-19 17:27:15,601 INFO      ('drop', '0')
2021-01-19 17:27:15,601 INFO      ('schedule', '[5, 10, 15]')
2021-01-19 17:27:15,601 INFO      ('gamma', '0.8')
2021-01-19 17:27:15,601 INFO      ('momentum', '0.8')
2021-01-19 17:27:15,601 INFO      ('weight_decay', '0.001')
2021-01-19 17:27:15,601 INFO      ('checkpoint', 'checkpoints/my_data_v4_resnet18_seg')
2021-01-19 17:27:15,601 INFO      ('resume', '')
2021-01-19 17:27:15,601 INFO      ('arch', 'resnet18_seg')
2021-01-19 17:27:15,601 INFO      ('manualSeed', '9094')
2021-01-19 17:28:54,920 INFO      ----------configuration**********
2021-01-19 17:28:54,920 INFO      ('dataset', 'my_data_seg')
2021-01-19 17:28:54,920 INFO      ('train_path', 'G:\\vscode_workspace\\Weather_Recognition\\data_split_v4\\train\\')
2021-01-19 17:28:54,920 INFO      ('test_path', 'G:\\vscode_workspace\\Weather_Recognition\\data_split_v4\\test\\')
2021-01-19 17:28:54,920 INFO      ('imagesize', '224')
2021-01-19 17:28:54,921 INFO      ('epochs', '100')
2021-01-19 17:28:54,921 INFO      ('start_epoch', '0')
2021-01-19 17:28:54,921 INFO      ('train_batch', '8')
2021-01-19 17:28:54,921 INFO      ('test_batch', '8')
2021-01-19 17:28:54,921 INFO      ('lr', '0.001')
2021-01-19 17:28:54,921 INFO      ('drop', '0')
2021-01-19 17:28:54,921 INFO      ('schedule', '[5, 10, 15]')
2021-01-19 17:28:54,921 INFO      ('gamma', '0.8')
2021-01-19 17:28:54,921 INFO      ('momentum', '0.8')
2021-01-19 17:28:54,921 INFO      ('weight_decay', '0.001')
2021-01-19 17:28:54,921 INFO      ('checkpoint', 'checkpoints/my_data_v4_resnet18_seg')
2021-01-19 17:28:54,921 INFO      ('resume', '')
2021-01-19 17:28:54,921 INFO      ('arch', 'resnet18_seg')
2021-01-19 17:28:54,921 INFO      ('manualSeed', '9755')
2021-01-19 17:29:12,368 INFO      ----------configuration**********
2021-01-19 17:29:12,368 INFO      ('dataset', 'my_data_seg')
2021-01-19 17:29:12,369 INFO      ('train_path', 'G:\\vscode_workspace\\Weather_Recognition\\data_split_v4\\train\\')
2021-01-19 17:29:12,369 INFO      ('test_path', 'G:\\vscode_workspace\\Weather_Recognition\\data_split_v4\\test\\')
2021-01-19 17:29:12,369 INFO      ('imagesize', '224')
2021-01-19 17:29:12,369 INFO      ('epochs', '100')
2021-01-19 17:29:12,369 INFO      ('start_epoch', '0')
2021-01-19 17:29:12,369 INFO      ('train_batch', '8')
2021-01-19 17:29:12,369 INFO      ('test_batch', '8')
2021-01-19 17:29:12,369 INFO      ('lr', '0.001')
2021-01-19 17:29:12,369 INFO      ('drop', '0')
2021-01-19 17:29:12,369 INFO      ('schedule', '[5, 10, 15]')
2021-01-19 17:29:12,369 INFO      ('gamma', '0.8')
2021-01-19 17:29:12,369 INFO      ('momentum', '0.8')
2021-01-19 17:29:12,369 INFO      ('weight_decay', '0.001')
2021-01-19 17:29:12,369 INFO      ('checkpoint', 'checkpoints/my_data_v4_resnet18_seg')
2021-01-19 17:29:12,369 INFO      ('resume', '')
2021-01-19 17:29:12,369 INFO      ('arch', 'resnet18_seg')
2021-01-19 17:29:12,369 INFO      ('manualSeed', '2161')
2021-01-19 17:57:17,020 INFO      epoch: 1, train_acc: 96.48, test_acc: 69.22
2021-01-19 18:26:43,006 INFO      epoch: 2, train_acc: 99.68, test_acc: 63.09
2021-01-19 18:55:05,437 INFO      epoch: 3, train_acc: 99.89, test_acc: 67.06
2021-01-19 21:38:11,284 INFO      ----------configuration**********
2021-01-19 21:38:11,284 INFO      ('dataset', 'my_data_seg')
2021-01-19 21:38:11,284 INFO      ('train_path', 'G:\\vscode_workspace\\Weather_Recognition\\data_split_v4\\train\\')
2021-01-19 21:38:11,284 INFO      ('test_path', 'G:\\vscode_workspace\\Weather_Recognition\\data_split_v4\\test\\')
2021-01-19 21:38:11,284 INFO      ('imagesize', '224')
2021-01-19 21:38:11,284 INFO      ('epochs', '100')
2021-01-19 21:38:11,284 INFO      ('start_epoch', '0')
2021-01-19 21:38:11,284 INFO      ('train_batch', '8')
2021-01-19 21:38:11,284 INFO      ('test_batch', '8')
2021-01-19 21:38:11,284 INFO      ('lr', '0.001')
2021-01-19 21:38:11,284 INFO      ('drop', '0')
2021-01-19 21:38:11,284 INFO      ('schedule', '[1, 2, 3, 4, 5]')
2021-01-19 21:38:11,284 INFO      ('gamma', '0.8')
2021-01-19 21:38:11,284 INFO      ('momentum', '0.8')
2021-01-19 21:38:11,285 INFO      ('weight_decay', '0.001')
2021-01-19 21:38:11,285 INFO      ('checkpoint', 'checkpoints/my_data_v4_resnet18_seg')
2021-01-19 21:38:11,285 INFO      ('resume', '')
2021-01-19 21:38:11,285 INFO      ('arch', 'resnet18_seg')
2021-01-19 21:38:11,285 INFO      ('manualSeed', '2958')
2021-01-19 22:13:23,756 INFO      epoch: 1, train_acc: 96.94, test_acc: 65.60
2021-01-19 22:46:20,078 INFO      epoch: 2, train_acc: 99.65, test_acc: 69.84
2021-01-19 23:18:04,619 INFO      epoch: 3, train_acc: 99.91, test_acc: 64.13
2021-01-19 23:47:50,182 INFO      epoch: 4, train_acc: 99.92, test_acc: 69.80
2021-01-19 23:50:03,740 INFO      ----------configuration**********
2021-01-19 23:50:03,741 INFO      ('dataset', 'my_data_seg')
2021-01-19 23:50:03,741 INFO      ('train_path', 'G:\\vscode_workspace\\Weather_Recognition\\data_split_v4\\train\\')
2021-01-19 23:50:03,741 INFO      ('test_path', 'G:\\vscode_workspace\\Weather_Recognition\\data_split_v4\\test\\')
2021-01-19 23:50:03,741 INFO      ('imagesize', '224')
2021-01-19 23:50:03,741 INFO      ('epochs', '100')
2021-01-19 23:50:03,741 INFO      ('start_epoch', '0')
2021-01-19 23:50:03,741 INFO      ('train_batch', '8')
2021-01-19 23:50:03,741 INFO      ('test_batch', '8')
2021-01-19 23:50:03,741 INFO      ('lr', '0.0005')
2021-01-19 23:50:03,741 INFO      ('drop', '0')
2021-01-19 23:50:03,741 INFO      ('schedule', '[2, 4, 6, 8, 10]')
2021-01-19 23:50:03,741 INFO      ('gamma', '0.8')
2021-01-19 23:50:03,741 INFO      ('momentum', '0.8')
2021-01-19 23:50:03,741 INFO      ('weight_decay', '0.0001')
2021-01-19 23:50:03,741 INFO      ('checkpoint', 'checkpoints/my_data_v4_resnet18_seg')
2021-01-19 23:50:03,741 INFO      ('resume', '')
2021-01-19 23:50:03,742 INFO      ('arch', 'resnet18_seg')
2021-01-19 23:50:03,742 INFO      ('manualSeed', '7589')
2021-01-20 00:22:32,059 INFO      epoch: 1, train_acc: 95.58, test_acc: 68.70
2021-01-20 00:53:35,773 INFO      epoch: 2, train_acc: 99.53, test_acc: 66.36
2021-01-20 01:24:40,105 INFO      epoch: 3, train_acc: 99.83, test_acc: 69.22
2021-01-20 20:15:32,139 INFO      ----------configuration**********
2021-01-20 20:15:32,152 INFO      ('dataset', 'my_data_seg')
2021-01-20 20:15:32,152 INFO      ('train_path', 'G:\\vscode_workspace\\Weather_Recognition\\data_split_v4\\train\\')
2021-01-20 20:15:32,152 INFO      ('test_path', 'G:\\vscode_workspace\\Weather_Recognition\\data_split_v4\\test\\')
2021-01-20 20:15:32,152 INFO      ('pretrained_path', 'G:\\vscode_workspace\\Weather_Recognition\\checkpoints\\mwd_resnet18\\fold_0_model_best.pth.tar')
2021-01-20 20:15:32,152 INFO      ('imagesize', '224')
2021-01-20 20:15:32,152 INFO      ('epochs', '100')
2021-01-20 20:15:32,152 INFO      ('start_epoch', '0')
2021-01-20 20:15:32,152 INFO      ('train_batch', '4')
2021-01-20 20:15:32,152 INFO      ('test_batch', '4')
2021-01-20 20:15:32,152 INFO      ('lr', '0.001')
2021-01-20 20:15:32,152 INFO      ('drop', '0')
2021-01-20 20:15:32,153 INFO      ('schedule', '[1, 2, 3, 10, 15]')
2021-01-20 20:15:32,153 INFO      ('gamma', '0.8')
2021-01-20 20:15:32,153 INFO      ('momentum', '0.8')
2021-01-20 20:15:32,153 INFO      ('weight_decay', '0.001')
2021-01-20 20:15:32,153 INFO      ('checkpoint', 'checkpoints/my_data_v4_resnet18_seg')
2021-01-20 20:15:32,153 INFO      ('resume', '')
2021-01-20 20:15:32,153 INFO      ('arch', 'resnet18_seg')
2021-01-20 20:15:32,153 INFO      ('manualSeed', '3193')
2021-01-20 20:44:59,172 INFO      ----------configuration**********
2021-01-20 20:44:59,173 INFO      ('dataset', 'my_data_seg')
2021-01-20 20:44:59,173 INFO      ('train_path', 'G:\\vscode_workspace\\Weather_Recognition\\data_split_v4\\train\\')
2021-01-20 20:44:59,173 INFO      ('test_path', 'G:\\vscode_workspace\\Weather_Recognition\\data_split_v4\\test\\')
2021-01-20 20:44:59,173 INFO      ('pretrained_path', 'G:\\vscode_workspace\\Weather_Recognition\\checkpoints\\mwd_resnet18\\fold_0_model_best.pth.tar')
2021-01-20 20:44:59,173 INFO      ('imagesize', '224')
2021-01-20 20:44:59,173 INFO      ('epochs', '100')
2021-01-20 20:44:59,173 INFO      ('start_epoch', '0')
2021-01-20 20:44:59,173 INFO      ('train_batch', '4')
2021-01-20 20:44:59,173 INFO      ('test_batch', '4')
2021-01-20 20:44:59,173 INFO      ('lr', '0.001')
2021-01-20 20:44:59,173 INFO      ('drop', '0')
2021-01-20 20:44:59,174 INFO      ('schedule', '[1, 2, 3, 10, 15]')
2021-01-20 20:44:59,174 INFO      ('gamma', '0.8')
2021-01-20 20:44:59,174 INFO      ('momentum', '0.8')
2021-01-20 20:44:59,174 INFO      ('weight_decay', '0.001')
2021-01-20 20:44:59,174 INFO      ('checkpoint', 'checkpoints/my_data_v4_resnet18_seg')
2021-01-20 20:44:59,174 INFO      ('resume', '')
2021-01-20 20:44:59,174 INFO      ('arch', 'resnet18_seg')
2021-01-20 20:44:59,174 INFO      ('manualSeed', '621')
2021-01-20 21:19:31,298 INFO      ----------configuration**********
2021-01-20 21:19:31,316 INFO      ('dataset', 'my_data_seg')
2021-01-20 21:19:31,316 INFO      ('train_path', 'G:\\vscode_workspace\\Weather_Recognition\\data_split_v4\\train\\')
2021-01-20 21:19:31,316 INFO      ('test_path', 'G:\\vscode_workspace\\Weather_Recognition\\data_split_v4\\test\\')
2021-01-20 21:19:31,316 INFO      ('pretrained_path', 'G:\\vscode_workspace\\Weather_Recognition\\checkpoints\\mwd_resnet18\\fold_0_model_best.pth.tar')
2021-01-20 21:19:31,316 INFO      ('imagesize', '224')
2021-01-20 21:19:31,316 INFO      ('epochs', '100')
2021-01-20 21:19:31,316 INFO      ('start_epoch', '0')
2021-01-20 21:19:31,316 INFO      ('train_batch', '4')
2021-01-20 21:19:31,316 INFO      ('test_batch', '4')
2021-01-20 21:19:31,317 INFO      ('lr', '0.001')
2021-01-20 21:19:31,317 INFO      ('drop', '0')
2021-01-20 21:19:31,317 INFO      ('schedule', '[1, 2, 3, 10, 15]')
2021-01-20 21:19:31,317 INFO      ('gamma', '0.8')
2021-01-20 21:19:31,317 INFO      ('momentum', '0.8')
2021-01-20 21:19:31,317 INFO      ('weight_decay', '0.001')
2021-01-20 21:19:31,317 INFO      ('checkpoint', 'checkpoints/my_data_v4_resnet18_seg')
2021-01-20 21:19:31,317 INFO      ('resume', '')
2021-01-20 21:19:31,317 INFO      ('arch', 'resnet18_seg')
2021-01-20 21:19:31,317 INFO      ('manualSeed', '9346')
2021-01-20 21:53:04,245 INFO      epoch: 1, train_acc: 95.71, test_acc: 82.69
2021-01-20 22:29:46,646 INFO      epoch: 2, train_acc: 99.43, test_acc: 88.49
2021-01-20 23:06:21,918 INFO      epoch: 3, train_acc: 99.84, test_acc: 84.33
2021-01-20 23:39:56,973 INFO      epoch: 4, train_acc: 99.96, test_acc: 83.23
2021-01-21 14:41:21,927 INFO      ----------configuration**********
2021-01-21 14:41:21,953 INFO      ('dataset', 'my_data_seg')
2021-01-21 14:41:21,953 INFO      ('train_path', 'G:\\vscode_workspace\\Weather_Recognition\\data_split_v4\\train\\')
2021-01-21 14:41:21,953 INFO      ('test_path', 'G:\\vscode_workspace\\Weather_Recognition\\data_split_v4\\test\\')
2021-01-21 14:41:21,953 INFO      ('imagesize', '224')
2021-01-21 14:41:21,953 INFO      ('epochs', '100')
2021-01-21 14:41:21,953 INFO      ('start_epoch', '0')
2021-01-21 14:41:21,953 INFO      ('train_batch', '4')
2021-01-21 14:41:21,953 INFO      ('test_batch', '4')
2021-01-21 14:41:21,953 INFO      ('lr', '0.001')
2021-01-21 14:41:21,954 INFO      ('drop', '0')
2021-01-21 14:41:21,954 INFO      ('schedule', '[1, 2, 4, 6, 8, 10]')
2021-01-21 14:41:21,954 INFO      ('gamma', '0.8')
2021-01-21 14:41:21,954 INFO      ('momentum', '0.8')
2021-01-21 14:41:21,954 INFO      ('weight_decay', '0.001')
2021-01-21 14:41:21,954 INFO      ('checkpoint', 'checkpoints/my_data_v4_resnet18_seg')
2021-01-21 14:41:21,954 INFO      ('resume', '')
2021-01-21 14:41:21,954 INFO      ('arch', 'resnet18_seg')
2021-01-21 14:41:21,954 INFO      ('manualSeed', '9584')
2021-01-21 15:23:47,200 INFO      epoch: 1, train_acc: 94.09, test_acc: 61.89
2021-01-21 16:03:02,912 INFO      epoch: 2, train_acc: 98.99, test_acc: 54.52
2021-01-21 16:40:39,677 INFO      epoch: 3, train_acc: 99.70, test_acc: 65.62
2021-01-21 17:17:40,809 INFO      epoch: 4, train_acc: 99.82, test_acc: 60.71
2021-01-21 17:19:50,298 INFO      ----------configuration**********
2021-01-21 17:19:50,298 INFO      ('dataset', 'my_data_seg')
2021-01-21 17:19:50,298 INFO      ('train_path', 'G:\\vscode_workspace\\Weather_Recognition\\data_split_v4\\train\\')
2021-01-21 17:19:50,299 INFO      ('test_path', 'G:\\vscode_workspace\\Weather_Recognition\\data_split_v4\\test\\')
2021-01-21 17:19:50,299 INFO      ('imagesize', '224')
2021-01-21 17:19:50,299 INFO      ('epochs', '100')
2021-01-21 17:19:50,299 INFO      ('start_epoch', '0')
2021-01-21 17:19:50,299 INFO      ('train_batch', '4')
2021-01-21 17:19:50,299 INFO      ('test_batch', '4')
2021-01-21 17:19:50,299 INFO      ('lr', '0.001')
2021-01-21 17:19:50,299 INFO      ('drop', '0')
2021-01-21 17:19:50,299 INFO      ('schedule', '[1, 2, 4, 6, 8, 10]')
2021-01-21 17:19:50,299 INFO      ('gamma', '0.8')
2021-01-21 17:19:50,299 INFO      ('momentum', '0.8')
2021-01-21 17:19:50,311 INFO      ('weight_decay', '0.0005')
2021-01-21 17:19:50,312 INFO      ('checkpoint', 'checkpoints/my_data_v4_resnet18_seg')
2021-01-21 17:19:50,312 INFO      ('resume', '')
2021-01-21 17:19:50,312 INFO      ('arch', 'resnet18_seg')
2021-01-21 17:19:50,312 INFO      ('manualSeed', '8371')
2021-01-21 18:01:21,041 INFO      epoch: 1, train_acc: 92.75, test_acc: 67.62
2021-01-21 18:39:04,577 INFO      epoch: 2, train_acc: 98.31, test_acc: 65.94
2021-01-21 19:16:44,090 INFO      epoch: 3, train_acc: 99.29, test_acc: 64.06
2021-01-21 19:55:27,636 INFO      epoch: 4, train_acc: 99.63, test_acc: 62.35
2021-01-21 19:58:06,107 INFO      ----------configuration**********
2021-01-21 19:58:06,108 INFO      ('dataset', 'my_data_seg')
2021-01-21 19:58:06,108 INFO      ('train_path', 'G:\\vscode_workspace\\Weather_Recognition\\data_split_v4\\train\\')
2021-01-21 19:58:06,108 INFO      ('test_path', 'G:\\vscode_workspace\\Weather_Recognition\\data_split_v4\\test\\')
2021-01-21 19:58:06,108 INFO      ('imagesize', '224')
2021-01-21 19:58:06,108 INFO      ('epochs', '100')
2021-01-21 19:58:06,108 INFO      ('start_epoch', '0')
2021-01-21 19:58:06,108 INFO      ('train_batch', '4')
2021-01-21 19:58:06,108 INFO      ('test_batch', '4')
2021-01-21 19:58:06,108 INFO      ('lr', '0.001')
2021-01-21 19:58:06,109 INFO      ('drop', '0')
2021-01-21 19:58:06,109 INFO      ('schedule', '[1, 3, 5, 7, 9]')
2021-01-21 19:58:06,109 INFO      ('gamma', '0.8')
2021-01-21 19:58:06,109 INFO      ('momentum', '0.8')
2021-01-21 19:58:06,109 INFO      ('weight_decay', '0.001')
2021-01-21 19:58:06,109 INFO      ('checkpoint', 'checkpoints/my_data_v4_resnet18_seg')
2021-01-21 19:58:06,109 INFO      ('resume', '')
2021-01-21 19:58:06,109 INFO      ('arch', 'resnet18_seg')
2021-01-21 19:58:06,109 INFO      ('manualSeed', '5079')
2021-01-21 20:43:41,919 INFO      epoch: 1, train_acc: 92.31, test_acc: 60.41
2021-01-21 21:25:11,331 INFO      epoch: 2, train_acc: 99.08, test_acc: 65.27
2021-01-21 22:05:11,810 INFO      epoch: 3, train_acc: 99.59, test_acc: 59.49
2021-01-21 22:45:07,291 INFO      epoch: 4, train_acc: 99.81, test_acc: 63.94
2021-01-21 23:25:13,040 INFO      epoch: 5, train_acc: 99.93, test_acc: 63.97
2021-01-22 00:05:51,376 INFO      epoch: 6, train_acc: 99.94, test_acc: 62.22
2021-01-22 00:46:15,554 INFO      epoch: 7, train_acc: 99.93, test_acc: 52.82
2021-01-22 01:26:52,585 INFO      epoch: 8, train_acc: 99.97, test_acc: 66.92
2021-01-22 02:08:00,467 INFO      epoch: 9, train_acc: 99.96, test_acc: 59.52
2021-01-22 02:48:27,620 INFO      epoch: 10, train_acc: 99.96, test_acc: 65.02
2021-01-22 03:29:17,951 INFO      epoch: 11, train_acc: 99.97, test_acc: 60.54
2021-01-22 04:10:32,677 INFO      epoch: 12, train_acc: 99.96, test_acc: 61.84
2021-01-22 04:51:48,279 INFO      epoch: 13, train_acc: 99.98, test_acc: 58.50
2021-01-22 05:33:34,821 INFO      epoch: 14, train_acc: 99.97, test_acc: 59.33
2021-01-22 06:14:51,080 INFO      epoch: 15, train_acc: 99.97, test_acc: 64.44
2021-01-22 06:56:14,827 INFO      epoch: 16, train_acc: 99.97, test_acc: 61.68
2021-01-22 07:37:46,948 INFO      epoch: 17, train_acc: 99.96, test_acc: 63.62
2021-01-22 08:19:13,746 INFO      epoch: 18, train_acc: 99.97, test_acc: 64.40
2021-01-22 09:00:42,350 INFO      epoch: 19, train_acc: 99.99, test_acc: 63.51
2021-01-22 09:42:24,925 INFO      epoch: 20, train_acc: 99.98, test_acc: 65.81
