2021-05-19 19:45:32,416 INFO      ----------configuration**********
2021-05-19 19:45:32,416 INFO      ('dataset', 'my_data')
2021-05-19 19:45:32,417 INFO      ('train_path', 'G:\\vscode_workspace\\Weather_Recognition\\data2\\train\\')
2021-05-19 19:45:32,417 INFO      ('test_path', 'G:\\vscode_workspace\\Weather_Recognition\\data2\\test\\')
2021-05-19 19:45:32,417 INFO      ('imagesize', '224')
2021-05-19 19:45:32,417 INFO      ('pretrained_path', 'G:\\vscode_workspace\\Weather_Recognition\\checkpoints\\mwd_resnet18\\04_14_14_25_fold_0_model_best.pth.tar')
2021-05-19 19:45:32,417 INFO      ('epochs', '20')
2021-05-19 19:45:32,417 INFO      ('start_epoch', '0')
2021-05-19 19:45:32,417 INFO      ('train_batch', '8')
2021-05-19 19:45:32,418 INFO      ('test_batch', '8')
2021-05-19 19:45:32,418 INFO      ('lr', '0.0005')
2021-05-19 19:45:32,418 INFO      ('drop', '0')
2021-05-19 19:45:32,418 INFO      ('schedule', '[5, 10, 15, 20, 25, 30, 35, 40, 45]')
2021-05-19 19:45:32,418 INFO      ('gamma', '0.9')
2021-05-19 19:45:32,418 INFO      ('momentum', '0.8')
2021-05-19 19:45:32,418 INFO      ('weight_decay', '0.0001')
2021-05-19 19:45:32,418 INFO      ('checkpoint', 'checkpoints/data2_resnet18_transfer_480_smooth')
2021-05-19 19:45:32,418 INFO      ('resume', '')
2021-05-19 19:45:32,418 INFO      ('arch', 'resnet18')
2021-05-19 19:45:32,419 INFO      ('manualSeed', '2416')
