2021-01-28 17:00:55,863 INFO      ----------configuration**********
2021-01-28 17:00:55,863 INFO      ('dataset', 'my_data_seg')
2021-01-28 17:00:55,863 INFO      ('train_path', 'G:\\vscode_workspace\\Weather_Recognition\\data_split_v5\\train\\')
2021-01-28 17:00:55,863 INFO      ('test_path', 'G:\\vscode_workspace\\Weather_Recognition\\data_split_v5\\test\\')
2021-01-28 17:00:55,863 INFO      ('imagesize', '224')
2021-01-28 17:00:55,863 INFO      ('epochs', '100')
2021-01-28 17:00:55,863 INFO      ('start_epoch', '0')
2021-01-28 17:00:55,863 INFO      ('train_batch', '4')
2021-01-28 17:00:55,863 INFO      ('test_batch', '4')
2021-01-28 17:00:55,863 INFO      ('lr', '0.0005')
2021-01-28 17:00:55,863 INFO      ('other_lr', '0.001')
2021-01-28 17:00:55,864 INFO      ('drop', '0')
2021-01-28 17:00:55,864 INFO      ('schedule', '[1, 3, 5, 7, 9]')
2021-01-28 17:00:55,864 INFO      ('gamma', '0.8')
2021-01-28 17:00:55,864 INFO      ('momentum', '0.8')
2021-01-28 17:00:55,864 INFO      ('weight_decay', '0.001')
2021-01-28 17:00:55,864 INFO      ('checkpoint', 'checkpoints/my_data_v5_resnet18_seg_4classes')
2021-01-28 17:00:55,864 INFO      ('resume', '')
2021-01-28 17:00:55,864 INFO      ('arch', 'resnet18_seg')
2021-01-28 17:00:55,864 INFO      ('manualSeed', '9816')
2021-01-28 17:45:05,575 INFO      epoch: 1, train_acc: 93.98, test_acc: 80.48
2021-01-28 18:29:01,791 INFO      epoch: 2, train_acc: 99.19, test_acc: 83.39
2021-01-28 19:13:55,590 INFO      epoch: 3, train_acc: 99.44, test_acc: 80.60
2021-01-28 19:58:08,300 INFO      epoch: 4, train_acc: 99.61, test_acc: 85.59
2021-01-28 20:43:03,619 INFO      epoch: 5, train_acc: 99.66, test_acc: 81.93
2021-01-28 21:26:49,113 INFO      epoch: 6, train_acc: 99.75, test_acc: 80.89
2021-01-28 22:10:40,094 INFO      epoch: 7, train_acc: 99.84, test_acc: 84.67
2021-01-28 22:32:55,716 INFO      ----------configuration**********
2021-01-28 22:32:55,716 INFO      ('dataset', 'my_data_seg')
2021-01-28 22:32:55,716 INFO      ('train_path', 'G:\\vscode_workspace\\Weather_Recognition\\data_split_v5\\train\\')
2021-01-28 22:32:55,716 INFO      ('test_path', 'G:\\vscode_workspace\\Weather_Recognition\\data_split_v5\\test\\')
2021-01-28 22:32:55,716 INFO      ('imagesize', '224')
2021-01-28 22:32:55,716 INFO      ('epochs', '100')
2021-01-28 22:32:55,716 INFO      ('start_epoch', '0')
2021-01-28 22:32:55,717 INFO      ('train_batch', '4')
2021-01-28 22:32:55,717 INFO      ('test_batch', '4')
2021-01-28 22:32:55,717 INFO      ('lr', '0.001')
2021-01-28 22:32:55,717 INFO      ('other_lr', '0.002')
2021-01-28 22:32:55,717 INFO      ('drop', '0')
2021-01-28 22:32:55,717 INFO      ('schedule', '[1, 3, 5, 7, 9]')
2021-01-28 22:32:55,717 INFO      ('gamma', '0.8')
2021-01-28 22:32:55,717 INFO      ('momentum', '0.8')
2021-01-28 22:32:55,717 INFO      ('weight_decay', '0.001')
2021-01-28 22:32:55,717 INFO      ('checkpoint', 'checkpoints/my_data_v5_resnet18_seg_4classes')
2021-01-28 22:32:55,717 INFO      ('resume', '')
2021-01-28 22:32:55,717 INFO      ('arch', 'resnet18_seg')
2021-01-28 22:32:55,717 INFO      ('manualSeed', '3311')
2021-01-28 23:17:20,223 INFO      epoch: 1, train_acc: 94.87, test_acc: 83.65
2021-01-29 00:02:03,630 INFO      epoch: 2, train_acc: 99.43, test_acc: 86.04
2021-01-29 00:46:29,995 INFO      epoch: 3, train_acc: 99.56, test_acc: 88.57
2021-01-29 01:30:38,713 INFO      epoch: 4, train_acc: 99.80, test_acc: 89.06
2021-01-29 02:14:47,526 INFO      epoch: 5, train_acc: 99.88, test_acc: 88.20
2021-01-29 02:58:41,626 INFO      epoch: 6, train_acc: 99.95, test_acc: 90.09
2021-01-29 03:42:52,251 INFO      epoch: 7, train_acc: 99.92, test_acc: 86.04
2021-01-29 04:26:54,612 INFO      epoch: 8, train_acc: 99.95, test_acc: 88.34
2021-01-29 05:10:58,996 INFO      epoch: 9, train_acc: 99.96, test_acc: 86.86
2021-01-29 05:54:57,063 INFO      epoch: 10, train_acc: 99.97, test_acc: 85.83
2021-01-29 06:38:58,835 INFO      epoch: 11, train_acc: 99.97, test_acc: 87.99
2021-01-29 07:23:04,221 INFO      epoch: 12, train_acc: 99.98, test_acc: 87.26
2021-01-29 08:07:03,313 INFO      epoch: 13, train_acc: 99.98, test_acc: 88.48
2021-01-29 08:50:59,296 INFO      epoch: 14, train_acc: 99.99, test_acc: 87.51
2021-01-29 09:35:14,634 INFO      epoch: 15, train_acc: 99.98, test_acc: 88.50
2021-01-29 10:20:34,961 INFO      epoch: 16, train_acc: 99.97, test_acc: 89.11
2021-01-29 11:06:39,762 INFO      epoch: 17, train_acc: 99.99, test_acc: 88.48
2021-01-29 11:54:49,076 INFO      epoch: 18, train_acc: 99.99, test_acc: 89.70
2021-01-29 12:41:34,392 INFO      epoch: 19, train_acc: 99.99, test_acc: 87.71
2021-01-29 13:28:14,883 INFO      epoch: 20, train_acc: 99.98, test_acc: 88.30
2021-01-29 14:15:14,990 INFO      epoch: 21, train_acc: 99.99, test_acc: 90.46
2021-01-29 15:03:25,236 INFO      epoch: 22, train_acc: 99.99, test_acc: 87.43
2021-01-29 15:51:02,816 INFO      epoch: 23, train_acc: 99.99, test_acc: 88.57
2021-01-29 16:39:43,420 INFO      epoch: 24, train_acc: 99.97, test_acc: 86.63
2021-01-29 17:11:56,003 INFO      ----------configuration**********
2021-01-29 17:11:56,003 INFO      ('dataset', 'my_data_seg')
2021-01-29 17:11:56,003 INFO      ('train_path', 'G:\\vscode_workspace\\Weather_Recognition\\data_split_v5\\train\\')
2021-01-29 17:11:56,003 INFO      ('test_path', 'G:\\vscode_workspace\\Weather_Recognition\\data_split_v5\\test\\')
2021-01-29 17:11:56,004 INFO      ('imagesize', '224')
2021-01-29 17:11:56,004 INFO      ('epochs', '100')
2021-01-29 17:11:56,004 INFO      ('start_epoch', '0')
2021-01-29 17:11:56,004 INFO      ('train_batch', '4')
2021-01-29 17:11:56,004 INFO      ('test_batch', '4')
2021-01-29 17:11:56,004 INFO      ('lr', '0.001')
2021-01-29 17:11:56,004 INFO      ('other_lr', '0.002')
2021-01-29 17:11:56,004 INFO      ('drop', '0')
2021-01-29 17:11:56,004 INFO      ('schedule', '[1, 3, 5, 7, 9]')
2021-01-29 17:11:56,004 INFO      ('gamma', '0.8')
2021-01-29 17:11:56,004 INFO      ('momentum', '0.8')
2021-01-29 17:11:56,004 INFO      ('weight_decay', '0.001')
2021-01-29 17:11:56,004 INFO      ('checkpoint', 'checkpoints/my_data_v5_resnet18_seg_4classes')
2021-01-29 17:11:56,004 INFO      ('resume', '')
2021-01-29 17:11:56,004 INFO      ('arch', 'resnet18_seg')
2021-01-29 17:11:56,004 INFO      ('manualSeed', '9547')
2021-01-29 17:57:13,943 INFO      epoch: 1, train_acc: 95.10, test_acc: 85.04
2021-01-29 18:42:16,330 INFO      epoch: 2, train_acc: 99.43, test_acc: 87.20
2021-01-29 19:32:01,351 INFO      epoch: 3, train_acc: 99.71, test_acc: 87.08
2021-01-29 20:21:50,783 INFO      epoch: 4, train_acc: 99.82, test_acc: 83.54
2021-01-29 21:09:05,532 INFO      epoch: 5, train_acc: 99.77, test_acc: 88.48
2021-01-29 21:56:06,246 INFO      epoch: 6, train_acc: 99.88, test_acc: 82.90
2021-01-29 22:43:18,272 INFO      epoch: 7, train_acc: 99.91, test_acc: 84.49
2021-01-29 23:30:22,896 INFO      epoch: 8, train_acc: 99.90, test_acc: 87.32
2021-01-30 00:17:31,413 INFO      epoch: 9, train_acc: 99.96, test_acc: 86.96
2021-01-30 01:04:49,203 INFO      epoch: 10, train_acc: 99.97, test_acc: 84.82
2021-01-30 01:52:17,193 INFO      epoch: 11, train_acc: 99.96, test_acc: 85.45
2021-01-30 02:39:47,234 INFO      epoch: 12, train_acc: 99.98, test_acc: 85.93
2021-01-30 03:27:18,731 INFO      epoch: 13, train_acc: 99.96, test_acc: 88.67
2021-01-30 04:14:31,867 INFO      epoch: 14, train_acc: 99.97, test_acc: 85.43
2021-01-30 05:01:51,393 INFO      epoch: 15, train_acc: 99.98, test_acc: 88.29
2021-01-30 05:49:23,092 INFO      epoch: 16, train_acc: 99.96, test_acc: 83.20
2021-01-30 06:37:05,955 INFO      epoch: 17, train_acc: 99.98, test_acc: 84.89
2021-01-30 07:24:43,179 INFO      epoch: 18, train_acc: 99.99, test_acc: 84.62
2021-01-30 08:12:35,499 INFO      epoch: 19, train_acc: 99.97, test_acc: 86.52
2021-01-30 09:00:29,113 INFO      epoch: 20, train_acc: 99.98, test_acc: 82.09
2021-01-30 09:48:42,387 INFO      epoch: 21, train_acc: 99.99, test_acc: 88.20
2021-01-30 10:36:43,460 INFO      epoch: 22, train_acc: 99.98, test_acc: 87.84
2021-01-30 11:23:35,143 INFO      epoch: 23, train_acc: 99.98, test_acc: 89.24
2021-01-30 12:10:20,645 INFO      epoch: 24, train_acc: 99.99, test_acc: 87.56
2021-01-30 12:57:01,826 INFO      epoch: 25, train_acc: 99.98, test_acc: 85.43
2021-01-30 13:43:40,212 INFO      epoch: 26, train_acc: 99.99, test_acc: 84.22
2021-01-30 14:30:28,526 INFO      epoch: 27, train_acc: 99.99, test_acc: 88.09
2021-01-30 15:17:11,565 INFO      epoch: 28, train_acc: 99.98, test_acc: 88.18
2021-01-30 16:03:50,789 INFO      epoch: 29, train_acc: 99.99, test_acc: 88.33
2021-01-30 16:50:32,974 INFO      epoch: 30, train_acc: 99.97, test_acc: 85.05
2021-01-30 17:37:28,555 INFO      epoch: 31, train_acc: 99.99, test_acc: 85.74
2021-01-30 18:24:42,351 INFO      epoch: 32, train_acc: 99.98, test_acc: 84.84
2021-01-30 19:12:01,721 INFO      epoch: 33, train_acc: 100.00, test_acc: 87.08
2021-01-30 19:58:46,583 INFO      epoch: 34, train_acc: 100.00, test_acc: 86.23
2021-01-30 20:44:44,292 INFO      epoch: 35, train_acc: 99.99, test_acc: 86.02
2021-01-30 21:30:41,898 INFO      epoch: 36, train_acc: 99.88, test_acc: 83.90
2021-01-30 22:16:41,711 INFO      epoch: 37, train_acc: 99.97, test_acc: 89.27
2021-01-30 23:02:45,623 INFO      epoch: 38, train_acc: 99.98, test_acc: 84.71
2021-01-30 23:48:44,381 INFO      epoch: 39, train_acc: 99.98, test_acc: 86.25
2021-01-31 00:34:44,670 INFO      epoch: 40, train_acc: 99.99, test_acc: 84.24
2021-01-31 01:20:44,482 INFO      epoch: 41, train_acc: 99.99, test_acc: 85.08
2021-01-31 02:06:46,480 INFO      epoch: 42, train_acc: 100.00, test_acc: 84.89
2021-01-31 02:52:45,406 INFO      epoch: 43, train_acc: 100.00, test_acc: 82.92
2021-01-31 03:38:52,517 INFO      epoch: 44, train_acc: 99.99, test_acc: 87.12
2021-01-31 04:24:58,706 INFO      epoch: 45, train_acc: 99.98, test_acc: 87.50
2021-01-31 05:10:59,614 INFO      epoch: 46, train_acc: 100.00, test_acc: 85.92
2021-01-31 05:57:01,073 INFO      epoch: 47, train_acc: 99.99, test_acc: 87.62
2021-01-31 06:43:11,544 INFO      epoch: 48, train_acc: 99.99, test_acc: 87.50
2021-01-31 07:29:11,076 INFO      epoch: 49, train_acc: 99.99, test_acc: 83.58
2021-01-31 08:15:10,676 INFO      epoch: 50, train_acc: 99.96, test_acc: 89.15
2021-01-31 09:01:10,270 INFO      epoch: 51, train_acc: 100.00, test_acc: 85.83
2021-01-31 09:47:36,716 INFO      epoch: 52, train_acc: 100.00, test_acc: 87.06
2021-01-31 10:31:55,640 INFO      epoch: 53, train_acc: 99.99, test_acc: 88.18
2021-01-31 11:18:22,895 INFO      epoch: 54, train_acc: 99.99, test_acc: 86.56
2021-01-31 12:04:36,580 INFO      epoch: 55, train_acc: 99.98, test_acc: 87.11
2021-01-31 12:50:56,619 INFO      epoch: 56, train_acc: 100.00, test_acc: 90.18
2021-01-31 13:37:10,510 INFO      epoch: 57, train_acc: 100.00, test_acc: 91.01
2021-01-31 14:23:29,741 INFO      epoch: 58, train_acc: 100.00, test_acc: 88.80
2021-01-31 15:09:54,388 INFO      epoch: 59, train_acc: 99.99, test_acc: 86.52
2021-01-31 15:56:19,025 INFO      epoch: 60, train_acc: 99.96, test_acc: 86.59
2021-01-31 16:42:40,983 INFO      epoch: 61, train_acc: 100.00, test_acc: 86.37
2021-01-31 17:29:07,770 INFO      epoch: 62, train_acc: 99.99, test_acc: 86.97
2021-01-31 18:15:36,116 INFO      epoch: 63, train_acc: 99.98, test_acc: 87.61
2021-01-31 19:02:04,135 INFO      epoch: 64, train_acc: 100.00, test_acc: 87.07
2021-01-31 19:48:34,930 INFO      epoch: 65, train_acc: 100.00, test_acc: 87.56
2021-01-31 20:35:08,087 INFO      epoch: 66, train_acc: 99.98, test_acc: 88.37
2021-01-31 21:21:40,620 INFO      epoch: 67, train_acc: 100.00, test_acc: 86.55
2021-01-31 22:08:11,213 INFO      epoch: 68, train_acc: 99.99, test_acc: 86.32
