2021-03-16 21:49:00,482 INFO      ----------configuration**********
2021-03-16 21:49:00,483 INFO      ('dataset', 'my_data')
2021-03-16 21:49:00,483 INFO      ('train_path', 'G:\\vscode_workspace\\Weather_Recognition\\data_split_v5\\train\\')
2021-03-16 21:49:00,483 INFO      ('test_path', 'G:\\vscode_workspace\\Weather_Recognition\\data_split_v5\\test\\')
2021-03-16 21:49:00,483 INFO      ('imagesize', '224')
2021-03-16 21:49:00,483 INFO      ('epochs', '100')
2021-03-16 21:49:00,483 INFO      ('start_epoch', '0')
2021-03-16 21:49:00,483 INFO      ('train_batch', '4')
2021-03-16 21:49:00,483 INFO      ('test_batch', '4')
2021-03-16 21:49:00,483 INFO      ('lr', '0.001')
2021-03-16 21:49:00,483 INFO      ('drop', '0')
2021-03-16 21:49:00,483 INFO      ('schedule', '[5, 10, 15]')
2021-03-16 21:49:00,483 INFO      ('gamma', '0.8')
2021-03-16 21:49:00,483 INFO      ('momentum', '0.8')
2021-03-16 21:49:00,484 INFO      ('weight_decay', '0.001')
2021-03-16 21:49:00,484 INFO      ('checkpoint', 'checkpoints/my_data_v6_resnet18_dilated')
2021-03-16 21:49:00,484 INFO      ('resume', '')
2021-03-16 21:49:00,484 INFO      ('arch', 'resnet18')
2021-03-16 21:49:00,484 INFO      ('manualSeed', '2060')
2021-03-16 21:51:21,899 INFO      ----------configuration**********
2021-03-16 21:51:21,900 INFO      ('dataset', 'my_data')
2021-03-16 21:51:21,900 INFO      ('train_path', 'G:\\vscode_workspace\\Weather_Recognition\\data_split_v5\\train\\')
2021-03-16 21:51:21,900 INFO      ('test_path', 'G:\\vscode_workspace\\Weather_Recognition\\data_split_v5\\test\\')
2021-03-16 21:51:21,900 INFO      ('imagesize', '224')
2021-03-16 21:51:21,900 INFO      ('epochs', '100')
2021-03-16 21:51:21,900 INFO      ('start_epoch', '0')
2021-03-16 21:51:21,900 INFO      ('train_batch', '4')
2021-03-16 21:51:21,900 INFO      ('test_batch', '4')
2021-03-16 21:51:21,900 INFO      ('lr', '0.001')
2021-03-16 21:51:21,900 INFO      ('drop', '0')
2021-03-16 21:51:21,901 INFO      ('schedule', '[5, 10, 15]')
2021-03-16 21:51:21,901 INFO      ('gamma', '0.8')
2021-03-16 21:51:21,901 INFO      ('momentum', '0.8')
2021-03-16 21:51:21,901 INFO      ('weight_decay', '0.001')
2021-03-16 21:51:21,901 INFO      ('checkpoint', 'checkpoints/my_data_v6_resnet18_dilated')
2021-03-16 21:51:21,901 INFO      ('resume', '')
2021-03-16 21:51:21,901 INFO      ('arch', 'resnet18')
2021-03-16 21:51:21,901 INFO      ('manualSeed', '1085')
