2021-05-20 13:01:59,631 INFO      ----------configuration**********
2021-05-20 13:01:59,631 INFO      ('dataset', 'my_data')
2021-05-20 13:01:59,631 INFO      ('train_path', 'G:\\vscode_workspace\\Weather_Recognition\\data_v6_new\\train2\\')
2021-05-20 13:01:59,631 INFO      ('test_path', 'G:\\vscode_workspace\\Weather_Recognition\\data_v6_new\\test2\\')
2021-05-20 13:01:59,631 INFO      ('imagesize', '224')
2021-05-20 13:01:59,632 INFO      ('pretrained_path', 'G:\\vscode_workspace\\Weather_Recognition\\checkpoints\\mwd_resnet18\\04_14_14_25_fold_0_model_best.pth.tar')
2021-05-20 13:01:59,632 INFO      ('epochs', '20')
2021-05-20 13:01:59,632 INFO      ('start_epoch', '0')
2021-05-20 13:01:59,632 INFO      ('train_batch', '8')
2021-05-20 13:01:59,632 INFO      ('test_batch', '8')
2021-05-20 13:01:59,632 INFO      ('lr', '0.0005')
2021-05-20 13:01:59,632 INFO      ('drop', '0')
2021-05-20 13:01:59,632 INFO      ('schedule', '[5, 10, 15, 20, 25, 30, 35, 40, 45]')
2021-05-20 13:01:59,632 INFO      ('gamma', '0.9')
2021-05-20 13:01:59,632 INFO      ('momentum', '0.8')
2021-05-20 13:01:59,632 INFO      ('weight_decay', '0.0001')
2021-05-20 13:01:59,633 INFO      ('checkpoint', 'checkpoints/my_data_v6_new_resnet18_transfer_480')
2021-05-20 13:01:59,633 INFO      ('resume', '')
2021-05-20 13:01:59,633 INFO      ('arch', 'resnet18')
2021-05-20 13:01:59,633 INFO      ('manualSeed', '3409')
2021-05-20 13:20:57,974 INFO      epoch: 1, train_acc: 96.35, test_acc: 80.70
2021-05-20 13:36:01,426 INFO      epoch: 2, train_acc: 99.86, test_acc: 81.39
2021-05-20 13:50:55,028 INFO      epoch: 3, train_acc: 99.91, test_acc: 78.73
2021-05-20 14:05:40,877 INFO      epoch: 4, train_acc: 99.99, test_acc: 80.06
2021-05-20 14:20:25,992 INFO      epoch: 5, train_acc: 99.98, test_acc: 78.41
2021-05-20 14:35:02,147 INFO      epoch: 6, train_acc: 99.99, test_acc: 74.53
2021-05-20 14:51:23,223 INFO      ----------configuration**********
2021-05-20 14:51:23,223 INFO      ('dataset', 'my_data')
2021-05-20 14:51:23,223 INFO      ('train_path', 'G:\\vscode_workspace\\Weather_Recognition\\data_v6_new\\train2\\')
2021-05-20 14:51:23,223 INFO      ('test_path', 'G:\\vscode_workspace\\Weather_Recognition\\data_v6_new\\test2\\')
2021-05-20 14:51:23,223 INFO      ('imagesize', '224')
2021-05-20 14:51:23,223 INFO      ('pretrained_path', 'G:\\vscode_workspace\\Weather_Recognition\\checkpoints\\mwd_resnet18\\04_14_14_25_fold_0_model_best.pth.tar')
2021-05-20 14:51:23,223 INFO      ('epochs', '20')
2021-05-20 14:51:23,223 INFO      ('start_epoch', '0')
2021-05-20 14:51:23,223 INFO      ('train_batch', '8')
2021-05-20 14:51:23,223 INFO      ('test_batch', '8')
2021-05-20 14:51:23,223 INFO      ('lr', '0.0001')
2021-05-20 14:51:23,223 INFO      ('drop', '0')
2021-05-20 14:51:23,224 INFO      ('schedule', '[5, 10, 15, 20, 25, 30, 35, 40, 45]')
2021-05-20 14:51:23,224 INFO      ('gamma', '0.9')
2021-05-20 14:51:23,224 INFO      ('momentum', '0.8')
2021-05-20 14:51:23,224 INFO      ('weight_decay', '0.0005')
2021-05-20 14:51:23,224 INFO      ('checkpoint', 'checkpoints/my_data_v6_new_resnet18_transfer_480')
2021-05-20 14:51:23,224 INFO      ('resume', '')
2021-05-20 14:51:23,224 INFO      ('arch', 'resnet18')
2021-05-20 14:51:23,224 INFO      ('manualSeed', '5351')
2021-05-20 15:11:34,380 INFO      epoch: 1, train_acc: 86.45, test_acc: 85.42, val_acc: 72.54
2021-05-20 15:30:02,775 INFO      epoch: 2, train_acc: 98.22, test_acc: 83.37, val_acc: 71.92
