2021-05-19 15:47:14,904 INFO      ----------configuration**********
2021-05-19 15:47:14,905 INFO      ('dataset', 'my_data')
2021-05-19 15:47:14,905 INFO      ('train_path', 'G:\\vscode_workspace\\Weather_Recognition\\data2\\train\\')
2021-05-19 15:47:14,905 INFO      ('test_path', 'G:\\vscode_workspace\\Weather_Recognition\\data2\\test\\')
2021-05-19 15:47:14,905 INFO      ('imagesize', '224')
2021-05-19 15:47:14,905 INFO      ('pretrained_path', 'G:\\vscode_workspace\\Weather_Recognition\\checkpoints\\mwd_resnet18\\04_14_14_25_fold_0_model_best.pth.tar')
2021-05-19 15:47:14,905 INFO      ('epochs', '20')
2021-05-19 15:47:14,905 INFO      ('start_epoch', '0')
2021-05-19 15:47:14,905 INFO      ('train_batch', '4')
2021-05-19 15:47:14,906 INFO      ('test_batch', '4')
2021-05-19 15:47:14,906 INFO      ('lr', '0.0005')
2021-05-19 15:47:14,906 INFO      ('drop', '0')
2021-05-19 15:47:14,906 INFO      ('schedule', '[5, 10, 15, 20, 25, 30, 35, 40, 45]')
2021-05-19 15:47:14,906 INFO      ('gamma', '0.9')
2021-05-19 15:47:14,906 INFO      ('momentum', '0.8')
2021-05-19 15:47:14,906 INFO      ('weight_decay', '0.0001')
2021-05-19 15:47:14,906 INFO      ('checkpoint', 'checkpoints/data2_resnet18_transfer_480')
2021-05-19 15:47:14,906 INFO      ('resume', '')
2021-05-19 15:47:14,906 INFO      ('arch', 'resnet18')
2021-05-19 15:47:14,906 INFO      ('manualSeed', '7389')
2021-05-19 15:49:12,382 INFO      epoch: 1, train_acc: 73.80, test_acc: 83.28
2021-05-19 15:51:09,239 INFO      epoch: 2, train_acc: 87.16, test_acc: 81.60
2021-05-19 15:53:06,108 INFO      epoch: 3, train_acc: 91.53, test_acc: 72.06
2021-05-19 15:55:02,255 INFO      epoch: 4, train_acc: 94.95, test_acc: 76.03
2021-05-19 15:56:58,040 INFO      epoch: 5, train_acc: 96.23, test_acc: 79.65
2021-05-19 15:58:51,229 INFO      ----------configuration**********
2021-05-19 15:58:51,230 INFO      ('dataset', 'my_data')
2021-05-19 15:58:51,230 INFO      ('train_path', 'G:\\vscode_workspace\\Weather_Recognition\\data2\\train\\')
2021-05-19 15:58:51,230 INFO      ('test_path', 'G:\\vscode_workspace\\Weather_Recognition\\data2\\test\\')
2021-05-19 15:58:51,230 INFO      ('imagesize', '224')
2021-05-19 15:58:51,230 INFO      ('pretrained_path', 'G:\\vscode_workspace\\Weather_Recognition\\checkpoints\\mwd_resnet18\\04_14_14_25_fold_0_model_best.pth.tar')
2021-05-19 15:58:51,230 INFO      ('epochs', '20')
2021-05-19 15:58:51,230 INFO      ('start_epoch', '0')
2021-05-19 15:58:51,230 INFO      ('train_batch', '4')
2021-05-19 15:58:51,230 INFO      ('test_batch', '4')
2021-05-19 15:58:51,230 INFO      ('lr', '0.0001')
2021-05-19 15:58:51,230 INFO      ('drop', '0')
2021-05-19 15:58:51,230 INFO      ('schedule', '[5, 10, 15, 20, 25, 30, 35, 40, 45]')
2021-05-19 15:58:51,230 INFO      ('gamma', '0.9')
2021-05-19 15:58:51,230 INFO      ('momentum', '0.8')
2021-05-19 15:58:51,230 INFO      ('weight_decay', '0.0005')
2021-05-19 15:58:51,230 INFO      ('checkpoint', 'checkpoints/data2_resnet18_transfer_480')
2021-05-19 15:58:51,230 INFO      ('resume', '')
2021-05-19 15:58:51,230 INFO      ('arch', 'resnet18')
2021-05-19 15:58:51,230 INFO      ('manualSeed', '1675')
2021-05-19 16:00:48,119 INFO      epoch: 1, train_acc: 59.60, test_acc: 73.45
2021-05-19 16:02:43,462 INFO      epoch: 2, train_acc: 74.06, test_acc: 76.03
2021-05-19 16:04:38,432 INFO      epoch: 3, train_acc: 79.78, test_acc: 72.26
2021-05-19 16:06:36,168 INFO      epoch: 4, train_acc: 82.38, test_acc: 82.93
2021-05-19 16:08:31,417 INFO      epoch: 5, train_acc: 85.54, test_acc: 82.02
2021-05-19 16:10:26,511 INFO      epoch: 6, train_acc: 86.52, test_acc: 81.18
2021-05-19 16:12:21,553 INFO      epoch: 7, train_acc: 88.14, test_acc: 79.30
2021-05-19 16:14:16,751 INFO      epoch: 8, train_acc: 90.55, test_acc: 81.81
2021-05-19 16:16:13,288 INFO      epoch: 9, train_acc: 90.78, test_acc: 77.07
2021-05-19 16:18:08,091 INFO      epoch: 10, train_acc: 91.94, test_acc: 82.51
2021-05-19 16:20:04,271 INFO      epoch: 11, train_acc: 90.25, test_acc: 77.98
2021-05-19 16:22:05,956 INFO      epoch: 12, train_acc: 91.79, test_acc: 78.47
2021-05-19 16:24:03,584 INFO      epoch: 13, train_acc: 93.22, test_acc: 84.53
2021-05-19 16:26:00,102 INFO      epoch: 14, train_acc: 92.92, test_acc: 80.14
2021-05-19 16:27:57,702 INFO      epoch: 15, train_acc: 92.70, test_acc: 74.77
2021-05-19 16:29:56,194 INFO      epoch: 16, train_acc: 94.05, test_acc: 77.21
2021-05-19 16:30:55,432 INFO      ----------configuration**********
2021-05-19 16:30:55,433 INFO      ('dataset', 'my_data')
2021-05-19 16:30:55,433 INFO      ('train_path', 'G:\\vscode_workspace\\Weather_Recognition\\data2\\train\\')
2021-05-19 16:30:55,433 INFO      ('test_path', 'G:\\vscode_workspace\\Weather_Recognition\\data2\\test\\')
2021-05-19 16:30:55,433 INFO      ('imagesize', '224')
2021-05-19 16:30:55,433 INFO      ('pretrained_path', 'G:\\vscode_workspace\\Weather_Recognition\\checkpoints\\mwd_resnet18\\04_14_14_25_fold_0_model_best.pth.tar')
2021-05-19 16:30:55,433 INFO      ('epochs', '20')
2021-05-19 16:30:55,433 INFO      ('start_epoch', '0')
2021-05-19 16:30:55,433 INFO      ('train_batch', '8')
2021-05-19 16:30:55,433 INFO      ('test_batch', '8')
2021-05-19 16:30:55,433 INFO      ('lr', '0.0005')
2021-05-19 16:30:55,433 INFO      ('drop', '0')
2021-05-19 16:30:55,433 INFO      ('schedule', '[5, 10, 15, 20, 25, 30, 35, 40, 45]')
2021-05-19 16:30:55,433 INFO      ('gamma', '0.9')
2021-05-19 16:30:55,433 INFO      ('momentum', '0.8')
2021-05-19 16:30:55,433 INFO      ('weight_decay', '0.0005')
2021-05-19 16:30:55,433 INFO      ('checkpoint', 'checkpoints/data2_resnet18_transfer_480')
2021-05-19 16:30:55,433 INFO      ('resume', '')
2021-05-19 16:30:55,433 INFO      ('arch', 'resnet18')
2021-05-19 16:30:55,434 INFO      ('manualSeed', '3616')
2021-05-19 16:32:49,152 INFO      epoch: 1, train_acc: 75.87, test_acc: 78.68
2021-05-19 16:34:41,432 INFO      epoch: 2, train_acc: 91.64, test_acc: 77.07
2021-05-19 16:36:39,564 INFO      epoch: 3, train_acc: 94.50, test_acc: 80.42
2021-05-19 16:38:31,652 INFO      epoch: 4, train_acc: 96.27, test_acc: 79.86
2021-05-19 16:40:22,783 INFO      epoch: 5, train_acc: 97.74, test_acc: 77.70
2021-05-19 16:42:13,727 INFO      epoch: 6, train_acc: 98.46, test_acc: 80.42
2021-05-19 16:44:04,888 INFO      epoch: 7, train_acc: 98.83, test_acc: 77.70
2021-05-19 16:45:56,095 INFO      epoch: 8, train_acc: 98.98, test_acc: 80.49
2021-05-19 16:47:47,181 INFO      epoch: 9, train_acc: 99.55, test_acc: 81.32
2021-05-19 16:49:37,958 INFO      epoch: 10, train_acc: 99.66, test_acc: 77.00
2021-05-19 16:51:31,905 INFO      epoch: 11, train_acc: 99.70, test_acc: 73.52
2021-05-19 16:53:23,940 INFO      epoch: 12, train_acc: 99.51, test_acc: 77.14
2021-05-19 16:55:15,440 INFO      epoch: 13, train_acc: 99.06, test_acc: 79.93
2021-05-19 16:57:06,730 INFO      epoch: 14, train_acc: 99.70, test_acc: 80.28
2021-05-19 16:58:58,140 INFO      epoch: 15, train_acc: 99.55, test_acc: 78.26
2021-05-19 17:00:50,118 INFO      epoch: 16, train_acc: 99.51, test_acc: 75.33
2021-05-19 17:02:42,975 INFO      epoch: 17, train_acc: 99.74, test_acc: 81.32
2021-05-19 17:04:36,177 INFO      epoch: 18, train_acc: 99.55, test_acc: 79.72
2021-05-19 17:07:05,454 INFO      epoch: 19, train_acc: 99.85, test_acc: 79.72
2021-05-19 17:09:00,111 INFO      epoch: 20, train_acc: 99.62, test_acc: 72.96
2021-05-19 17:09:00,111 INFO      best_acc: 81.32
2021-05-19 17:09:45,394 INFO      ----------configuration**********
2021-05-19 17:09:45,394 INFO      ('dataset', 'my_data')
2021-05-19 17:09:45,394 INFO      ('train_path', 'G:\\vscode_workspace\\Weather_Recognition\\data2\\train\\')
2021-05-19 17:09:45,394 INFO      ('test_path', 'G:\\vscode_workspace\\Weather_Recognition\\data2\\test\\')
2021-05-19 17:09:45,394 INFO      ('imagesize', '224')
2021-05-19 17:09:45,394 INFO      ('pretrained_path', 'G:\\vscode_workspace\\Weather_Recognition\\checkpoints\\mwd_resnet18\\04_14_14_25_fold_0_model_best.pth.tar')
2021-05-19 17:09:45,394 INFO      ('epochs', '20')
2021-05-19 17:09:45,394 INFO      ('start_epoch', '0')
2021-05-19 17:09:45,394 INFO      ('train_batch', '8')
2021-05-19 17:09:45,395 INFO      ('test_batch', '8')
2021-05-19 17:09:45,395 INFO      ('lr', '0.0005')
2021-05-19 17:09:45,395 INFO      ('drop', '0')
2021-05-19 17:09:45,395 INFO      ('schedule', '[5, 10, 15, 20, 25, 30, 35, 40, 45]')
2021-05-19 17:09:45,395 INFO      ('gamma', '0.9')
2021-05-19 17:09:45,395 INFO      ('momentum', '0.8')
2021-05-19 17:09:45,395 INFO      ('weight_decay', '0.0001')
2021-05-19 17:09:45,395 INFO      ('checkpoint', 'checkpoints/data2_resnet18_transfer_480')
2021-05-19 17:09:45,395 INFO      ('resume', '')
2021-05-19 17:09:45,395 INFO      ('arch', 'resnet18')
2021-05-19 17:09:45,395 INFO      ('manualSeed', '8288')
2021-05-19 17:11:41,028 INFO      epoch: 1, train_acc: 74.28, test_acc: 82.02
2021-05-19 17:13:35,269 INFO      epoch: 2, train_acc: 90.93, test_acc: 82.86
2021-05-19 17:15:30,353 INFO      epoch: 3, train_acc: 94.39, test_acc: 82.72
2021-05-19 17:17:22,254 INFO      epoch: 4, train_acc: 96.72, test_acc: 80.77
2021-05-19 17:19:14,970 INFO      epoch: 5, train_acc: 98.00, test_acc: 80.91
2021-05-19 17:21:13,415 INFO      epoch: 6, train_acc: 98.53, test_acc: 77.91
2021-05-19 17:23:08,320 INFO      epoch: 7, train_acc: 99.06, test_acc: 80.84
2021-05-19 17:25:02,007 INFO      epoch: 8, train_acc: 98.76, test_acc: 78.68
2021-05-19 17:26:55,406 INFO      epoch: 9, train_acc: 99.21, test_acc: 82.02
2021-05-19 17:28:48,581 INFO      epoch: 10, train_acc: 99.44, test_acc: 83.14
2021-05-19 17:30:40,813 INFO      epoch: 11, train_acc: 99.44, test_acc: 81.46
2021-05-19 17:32:33,845 INFO      epoch: 12, train_acc: 99.70, test_acc: 84.25
2021-05-19 17:34:27,114 INFO      epoch: 13, train_acc: 99.70, test_acc: 81.88
2021-05-19 17:36:22,210 INFO      epoch: 14, train_acc: 99.59, test_acc: 78.19
2021-05-19 17:38:16,638 INFO      epoch: 15, train_acc: 99.89, test_acc: 82.37
2021-05-19 17:40:08,970 INFO      epoch: 16, train_acc: 99.25, test_acc: 79.51
2021-05-19 17:42:01,962 INFO      epoch: 17, train_acc: 99.77, test_acc: 81.11
2021-05-19 17:43:53,449 INFO      epoch: 18, train_acc: 99.47, test_acc: 82.51
2021-05-19 17:45:44,164 INFO      epoch: 19, train_acc: 99.62, test_acc: 84.18
2021-05-19 17:47:35,487 INFO      epoch: 20, train_acc: 99.51, test_acc: 81.60
2021-05-19 17:47:35,487 INFO      best_acc: 84.25

采用 WCE
2021-05-20 16:49:24,336 INFO      ----------configuration**********
2021-05-20 16:49:24,336 INFO      ('dataset', 'my_data')
2021-05-20 16:49:24,336 INFO      ('train_path', 'G:\\vscode_workspace\\Weather_Recognition\\data2\\train\\')
2021-05-20 16:49:24,337 INFO      ('test_path', 'G:\\vscode_workspace\\Weather_Recognition\\data2\\test\\')
2021-05-20 16:49:24,337 INFO      ('imagesize', '224')
2021-05-20 16:49:24,337 INFO      ('pretrained_path', 'G:\\vscode_workspace\\Weather_Recognition\\checkpoints\\mwd_resnet18\\04_14_14_25_fold_0_model_best.pth.tar')
2021-05-20 16:49:24,337 INFO      ('epochs', '20')
2021-05-20 16:49:24,337 INFO      ('start_epoch', '0')
2021-05-20 16:49:24,337 INFO      ('train_batch', '8')
2021-05-20 16:49:24,337 INFO      ('test_batch', '8')
2021-05-20 16:49:24,337 INFO      ('lr', '0.0001')
2021-05-20 16:49:24,337 INFO      ('drop', '0')
2021-05-20 16:49:24,337 INFO      ('schedule', '[5, 10, 15, 20, 25, 30, 35, 40, 45]')
2021-05-20 16:49:24,337 INFO      ('gamma', '0.9')
2021-05-20 16:49:24,337 INFO      ('momentum', '0.8')
2021-05-20 16:49:24,337 INFO      ('weight_decay', '0.0005')
2021-05-20 16:49:24,337 INFO      ('checkpoint', 'checkpoints/data2_resnet18_transfer_480')
2021-05-20 16:49:24,337 INFO      ('resume', '')
2021-05-20 16:49:24,337 INFO      ('arch', 'resnet18')
2021-05-20 16:49:24,337 INFO      ('manualSeed', '2937')
2021-05-20 16:51:07,002 INFO      ----------configuration**********
2021-05-20 16:51:07,002 INFO      ('dataset', 'my_data')
2021-05-20 16:51:07,002 INFO      ('train_path', 'G:\\vscode_workspace\\Weather_Recognition\\data2\\train\\')
2021-05-20 16:51:07,002 INFO      ('test_path', 'G:\\vscode_workspace\\Weather_Recognition\\data2\\test\\')
2021-05-20 16:51:07,003 INFO      ('imagesize', '224')
2021-05-20 16:51:07,003 INFO      ('pretrained_path', 'G:\\vscode_workspace\\Weather_Recognition\\checkpoints\\mwd_resnet18\\04_14_14_25_fold_0_model_best.pth.tar')
2021-05-20 16:51:07,003 INFO      ('epochs', '20')
2021-05-20 16:51:07,003 INFO      ('start_epoch', '0')
2021-05-20 16:51:07,003 INFO      ('train_batch', '8')
2021-05-20 16:51:07,003 INFO      ('test_batch', '8')
2021-05-20 16:51:07,003 INFO      ('lr', '0.0001')
2021-05-20 16:51:07,003 INFO      ('drop', '0')
2021-05-20 16:51:07,003 INFO      ('schedule', '[5, 10, 15, 20, 25, 30, 35, 40, 45]')
2021-05-20 16:51:07,003 INFO      ('gamma', '0.9')
2021-05-20 16:51:07,003 INFO      ('momentum', '0.8')
2021-05-20 16:51:07,003 INFO      ('weight_decay', '0.0005')
2021-05-20 16:51:07,003 INFO      ('checkpoint', 'checkpoints/data2_resnet18_transfer_480')
2021-05-20 16:51:07,003 INFO      ('resume', '')
2021-05-20 16:51:07,003 INFO      ('arch', 'resnet18')
2021-05-20 16:51:07,003 INFO      ('manualSeed', '7779')
2021-05-20 16:52:51,627 INFO      epoch: 1, train_acc: 59.83, test_acc: 61.67
2021-05-20 16:54:34,051 INFO      epoch: 2, train_acc: 76.36, test_acc: 73.52
2021-05-20 16:56:21,734 INFO      epoch: 3, train_acc: 82.34, test_acc: 76.45
2021-05-20 16:58:09,545 INFO      epoch: 4, train_acc: 84.60, test_acc: 79.09
2021-05-20 16:58:55,017 INFO      ----------configuration**********
2021-05-20 16:58:55,018 INFO      ('dataset', 'my_data')
2021-05-20 16:58:55,018 INFO      ('train_path', 'G:\\vscode_workspace\\Weather_Recognition\\data2\\train\\')
2021-05-20 16:58:55,018 INFO      ('test_path', 'G:\\vscode_workspace\\Weather_Recognition\\data2\\test\\')
2021-05-20 16:58:55,018 INFO      ('imagesize', '224')
2021-05-20 16:58:55,018 INFO      ('pretrained_path', 'G:\\vscode_workspace\\Weather_Recognition\\checkpoints\\mwd_resnet18\\04_14_14_25_fold_0_model_best.pth.tar')
2021-05-20 16:58:55,018 INFO      ('epochs', '20')
2021-05-20 16:58:55,018 INFO      ('start_epoch', '0')
2021-05-20 16:58:55,018 INFO      ('train_batch', '8')
2021-05-20 16:58:55,018 INFO      ('test_batch', '8')
2021-05-20 16:58:55,018 INFO      ('lr', '0.0005')
2021-05-20 16:58:55,018 INFO      ('drop', '0')
2021-05-20 16:58:55,018 INFO      ('schedule', '[5, 10, 15, 20, 25, 30, 35, 40, 45]')
2021-05-20 16:58:55,018 INFO      ('gamma', '0.9')
2021-05-20 16:58:55,018 INFO      ('momentum', '0.8')
2021-05-20 16:58:55,018 INFO      ('weight_decay', '0.0001')
2021-05-20 16:58:55,018 INFO      ('checkpoint', 'checkpoints/data2_resnet18_transfer_480')
2021-05-20 16:58:55,018 INFO      ('resume', '')
2021-05-20 16:58:55,018 INFO      ('arch', 'resnet18')
2021-05-20 16:58:55,018 INFO      ('manualSeed', '7482')
2021-05-20 17:00:41,245 INFO      epoch: 1, train_acc: 75.83, test_acc: 80.49
2021-05-20 17:02:26,459 INFO      epoch: 2, train_acc: 90.40, test_acc: 84.74
2021-05-20 17:04:09,784 INFO      epoch: 3, train_acc: 94.58, test_acc: 81.74
2021-05-20 17:05:53,211 INFO      epoch: 4, train_acc: 96.50, test_acc: 81.39
2021-05-20 17:07:37,974 INFO      epoch: 5, train_acc: 96.84, test_acc: 78.26
2021-05-20 17:09:24,509 INFO      epoch: 6, train_acc: 97.93, test_acc: 76.10
2021-05-20 17:11:15,312 INFO      epoch: 7, train_acc: 98.76, test_acc: 80.07
