2021-03-18 11:01:54,761 INFO      ----------configuration**********
2021-03-18 11:01:54,762 INFO      ('dataset', 'my_data')
2021-03-18 11:01:54,762 INFO      ('train_path', 'G:\\vscode_workspace\\Weather_Recognition\\data_split_v6\\train\\')
2021-03-18 11:01:54,762 INFO      ('test_path', 'G:\\vscode_workspace\\Weather_Recognition\\data_split_v6\\test\\')
2021-03-18 11:01:54,762 INFO      ('imagesize', '224')
2021-03-18 11:01:54,762 INFO      ('epochs', '100')
2021-03-18 11:01:54,762 INFO      ('start_epoch', '0')
2021-03-18 11:01:54,762 INFO      ('train_batch', '4')
2021-03-18 11:01:54,762 INFO      ('test_batch', '4')
2021-03-18 11:01:54,762 INFO      ('lr', '0.001')
2021-03-18 11:01:54,763 INFO      ('drop', '0')
2021-03-18 11:01:54,763 INFO      ('schedule', '[5, 10, 15]')
2021-03-18 11:01:54,763 INFO      ('gamma', '0.8')
2021-03-18 11:01:54,763 INFO      ('momentum', '0.8')
2021-03-18 11:01:54,763 INFO      ('weight_decay', '0.0005')
2021-03-18 11:01:54,763 INFO      ('checkpoint', 'checkpoints/my_data_v6_resnet18_g_l')
2021-03-18 11:01:54,763 INFO      ('resume', '')
2021-03-18 11:01:54,763 INFO      ('arch', 'resnet18')
2021-03-18 11:01:54,763 INFO      ('manualSeed', '5690')
2021-03-18 11:04:40,736 INFO      ----------configuration**********
2021-03-18 11:04:40,737 INFO      ('dataset', 'my_data')
2021-03-18 11:04:40,737 INFO      ('train_path', 'G:\\vscode_workspace\\Weather_Recognition\\data_split_v6\\train\\')
2021-03-18 11:04:40,737 INFO      ('test_path', 'G:\\vscode_workspace\\Weather_Recognition\\data_split_v6\\test\\')
2021-03-18 11:04:40,737 INFO      ('imagesize', '224')
2021-03-18 11:04:40,737 INFO      ('epochs', '100')
2021-03-18 11:04:40,737 INFO      ('start_epoch', '0')
2021-03-18 11:04:40,737 INFO      ('train_batch', '4')
2021-03-18 11:04:40,737 INFO      ('test_batch', '4')
2021-03-18 11:04:40,737 INFO      ('lr', '0.001')
2021-03-18 11:04:40,738 INFO      ('drop', '0')
2021-03-18 11:04:40,738 INFO      ('schedule', '[5, 10, 15]')
2021-03-18 11:04:40,738 INFO      ('gamma', '0.8')
2021-03-18 11:04:40,738 INFO      ('momentum', '0.8')
2021-03-18 11:04:40,738 INFO      ('weight_decay', '0.0005')
2021-03-18 11:04:40,738 INFO      ('checkpoint', 'checkpoints/my_data_v6_resnet18_g_l')
2021-03-18 11:04:40,738 INFO      ('resume', '')
2021-03-18 11:04:40,738 INFO      ('arch', 'resnet18')
2021-03-18 11:04:40,738 INFO      ('manualSeed', '6444')
2021-03-18 11:05:23,851 INFO      ----------configuration**********
2021-03-18 11:05:23,852 INFO      ('dataset', 'my_data')
2021-03-18 11:05:23,852 INFO      ('train_path', 'G:\\vscode_workspace\\Weather_Recognition\\data_split_v6\\train\\')
2021-03-18 11:05:23,852 INFO      ('test_path', 'G:\\vscode_workspace\\Weather_Recognition\\data_split_v6\\test\\')
2021-03-18 11:05:23,852 INFO      ('imagesize', '224')
2021-03-18 11:05:23,852 INFO      ('epochs', '100')
2021-03-18 11:05:23,852 INFO      ('start_epoch', '0')
2021-03-18 11:05:23,852 INFO      ('train_batch', '4')
2021-03-18 11:05:23,852 INFO      ('test_batch', '4')
2021-03-18 11:05:23,852 INFO      ('lr', '0.001')
2021-03-18 11:05:23,852 INFO      ('drop', '0')
2021-03-18 11:05:23,852 INFO      ('schedule', '[5, 10, 15]')
2021-03-18 11:05:23,853 INFO      ('gamma', '0.8')
2021-03-18 11:05:23,853 INFO      ('momentum', '0.8')
2021-03-18 11:05:23,853 INFO      ('weight_decay', '0.0005')
2021-03-18 11:05:23,853 INFO      ('checkpoint', 'checkpoints/my_data_v6_resnet18_g_l')
2021-03-18 11:05:23,853 INFO      ('resume', '')
2021-03-18 11:05:23,853 INFO      ('arch', 'resnet18')
2021-03-18 11:05:23,853 INFO      ('manualSeed', '138')
2021-03-18 11:07:44,209 INFO      ----------configuration**********
2021-03-18 11:07:44,210 INFO      ('dataset', 'my_data')
2021-03-18 11:07:44,210 INFO      ('train_path', 'G:\\vscode_workspace\\Weather_Recognition\\data_split_v6\\train\\')
2021-03-18 11:07:44,210 INFO      ('test_path', 'G:\\vscode_workspace\\Weather_Recognition\\data_split_v6\\test\\')
2021-03-18 11:07:44,210 INFO      ('imagesize', '224')
2021-03-18 11:07:44,210 INFO      ('epochs', '100')
2021-03-18 11:07:44,210 INFO      ('start_epoch', '0')
2021-03-18 11:07:44,210 INFO      ('train_batch', '4')
2021-03-18 11:07:44,210 INFO      ('test_batch', '4')
2021-03-18 11:07:44,210 INFO      ('lr', '0.001')
2021-03-18 11:07:44,210 INFO      ('drop', '0')
2021-03-18 11:07:44,210 INFO      ('schedule', '[5, 10, 15]')
2021-03-18 11:07:44,211 INFO      ('gamma', '0.8')
2021-03-18 11:07:44,211 INFO      ('momentum', '0.8')
2021-03-18 11:07:44,211 INFO      ('weight_decay', '0.0005')
2021-03-18 11:07:44,211 INFO      ('checkpoint', 'checkpoints/my_data_v6_resnet18_g_l')
2021-03-18 11:07:44,211 INFO      ('resume', '')
2021-03-18 11:07:44,211 INFO      ('arch', 'resnet18')
2021-03-18 11:07:44,211 INFO      ('manualSeed', '412')
2021-03-18 11:08:53,128 INFO      ----------configuration**********
2021-03-18 11:08:53,128 INFO      ('dataset', 'my_data')
2021-03-18 11:08:53,129 INFO      ('train_path', 'G:\\vscode_workspace\\Weather_Recognition\\data_split_v6\\train\\')
2021-03-18 11:08:53,129 INFO      ('test_path', 'G:\\vscode_workspace\\Weather_Recognition\\data_split_v6\\test\\')
2021-03-18 11:08:53,129 INFO      ('imagesize', '224')
2021-03-18 11:08:53,129 INFO      ('epochs', '100')
2021-03-18 11:08:53,129 INFO      ('start_epoch', '0')
2021-03-18 11:08:53,129 INFO      ('train_batch', '4')
2021-03-18 11:08:53,129 INFO      ('test_batch', '4')
2021-03-18 11:08:53,129 INFO      ('lr', '0.001')
2021-03-18 11:08:53,129 INFO      ('drop', '0')
2021-03-18 11:08:53,129 INFO      ('schedule', '[5, 10, 15]')
2021-03-18 11:08:53,129 INFO      ('gamma', '0.8')
2021-03-18 11:08:53,129 INFO      ('momentum', '0.8')
2021-03-18 11:08:53,130 INFO      ('weight_decay', '0.0005')
2021-03-18 11:08:53,130 INFO      ('checkpoint', 'checkpoints/my_data_v6_resnet18_g_l')
2021-03-18 11:08:53,130 INFO      ('resume', '')
2021-03-18 11:08:53,130 INFO      ('arch', 'resnet18')
2021-03-18 11:08:53,130 INFO      ('manualSeed', '5510')
2021-03-18 11:09:09,679 INFO      ----------configuration**********
2021-03-18 11:09:09,679 INFO      ('dataset', 'my_data')
2021-03-18 11:09:09,680 INFO      ('train_path', 'G:\\vscode_workspace\\Weather_Recognition\\data_split_v6\\train\\')
2021-03-18 11:09:09,680 INFO      ('test_path', 'G:\\vscode_workspace\\Weather_Recognition\\data_split_v6\\test\\')
2021-03-18 11:09:09,680 INFO      ('imagesize', '224')
2021-03-18 11:09:09,680 INFO      ('epochs', '100')
2021-03-18 11:09:09,680 INFO      ('start_epoch', '0')
2021-03-18 11:09:09,680 INFO      ('train_batch', '4')
2021-03-18 11:09:09,680 INFO      ('test_batch', '4')
2021-03-18 11:09:09,680 INFO      ('lr', '0.001')
2021-03-18 11:09:09,680 INFO      ('drop', '0')
2021-03-18 11:09:09,680 INFO      ('schedule', '[5, 10, 15]')
2021-03-18 11:09:09,680 INFO      ('gamma', '0.8')
2021-03-18 11:09:09,680 INFO      ('momentum', '0.8')
2021-03-18 11:09:09,680 INFO      ('weight_decay', '0.0005')
2021-03-18 11:09:09,681 INFO      ('checkpoint', 'checkpoints/my_data_v6_resnet18_g_l')
2021-03-18 11:09:09,681 INFO      ('resume', '')
2021-03-18 11:09:09,681 INFO      ('arch', 'resnet18')
2021-03-18 11:09:09,681 INFO      ('manualSeed', '5037')
2021-03-18 11:58:45,738 INFO      epoch: 1, train_acc: 92.45, test_acc: 72.17
2021-03-18 12:46:49,426 INFO      epoch: 2, train_acc: 99.92, test_acc: 68.05
2021-03-18 13:34:39,465 INFO      epoch: 3, train_acc: 99.96, test_acc: 63.65
2021-03-18 14:22:32,542 INFO      epoch: 4, train_acc: 99.99, test_acc: 65.11
