2020-12-25 10:19:38,557 INFO      ----------configuration**********
2020-12-25 10:19:38,558 INFO      ('dataset', 'mwd')
2020-12-25 10:19:38,558 INFO      ('root_path', 'G:\\dataset\\MWD\\weather_classification\\')
2020-12-25 10:19:38,558 INFO      ('imagesize', '224')
2020-12-25 10:19:38,558 INFO      ('epochs', '100')
2020-12-25 10:19:38,558 INFO      ('start_epoch', '0')
2020-12-25 10:19:38,558 INFO      ('train_batch', '16')
2020-12-25 10:19:38,559 INFO      ('test_batch', '16')
2020-12-25 10:19:38,559 INFO      ('lr', '0.001')
2020-12-25 10:19:38,559 INFO      ('drop', '0')
2020-12-25 10:19:38,559 INFO      ('schedule', '[20, 30, 40]')
2020-12-25 10:19:38,559 INFO      ('gamma', '0.9')
2020-12-25 10:19:38,559 INFO      ('momentum', '0.8')
2020-12-25 10:19:38,560 INFO      ('weight_decay', '0.0001')
2020-12-25 10:19:38,560 INFO      ('checkpoint', 'checkpoints/mwd_resnet50_adv')
2020-12-25 10:19:38,560 INFO      ('resume', '')
2020-12-25 10:19:38,560 INFO      ('arch', 'resnet50_adv')
2020-12-25 10:19:38,560 INFO      ('manualSeed', '3103')
2020-12-25 10:20:42,024 INFO      ----------configuration**********
2020-12-25 10:20:42,025 INFO      ('dataset', 'mwd')
2020-12-25 10:20:42,025 INFO      ('root_path', 'G:\\dataset\\MWD\\weather_classification\\')
2020-12-25 10:20:42,025 INFO      ('imagesize', '224')
2020-12-25 10:20:42,025 INFO      ('epochs', '100')
2020-12-25 10:20:42,026 INFO      ('start_epoch', '0')
2020-12-25 10:20:42,026 INFO      ('train_batch', '16')
2020-12-25 10:20:42,026 INFO      ('test_batch', '16')
2020-12-25 10:20:42,026 INFO      ('lr', '0.001')
2020-12-25 10:20:42,026 INFO      ('drop', '0')
2020-12-25 10:20:42,026 INFO      ('schedule', '[20, 30, 40]')
2020-12-25 10:20:42,026 INFO      ('gamma', '0.9')
2020-12-25 10:20:42,026 INFO      ('momentum', '0.8')
2020-12-25 10:20:42,026 INFO      ('weight_decay', '0.0001')
2020-12-25 10:20:42,026 INFO      ('checkpoint', 'checkpoints/mwd_resnet50_adv')
2020-12-25 10:20:42,026 INFO      ('resume', '')
2020-12-25 10:20:42,026 INFO      ('arch', 'resnet50_adv')
2020-12-25 10:20:42,027 INFO      ('manualSeed', '3766')
2020-12-25 10:21:29,512 INFO      ----------configuration**********
2020-12-25 10:21:29,512 INFO      ('dataset', 'mwd')
2020-12-25 10:21:29,513 INFO      ('root_path', 'G:\\dataset\\MWD\\weather_classification\\')
2020-12-25 10:21:29,513 INFO      ('imagesize', '224')
2020-12-25 10:21:29,513 INFO      ('epochs', '100')
2020-12-25 10:21:29,513 INFO      ('start_epoch', '0')
2020-12-25 10:21:29,513 INFO      ('train_batch', '16')
2020-12-25 10:21:29,513 INFO      ('test_batch', '16')
2020-12-25 10:21:29,513 INFO      ('lr', '0.001')
2020-12-25 10:21:29,513 INFO      ('drop', '0')
2020-12-25 10:21:29,513 INFO      ('schedule', '[20, 30, 40]')
2020-12-25 10:21:29,513 INFO      ('gamma', '0.9')
2020-12-25 10:21:29,513 INFO      ('momentum', '0.8')
2020-12-25 10:21:29,514 INFO      ('weight_decay', '0.0001')
2020-12-25 10:21:29,514 INFO      ('checkpoint', 'checkpoints/mwd_resnet50_adv')
2020-12-25 10:21:29,514 INFO      ('resume', '')
2020-12-25 10:21:29,514 INFO      ('arch', 'resnet50_adv')
2020-12-25 10:21:29,514 INFO      ('manualSeed', '8294')
2020-12-25 10:21:56,669 INFO      ----------configuration**********
2020-12-25 10:21:56,669 INFO      ('dataset', 'mwd')
2020-12-25 10:21:56,669 INFO      ('root_path', 'G:\\dataset\\MWD\\weather_classification\\')
2020-12-25 10:21:56,670 INFO      ('imagesize', '224')
2020-12-25 10:21:56,670 INFO      ('epochs', '100')
2020-12-25 10:21:56,670 INFO      ('start_epoch', '0')
2020-12-25 10:21:56,670 INFO      ('train_batch', '16')
2020-12-25 10:21:56,670 INFO      ('test_batch', '16')
2020-12-25 10:21:56,670 INFO      ('lr', '0.001')
2020-12-25 10:21:56,670 INFO      ('drop', '0')
2020-12-25 10:21:56,670 INFO      ('schedule', '[20, 30, 40]')
2020-12-25 10:21:56,670 INFO      ('gamma', '0.9')
2020-12-25 10:21:56,670 INFO      ('momentum', '0.8')
2020-12-25 10:21:56,670 INFO      ('weight_decay', '0.0001')
2020-12-25 10:21:56,671 INFO      ('checkpoint', 'checkpoints/mwd_resnet50_adv')
2020-12-25 10:21:56,671 INFO      ('resume', '')
2020-12-25 10:21:56,671 INFO      ('arch', 'resnet50_adv')
2020-12-25 10:21:56,671 INFO      ('manualSeed', '4092')
2020-12-25 10:23:35,995 INFO      ----------configuration**********
2020-12-25 10:23:35,996 INFO      ('dataset', 'mwd')
2020-12-25 10:23:35,996 INFO      ('root_path', 'G:\\dataset\\MWD\\weather_classification\\')
2020-12-25 10:23:35,996 INFO      ('imagesize', '224')
2020-12-25 10:23:35,996 INFO      ('epochs', '100')
2020-12-25 10:23:35,996 INFO      ('start_epoch', '0')
2020-12-25 10:23:35,996 INFO      ('train_batch', '16')
2020-12-25 10:23:35,996 INFO      ('test_batch', '16')
2020-12-25 10:23:35,996 INFO      ('lr', '0.001')
2020-12-25 10:23:35,996 INFO      ('drop', '0')
2020-12-25 10:23:35,997 INFO      ('schedule', '[20, 30, 40]')
2020-12-25 10:23:35,997 INFO      ('gamma', '0.9')
2020-12-25 10:23:35,997 INFO      ('momentum', '0.8')
2020-12-25 10:23:35,997 INFO      ('weight_decay', '0.0001')
2020-12-25 10:23:35,997 INFO      ('checkpoint', 'checkpoints/mwd_resnet50_adv')
2020-12-25 10:23:35,997 INFO      ('resume', '')
2020-12-25 10:23:35,997 INFO      ('arch', 'resnet50_adv')
2020-12-25 10:23:35,997 INFO      ('manualSeed', '3440')
2020-12-25 10:36:23,088 INFO      ----------configuration**********
2020-12-25 10:36:23,089 INFO      ('dataset', 'mwd')
2020-12-25 10:36:23,089 INFO      ('root_path', 'G:\\dataset\\MWD\\weather_classification\\')
2020-12-25 10:36:23,089 INFO      ('imagesize', '224')
2020-12-25 10:36:23,089 INFO      ('epochs', '100')
2020-12-25 10:36:23,089 INFO      ('start_epoch', '0')
2020-12-25 10:36:23,089 INFO      ('train_batch', '16')
2020-12-25 10:36:23,089 INFO      ('test_batch', '16')
2020-12-25 10:36:23,089 INFO      ('lr', '0.001')
2020-12-25 10:36:23,089 INFO      ('drop', '0')
2020-12-25 10:36:23,089 INFO      ('schedule', '[20, 30, 40]')
2020-12-25 10:36:23,090 INFO      ('gamma', '0.9')
2020-12-25 10:36:23,090 INFO      ('momentum', '0.8')
2020-12-25 10:36:23,090 INFO      ('weight_decay', '0.0001')
2020-12-25 10:36:23,090 INFO      ('checkpoint', 'checkpoints/mwd_resnet50_adv')
2020-12-25 10:36:23,090 INFO      ('resume', '')
2020-12-25 10:36:23,090 INFO      ('arch', 'resnet50_adv')
2020-12-25 10:36:23,090 INFO      ('manualSeed', '6794')
2020-12-25 15:48:21,674 INFO      ----------configuration**********
2020-12-25 15:48:21,692 INFO      ('dataset', 'mwd')
2020-12-25 15:48:21,693 INFO      ('root_path', 'G:\\dataset\\MWD\\weather_classification\\')
2020-12-25 15:48:21,693 INFO      ('imagesize', '224')
2020-12-25 15:48:21,693 INFO      ('epochs', '100')
2020-12-25 15:48:21,693 INFO      ('start_epoch', '0')
2020-12-25 15:48:21,693 INFO      ('train_batch', '16')
2020-12-25 15:48:21,693 INFO      ('test_batch', '16')
2020-12-25 15:48:21,693 INFO      ('lr', '0.001')
2020-12-25 15:48:21,693 INFO      ('drop', '0')
2020-12-25 15:48:21,693 INFO      ('schedule', '[20, 30, 40]')
2020-12-25 15:48:21,693 INFO      ('gamma', '0.9')
2020-12-25 15:48:21,693 INFO      ('momentum', '0.8')
2020-12-25 15:48:21,693 INFO      ('weight_decay', '0.0001')
2020-12-25 15:48:21,693 INFO      ('checkpoint', 'checkpoints/mwd_resnet50_adv')
2020-12-25 15:48:21,693 INFO      ('resume', '')
2020-12-25 15:48:21,693 INFO      ('arch', 'resnet50_adv')
2020-12-25 15:48:21,693 INFO      ('manualSeed', '5838')
2020-12-25 16:05:43,513 INFO      epoch: 1, train_acc: 69.59, test_acc: 79.70
2020-12-25 16:20:29,223 INFO      epoch: 2, train_acc: 80.23, test_acc: 81.28
2020-12-25 16:35:08,525 INFO      epoch: 3, train_acc: 83.85, test_acc: 84.74
2020-12-25 16:49:48,897 INFO      epoch: 4, train_acc: 86.64, test_acc: 83.94
2020-12-25 17:04:30,002 INFO      epoch: 5, train_acc: 88.90, test_acc: 85.70
2020-12-25 17:19:15,832 INFO      epoch: 6, train_acc: 91.11, test_acc: 84.63
2020-12-25 17:33:54,414 INFO      epoch: 7, train_acc: 93.20, test_acc: 85.66
2020-12-25 17:48:38,491 INFO      epoch: 8, train_acc: 94.31, test_acc: 86.20
2020-12-25 18:03:16,692 INFO      epoch: 9, train_acc: 95.41, test_acc: 86.59
2020-12-25 18:17:45,172 INFO      epoch: 10, train_acc: 96.12, test_acc: 86.29
2020-12-25 18:32:17,486 INFO      epoch: 11, train_acc: 96.65, test_acc: 86.36
2020-12-25 18:46:45,726 INFO      epoch: 12, train_acc: 97.17, test_acc: 86.39
2020-12-25 19:01:12,207 INFO      epoch: 13, train_acc: 97.59, test_acc: 86.41
2020-12-25 19:15:40,876 INFO      epoch: 14, train_acc: 97.75, test_acc: 86.26
2020-12-25 19:30:03,595 INFO      epoch: 15, train_acc: 98.03, test_acc: 86.60
2020-12-25 19:44:21,676 INFO      epoch: 16, train_acc: 98.29, test_acc: 87.22
2020-12-25 19:58:41,731 INFO      epoch: 17, train_acc: 98.39, test_acc: 87.04
2020-12-25 20:13:01,924 INFO      epoch: 18, train_acc: 98.35, test_acc: 87.21
2020-12-25 20:27:22,887 INFO      epoch: 19, train_acc: 98.50, test_acc: 86.68
2020-12-25 20:41:48,583 INFO      epoch: 20, train_acc: 98.60, test_acc: 87.09
2020-12-25 20:56:10,015 INFO      epoch: 21, train_acc: 98.72, test_acc: 87.36
2020-12-25 21:10:31,888 INFO      epoch: 22, train_acc: 98.79, test_acc: 87.37
2020-12-25 21:24:52,628 INFO      epoch: 23, train_acc: 98.84, test_acc: 86.99
2020-12-25 21:39:16,230 INFO      epoch: 24, train_acc: 98.88, test_acc: 87.74
2020-12-25 21:53:39,928 INFO      epoch: 25, train_acc: 98.89, test_acc: 87.25
2020-12-25 22:08:00,396 INFO      epoch: 26, train_acc: 98.95, test_acc: 87.26
2020-12-25 22:22:18,974 INFO      epoch: 27, train_acc: 98.94, test_acc: 87.36
2020-12-25 22:36:38,726 INFO      epoch: 28, train_acc: 98.99, test_acc: 87.38
2020-12-25 22:51:03,271 INFO      epoch: 29, train_acc: 99.03, test_acc: 87.44
2020-12-25 23:05:22,899 INFO      epoch: 30, train_acc: 98.98, test_acc: 87.55
2020-12-25 23:19:44,796 INFO      epoch: 31, train_acc: 99.07, test_acc: 86.82
2020-12-25 23:34:05,144 INFO      epoch: 32, train_acc: 99.15, test_acc: 87.32
2020-12-25 23:48:28,409 INFO      epoch: 33, train_acc: 99.07, test_acc: 87.20
2020-12-26 00:02:49,608 INFO      epoch: 34, train_acc: 99.10, test_acc: 87.16
2020-12-26 00:17:11,665 INFO      epoch: 35, train_acc: 99.08, test_acc: 87.49
2020-12-26 00:31:31,294 INFO      epoch: 36, train_acc: 99.14, test_acc: 87.37
2020-12-26 00:45:52,506 INFO      epoch: 37, train_acc: 99.14, test_acc: 87.33
2020-12-26 01:00:14,936 INFO      epoch: 38, train_acc: 99.11, test_acc: 87.66
2020-12-26 01:14:39,466 INFO      epoch: 39, train_acc: 99.10, test_acc: 87.27
2020-12-26 01:29:02,050 INFO      epoch: 40, train_acc: 99.16, test_acc: 87.41
2020-12-26 01:43:24,668 INFO      epoch: 41, train_acc: 99.12, test_acc: 86.96
2020-12-26 01:57:48,904 INFO      epoch: 42, train_acc: 99.23, test_acc: 87.54
2020-12-26 02:12:10,066 INFO      epoch: 43, train_acc: 99.16, test_acc: 87.25
2020-12-26 02:26:39,711 INFO      epoch: 44, train_acc: 99.22, test_acc: 87.49
2020-12-26 02:41:03,870 INFO      epoch: 45, train_acc: 99.21, test_acc: 87.45
2020-12-26 02:55:26,369 INFO      epoch: 46, train_acc: 99.20, test_acc: 87.04
2020-12-26 03:09:55,873 INFO      epoch: 47, train_acc: 99.21, test_acc: 87.13
2020-12-26 03:24:20,128 INFO      epoch: 48, train_acc: 99.21, test_acc: 87.46
2020-12-26 03:38:46,249 INFO      epoch: 49, train_acc: 99.20, test_acc: 87.47
2020-12-26 03:53:12,704 INFO      epoch: 50, train_acc: 99.22, test_acc: 87.61
2020-12-26 04:07:34,162 INFO      epoch: 51, train_acc: 99.23, test_acc: 87.52
2020-12-26 04:21:58,770 INFO      epoch: 52, train_acc: 99.22, test_acc: 87.63
2020-12-26 04:36:22,642 INFO      epoch: 53, train_acc: 99.26, test_acc: 87.58
2020-12-26 04:50:41,843 INFO      epoch: 54, train_acc: 99.22, test_acc: 87.57
2020-12-26 05:05:13,813 INFO      epoch: 55, train_acc: 99.25, test_acc: 87.10
2020-12-26 05:19:37,996 INFO      epoch: 56, train_acc: 99.23, test_acc: 87.52
2020-12-26 05:33:58,614 INFO      epoch: 57, train_acc: 99.27, test_acc: 87.50
2020-12-26 05:48:21,249 INFO      epoch: 58, train_acc: 99.20, test_acc: 87.44
2020-12-26 06:02:46,862 INFO      epoch: 59, train_acc: 99.23, test_acc: 87.23
2020-12-26 06:17:10,486 INFO      epoch: 60, train_acc: 99.19, test_acc: 87.25
2020-12-26 06:31:33,990 INFO      epoch: 61, train_acc: 99.29, test_acc: 87.13
2020-12-26 06:45:55,338 INFO      epoch: 62, train_acc: 99.20, test_acc: 87.09
2020-12-26 07:00:22,001 INFO      epoch: 63, train_acc: 99.27, test_acc: 87.53
2020-12-26 07:14:45,580 INFO      epoch: 64, train_acc: 99.23, test_acc: 87.29
2020-12-26 07:29:05,976 INFO      epoch: 65, train_acc: 99.23, test_acc: 87.45
2020-12-26 07:43:26,028 INFO      epoch: 66, train_acc: 99.28, test_acc: 87.41
2020-12-26 07:57:46,159 INFO      epoch: 67, train_acc: 99.27, test_acc: 87.52
2020-12-26 08:12:05,516 INFO      epoch: 68, train_acc: 99.24, test_acc: 87.40
2020-12-26 08:26:30,930 INFO      epoch: 69, train_acc: 99.26, test_acc: 87.57
2020-12-26 08:40:55,615 INFO      epoch: 70, train_acc: 99.27, test_acc: 87.39
2020-12-26 08:55:18,058 INFO      epoch: 71, train_acc: 99.23, test_acc: 87.71
2020-12-26 09:09:39,737 INFO      epoch: 72, train_acc: 99.22, test_acc: 87.28
2020-12-26 09:24:06,965 INFO      epoch: 73, train_acc: 99.22, test_acc: 87.34
2020-12-26 09:38:32,558 INFO      epoch: 74, train_acc: 99.29, test_acc: 87.66
2020-12-26 09:52:56,164 INFO      epoch: 75, train_acc: 99.28, test_acc: 87.35
2020-12-26 10:07:24,983 INFO      epoch: 76, train_acc: 99.27, test_acc: 87.59
2020-12-26 10:21:53,623 INFO      epoch: 77, train_acc: 99.29, test_acc: 87.56
2020-12-26 10:36:23,004 INFO      epoch: 78, train_acc: 99.27, test_acc: 87.61
2020-12-26 10:50:46,611 INFO      epoch: 79, train_acc: 99.25, test_acc: 87.04
2020-12-26 11:05:10,247 INFO      epoch: 80, train_acc: 99.25, test_acc: 87.32
2020-12-26 11:19:37,209 INFO      epoch: 81, train_acc: 99.26, test_acc: 87.38
2020-12-26 11:34:05,999 INFO      epoch: 82, train_acc: 99.30, test_acc: 87.52
2020-12-26 11:48:32,602 INFO      epoch: 83, train_acc: 99.29, test_acc: 87.25
2020-12-26 12:02:58,881 INFO      epoch: 84, train_acc: 99.28, test_acc: 87.48
2020-12-26 12:17:23,808 INFO      epoch: 85, train_acc: 99.31, test_acc: 87.52
2020-12-26 12:31:46,658 INFO      epoch: 86, train_acc: 99.26, test_acc: 87.55
2020-12-26 12:46:08,758 INFO      epoch: 87, train_acc: 99.30, test_acc: 87.48
2020-12-26 13:00:32,173 INFO      epoch: 88, train_acc: 99.21, test_acc: 86.84
2020-12-26 13:14:56,407 INFO      epoch: 89, train_acc: 99.27, test_acc: 87.64
2020-12-26 13:29:22,499 INFO      epoch: 90, train_acc: 99.27, test_acc: 87.06
2020-12-26 13:43:46,552 INFO      epoch: 91, train_acc: 99.30, test_acc: 87.37
2020-12-26 13:58:07,075 INFO      epoch: 92, train_acc: 99.27, test_acc: 87.53
2020-12-26 14:12:32,228 INFO      epoch: 93, train_acc: 99.31, test_acc: 87.30
2020-12-26 14:26:56,996 INFO      epoch: 94, train_acc: 99.28, test_acc: 87.63
2020-12-26 14:41:23,989 INFO      epoch: 95, train_acc: 99.32, test_acc: 87.37
2020-12-26 14:55:54,057 INFO      epoch: 96, train_acc: 99.28, test_acc: 87.18
2020-12-26 15:10:25,201 INFO      epoch: 97, train_acc: 99.27, test_acc: 87.53
2020-12-26 15:24:51,120 INFO      epoch: 98, train_acc: 99.30, test_acc: 87.14
2020-12-26 15:39:15,435 INFO      epoch: 99, train_acc: 99.26, test_acc: 87.36
2020-12-26 15:53:41,368 INFO      epoch: 100, train_acc: 99.31, test_acc: 87.40
2020-12-26 15:53:41,368 INFO      best_acc: 87.74
