2021-01-19 19:04:26,136 INFO      ----------configuration**********
2021-01-19 19:04:26,136 INFO      ('dataset', 'my_data')
2021-01-19 19:04:26,136 INFO      ('train_path', 'G:\\vscode_workspace\\Weather_Recognition\\data_split_v4\\train\\')
2021-01-19 19:04:26,136 INFO      ('test_path', 'G:\\vscode_workspace\\Weather_Recognition\\data_split_v4\\test\\')
2021-01-19 19:04:26,136 INFO      ('imagesize', '224')
2021-01-19 19:04:26,136 INFO      ('epochs', '100')
2021-01-19 19:04:26,136 INFO      ('start_epoch', '0')
2021-01-19 19:04:26,136 INFO      ('train_batch', '16')
2021-01-19 19:04:26,136 INFO      ('test_batch', '16')
2021-01-19 19:04:26,136 INFO      ('lr', '0.001')
2021-01-19 19:04:26,136 INFO      ('drop', '0')
2021-01-19 19:04:26,137 INFO      ('schedule', '[5, 10, 15]')
2021-01-19 19:04:26,137 INFO      ('gamma', '0.8')
2021-01-19 19:04:26,137 INFO      ('momentum', '0.8')
2021-01-19 19:04:26,137 INFO      ('weight_decay', '0.001')
2021-01-19 19:04:26,137 INFO      ('checkpoint', 'checkpoints/my_data_v4_resnet18')
2021-01-19 19:04:26,137 INFO      ('resume', '')
2021-01-19 19:04:26,137 INFO      ('arch', 'resnet18')
2021-01-19 19:04:26,137 INFO      ('manualSeed', '6950')
2021-01-19 19:06:16,518 INFO      ----------configuration**********
2021-01-19 19:06:16,518 INFO      ('dataset', 'my_data')
2021-01-19 19:06:16,518 INFO      ('train_path', 'G:\\vscode_workspace\\Weather_Recognition\\data_split_v4\\train\\')
2021-01-19 19:06:16,518 INFO      ('test_path', 'G:\\vscode_workspace\\Weather_Recognition\\data_split_v4\\test\\')
2021-01-19 19:06:16,518 INFO      ('imagesize', '224')
2021-01-19 19:06:16,518 INFO      ('epochs', '100')
2021-01-19 19:06:16,518 INFO      ('start_epoch', '0')
2021-01-19 19:06:16,518 INFO      ('train_batch', '16')
2021-01-19 19:06:16,518 INFO      ('test_batch', '16')
2021-01-19 19:06:16,518 INFO      ('lr', '0.001')
2021-01-19 19:06:16,518 INFO      ('drop', '0')
2021-01-19 19:06:16,518 INFO      ('schedule', '[5, 10, 15]')
2021-01-19 19:06:16,518 INFO      ('gamma', '0.8')
2021-01-19 19:06:16,518 INFO      ('momentum', '0.8')
2021-01-19 19:06:16,519 INFO      ('weight_decay', '0.001')
2021-01-19 19:06:16,519 INFO      ('checkpoint', 'checkpoints/my_data_v4_resnet18')
2021-01-19 19:06:16,519 INFO      ('resume', '')
2021-01-19 19:06:16,519 INFO      ('arch', 'resnet18')
2021-01-19 19:06:16,519 INFO      ('manualSeed', '7889')
2021-01-19 19:06:50,008 INFO      ----------configuration**********
2021-01-19 19:06:50,008 INFO      ('dataset', 'my_data')
2021-01-19 19:06:50,008 INFO      ('train_path', 'G:\\vscode_workspace\\Weather_Recognition\\data_split_v4\\train\\')
2021-01-19 19:06:50,008 INFO      ('test_path', 'G:\\vscode_workspace\\Weather_Recognition\\data_split_v4\\test\\')
2021-01-19 19:06:50,008 INFO      ('imagesize', '224')
2021-01-19 19:06:50,008 INFO      ('epochs', '100')
2021-01-19 19:06:50,008 INFO      ('start_epoch', '0')
2021-01-19 19:06:50,009 INFO      ('train_batch', '8')
2021-01-19 19:06:50,009 INFO      ('test_batch', '8')
2021-01-19 19:06:50,009 INFO      ('lr', '0.001')
2021-01-19 19:06:50,009 INFO      ('drop', '0')
2021-01-19 19:06:50,009 INFO      ('schedule', '[5, 10, 15]')
2021-01-19 19:06:50,009 INFO      ('gamma', '0.8')
2021-01-19 19:06:50,009 INFO      ('momentum', '0.8')
2021-01-19 19:06:50,009 INFO      ('weight_decay', '0.001')
2021-01-19 19:06:50,009 INFO      ('checkpoint', 'checkpoints/my_data_v4_resnet18')
2021-01-19 19:06:50,009 INFO      ('resume', '')
2021-01-19 19:06:50,009 INFO      ('arch', 'resnet18')
2021-01-19 19:06:50,009 INFO      ('manualSeed', '5359')
2021-01-19 19:31:13,231 INFO      epoch: 1, train_acc: 96.58, test_acc: 67.00
2021-01-19 19:52:55,495 INFO      epoch: 2, train_acc: 99.62, test_acc: 64.40
2021-01-19 20:14:49,729 INFO      epoch: 3, train_acc: 99.85, test_acc: 60.47


92的机子数据
2021-01-21 11:24:56,390 INFO      ----------configuration**********
2021-01-21 11:24:56,390 INFO      ('dataset', 'my_data')
2021-01-21 11:24:56,390 INFO      ('train_path', 'E:\\flk\\Weather_Recognition\\data_split_v4\\train\\')
2021-01-21 11:24:56,390 INFO      ('test_path', 'E:\\flk\\Weather_Recognition\\data_split_v4\\test\\')
2021-01-21 11:24:56,390 INFO      ('imagesize', '224')
2021-01-21 11:24:56,390 INFO      ('epochs', '100')
2021-01-21 11:24:56,390 INFO      ('start_epoch', '0')
2021-01-21 11:24:56,390 INFO      ('train_batch', '16')
2021-01-21 11:24:56,390 INFO      ('test_batch', '16')
2021-01-21 11:24:56,390 INFO      ('lr', '0.001')
2021-01-21 11:24:56,390 INFO      ('drop', '0')
2021-01-21 11:24:56,390 INFO      ('schedule', '[1, 2, 3, 5, 10, 15]')
2021-01-21 11:24:56,390 INFO      ('gamma', '0.9')
2021-01-21 11:24:56,390 INFO      ('momentum', '0.8')
2021-01-21 11:24:56,390 INFO      ('weight_decay', '0.001')
2021-01-21 11:24:56,390 INFO      ('checkpoint', 'checkpoints/my_data_v4_resnet18')
2021-01-21 11:24:56,390 INFO      ('resume', '')
2021-01-21 11:24:56,390 INFO      ('arch', 'resnet18')
2021-01-21 11:24:56,390 INFO      ('manualSeed', '8180')
2021-01-21 11:46:37,755 INFO      epoch: 1, train_acc: 94.71, test_acc: 64.86
2021-01-21 12:06:00,683 INFO      epoch: 2, train_acc: 99.51, test_acc: 62.35
2021-01-21 12:26:52,339 INFO      epoch: 3, train_acc: 99.77, test_acc: 62.52
2021-01-21 12:50:55,335 INFO      epoch: 4, train_acc: 99.81, test_acc: 65.32
2021-01-21 13:11:03,486 INFO      epoch: 5, train_acc: 99.90, test_acc: 68.13
2021-01-21 13:29:34,783 INFO      epoch: 6, train_acc: 99.92, test_acc: 65.76
2021-01-21 13:53:14,108 INFO      epoch: 7, train_acc: 99.94, test_acc: 63.81
2021-01-21 14:12:53,447 INFO      epoch: 8, train_acc: 99.93, test_acc: 69.29
2021-01-21 14:31:44,807 INFO      epoch: 9, train_acc: 99.92, test_acc: 62.71
2021-01-21 14:54:46,724 INFO      epoch: 10, train_acc: 99.96, test_acc: 62.38
2021-01-21 15:09:30,466 INFO      epoch: 11, train_acc: 99.95, test_acc: 62.28

2021-01-28 09:49:20,393 INFO      ----------configuration**********
2021-01-28 09:49:20,414 INFO      ('dataset', 'my_data')
2021-01-28 09:49:20,414 INFO      ('train_path', 'G:\\vscode_workspace\\Weather_Recognition\\data_split_v4\\train\\')
2021-01-28 09:49:20,414 INFO      ('test_path', 'G:\\vscode_workspace\\Weather_Recognition\\data_split_v4\\test\\')
2021-01-28 09:49:20,414 INFO      ('imagesize', '224')
2021-01-28 09:49:20,414 INFO      ('epochs', '100')
2021-01-28 09:49:20,414 INFO      ('start_epoch', '0')
2021-01-28 09:49:20,414 INFO      ('train_batch', '8')
2021-01-28 09:49:20,414 INFO      ('test_batch', '8')
2021-01-28 09:49:20,414 INFO      ('lr', '0.001')
2021-01-28 09:49:20,415 INFO      ('drop', '0')
2021-01-28 09:49:20,415 INFO      ('schedule', '[1, 2, 3, 4, 5, 10, 15]')
2021-01-28 09:49:20,415 INFO      ('gamma', '0.8')
2021-01-28 09:49:20,415 INFO      ('momentum', '0.8')
2021-01-28 09:49:20,415 INFO      ('weight_decay', '0.001')
2021-01-28 09:49:20,415 INFO      ('checkpoint', 'checkpoints/my_data_v4_resnet18')
2021-01-28 09:49:20,415 INFO      ('resume', '')
2021-01-28 09:49:20,415 INFO      ('arch', 'resnet18')
2021-01-28 09:49:20,415 INFO      ('manualSeed', '9459')
