2021-01-14 11:09:44,331 INFO      ----------configuration**********
2021-01-14 11:09:44,331 INFO      ('dataset', 'my_data')
2021-01-14 11:09:44,332 INFO      ('train_path', 'G:\\vscode_workspace\\Weather_Recognition\\data_split_v2\\train\\')
2021-01-14 11:09:44,332 INFO      ('test_path', 'G:\\vscode_workspace\\Weather_Recognition\\data_split_v2\\test\\')
2021-01-14 11:09:44,332 INFO      ('imagesize', '224')
2021-01-14 11:09:44,332 INFO      ('epochs', '100')
2021-01-14 11:09:44,332 INFO      ('start_epoch', '0')
2021-01-14 11:09:44,332 INFO      ('train_batch', '16')
2021-01-14 11:09:44,332 INFO      ('test_batch', '16')
2021-01-14 11:09:44,332 INFO      ('lr', '0.001')
2021-01-14 11:09:44,332 INFO      ('drop', '0')
2021-01-14 11:09:44,333 INFO      ('schedule', '[20, 30, 40]')
2021-01-14 11:09:44,333 INFO      ('gamma', '0.9')
2021-01-14 11:09:44,333 INFO      ('momentum', '0.8')
2021-01-14 11:09:44,333 INFO      ('weight_decay', '0.0001')
2021-01-14 11:09:44,333 INFO      ('checkpoint', 'checkpoints/my_data_densenet121_norm')
2021-01-14 11:09:44,333 INFO      ('resume', '')
2021-01-14 11:09:44,333 INFO      ('arch', 'densenet121')
2021-01-14 11:09:44,333 INFO      ('manualSeed', '502')
2021-01-14 11:26:08,120 INFO      epoch: 1, train_acc: 95.93, test_acc: 89.50
2021-01-14 11:39:40,353 INFO      epoch: 2, train_acc: 99.68, test_acc: 89.99
2021-01-14 11:52:03,129 INFO      epoch: 3, train_acc: 99.85, test_acc: 90.67
2021-01-14 12:03:28,306 INFO      epoch: 4, train_acc: 99.89, test_acc: 90.82
2021-01-14 12:14:54,057 INFO      epoch: 5, train_acc: 99.89, test_acc: 91.27
2021-01-14 12:26:13,394 INFO      epoch: 6, train_acc: 99.93, test_acc: 89.93
2021-01-14 12:37:33,865 INFO      epoch: 7, train_acc: 99.97, test_acc: 89.94
2021-01-14 12:48:54,472 INFO      epoch: 8, train_acc: 99.92, test_acc: 90.29
2021-01-14 13:00:21,943 INFO      epoch: 9, train_acc: 99.95, test_acc: 88.45
2021-01-14 13:11:42,278 INFO      epoch: 10, train_acc: 99.95, test_acc: 90.39
2021-01-14 13:23:01,264 INFO      epoch: 11, train_acc: 99.97, test_acc: 90.85
2021-01-14 13:34:20,498 INFO      epoch: 12, train_acc: 99.98, test_acc: 90.48
2021-01-14 13:45:36,245 INFO      epoch: 13, train_acc: 99.99, test_acc: 90.61
2021-01-14 13:56:57,812 INFO      epoch: 14, train_acc: 99.98, test_acc: 89.20
2021-01-14 14:08:19,945 INFO      epoch: 15, train_acc: 99.98, test_acc: 90.15
2021-01-14 14:19:41,346 INFO      epoch: 16, train_acc: 99.99, test_acc: 89.88
2021-01-14 14:31:15,639 INFO      epoch: 17, train_acc: 99.99, test_acc: 90.97
