2021-05-13 14:52:44,323 INFO      ----------configuration**********
2021-05-13 14:52:44,323 INFO      ('dataset', 'my_data')
2021-05-13 14:52:44,323 INFO      ('train_path', 'G:\\vscode_workspace\\Weather_Recognition\\data_split_v6\\train\\')
2021-05-13 14:52:44,323 INFO      ('test_path', 'G:\\vscode_workspace\\Weather_Recognition\\data_split_v6\\test\\')
2021-05-13 14:52:44,324 INFO      ('imagesize', '224')
2021-05-13 14:52:44,324 INFO      ('pretrained_path', 'G:\\vscode_workspace\\Weather_Recognition\\checkpoints\\mwd_resnet18_2classes\\05_10_10_36_fold_0_model_best.pth.tar')
2021-05-13 14:52:44,324 INFO      ('epochs', '20')
2021-05-13 14:52:44,324 INFO      ('start_epoch', '0')
2021-05-13 14:52:44,324 INFO      ('train_batch', '8')
2021-05-13 14:52:44,324 INFO      ('test_batch', '8')
2021-05-13 14:52:44,324 INFO      ('lr', '1e-05')
2021-05-13 14:52:44,324 INFO      ('drop', '0')
2021-05-13 14:52:44,324 INFO      ('schedule', '[5, 10, 15, 20, 25, 30, 35, 40, 45]')
2021-05-13 14:52:44,324 INFO      ('gamma', '0.9')
2021-05-13 14:52:44,324 INFO      ('momentum', '0.8')
2021-05-13 14:52:44,325 INFO      ('weight_decay', '0.0001')
2021-05-13 14:52:44,325 INFO      ('triplet_margin', '0.5')
2021-05-13 14:52:44,325 INFO      ('checkpoint', 'checkpoints/my_data_v6_resnet18_tripletloss_bh_transfer_480')
2021-05-13 14:52:44,325 INFO      ('resume', '')
2021-05-13 14:52:44,325 INFO      ('arch', 'resnet18')
2021-05-13 14:52:44,325 INFO      ('manualSeed', '6648')
2021-05-13 14:53:47,995 INFO      ----------configuration**********
2021-05-13 14:53:47,995 INFO      ('dataset', 'my_data')
2021-05-13 14:53:47,996 INFO      ('train_path', 'G:\\vscode_workspace\\Weather_Recognition\\data_split_v6\\train\\')
2021-05-13 14:53:47,996 INFO      ('test_path', 'G:\\vscode_workspace\\Weather_Recognition\\data_split_v6\\test\\')
2021-05-13 14:53:47,996 INFO      ('imagesize', '224')
2021-05-13 14:53:47,996 INFO      ('pretrained_path', 'G:\\vscode_workspace\\Weather_Recognition\\checkpoints\\mwd_resnet18_2classes\\05_10_10_36_fold_0_model_best.pth.tar')
2021-05-13 14:53:47,996 INFO      ('epochs', '20')
2021-05-13 14:53:47,996 INFO      ('start_epoch', '0')
2021-05-13 14:53:47,996 INFO      ('train_batch', '8')
2021-05-13 14:53:47,996 INFO      ('test_batch', '8')
2021-05-13 14:53:47,996 INFO      ('lr', '1e-05')
2021-05-13 14:53:47,996 INFO      ('drop', '0')
2021-05-13 14:53:47,996 INFO      ('schedule', '[5, 10, 15, 20, 25, 30, 35, 40, 45]')
2021-05-13 14:53:47,996 INFO      ('gamma', '0.9')
2021-05-13 14:53:47,996 INFO      ('momentum', '0.8')
2021-05-13 14:53:47,996 INFO      ('weight_decay', '0.0001')
2021-05-13 14:53:47,996 INFO      ('triplet_margin', '0.5')
2021-05-13 14:53:47,996 INFO      ('checkpoint', 'checkpoints/my_data_v6_resnet18_tripletloss_bh_transfer_480')
2021-05-13 14:53:47,996 INFO      ('resume', '')
2021-05-13 14:53:47,997 INFO      ('arch', 'resnet18')
2021-05-13 14:53:47,997 INFO      ('manualSeed', '2570')
2021-05-13 14:55:02,287 INFO      ----------configuration**********
2021-05-13 14:55:02,287 INFO      ('dataset', 'my_data')
2021-05-13 14:55:02,287 INFO      ('train_path', 'G:\\vscode_workspace\\Weather_Recognition\\data_split_v6\\train\\')
2021-05-13 14:55:02,287 INFO      ('test_path', 'G:\\vscode_workspace\\Weather_Recognition\\data_split_v6\\test\\')
2021-05-13 14:55:02,287 INFO      ('imagesize', '224')
2021-05-13 14:55:02,287 INFO      ('pretrained_path', 'G:\\vscode_workspace\\Weather_Recognition\\checkpoints\\mwd_resnet18_2classes\\05_10_10_36_fold_0_model_best.pth.tar')
2021-05-13 14:55:02,287 INFO      ('epochs', '20')
2021-05-13 14:55:02,287 INFO      ('start_epoch', '0')
2021-05-13 14:55:02,288 INFO      ('train_batch', '16')
2021-05-13 14:55:02,288 INFO      ('test_batch', '16')
2021-05-13 14:55:02,288 INFO      ('lr', '1e-05')
2021-05-13 14:55:02,288 INFO      ('drop', '0')
2021-05-13 14:55:02,288 INFO      ('schedule', '[5, 10, 15, 20, 25, 30, 35, 40, 45]')
2021-05-13 14:55:02,288 INFO      ('gamma', '0.9')
2021-05-13 14:55:02,288 INFO      ('momentum', '0.8')
2021-05-13 14:55:02,288 INFO      ('weight_decay', '0.0001')
2021-05-13 14:55:02,288 INFO      ('triplet_margin', '0.5')
2021-05-13 14:55:02,288 INFO      ('checkpoint', 'checkpoints/my_data_v6_resnet18_tripletloss_bh_transfer_480')
2021-05-13 14:55:02,288 INFO      ('resume', '')
2021-05-13 14:55:02,288 INFO      ('arch', 'resnet18')
2021-05-13 14:55:02,288 INFO      ('manualSeed', '9791')
2021-05-13 15:08:06,734 INFO      epoch: 1, train_acc: 89.60, test_acc: 83.67, val_acc: 65.04
2021-05-13 19:06:16,912 INFO      ----------configuration**********
2021-05-13 19:06:16,912 INFO      ('dataset', 'my_data')
2021-05-13 19:06:16,912 INFO      ('train_path', 'G:\\vscode_workspace\\Weather_Recognition\\data_split_v6\\train\\')
2021-05-13 19:06:16,912 INFO      ('test_path', 'G:\\vscode_workspace\\Weather_Recognition\\data_split_v6\\test\\')
2021-05-13 19:06:16,912 INFO      ('imagesize', '224')
2021-05-13 19:06:16,912 INFO      ('pretrained_path', 'G:\\vscode_workspace\\Weather_Recognition\\checkpoints\\mwd_resnet18_2classes\\05_10_10_36_fold_0_model_best.pth.tar')
2021-05-13 19:06:16,912 INFO      ('epochs', '20')
2021-05-13 19:06:16,912 INFO      ('start_epoch', '0')
2021-05-13 19:06:16,912 INFO      ('train_batch', '16')
2021-05-13 19:06:16,912 INFO      ('test_batch', '16')
2021-05-13 19:06:16,912 INFO      ('lr', '1e-05')
2021-05-13 19:06:16,912 INFO      ('drop', '0')
2021-05-13 19:06:16,912 INFO      ('schedule', '[5, 10, 15, 20, 25, 30, 35, 40, 45]')
2021-05-13 19:06:16,912 INFO      ('gamma', '0.9')
2021-05-13 19:06:16,913 INFO      ('momentum', '0.8')
2021-05-13 19:06:16,913 INFO      ('weight_decay', '0.0001')
2021-05-13 19:06:16,913 INFO      ('triplet_margin', '1.0')
2021-05-13 19:06:16,913 INFO      ('checkpoint', 'checkpoints/my_data_v6_resnet18_tripletloss_bh_transfer_480')
2021-05-13 19:06:16,913 INFO      ('resume', '')
2021-05-13 19:06:16,913 INFO      ('arch', 'resnet18')
2021-05-13 19:06:16,913 INFO      ('manualSeed', '5725')
2021-05-13 19:16:33,825 INFO      epoch: 1, train_acc: 89.63, test_acc: 83.65, val_acc: 68.48
2021-05-13 19:26:57,050 INFO      epoch: 2, train_acc: 97.32, test_acc: 84.18, val_acc: 65.90
2021-05-13 19:37:16,608 INFO      epoch: 3, train_acc: 98.20, test_acc: 84.30, val_acc: 69.91
2021-05-13 19:47:39,795 INFO      epoch: 4, train_acc: 98.87, test_acc: 83.42, val_acc: 65.33
2021-05-13 19:58:05,317 INFO      epoch: 5, train_acc: 99.13, test_acc: 84.12, val_acc: 59.60
2021-05-13 20:08:23,563 INFO      epoch: 6, train_acc: 99.24, test_acc: 83.67, val_acc: 69.91
2021-05-13 20:18:46,358 INFO      epoch: 7, train_acc: 99.25, test_acc: 82.46, val_acc: 57.88
2021-05-13 20:29:10,807 INFO      epoch: 8, train_acc: 99.40, test_acc: 82.28, val_acc: 65.33
