2021-05-10 16:29:07,073 INFO      ----------configuration**********
2021-05-10 16:29:07,073 INFO      ('dataset', 'my_data')
2021-05-10 16:29:07,073 INFO      ('train_path', 'D:\\flk\\Weather_Recognition\\data_split_2classes_v6\\train\\')
2021-05-10 16:29:07,073 INFO      ('test_path', 'D:\\flk\\Weather_Recognition\\data_split_2classes_v6\\test\\')
2021-05-10 16:29:07,073 INFO      ('mwd_path', 'D:\\flk\\MWD\\weather_classification\\')
2021-05-10 16:29:07,073 INFO      ('imagesize', '224')
2021-05-10 16:29:07,073 INFO      ('pretrained_path', 'D:\\flk\\Weather_Recognition\\checkpoints\\mwd_resnet18_2classes\\05_10_10_36_fold_0_model_best.pth.tar')
2021-05-10 16:29:07,073 INFO      ('epochs', '20')
2021-05-10 16:29:07,074 INFO      ('start_epoch', '0')
2021-05-10 16:29:07,074 INFO      ('train_batch', '16')
2021-05-10 16:29:07,074 INFO      ('test_batch', '16')
2021-05-10 16:29:07,074 INFO      ('lr', '5e-06')
2021-05-10 16:29:07,074 INFO      ('drop', '0')
2021-05-10 16:29:07,074 INFO      ('schedule', '[5, 10, 15, 20, 25, 30, 35, 40, 45]')
2021-05-10 16:29:07,074 INFO      ('gamma', '0.9')
2021-05-10 16:29:07,074 INFO      ('momentum', '0.8')
2021-05-10 16:29:07,074 INFO      ('weight_decay', '0.0005')
2021-05-10 16:29:07,075 INFO      ('weight_domain', '0.2')
2021-05-10 16:29:07,075 INFO      ('checkpoint', 'checkpoints/my_data_v6_resnet18_tripletloss_transfer_480_da')
2021-05-10 16:29:07,075 INFO      ('resume', '')
2021-05-10 16:29:07,075 INFO      ('arch', 'resnet18')
2021-05-10 16:29:07,075 INFO      ('manualSeed', '8083')
2021-05-10 16:30:23,638 INFO      ----------configuration**********
2021-05-10 16:30:23,638 INFO      ('dataset', 'my_data')
2021-05-10 16:30:23,639 INFO      ('train_path', 'D:\\flk\\Weather_Recognition\\data_split_2classes_v6\\train\\')
2021-05-10 16:30:23,639 INFO      ('test_path', 'D:\\flk\\Weather_Recognition\\data_split_2classes_v6\\test\\')
2021-05-10 16:30:23,639 INFO      ('mwd_path', 'D:\\flk\\MWD\\weather_classification\\')
2021-05-10 16:30:23,639 INFO      ('imagesize', '224')
2021-05-10 16:30:23,639 INFO      ('pretrained_path', 'D:\\flk\\Weather_Recognition\\checkpoints\\mwd_resnet18_2classes\\05_10_10_36_fold_0_model_best.pth.tar')
2021-05-10 16:30:23,639 INFO      ('epochs', '20')
2021-05-10 16:30:23,639 INFO      ('start_epoch', '0')
2021-05-10 16:30:23,639 INFO      ('train_batch', '16')
2021-05-10 16:30:23,639 INFO      ('test_batch', '16')
2021-05-10 16:30:23,639 INFO      ('lr', '5e-06')
2021-05-10 16:30:23,639 INFO      ('drop', '0')
2021-05-10 16:30:23,639 INFO      ('schedule', '[5, 10, 15, 20, 25, 30, 35, 40, 45]')
2021-05-10 16:30:23,639 INFO      ('gamma', '0.9')
2021-05-10 16:30:23,639 INFO      ('momentum', '0.8')
2021-05-10 16:30:23,639 INFO      ('weight_decay', '0.0005')
2021-05-10 16:30:23,639 INFO      ('weight_domain', '0.2')
2021-05-10 16:30:23,639 INFO      ('checkpoint', 'checkpoints/my_data_v6_resnet18_tripletloss_transfer_480_da')
2021-05-10 16:30:23,639 INFO      ('resume', '')
2021-05-10 16:30:23,639 INFO      ('arch', 'resnet18')
2021-05-10 16:30:23,639 INFO      ('manualSeed', '9385')
2021-05-10 16:32:39,579 INFO      ----------configuration**********
2021-05-10 16:32:39,580 INFO      ('dataset', 'my_data')
2021-05-10 16:32:39,580 INFO      ('train_path', 'D:\\flk\\Weather_Recognition\\data_split_2classes_v6\\train\\')
2021-05-10 16:32:39,580 INFO      ('test_path', 'D:\\flk\\Weather_Recognition\\data_split_2classes_v6\\test\\')
2021-05-10 16:32:39,580 INFO      ('mwd_path', 'D:\\flk\\MWD\\weather_classification\\')
2021-05-10 16:32:39,580 INFO      ('imagesize', '224')
2021-05-10 16:32:39,580 INFO      ('pretrained_path', 'D:\\flk\\Weather_Recognition\\checkpoints\\mwd_resnet18_2classes\\05_10_10_36_fold_0_model_best.pth.tar')
2021-05-10 16:32:39,580 INFO      ('epochs', '20')
2021-05-10 16:32:39,580 INFO      ('start_epoch', '0')
2021-05-10 16:32:39,580 INFO      ('train_batch', '16')
2021-05-10 16:32:39,580 INFO      ('test_batch', '16')
2021-05-10 16:32:39,580 INFO      ('lr', '5e-06')
2021-05-10 16:32:39,580 INFO      ('drop', '0')
2021-05-10 16:32:39,580 INFO      ('schedule', '[5, 10, 15, 20, 25, 30, 35, 40, 45]')
2021-05-10 16:32:39,580 INFO      ('gamma', '0.9')
2021-05-10 16:32:39,580 INFO      ('momentum', '0.8')
2021-05-10 16:32:39,580 INFO      ('weight_decay', '0.0005')
2021-05-10 16:32:39,580 INFO      ('weight_domain', '0.2')
2021-05-10 16:32:39,580 INFO      ('checkpoint', 'checkpoints/my_data_v6_resnet18_tripletloss_transfer_480_da')
2021-05-10 16:32:39,580 INFO      ('resume', '')
2021-05-10 16:32:39,581 INFO      ('arch', 'resnet18')
2021-05-10 16:32:39,581 INFO      ('manualSeed', '442')
2021-05-10 16:33:39,242 INFO      ----------configuration**********
2021-05-10 16:33:39,243 INFO      ('dataset', 'my_data')
2021-05-10 16:33:39,243 INFO      ('train_path', 'D:\\flk\\Weather_Recognition\\data_split_2classes_v6\\train\\')
2021-05-10 16:33:39,243 INFO      ('test_path', 'D:\\flk\\Weather_Recognition\\data_split_2classes_v6\\test\\')
2021-05-10 16:33:39,243 INFO      ('mwd_path', 'D:\\flk\\MWD\\weather_classification\\')
2021-05-10 16:33:39,244 INFO      ('imagesize', '224')
2021-05-10 16:33:39,244 INFO      ('pretrained_path', 'D:\\flk\\Weather_Recognition\\checkpoints\\mwd_resnet18_2classes\\05_10_10_36_fold_0_model_best.pth.tar')
2021-05-10 16:33:39,244 INFO      ('epochs', '20')
2021-05-10 16:33:39,244 INFO      ('start_epoch', '0')
2021-05-10 16:33:39,244 INFO      ('train_batch', '16')
2021-05-10 16:33:39,244 INFO      ('test_batch', '16')
2021-05-10 16:33:39,244 INFO      ('lr', '5e-06')
2021-05-10 16:33:39,244 INFO      ('drop', '0')
2021-05-10 16:33:39,244 INFO      ('schedule', '[5, 10, 15, 20, 25, 30, 35, 40, 45]')
2021-05-10 16:33:39,244 INFO      ('gamma', '0.9')
2021-05-10 16:33:39,244 INFO      ('momentum', '0.8')
2021-05-10 16:33:39,244 INFO      ('weight_decay', '0.0005')
2021-05-10 16:33:39,244 INFO      ('weight_domain', '0.2')
2021-05-10 16:33:39,245 INFO      ('checkpoint', 'checkpoints/my_data_v6_resnet18_tripletloss_transfer_480_da')
2021-05-10 16:33:39,245 INFO      ('resume', '')
2021-05-10 16:33:39,245 INFO      ('arch', 'resnet18')
2021-05-10 16:33:39,245 INFO      ('manualSeed', '6033')
2021-05-10 16:37:50,746 INFO      ----------configuration**********
2021-05-10 16:37:50,746 INFO      ('dataset', 'my_data')
2021-05-10 16:37:50,746 INFO      ('train_path', 'D:\\flk\\Weather_Recognition\\data_split_2classes_v6\\train\\')
2021-05-10 16:37:50,746 INFO      ('test_path', 'D:\\flk\\Weather_Recognition\\data_split_2classes_v6\\test\\')
2021-05-10 16:37:50,746 INFO      ('mwd_path', 'D:\\flk\\MWD\\weather_classification\\')
2021-05-10 16:37:50,747 INFO      ('imagesize', '224')
2021-05-10 16:37:50,747 INFO      ('pretrained_path', 'D:\\flk\\Weather_Recognition\\checkpoints\\mwd_resnet18_2classes\\05_10_10_36_fold_0_model_best.pth.tar')
2021-05-10 16:37:50,747 INFO      ('epochs', '20')
2021-05-10 16:37:50,747 INFO      ('start_epoch', '0')
2021-05-10 16:37:50,747 INFO      ('train_batch', '8')
2021-05-10 16:37:50,747 INFO      ('test_batch', '8')
2021-05-10 16:37:50,747 INFO      ('mwd_batch', '24')
2021-05-10 16:37:50,747 INFO      ('lr', '5e-06')
2021-05-10 16:37:50,747 INFO      ('drop', '0')
2021-05-10 16:37:50,747 INFO      ('schedule', '[5, 10, 15, 20, 25, 30, 35, 40, 45]')
2021-05-10 16:37:50,747 INFO      ('gamma', '0.9')
2021-05-10 16:37:50,747 INFO      ('momentum', '0.8')
2021-05-10 16:37:50,748 INFO      ('weight_decay', '0.0005')
2021-05-10 16:37:50,748 INFO      ('weight_domain', '0.2')
2021-05-10 16:37:50,748 INFO      ('checkpoint', 'checkpoints/my_data_v6_resnet18_tripletloss_transfer_480_da')
2021-05-10 16:37:50,748 INFO      ('resume', '')
2021-05-10 16:37:50,748 INFO      ('arch', 'resnet18')
2021-05-10 16:37:50,748 INFO      ('manualSeed', '52')
2021-05-10 16:38:39,354 INFO      ----------configuration**********
2021-05-10 16:38:39,354 INFO      ('dataset', 'my_data')
2021-05-10 16:38:39,354 INFO      ('train_path', 'D:\\flk\\Weather_Recognition\\data_split_2classes_v6\\train\\')
2021-05-10 16:38:39,354 INFO      ('test_path', 'D:\\flk\\Weather_Recognition\\data_split_2classes_v6\\test\\')
2021-05-10 16:38:39,354 INFO      ('mwd_path', 'D:\\flk\\MWD\\weather_classification\\')
2021-05-10 16:38:39,354 INFO      ('imagesize', '224')
2021-05-10 16:38:39,354 INFO      ('pretrained_path', 'D:\\flk\\Weather_Recognition\\checkpoints\\mwd_resnet18_2classes\\05_10_10_36_fold_0_model_best.pth.tar')
2021-05-10 16:38:39,354 INFO      ('epochs', '20')
2021-05-10 16:38:39,355 INFO      ('start_epoch', '0')
2021-05-10 16:38:39,355 INFO      ('train_batch', '8')
2021-05-10 16:38:39,355 INFO      ('test_batch', '8')
2021-05-10 16:38:39,355 INFO      ('mwd_batch', '24')
2021-05-10 16:38:39,355 INFO      ('lr', '5e-06')
2021-05-10 16:38:39,355 INFO      ('drop', '0')
2021-05-10 16:38:39,355 INFO      ('schedule', '[5, 10, 15, 20, 25, 30, 35, 40, 45]')
2021-05-10 16:38:39,355 INFO      ('gamma', '0.9')
2021-05-10 16:38:39,355 INFO      ('momentum', '0.8')
2021-05-10 16:38:39,355 INFO      ('weight_decay', '0.0005')
2021-05-10 16:38:39,355 INFO      ('weight_domain', '0.2')
2021-05-10 16:38:39,355 INFO      ('checkpoint', 'checkpoints/my_data_v6_resnet18_tripletloss_transfer_480_da')
2021-05-10 16:38:39,355 INFO      ('resume', '')
2021-05-10 16:38:39,355 INFO      ('arch', 'resnet18')
2021-05-10 16:38:39,355 INFO      ('manualSeed', '3534')
2021-05-10 16:40:58,664 INFO      ----------configuration**********
2021-05-10 16:40:58,664 INFO      ('dataset', 'my_data')
2021-05-10 16:40:58,664 INFO      ('train_path', 'D:\\flk\\Weather_Recognition\\data_split_2classes_v6\\train\\')
2021-05-10 16:40:58,664 INFO      ('test_path', 'D:\\flk\\Weather_Recognition\\data_split_2classes_v6\\test\\')
2021-05-10 16:40:58,664 INFO      ('mwd_path', 'D:\\flk\\MWD\\weather_classification\\')
2021-05-10 16:40:58,664 INFO      ('imagesize', '224')
2021-05-10 16:40:58,664 INFO      ('pretrained_path', 'D:\\flk\\Weather_Recognition\\checkpoints\\mwd_resnet18_2classes\\05_10_10_36_fold_0_model_best.pth.tar')
2021-05-10 16:40:58,664 INFO      ('epochs', '20')
2021-05-10 16:40:58,665 INFO      ('start_epoch', '0')
2021-05-10 16:40:58,665 INFO      ('train_batch', '8')
2021-05-10 16:40:58,665 INFO      ('test_batch', '8')
2021-05-10 16:40:58,665 INFO      ('mwd_batch', '24')
2021-05-10 16:40:58,665 INFO      ('lr', '1e-05')
2021-05-10 16:40:58,665 INFO      ('drop', '0')
2021-05-10 16:40:58,665 INFO      ('schedule', '[5, 10, 15, 20, 25, 30, 35, 40, 45]')
2021-05-10 16:40:58,665 INFO      ('gamma', '0.9')
2021-05-10 16:40:58,665 INFO      ('momentum', '0.8')
2021-05-10 16:40:58,665 INFO      ('weight_decay', '0.0005')
2021-05-10 16:40:58,665 INFO      ('weight_domain', '0.1')
2021-05-10 16:40:58,665 INFO      ('checkpoint', 'checkpoints/my_data_v6_resnet18_tripletloss_transfer_480_da')
2021-05-10 16:40:58,665 INFO      ('resume', '')
2021-05-10 16:40:58,665 INFO      ('arch', 'resnet18')
2021-05-10 16:40:58,665 INFO      ('manualSeed', '9359')
2021-05-10 16:52:53,619 INFO      ----------configuration**********
2021-05-10 16:52:53,619 INFO      ('dataset', 'my_data')
2021-05-10 16:52:53,619 INFO      ('train_path', 'D:\\flk\\Weather_Recognition\\data_split_2classes_v6\\train\\')
2021-05-10 16:52:53,619 INFO      ('test_path', 'D:\\flk\\Weather_Recognition\\data_split_2classes_v6\\test\\')
2021-05-10 16:52:53,619 INFO      ('mwd_path', 'D:\\flk\\MWD\\weather_classification\\')
2021-05-10 16:52:53,619 INFO      ('imagesize', '224')
2021-05-10 16:52:53,619 INFO      ('pretrained_path', 'D:\\flk\\Weather_Recognition\\checkpoints\\mwd_resnet18_2classes\\05_10_10_36_fold_0_model_best.pth.tar')
2021-05-10 16:52:53,619 INFO      ('epochs', '20')
2021-05-10 16:52:53,619 INFO      ('start_epoch', '0')
2021-05-10 16:52:53,619 INFO      ('train_batch', '8')
2021-05-10 16:52:53,619 INFO      ('test_batch', '8')
2021-05-10 16:52:53,620 INFO      ('mwd_batch', '24')
2021-05-10 16:52:53,620 INFO      ('lr', '1e-05')
2021-05-10 16:52:53,620 INFO      ('drop', '0')
2021-05-10 16:52:53,620 INFO      ('schedule', '[5, 10, 15, 20, 25, 30, 35, 40, 45]')
2021-05-10 16:52:53,620 INFO      ('gamma', '0.9')
2021-05-10 16:52:53,620 INFO      ('momentum', '0.8')
2021-05-10 16:52:53,620 INFO      ('weight_decay', '0.0005')
2021-05-10 16:52:53,620 INFO      ('weight_domain', '0.1')
2021-05-10 16:52:53,620 INFO      ('checkpoint', 'checkpoints/my_data_v6_resnet18_tripletloss_transfer_480_da')
2021-05-10 16:52:53,620 INFO      ('resume', '')
2021-05-10 16:52:53,620 INFO      ('arch', 'resnet18')
2021-05-10 16:52:53,620 INFO      ('manualSeed', '3239')
2021-05-10 17:05:39,046 INFO      ----------configuration**********
2021-05-10 17:05:39,047 INFO      ('dataset', 'my_data')
2021-05-10 17:05:39,047 INFO      ('train_path', 'D:\\flk\\Weather_Recognition\\data_split_2classes_v6\\train\\')
2021-05-10 17:05:39,047 INFO      ('test_path', 'D:\\flk\\Weather_Recognition\\data_split_2classes_v6\\test\\')
2021-05-10 17:05:39,047 INFO      ('mwd_path', 'D:\\flk\\MWD\\weather_classification\\')
2021-05-10 17:05:39,047 INFO      ('imagesize', '224')
2021-05-10 17:05:39,047 INFO      ('pretrained_path', 'D:\\flk\\Weather_Recognition\\checkpoints\\mwd_resnet18_2classes\\05_10_10_36_fold_0_model_best.pth.tar')
2021-05-10 17:05:39,047 INFO      ('epochs', '20')
2021-05-10 17:05:39,047 INFO      ('start_epoch', '0')
2021-05-10 17:05:39,047 INFO      ('train_batch', '8')
2021-05-10 17:05:39,047 INFO      ('test_batch', '8')
2021-05-10 17:05:39,047 INFO      ('mwd_batch', '24')
2021-05-10 17:05:39,047 INFO      ('lr', '1e-05')
2021-05-10 17:05:39,047 INFO      ('drop', '0')
2021-05-10 17:05:39,047 INFO      ('schedule', '[5, 10, 15, 20, 25, 30, 35, 40, 45]')
2021-05-10 17:05:39,047 INFO      ('gamma', '0.9')
2021-05-10 17:05:39,047 INFO      ('momentum', '0.8')
2021-05-10 17:05:39,047 INFO      ('weight_decay', '0.0005')
2021-05-10 17:05:39,047 INFO      ('weight_domain', '0.1')
2021-05-10 17:05:39,047 INFO      ('checkpoint', 'checkpoints/my_data_v6_resnet18_tripletloss_transfer_480_da')
2021-05-10 17:05:39,047 INFO      ('resume', '')
2021-05-10 17:05:39,047 INFO      ('arch', 'resnet18')
2021-05-10 17:05:39,047 INFO      ('manualSeed', '5707')
2021-05-10 17:15:06,183 INFO      ----------configuration**********
2021-05-10 17:15:06,183 INFO      ('dataset', 'my_data')
2021-05-10 17:15:06,184 INFO      ('train_path', 'D:\\flk\\Weather_Recognition\\data_split_2classes_v6\\train\\')
2021-05-10 17:15:06,184 INFO      ('test_path', 'D:\\flk\\Weather_Recognition\\data_split_2classes_v6\\test\\')
2021-05-10 17:15:06,184 INFO      ('mwd_path', 'D:\\flk\\MWD\\weather_classification\\')
2021-05-10 17:15:06,184 INFO      ('imagesize', '224')
2021-05-10 17:15:06,184 INFO      ('pretrained_path', 'D:\\flk\\Weather_Recognition\\checkpoints\\mwd_resnet18_2classes\\05_10_10_36_fold_0_model_best.pth.tar')
2021-05-10 17:15:06,184 INFO      ('epochs', '20')
2021-05-10 17:15:06,184 INFO      ('start_epoch', '0')
2021-05-10 17:15:06,184 INFO      ('train_batch', '8')
2021-05-10 17:15:06,184 INFO      ('test_batch', '8')
2021-05-10 17:15:06,184 INFO      ('mwd_batch', '24')
2021-05-10 17:15:06,184 INFO      ('lr', '1e-05')
2021-05-10 17:15:06,184 INFO      ('drop', '0')
2021-05-10 17:15:06,184 INFO      ('schedule', '[5, 10, 15, 20, 25, 30, 35, 40, 45]')
2021-05-10 17:15:06,184 INFO      ('gamma', '0.9')
2021-05-10 17:15:06,184 INFO      ('momentum', '0.8')
2021-05-10 17:15:06,184 INFO      ('weight_decay', '0.0005')
2021-05-10 17:15:06,184 INFO      ('weight_domain', '0.1')
2021-05-10 17:15:06,184 INFO      ('checkpoint', 'checkpoints/my_data_v6_resnet18_tripletloss_transfer_480_da')
2021-05-10 17:15:06,184 INFO      ('resume', '')
2021-05-10 17:15:06,184 INFO      ('arch', 'resnet18')
2021-05-10 17:15:06,184 INFO      ('manualSeed', '7364')
2021-05-10 17:23:35,165 INFO      ----------configuration**********
2021-05-10 17:23:35,165 INFO      ('dataset', 'my_data')
2021-05-10 17:23:35,165 INFO      ('train_path', 'D:\\flk\\Weather_Recognition\\data_split_2classes_v6\\train\\')
2021-05-10 17:23:35,165 INFO      ('test_path', 'D:\\flk\\Weather_Recognition\\data_split_2classes_v6\\test\\')
2021-05-10 17:23:35,166 INFO      ('mwd_path', 'D:\\flk\\MWD\\weather_classification\\')
2021-05-10 17:23:35,166 INFO      ('imagesize', '224')
2021-05-10 17:23:35,166 INFO      ('pretrained_path', 'D:\\flk\\Weather_Recognition\\checkpoints\\mwd_resnet18_2classes\\05_10_10_36_fold_0_model_best.pth.tar')
2021-05-10 17:23:35,166 INFO      ('epochs', '20')
2021-05-10 17:23:35,166 INFO      ('start_epoch', '0')
2021-05-10 17:23:35,166 INFO      ('train_batch', '8')
2021-05-10 17:23:35,166 INFO      ('test_batch', '8')
2021-05-10 17:23:35,166 INFO      ('mwd_batch', '24')
2021-05-10 17:23:35,166 INFO      ('lr', '1e-05')
2021-05-10 17:23:35,166 INFO      ('drop', '0')
2021-05-10 17:23:35,166 INFO      ('schedule', '[5, 10, 15, 20, 25, 30, 35, 40, 45]')
2021-05-10 17:23:35,166 INFO      ('gamma', '0.9')
2021-05-10 17:23:35,166 INFO      ('momentum', '0.8')
2021-05-10 17:23:35,166 INFO      ('weight_decay', '0.0005')
2021-05-10 17:23:35,166 INFO      ('weight_domain', '0.1')
2021-05-10 17:23:35,166 INFO      ('checkpoint', 'checkpoints/my_data_v6_resnet18_tripletloss_transfer_480_da')
2021-05-10 17:23:35,166 INFO      ('resume', '')
2021-05-10 17:23:35,166 INFO      ('arch', 'resnet18')
2021-05-10 17:23:35,166 INFO      ('manualSeed', '9869')
2021-05-10 18:01:54,072 INFO      ----------configuration**********
2021-05-10 18:01:54,073 INFO      ('dataset', 'my_data')
2021-05-10 18:01:54,073 INFO      ('train_path', 'D:\\flk\\Weather_Recognition\\data_split_2classes_v6\\train\\')
2021-05-10 18:01:54,073 INFO      ('test_path', 'D:\\flk\\Weather_Recognition\\data_split_2classes_v6\\test\\')
2021-05-10 18:01:54,073 INFO      ('mwd_path', 'D:\\flk\\MWD\\weather_classification\\')
2021-05-10 18:01:54,073 INFO      ('imagesize', '224')
2021-05-10 18:01:54,073 INFO      ('pretrained_path', 'D:\\flk\\Weather_Recognition\\checkpoints\\mwd_resnet18_2classes\\05_10_10_36_fold_0_model_best.pth.tar')
2021-05-10 18:01:54,073 INFO      ('epochs', '20')
2021-05-10 18:01:54,073 INFO      ('start_epoch', '0')
2021-05-10 18:01:54,073 INFO      ('train_batch', '8')
2021-05-10 18:01:54,073 INFO      ('test_batch', '8')
2021-05-10 18:01:54,073 INFO      ('mwd_batch', '24')
2021-05-10 18:01:54,073 INFO      ('lr', '1e-05')
2021-05-10 18:01:54,073 INFO      ('drop', '0')
2021-05-10 18:01:54,073 INFO      ('schedule', '[5, 10, 15, 20, 25, 30, 35, 40, 45]')
2021-05-10 18:01:54,073 INFO      ('gamma', '0.9')
2021-05-10 18:01:54,073 INFO      ('momentum', '0.8')
2021-05-10 18:01:54,073 INFO      ('weight_decay', '0.0005')
2021-05-10 18:01:54,073 INFO      ('weight_domain', '0.1')
2021-05-10 18:01:54,073 INFO      ('checkpoint', 'checkpoints/my_data_v6_resnet18_tripletloss_transfer_480_da')
2021-05-10 18:01:54,073 INFO      ('resume', '')
2021-05-10 18:01:54,073 INFO      ('arch', 'resnet18')
2021-05-10 18:01:54,073 INFO      ('manualSeed', '8498')
2021-05-10 18:08:50,828 INFO      ----------configuration**********
2021-05-10 18:08:50,829 INFO      ('dataset', 'my_data')
2021-05-10 18:08:50,829 INFO      ('train_path', 'D:\\flk\\Weather_Recognition\\data_split_2classes_v6\\train\\')
2021-05-10 18:08:50,829 INFO      ('test_path', 'D:\\flk\\Weather_Recognition\\data_split_2classes_v6\\test\\')
2021-05-10 18:08:50,829 INFO      ('mwd_path', 'D:\\flk\\MWD\\weather_classification\\')
2021-05-10 18:08:50,829 INFO      ('imagesize', '224')
2021-05-10 18:08:50,829 INFO      ('pretrained_path', 'D:\\flk\\Weather_Recognition\\checkpoints\\mwd_resnet18_2classes\\05_10_10_36_fold_0_model_best.pth.tar')
2021-05-10 18:08:50,829 INFO      ('epochs', '20')
2021-05-10 18:08:50,829 INFO      ('start_epoch', '0')
2021-05-10 18:08:50,829 INFO      ('train_batch', '8')
2021-05-10 18:08:50,829 INFO      ('test_batch', '8')
2021-05-10 18:08:50,829 INFO      ('mwd_batch', '24')
2021-05-10 18:08:50,829 INFO      ('lr', '1e-05')
2021-05-10 18:08:50,829 INFO      ('drop', '0')
2021-05-10 18:08:50,829 INFO      ('schedule', '[5, 10, 15, 20, 25, 30, 35, 40, 45]')
2021-05-10 18:08:50,829 INFO      ('gamma', '0.9')
2021-05-10 18:08:50,829 INFO      ('momentum', '0.8')
2021-05-10 18:08:50,829 INFO      ('weight_decay', '0.0005')
2021-05-10 18:08:50,830 INFO      ('weight_domain', '0.1')
2021-05-10 18:08:50,830 INFO      ('checkpoint', 'checkpoints/my_data_v6_resnet18_tripletloss_transfer_480_da')
2021-05-10 18:08:50,830 INFO      ('resume', '')
2021-05-10 18:08:50,830 INFO      ('arch', 'resnet18')
2021-05-10 18:08:50,830 INFO      ('manualSeed', '7789')
2021-05-10 18:15:58,227 INFO      ----------configuration**********
2021-05-10 18:15:58,227 INFO      ('dataset', 'my_data')
2021-05-10 18:15:58,227 INFO      ('train_path', 'D:\\flk\\Weather_Recognition\\data_split_2classes_v6\\train\\')
2021-05-10 18:15:58,227 INFO      ('test_path', 'D:\\flk\\Weather_Recognition\\data_split_2classes_v6\\test\\')
2021-05-10 18:15:58,227 INFO      ('mwd_path', 'D:\\flk\\MWD\\weather_classification\\')
2021-05-10 18:15:58,227 INFO      ('imagesize', '224')
2021-05-10 18:15:58,227 INFO      ('pretrained_path', 'D:\\flk\\Weather_Recognition\\checkpoints\\mwd_resnet18_2classes\\05_10_10_36_fold_0_model_best.pth.tar')
2021-05-10 18:15:58,227 INFO      ('epochs', '20')
2021-05-10 18:15:58,227 INFO      ('start_epoch', '0')
2021-05-10 18:15:58,227 INFO      ('train_batch', '8')
2021-05-10 18:15:58,227 INFO      ('test_batch', '8')
2021-05-10 18:15:58,227 INFO      ('mwd_batch', '24')
2021-05-10 18:15:58,227 INFO      ('lr', '1e-05')
2021-05-10 18:15:58,227 INFO      ('drop', '0')
2021-05-10 18:15:58,227 INFO      ('schedule', '[5, 10, 15, 20, 25, 30, 35, 40, 45]')
2021-05-10 18:15:58,227 INFO      ('gamma', '0.9')
2021-05-10 18:15:58,227 INFO      ('momentum', '0.8')
2021-05-10 18:15:58,227 INFO      ('weight_decay', '0.0005')
2021-05-10 18:15:58,228 INFO      ('weight_domain', '0.1')
2021-05-10 18:15:58,228 INFO      ('checkpoint', 'checkpoints/my_data_v6_resnet18_tripletloss_transfer_480_da')
2021-05-10 18:15:58,228 INFO      ('resume', '')
2021-05-10 18:15:58,228 INFO      ('arch', 'resnet18')
2021-05-10 18:15:58,228 INFO      ('manualSeed', '5947')
2021-05-10 18:34:29,061 INFO      epoch: 1, train_acc: 94.60, test_acc: 87.82
2021-05-10 18:53:06,863 INFO      epoch: 2, train_acc: 98.79, test_acc: 87.58
