2021-01-19 20:16:21,018 INFO      ----------configuration**********
2021-01-19 20:16:21,018 INFO      ('dataset', 'mwd')
2021-01-19 20:16:21,018 INFO      ('root_path', 'G:\\dataset\\MWD\\weather_classification\\')
2021-01-19 20:16:21,018 INFO      ('imagesize', '224')
2021-01-19 20:16:21,018 INFO      ('epochs', '100')
2021-01-19 20:16:21,018 INFO      ('start_epoch', '0')
2021-01-19 20:16:21,018 INFO      ('train_batch', '16')
2021-01-19 20:16:21,018 INFO      ('test_batch', '16')
2021-01-19 20:16:21,018 INFO      ('lr', '0.001')
2021-01-19 20:16:21,019 INFO      ('drop', '0')
2021-01-19 20:16:21,019 INFO      ('schedule', '[20, 30, 40]')
2021-01-19 20:16:21,019 INFO      ('gamma', '0.9')
2021-01-19 20:16:21,019 INFO      ('momentum', '0.8')
2021-01-19 20:16:21,019 INFO      ('weight_decay', '0.0001')
2021-01-19 20:16:21,019 INFO      ('checkpoint', 'checkpoints/mwd_resnet18')
2021-01-19 20:16:21,019 INFO      ('resume', '')
2021-01-19 20:16:21,019 INFO      ('arch', 'resnet18')
2021-01-19 20:16:21,019 INFO      ('manualSeed', '4590')
2021-01-19 20:17:45,616 INFO      ----------configuration**********
2021-01-19 20:17:45,616 INFO      ('dataset', 'mwd')
2021-01-19 20:17:45,616 INFO      ('root_path', 'G:\\dataset\\MWD\\weather_classification\\')
2021-01-19 20:17:45,616 INFO      ('imagesize', '224')
2021-01-19 20:17:45,616 INFO      ('epochs', '100')
2021-01-19 20:17:45,616 INFO      ('start_epoch', '0')
2021-01-19 20:17:45,616 INFO      ('train_batch', '16')
2021-01-19 20:17:45,616 INFO      ('test_batch', '16')
2021-01-19 20:17:45,616 INFO      ('lr', '0.001')
2021-01-19 20:17:45,616 INFO      ('drop', '0')
2021-01-19 20:17:45,616 INFO      ('schedule', '[20, 30, 40]')
2021-01-19 20:17:45,616 INFO      ('gamma', '0.9')
2021-01-19 20:17:45,616 INFO      ('momentum', '0.8')
2021-01-19 20:17:45,616 INFO      ('weight_decay', '0.0001')
2021-01-19 20:17:45,617 INFO      ('checkpoint', 'checkpoints/mwd_resnet18')
2021-01-19 20:17:45,617 INFO      ('resume', '')
2021-01-19 20:17:45,617 INFO      ('arch', 'resnet18')
2021-01-19 20:17:45,617 INFO      ('manualSeed', '2675')
2021-01-19 20:34:36,809 INFO      epoch: 1, train_acc: 76.92, test_acc: 84.33
2021-01-19 20:42:22,347 INFO      epoch: 2, train_acc: 83.88, test_acc: 84.67
2021-01-19 20:50:05,192 INFO      epoch: 3, train_acc: 87.38, test_acc: 86.15
2021-01-19 20:57:47,390 INFO      epoch: 4, train_acc: 90.06, test_acc: 85.56
2021-01-19 21:05:29,289 INFO      epoch: 5, train_acc: 92.51, test_acc: 86.22
2021-01-19 21:13:08,445 INFO      epoch: 6, train_acc: 94.17, test_acc: 85.82
2021-01-19 21:20:49,031 INFO      epoch: 7, train_acc: 95.25, test_acc: 85.18
2021-01-19 21:28:30,182 INFO      epoch: 8, train_acc: 96.32, test_acc: 84.61
2021-01-19 21:36:22,327 INFO      epoch: 9, train_acc: 96.86, test_acc: 85.35
