2020-12-22 11:15:14,271 INFO      ----------configuration**********
2020-12-22 11:15:14,272 INFO      ('dataset', 'mwd')
2020-12-22 11:15:14,272 INFO      ('root_path', 'G:\\dataset\\MWD\\weather_classification\\')
2020-12-22 11:15:14,272 INFO      ('imagesize', '224')
2020-12-22 11:15:14,272 INFO      ('epochs', '100')
2020-12-22 11:15:14,272 INFO      ('start_epoch', '0')
2020-12-22 11:15:14,272 INFO      ('train_batch', '16')
2020-12-22 11:15:14,272 INFO      ('test_batch', '16')
2020-12-22 11:15:14,272 INFO      ('lr', '0.001')
2020-12-22 11:15:14,273 INFO      ('drop', '0')
2020-12-22 11:15:14,273 INFO      ('schedule', '[20, 30, 40]')
2020-12-22 11:15:14,273 INFO      ('gamma', '0.9')
2020-12-22 11:15:14,273 INFO      ('momentum', '0.8')
2020-12-22 11:15:14,273 INFO      ('weight_decay', '0.0001')
2020-12-22 11:15:14,273 INFO      ('checkpoint', 'checkpoints/mwd_resnet50')
2020-12-22 11:15:14,273 INFO      ('resume', '')
2020-12-22 11:15:14,273 INFO      ('arch', 'resnet50')
2020-12-22 11:15:14,273 INFO      ('manualSeed', '9419')
2020-12-22 11:34:53,754 INFO      epoch: 1, train_acc: 79.10, test_acc: 85.41
2020-12-22 11:43:30,325 INFO      epoch: 2, train_acc: 86.36, test_acc: 85.86
2020-12-22 11:51:58,023 INFO      epoch: 3, train_acc: 89.75, test_acc: 87.37
2020-12-22 12:00:30,980 INFO      epoch: 4, train_acc: 92.22, test_acc: 87.50
2020-12-22 12:08:59,588 INFO      epoch: 5, train_acc: 94.27, test_acc: 86.48
2020-12-22 12:17:33,458 INFO      epoch: 6, train_acc: 95.55, test_acc: 87.45
2020-12-22 12:26:01,757 INFO      epoch: 7, train_acc: 96.58, test_acc: 86.84
2020-12-22 12:34:34,587 INFO      epoch: 8, train_acc: 96.88, test_acc: 86.93
2020-12-22 12:43:06,822 INFO      epoch: 9, train_acc: 97.55, test_acc: 87.54
2020-12-22 12:51:35,425 INFO      epoch: 10, train_acc: 97.68, test_acc: 87.43
2020-12-22 13:00:08,882 INFO      epoch: 11, train_acc: 98.03, test_acc: 87.55
2020-12-22 13:08:37,437 INFO      epoch: 12, train_acc: 98.16, test_acc: 87.33
2020-12-22 13:17:10,802 INFO      epoch: 13, train_acc: 98.25, test_acc: 87.37
2020-12-22 13:25:39,428 INFO      epoch: 14, train_acc: 98.41, test_acc: 87.15
2020-12-22 13:34:13,842 INFO      epoch: 15, train_acc: 98.52, test_acc: 87.52
2020-12-22 13:42:43,286 INFO      epoch: 16, train_acc: 98.70, test_acc: 87.52
2020-12-22 13:51:14,140 INFO      epoch: 17, train_acc: 98.74, test_acc: 87.60
2020-12-22 13:59:46,969 INFO      epoch: 18, train_acc: 98.80, test_acc: 87.54
2020-12-22 14:08:14,754 INFO      epoch: 19, train_acc: 98.83, test_acc: 87.38
2020-12-22 14:16:56,400 INFO      epoch: 20, train_acc: 98.86, test_acc: 87.54
2020-12-22 14:26:05,948 INFO      epoch: 21, train_acc: 98.96, test_acc: 87.40
2020-12-22 14:35:47,055 INFO      epoch: 22, train_acc: 98.95, test_acc: 87.52
2020-12-22 14:45:46,156 INFO      epoch: 23, train_acc: 99.00, test_acc: 87.13
2020-12-22 14:55:23,021 INFO      epoch: 24, train_acc: 99.03, test_acc: 87.41
2020-12-22 17:54:26,016 INFO      ----------configuration**********
2020-12-22 17:54:26,033 INFO      ('dataset', 'mwd')
2020-12-22 17:54:26,033 INFO      ('root_path', 'G:\\dataset\\MWD\\weather_classification\\')
2020-12-22 17:54:26,033 INFO      ('imagesize', '224')
2020-12-22 17:54:26,033 INFO      ('epochs', '100')
2020-12-22 17:54:26,034 INFO      ('start_epoch', '0')
2020-12-22 17:54:26,034 INFO      ('train_batch', '16')
2020-12-22 17:54:26,034 INFO      ('test_batch', '16')
2020-12-22 17:54:26,034 INFO      ('lr', '0.001')
2020-12-22 17:54:26,034 INFO      ('drop', '0')
2020-12-22 17:54:26,034 INFO      ('schedule', '[20, 30, 40]')
2020-12-22 17:54:26,034 INFO      ('gamma', '0.9')
2020-12-22 17:54:26,034 INFO      ('momentum', '0.8')
2020-12-22 17:54:26,034 INFO      ('weight_decay', '0.0001')
2020-12-22 17:54:26,034 INFO      ('checkpoint', 'checkpoints/mwd_resnet50')
2020-12-22 17:54:26,034 INFO      ('resume', '')
2020-12-22 17:54:26,034 INFO      ('arch', 'resnet50')
2020-12-22 17:54:26,034 INFO      ('manualSeed', '4717')
2020-12-22 18:16:58,896 INFO      epoch: 1, train_acc: 79.05, test_acc: 85.14
2020-12-22 18:28:45,946 INFO      epoch: 2, train_acc: 86.01, test_acc: 87.27
2020-12-22 18:37:40,130 INFO      epoch: 3, train_acc: 89.55, test_acc: 87.51
2020-12-22 18:46:40,466 INFO      epoch: 4, train_acc: 92.18, test_acc: 86.56
2020-12-22 18:55:38,721 INFO      epoch: 5, train_acc: 93.99, test_acc: 87.26
2020-12-22 19:07:42,134 INFO      epoch: 6, train_acc: 95.43, test_acc: 86.91
2020-12-22 19:19:54,638 INFO      epoch: 7, train_acc: 96.40, test_acc: 87.35
2020-12-22 19:29:48,315 INFO      epoch: 8, train_acc: 97.07, test_acc: 87.48
2020-12-22 19:39:22,595 INFO      epoch: 9, train_acc: 97.57, test_acc: 87.49
2020-12-22 19:49:02,973 INFO      epoch: 10, train_acc: 97.68, test_acc: 87.50
2020-12-22 19:58:47,041 INFO      epoch: 11, train_acc: 98.01, test_acc: 87.75
2020-12-22 20:08:47,105 INFO      epoch: 12, train_acc: 98.11, test_acc: 86.95
