2021-01-14 18:43:15,599 INFO      ----------configuration**********
2021-01-14 18:43:15,599 INFO      ('dataset', 'my_data')
2021-01-14 18:43:15,599 INFO      ('train_path', 'G:\\vscode_workspace\\Weather_Recognition\\data_split_v3\\train\\')
2021-01-14 18:43:15,599 INFO      ('test_path', 'G:\\vscode_workspace\\Weather_Recognition\\data_split_v3\\test\\')
2021-01-14 18:43:15,600 INFO      ('imagesize', '224')
2021-01-14 18:43:15,600 INFO      ('epochs', '100')
2021-01-14 18:43:15,601 INFO      ('start_epoch', '0')
2021-01-14 18:43:15,602 INFO      ('train_batch', '16')
2021-01-14 18:43:15,602 INFO      ('test_batch', '16')
2021-01-14 18:43:15,602 INFO      ('lr', '0.001')
2021-01-14 18:43:15,602 INFO      ('drop', '0')
2021-01-14 18:43:15,602 INFO      ('schedule', '[20, 30, 40]')
2021-01-14 18:43:15,602 INFO      ('gamma', '0.9')
2021-01-14 18:43:15,602 INFO      ('momentum', '0.8')
2021-01-14 18:43:15,602 INFO      ('weight_decay', '0.0001')
2021-01-14 18:43:15,603 INFO      ('checkpoint', 'checkpoints/my_data_v3_densenet121')
2021-01-14 18:43:15,603 INFO      ('resume', '')
2021-01-14 18:43:15,603 INFO      ('arch', 'densenet121')
2021-01-14 18:43:15,603 INFO      ('manualSeed', '7677')
2021-01-14 19:15:46,652 INFO      ----------configuration**********
2021-01-14 19:15:46,653 INFO      ('dataset', 'my_data')
2021-01-14 19:15:46,653 INFO      ('train_path', 'G:\\vscode_workspace\\Weather_Recognition\\data_split_v3\\train\\')
2021-01-14 19:15:46,653 INFO      ('test_path', 'G:\\vscode_workspace\\Weather_Recognition\\data_split_v3\\test\\')
2021-01-14 19:15:46,653 INFO      ('imagesize', '224')
2021-01-14 19:15:46,653 INFO      ('epochs', '100')
2021-01-14 19:15:46,653 INFO      ('start_epoch', '0')
2021-01-14 19:15:46,653 INFO      ('train_batch', '16')
2021-01-14 19:15:46,653 INFO      ('test_batch', '16')
2021-01-14 19:15:46,653 INFO      ('lr', '0.001')
2021-01-14 19:15:46,653 INFO      ('drop', '0')
2021-01-14 19:15:46,653 INFO      ('schedule', '[20, 30, 40]')
2021-01-14 19:15:46,653 INFO      ('gamma', '0.9')
2021-01-14 19:15:46,654 INFO      ('momentum', '0.8')
2021-01-14 19:15:46,654 INFO      ('weight_decay', '0.0001')
2021-01-14 19:15:46,654 INFO      ('checkpoint', 'checkpoints/my_data_v3_densenet121')
2021-01-14 19:15:46,654 INFO      ('resume', '')
2021-01-14 19:15:46,654 INFO      ('arch', 'densenet121')
2021-01-14 19:15:46,654 INFO      ('manualSeed', '3777')
2021-01-14 19:43:10,531 INFO      ----------configuration**********
2021-01-14 19:43:10,532 INFO      ('dataset', 'my_data')
2021-01-14 19:43:10,532 INFO      ('train_path', 'G:\\vscode_workspace\\Weather_Recognition\\data_split_v3\\train\\')
2021-01-14 19:43:10,532 INFO      ('test_path', 'G:\\vscode_workspace\\Weather_Recognition\\data_split_v3\\test\\')
2021-01-14 19:43:10,532 INFO      ('imagesize', '224')
2021-01-14 19:43:10,532 INFO      ('epochs', '100')
2021-01-14 19:43:10,532 INFO      ('start_epoch', '0')
2021-01-14 19:43:10,532 INFO      ('train_batch', '16')
2021-01-14 19:43:10,532 INFO      ('test_batch', '16')
2021-01-14 19:43:10,532 INFO      ('lr', '0.001')
2021-01-14 19:43:10,532 INFO      ('drop', '0')
2021-01-14 19:43:10,533 INFO      ('schedule', '[20, 30, 40]')
2021-01-14 19:43:10,533 INFO      ('gamma', '0.9')
2021-01-14 19:43:10,533 INFO      ('momentum', '0.8')
2021-01-14 19:43:10,533 INFO      ('weight_decay', '0.0001')
2021-01-14 19:43:10,533 INFO      ('checkpoint', 'checkpoints/my_data_v3_densenet121')
2021-01-14 19:43:10,533 INFO      ('resume', '')
2021-01-14 19:43:10,533 INFO      ('arch', 'densenet121')
2021-01-14 19:43:10,533 INFO      ('manualSeed', '6901')
2021-01-14 20:07:46,766 INFO      epoch: 1, train_acc: 96.37, test_acc: 55.79
2021-01-14 20:30:09,462 INFO      epoch: 2, train_acc: 99.77, test_acc: 57.60
2021-01-14 20:52:41,430 INFO      epoch: 3, train_acc: 99.83, test_acc: 57.03
2021-01-14 21:16:11,644 INFO      epoch: 4, train_acc: 99.89, test_acc: 55.12
