2021-05-13 15:29:41,753 INFO      ----------configuration**********
2021-05-13 15:29:41,754 INFO      ('dataset', 'my_data')
2021-05-13 15:29:41,754 INFO      ('train_path', 'G:\\vscode_workspace\\Weather_Recognition\\data_split_v6\\train\\')
2021-05-13 15:29:41,754 INFO      ('test_path', 'G:\\vscode_workspace\\Weather_Recognition\\data_split_v6\\test\\')
2021-05-13 15:29:41,754 INFO      ('imagesize', '224')
2021-05-13 15:29:41,754 INFO      ('pretrained_path', 'G:\\vscode_workspace\\Weather_Recognition\\checkpoints\\mwd_resnet18_2classes\\05_10_10_36_fold_0_model_best.pth.tar')
2021-05-13 15:29:41,754 INFO      ('epochs', '20')
2021-05-13 15:29:41,754 INFO      ('start_epoch', '0')
2021-05-13 15:29:41,754 INFO      ('train_batch', '16')
2021-05-13 15:29:41,755 INFO      ('test_batch', '16')
2021-05-13 15:29:41,755 INFO      ('lr', '1e-05')
2021-05-13 15:29:41,755 INFO      ('drop', '0')
2021-05-13 15:29:41,755 INFO      ('schedule', '[5, 10, 15, 20, 25, 30, 35, 40, 45]')
2021-05-13 15:29:41,755 INFO      ('gamma', '0.9')
2021-05-13 15:29:41,755 INFO      ('momentum', '0.8')
2021-05-13 15:29:41,755 INFO      ('weight_decay', '0.0001')
2021-05-13 15:29:41,755 INFO      ('triplet_margin', '0.5')
2021-05-13 15:29:41,755 INFO      ('checkpoint', 'checkpoints/my_data_v6_resnet18_contrastive_center_loss_transfer_480')
2021-05-13 15:29:41,755 INFO      ('resume', '')
2021-05-13 15:29:41,755 INFO      ('arch', 'resnet18')
2021-05-13 15:29:41,755 INFO      ('manualSeed', '8298')
2021-05-13 15:42:11,527 INFO      epoch: 1, train_acc: 89.38, test_acc: 83.27, val_acc: 66.19
2021-05-13 15:51:54,236 INFO      epoch: 2, train_acc: 97.21, test_acc: 83.49, val_acc: 66.19
2021-05-13 16:01:47,660 INFO      epoch: 3, train_acc: 98.39, test_acc: 82.80, val_acc: 73.93
2021-05-13 16:11:46,380 INFO      epoch: 4, train_acc: 98.76, test_acc: 83.91, val_acc: 64.18
2021-05-13 16:53:45,071 INFO      ----------configuration**********
2021-05-13 16:53:45,072 INFO      ('dataset', 'my_data')
2021-05-13 16:53:45,072 INFO      ('train_path', 'G:\\vscode_workspace\\Weather_Recognition\\data_split_v6\\train\\')
2021-05-13 16:53:45,072 INFO      ('test_path', 'G:\\vscode_workspace\\Weather_Recognition\\data_split_v6\\test\\')
2021-05-13 16:53:45,072 INFO      ('imagesize', '224')
2021-05-13 16:53:45,072 INFO      ('pretrained_path', 'G:\\vscode_workspace\\Weather_Recognition\\checkpoints\\mwd_resnet18_2classes\\05_10_10_36_fold_0_model_best.pth.tar')
2021-05-13 16:53:45,072 INFO      ('epochs', '20')
2021-05-13 16:53:45,072 INFO      ('start_epoch', '0')
2021-05-13 16:53:45,072 INFO      ('train_batch', '16')
2021-05-13 16:53:45,072 INFO      ('test_batch', '16')
2021-05-13 16:53:45,072 INFO      ('lr', '1e-05')
2021-05-13 16:53:45,072 INFO      ('drop', '0')
2021-05-13 16:53:45,072 INFO      ('schedule', '[5, 10, 15, 20, 25, 30, 35, 40, 45]')
2021-05-13 16:53:45,072 INFO      ('gamma', '0.9')
2021-05-13 16:53:45,072 INFO      ('momentum', '0.8')
2021-05-13 16:53:45,072 INFO      ('weight_decay', '0.0001')
2021-05-13 16:53:45,072 INFO      ('triplet_margin', '0.5')
2021-05-13 16:53:45,072 INFO      ('checkpoint', 'checkpoints/my_data_v6_resnet18_contrastive_center_loss_transfer_480')
2021-05-13 16:53:45,073 INFO      ('resume', '')
2021-05-13 16:53:45,073 INFO      ('arch', 'resnet18')
2021-05-13 16:53:45,073 INFO      ('manualSeed', '3045')
2021-05-13 17:03:32,520 INFO      epoch: 1, train_acc: 89.37, test_acc: 82.91, val_acc: 72.49
2021-05-13 17:13:36,633 INFO      epoch: 2, train_acc: 96.99, test_acc: 83.15, val_acc: 62.18
