2020-12-25 10:35:44,729 INFO      ----------configuration**********
2020-12-25 10:35:44,730 INFO      ('dataset', 'mwd')
2020-12-25 10:35:44,730 INFO      ('root_path', 'G:\\dataset\\MWD\\weather_classification\\')
2020-12-25 10:35:44,730 INFO      ('imagesize', '224')
2020-12-25 10:35:44,730 INFO      ('epochs', '100')
2020-12-25 10:35:44,730 INFO      ('start_epoch', '0')
2020-12-25 10:35:44,730 INFO      ('train_batch', '16')
2020-12-25 10:35:44,730 INFO      ('test_batch', '16')
2020-12-25 10:35:44,730 INFO      ('lr', '0.001')
2020-12-25 10:35:44,730 INFO      ('drop', '0')
2020-12-25 10:35:44,730 INFO      ('schedule', '[20, 30, 40]')
2020-12-25 10:35:44,730 INFO      ('gamma', '0.9')
2020-12-25 10:35:44,730 INFO      ('momentum', '0.8')
2020-12-25 10:35:44,731 INFO      ('weight_decay', '0.0001')
2020-12-25 10:35:44,731 INFO      ('checkpoint', 'checkpoints/mwd_resnet50_adv')
2020-12-25 10:35:44,731 INFO      ('resume', '')
2020-12-25 10:35:44,731 INFO      ('arch', 'resnet50_adv')
2020-12-25 10:35:44,731 INFO      ('manualSeed', '9862')
2020-12-25 10:39:23,911 INFO      ----------configuration**********
2020-12-25 10:39:23,911 INFO      ('dataset', 'mwd')
2020-12-25 10:39:23,911 INFO      ('root_path', 'G:\\dataset\\MWD\\weather_classification\\')
2020-12-25 10:39:23,911 INFO      ('imagesize', '224')
2020-12-25 10:39:23,911 INFO      ('epochs', '100')
2020-12-25 10:39:23,911 INFO      ('start_epoch', '0')
2020-12-25 10:39:23,911 INFO      ('train_batch', '16')
2020-12-25 10:39:23,912 INFO      ('test_batch', '16')
2020-12-25 10:39:23,912 INFO      ('lr', '0.001')
2020-12-25 10:39:23,912 INFO      ('drop', '0')
2020-12-25 10:39:23,912 INFO      ('schedule', '[20, 30, 40]')
2020-12-25 10:39:23,912 INFO      ('gamma', '0.9')
2020-12-25 10:39:23,912 INFO      ('momentum', '0.8')
2020-12-25 10:39:23,912 INFO      ('weight_decay', '0.0001')
2020-12-25 10:39:23,912 INFO      ('checkpoint', 'checkpoints/mwd_resnet50_adv')
2020-12-25 10:39:23,912 INFO      ('resume', '')
2020-12-25 10:39:23,912 INFO      ('arch', 'resnet50_adv')
2020-12-25 10:39:23,912 INFO      ('manualSeed', '2537')
2020-12-25 11:03:57,192 INFO      epoch: 1, train_acc: 71.60, test_acc: 79.51
2020-12-25 11:19:01,176 INFO      epoch: 2, train_acc: 81.08, test_acc: 80.93
2020-12-25 11:33:27,222 INFO      epoch: 3, train_acc: 84.63, test_acc: 83.34
2020-12-25 11:48:08,069 INFO      epoch: 4, train_acc: 87.25, test_acc: 85.47
2020-12-25 12:02:43,156 INFO      epoch: 5, train_acc: 89.43, test_acc: 85.31
2020-12-25 12:17:05,354 INFO      epoch: 6, train_acc: 91.49, test_acc: 85.41
2020-12-25 12:31:27,727 INFO      epoch: 7, train_acc: 93.35, test_acc: 86.57
2020-12-25 12:45:53,738 INFO      epoch: 8, train_acc: 94.66, test_acc: 86.41
2020-12-25 13:00:13,861 INFO      epoch: 9, train_acc: 95.77, test_acc: 85.81
2020-12-25 13:14:32,857 INFO      epoch: 10, train_acc: 96.29, test_acc: 85.78
2020-12-25 13:28:52,781 INFO      epoch: 11, train_acc: 97.03, test_acc: 86.55
2020-12-25 13:43:12,908 INFO      epoch: 12, train_acc: 97.40, test_acc: 86.01
2020-12-25 13:57:30,106 INFO      epoch: 13, train_acc: 97.84, test_acc: 86.58
2020-12-25 14:15:12,097 INFO      epoch: 14, train_acc: 97.97, test_acc: 86.30
2020-12-25 14:37:15,287 INFO      epoch: 15, train_acc: 98.16, test_acc: 86.80
2020-12-25 14:52:22,620 INFO      epoch: 16, train_acc: 98.22, test_acc: 86.72
