2021-01-22 20:42:00,261 INFO      ----------configuration**********
2021-01-22 20:42:00,261 INFO      ('dataset', 'my_data_seg')
2021-01-22 20:42:00,261 INFO      ('train_path', 'G:\\vscode_workspace\\Weather_Recognition\\data_split_v4\\train\\')
2021-01-22 20:42:00,261 INFO      ('test_path', 'G:\\vscode_workspace\\Weather_Recognition\\data_split_v4\\test\\')
2021-01-22 20:42:00,261 INFO      ('imagesize', '224')
2021-01-22 20:42:00,261 INFO      ('epochs', '100')
2021-01-22 20:42:00,261 INFO      ('start_epoch', '0')
2021-01-22 20:42:00,261 INFO      ('train_batch', '4')
2021-01-22 20:42:00,261 INFO      ('test_batch', '4')
2021-01-22 20:42:00,261 INFO      ('lr', '0.001')
2021-01-22 20:42:00,262 INFO      ('drop', '0')
2021-01-22 20:42:00,262 INFO      ('schedule', '[1, 3, 5, 7, 9]')
2021-01-22 20:42:00,262 INFO      ('gamma', '0.8')
2021-01-22 20:42:00,262 INFO      ('momentum', '0.8')
2021-01-22 20:42:00,262 INFO      ('weight_decay', '0.001')
2021-01-22 20:42:00,262 INFO      ('checkpoint', 'checkpoints/my_data_v4_resnet18_seg_snow')
2021-01-22 20:42:00,262 INFO      ('resume', '')
2021-01-22 20:42:00,262 INFO      ('arch', 'resnet18_seg_snow')
2021-01-22 20:42:00,262 INFO      ('manualSeed', '7524')
2021-01-22 20:42:33,379 INFO      ----------configuration**********
2021-01-22 20:42:33,380 INFO      ('dataset', 'my_data_seg')
2021-01-22 20:42:33,380 INFO      ('train_path', 'G:\\vscode_workspace\\Weather_Recognition\\data_split_v4\\train\\')
2021-01-22 20:42:33,380 INFO      ('test_path', 'G:\\vscode_workspace\\Weather_Recognition\\data_split_v4\\test\\')
2021-01-22 20:42:33,380 INFO      ('imagesize', '224')
2021-01-22 20:42:33,380 INFO      ('epochs', '100')
2021-01-22 20:42:33,381 INFO      ('start_epoch', '0')
2021-01-22 20:42:33,381 INFO      ('train_batch', '4')
2021-01-22 20:42:33,381 INFO      ('test_batch', '4')
2021-01-22 20:42:33,381 INFO      ('lr', '0.001')
2021-01-22 20:42:33,381 INFO      ('drop', '0')
2021-01-22 20:42:33,381 INFO      ('schedule', '[1, 3, 5, 7, 9]')
2021-01-22 20:42:33,381 INFO      ('gamma', '0.8')
2021-01-22 20:42:33,381 INFO      ('momentum', '0.8')
2021-01-22 20:42:33,381 INFO      ('weight_decay', '0.001')
2021-01-22 20:42:33,381 INFO      ('checkpoint', 'checkpoints/my_data_v4_resnet18_seg_snow')
2021-01-22 20:42:33,381 INFO      ('resume', '')
2021-01-22 20:42:33,382 INFO      ('arch', 'resnet18_seg_snow')
2021-01-22 20:42:33,382 INFO      ('manualSeed', '5104')
2021-01-22 20:47:54,358 INFO      ----------configuration**********
2021-01-22 20:47:54,359 INFO      ('dataset', 'my_data_seg')
2021-01-22 20:47:54,359 INFO      ('train_path', 'G:\\vscode_workspace\\Weather_Recognition\\data_split_v4\\train\\')
2021-01-22 20:47:54,359 INFO      ('test_path', 'G:\\vscode_workspace\\Weather_Recognition\\data_split_v4\\test\\')
2021-01-22 20:47:54,360 INFO      ('imagesize', '224')
2021-01-22 20:47:54,360 INFO      ('epochs', '100')
2021-01-22 20:47:54,360 INFO      ('start_epoch', '0')
2021-01-22 20:47:54,360 INFO      ('train_batch', '4')
2021-01-22 20:47:54,360 INFO      ('test_batch', '4')
2021-01-22 20:47:54,361 INFO      ('lr', '0.001')
2021-01-22 20:47:54,361 INFO      ('drop', '0')
2021-01-22 20:47:54,361 INFO      ('schedule', '[1, 3, 5, 7, 9]')
2021-01-22 20:47:54,361 INFO      ('gamma', '0.8')
2021-01-22 20:47:54,361 INFO      ('momentum', '0.8')
2021-01-22 20:47:54,361 INFO      ('weight_decay', '0.001')
2021-01-22 20:47:54,361 INFO      ('checkpoint', 'checkpoints/my_data_v4_resnet18_seg_snow')
2021-01-22 20:47:54,361 INFO      ('resume', '')
2021-01-22 20:47:54,361 INFO      ('arch', 'resnet18_seg_snow')
2021-01-22 20:47:54,361 INFO      ('manualSeed', '2508')
2021-01-22 20:48:50,575 INFO      ----------configuration**********
2021-01-22 20:48:50,576 INFO      ('dataset', 'my_data_seg')
2021-01-22 20:48:50,576 INFO      ('train_path', 'G:\\vscode_workspace\\Weather_Recognition\\data_split_v4\\train\\')
2021-01-22 20:48:50,576 INFO      ('test_path', 'G:\\vscode_workspace\\Weather_Recognition\\data_split_v4\\test\\')
2021-01-22 20:48:50,576 INFO      ('imagesize', '224')
2021-01-22 20:48:50,577 INFO      ('epochs', '100')
2021-01-22 20:48:50,577 INFO      ('start_epoch', '0')
2021-01-22 20:48:50,577 INFO      ('train_batch', '4')
2021-01-22 20:48:50,577 INFO      ('test_batch', '4')
2021-01-22 20:48:50,577 INFO      ('lr', '0.001')
2021-01-22 20:48:50,577 INFO      ('drop', '0')
2021-01-22 20:48:50,577 INFO      ('schedule', '[1, 3, 5, 7, 9]')
2021-01-22 20:48:50,577 INFO      ('gamma', '0.8')
2021-01-22 20:48:50,577 INFO      ('momentum', '0.8')
2021-01-22 20:48:50,577 INFO      ('weight_decay', '0.001')
2021-01-22 20:48:50,577 INFO      ('checkpoint', 'checkpoints/my_data_v4_resnet18_seg_snow')
2021-01-22 20:48:50,578 INFO      ('resume', '')
2021-01-22 20:48:50,578 INFO      ('arch', 'resnet18_seg_snow')
2021-01-22 20:48:50,578 INFO      ('manualSeed', '8227')
2021-01-22 20:54:13,305 INFO      ----------configuration**********
2021-01-22 20:54:13,306 INFO      ('dataset', 'my_data_seg')
2021-01-22 20:54:13,306 INFO      ('train_path', 'G:\\vscode_workspace\\Weather_Recognition\\data_split_v4\\train\\')
2021-01-22 20:54:13,306 INFO      ('test_path', 'G:\\vscode_workspace\\Weather_Recognition\\data_split_v4\\test\\')
2021-01-22 20:54:13,306 INFO      ('imagesize', '224')
2021-01-22 20:54:13,306 INFO      ('epochs', '100')
2021-01-22 20:54:13,306 INFO      ('start_epoch', '0')
2021-01-22 20:54:13,307 INFO      ('train_batch', '4')
2021-01-22 20:54:13,307 INFO      ('test_batch', '4')
2021-01-22 20:54:13,307 INFO      ('lr', '0.001')
2021-01-22 20:54:13,307 INFO      ('drop', '0')
2021-01-22 20:54:13,307 INFO      ('schedule', '[1, 3, 5, 7, 9]')
2021-01-22 20:54:13,307 INFO      ('gamma', '0.8')
2021-01-22 20:54:13,307 INFO      ('momentum', '0.8')
2021-01-22 20:54:13,307 INFO      ('weight_decay', '0.001')
2021-01-22 20:54:13,307 INFO      ('checkpoint', 'checkpoints/my_data_v4_resnet18_seg_snow')
2021-01-22 20:54:13,307 INFO      ('resume', '')
2021-01-22 20:54:13,308 INFO      ('arch', 'resnet18_seg_snow')
2021-01-22 20:54:13,308 INFO      ('manualSeed', '7660')
2021-01-22 20:57:21,681 INFO      ----------configuration**********
2021-01-22 20:57:21,682 INFO      ('dataset', 'my_data_seg')
2021-01-22 20:57:21,682 INFO      ('train_path', 'G:\\vscode_workspace\\Weather_Recognition\\data_split_v4\\train\\')
2021-01-22 20:57:21,682 INFO      ('test_path', 'G:\\vscode_workspace\\Weather_Recognition\\data_split_v4\\test\\')
2021-01-22 20:57:21,682 INFO      ('imagesize', '224')
2021-01-22 20:57:21,682 INFO      ('epochs', '100')
2021-01-22 20:57:21,682 INFO      ('start_epoch', '0')
2021-01-22 20:57:21,682 INFO      ('train_batch', '4')
2021-01-22 20:57:21,682 INFO      ('test_batch', '4')
2021-01-22 20:57:21,682 INFO      ('lr', '0.001')
2021-01-22 20:57:21,682 INFO      ('drop', '0')
2021-01-22 20:57:21,683 INFO      ('schedule', '[1, 3, 5, 7, 9]')
2021-01-22 20:57:21,683 INFO      ('gamma', '0.8')
2021-01-22 20:57:21,683 INFO      ('momentum', '0.8')
2021-01-22 20:57:21,683 INFO      ('weight_decay', '0.001')
2021-01-22 20:57:21,683 INFO      ('checkpoint', 'checkpoints/my_data_v4_resnet18_seg_snow')
2021-01-22 20:57:21,683 INFO      ('resume', '')
2021-01-22 20:57:21,683 INFO      ('arch', 'resnet18_seg_snow')
2021-01-22 20:57:21,683 INFO      ('manualSeed', '7282')
2021-01-22 21:02:33,365 INFO      ----------configuration**********
2021-01-22 21:02:33,365 INFO      ('dataset', 'my_data_seg')
2021-01-22 21:02:33,365 INFO      ('train_path', 'G:\\vscode_workspace\\Weather_Recognition\\data_split_v4\\train\\')
2021-01-22 21:02:33,365 INFO      ('test_path', 'G:\\vscode_workspace\\Weather_Recognition\\data_split_v4\\test\\')
2021-01-22 21:02:33,365 INFO      ('imagesize', '224')
2021-01-22 21:02:33,366 INFO      ('epochs', '100')
2021-01-22 21:02:33,366 INFO      ('start_epoch', '0')
2021-01-22 21:02:33,366 INFO      ('train_batch', '4')
2021-01-22 21:02:33,366 INFO      ('test_batch', '4')
2021-01-22 21:02:33,366 INFO      ('lr', '0.001')
2021-01-22 21:02:33,366 INFO      ('drop', '0')
2021-01-22 21:02:33,366 INFO      ('schedule', '[1, 3, 5, 7, 9]')
2021-01-22 21:02:33,366 INFO      ('gamma', '0.8')
2021-01-22 21:02:33,366 INFO      ('momentum', '0.8')
2021-01-22 21:02:33,366 INFO      ('weight_decay', '0.001')
2021-01-22 21:02:33,366 INFO      ('checkpoint', 'checkpoints/my_data_v4_resnet18_seg_snow')
2021-01-22 21:02:33,366 INFO      ('resume', '')
2021-01-22 21:02:33,366 INFO      ('arch', 'resnet18_seg_snow')
2021-01-22 21:02:33,366 INFO      ('manualSeed', '2902')
2021-01-22 21:02:47,356 INFO      ----------configuration**********
2021-01-22 21:02:47,357 INFO      ('dataset', 'my_data_seg')
2021-01-22 21:02:47,357 INFO      ('train_path', 'G:\\vscode_workspace\\Weather_Recognition\\data_split_v4\\train\\')
2021-01-22 21:02:47,357 INFO      ('test_path', 'G:\\vscode_workspace\\Weather_Recognition\\data_split_v4\\test\\')
2021-01-22 21:02:47,357 INFO      ('imagesize', '224')
2021-01-22 21:02:47,357 INFO      ('epochs', '100')
2021-01-22 21:02:47,357 INFO      ('start_epoch', '0')
2021-01-22 21:02:47,358 INFO      ('train_batch', '4')
2021-01-22 21:02:47,358 INFO      ('test_batch', '4')
2021-01-22 21:02:47,358 INFO      ('lr', '0.001')
2021-01-22 21:02:47,358 INFO      ('drop', '0')
2021-01-22 21:02:47,358 INFO      ('schedule', '[1, 3, 5, 7, 9]')
2021-01-22 21:02:47,358 INFO      ('gamma', '0.8')
2021-01-22 21:02:47,358 INFO      ('momentum', '0.8')
2021-01-22 21:02:47,358 INFO      ('weight_decay', '0.001')
2021-01-22 21:02:47,358 INFO      ('checkpoint', 'checkpoints/my_data_v4_resnet18_seg_snow')
2021-01-22 21:02:47,359 INFO      ('resume', '')
2021-01-22 21:02:47,359 INFO      ('arch', 'resnet18_seg_snow')
2021-01-22 21:02:47,359 INFO      ('manualSeed', '9233')
2021-01-22 21:05:17,721 INFO      ----------configuration**********
2021-01-22 21:05:17,721 INFO      ('dataset', 'my_data_seg')
2021-01-22 21:05:17,721 INFO      ('train_path', 'G:\\vscode_workspace\\Weather_Recognition\\data_split_v4\\train\\')
2021-01-22 21:05:17,721 INFO      ('test_path', 'G:\\vscode_workspace\\Weather_Recognition\\data_split_v4\\test\\')
2021-01-22 21:05:17,721 INFO      ('imagesize', '224')
2021-01-22 21:05:17,722 INFO      ('epochs', '100')
2021-01-22 21:05:17,722 INFO      ('start_epoch', '0')
2021-01-22 21:05:17,722 INFO      ('train_batch', '4')
2021-01-22 21:05:17,722 INFO      ('test_batch', '4')
2021-01-22 21:05:17,722 INFO      ('lr', '0.001')
2021-01-22 21:05:17,722 INFO      ('drop', '0')
2021-01-22 21:05:17,722 INFO      ('schedule', '[1, 3, 5, 7, 9]')
2021-01-22 21:05:17,722 INFO      ('gamma', '0.8')
2021-01-22 21:05:17,722 INFO      ('momentum', '0.8')
2021-01-22 21:05:17,722 INFO      ('weight_decay', '0.001')
2021-01-22 21:05:17,722 INFO      ('checkpoint', 'checkpoints/my_data_v4_resnet18_seg_snow')
2021-01-22 21:05:17,722 INFO      ('resume', '')
2021-01-22 21:05:17,723 INFO      ('arch', 'resnet18_seg_snow')
2021-01-22 21:05:17,723 INFO      ('manualSeed', '1480')
2021-01-22 21:49:22,186 INFO      epoch: 1, train_acc: 94.38, test_acc: 86.60
2021-01-22 22:31:05,030 INFO      epoch: 2, train_acc: 99.57, test_acc: 84.01
2021-01-22 23:11:46,696 INFO      epoch: 3, train_acc: 99.77, test_acc: 83.07
2021-01-22 23:52:10,242 INFO      epoch: 4, train_acc: 99.96, test_acc: 83.37
2021-01-23 00:32:41,279 INFO      epoch: 5, train_acc: 99.96, test_acc: 84.25
2021-01-23 01:13:30,521 INFO      epoch: 6, train_acc: 99.98, test_acc: 83.61
2021-01-23 01:54:10,378 INFO      epoch: 7, train_acc: 99.98, test_acc: 83.12
2021-01-23 02:34:46,447 INFO      epoch: 8, train_acc: 99.97, test_acc: 82.36
2021-01-23 03:15:31,362 INFO      epoch: 9, train_acc: 99.98, test_acc: 82.10
2021-01-23 03:56:17,219 INFO      epoch: 10, train_acc: 99.99, test_acc: 81.90
2021-01-23 04:37:04,069 INFO      epoch: 11, train_acc: 99.97, test_acc: 83.88
2021-01-23 05:17:48,864 INFO      epoch: 12, train_acc: 99.98, test_acc: 79.55
2021-01-23 05:58:27,085 INFO      epoch: 13, train_acc: 99.99, test_acc: 82.66
2021-01-23 06:39:22,602 INFO      epoch: 14, train_acc: 99.99, test_acc: 79.64
2021-01-23 07:20:05,481 INFO      epoch: 15, train_acc: 99.98, test_acc: 80.07
2021-01-23 08:00:54,385 INFO      epoch: 16, train_acc: 100.00, test_acc: 83.50
2021-01-23 08:41:37,228 INFO      epoch: 17, train_acc: 99.98, test_acc: 81.17
2021-01-23 09:22:59,998 INFO      epoch: 18, train_acc: 99.97, test_acc: 81.18
2021-01-23 10:03:58,279 INFO      epoch: 19, train_acc: 99.99, test_acc: 81.37
2021-01-23 10:44:33,825 INFO      epoch: 20, train_acc: 100.00, test_acc: 81.36
