2021-01-14 15:56:08,805 INFO      ----------configuration**********
2021-01-14 15:56:08,805 INFO      ('dataset', 'my_data')
2021-01-14 15:56:08,805 INFO      ('train_path', 'G:\\vscode_workspace\\Weather_Recognition\\data_split_v2\\train\\')
2021-01-14 15:56:08,805 INFO      ('test_path', 'G:\\vscode_workspace\\Weather_Recognition\\data_split_v2\\test\\')
2021-01-14 15:56:08,806 INFO      ('pretrained_path', 'G:\\vscode_workspace\\Weather_Recognition\\checkpoints\\mwd_densenet121\\fold_0_model_best.pth.tar')
2021-01-14 15:56:08,806 INFO      ('imagesize', '224')
2021-01-14 15:56:08,806 INFO      ('epochs', '100')
2021-01-14 15:56:08,806 INFO      ('start_epoch', '0')
2021-01-14 15:56:08,806 INFO      ('train_batch', '16')
2021-01-14 15:56:08,821 INFO      ('test_batch', '16')
2021-01-14 15:56:08,821 INFO      ('lr', '0.0001')
2021-01-14 15:56:08,821 INFO      ('drop', '0')
2021-01-14 15:56:08,821 INFO      ('schedule', '[20, 30, 40]')
2021-01-14 15:56:08,821 INFO      ('gamma', '0.9')
2021-01-14 15:56:08,821 INFO      ('momentum', '0.8')
2021-01-14 15:56:08,821 INFO      ('weight_decay', '0.0001')
2021-01-14 15:56:08,821 INFO      ('checkpoint', 'checkpoints/my_data_densenet121_transfer')
2021-01-14 15:56:08,821 INFO      ('resume', '')
2021-01-14 15:56:08,821 INFO      ('arch', 'densenet121')
2021-01-14 15:56:08,821 INFO      ('manualSeed', '3383')
2021-01-14 16:13:10,827 INFO      epoch: 1, train_acc: 96.16, test_acc: 82.81
2021-01-14 16:29:31,703 INFO      epoch: 2, train_acc: 99.58, test_acc: 84.14
2021-01-14 16:44:08,768 INFO      epoch: 3, train_acc: 99.74, test_acc: 84.12
2021-01-14 16:56:10,304 INFO      epoch: 4, train_acc: 99.71, test_acc: 84.85
2021-01-14 17:09:16,331 INFO      epoch: 5, train_acc: 99.84, test_acc: 85.07
2021-01-14 17:21:31,197 INFO      epoch: 6, train_acc: 99.94, test_acc: 84.22
2021-01-14 17:33:07,249 INFO      epoch: 7, train_acc: 99.90, test_acc: 84.76
2021-01-14 17:46:01,592 INFO      epoch: 8, train_acc: 99.92, test_acc: 85.07
2021-01-14 18:01:45,932 INFO      epoch: 9, train_acc: 99.94, test_acc: 84.38
2021-01-14 18:13:38,789 INFO      epoch: 10, train_acc: 99.95, test_acc: 84.46
2021-01-14 18:25:11,538 INFO      epoch: 11, train_acc: 99.92, test_acc: 83.86
2021-01-14 18:36:42,770 INFO      epoch: 12, train_acc: 99.96, test_acc: 84.30
