2021-05-13 20:57:57,393 INFO      ----------configuration**********
2021-05-13 20:57:57,393 INFO      ('dataset', 'my_data')
2021-05-13 20:57:57,393 INFO      ('train_path', 'G:\\vscode_workspace\\Weather_Recognition\\data_split_v6\\train\\')
2021-05-13 20:57:57,393 INFO      ('test_path', 'G:\\vscode_workspace\\Weather_Recognition\\data_split_v6\\test\\')
2021-05-13 20:57:57,394 INFO      ('imagesize', '224')
2021-05-13 20:57:57,394 INFO      ('pretrained_path', 'G:\\vscode_workspace\\Weather_Recognition\\checkpoints\\mwd_resnet18_2classes\\05_10_10_36_fold_0_model_best.pth.tar')
2021-05-13 20:57:57,394 INFO      ('epochs', '20')
2021-05-13 20:57:57,394 INFO      ('start_epoch', '0')
2021-05-13 20:57:57,394 INFO      ('train_batch', '8')
2021-05-13 20:57:57,394 INFO      ('test_batch', '8')
2021-05-13 20:57:57,394 INFO      ('lr', '1e-05')
2021-05-13 20:57:57,394 INFO      ('drop', '0')
2021-05-13 20:57:57,394 INFO      ('schedule', '[5, 10, 15, 20, 25, 30, 35, 40, 45]')
2021-05-13 20:57:57,394 INFO      ('gamma', '0.9')
2021-05-13 20:57:57,394 INFO      ('momentum', '0.8')
2021-05-13 20:57:57,394 INFO      ('weight_decay', '0.0005')
2021-05-13 20:57:57,395 INFO      ('triplet_margin', '1.5')
2021-05-13 20:57:57,395 INFO      ('checkpoint', 'checkpoints/my_data_v6_resnet18_tripletloss_transfer_480')
2021-05-13 20:57:57,395 INFO      ('resume', '')
2021-05-13 20:57:57,395 INFO      ('arch', 'resnet18')
2021-05-13 20:57:57,395 INFO      ('manualSeed', '2146')
