2021-01-20 09:39:18,338 INFO      ----------configuration**********
2021-01-20 09:39:18,339 INFO      ('dataset', 'my_data_seg')
2021-01-20 09:39:18,339 INFO      ('train_path', 'G:\\vscode_workspace\\Weather_Recognition\\data_split_v4\\train\\')
2021-01-20 09:39:18,339 INFO      ('test_path', 'G:\\vscode_workspace\\Weather_Recognition\\data_split_v4\\test\\')
2021-01-20 09:39:18,339 INFO      ('imagesize', '224')
2021-01-20 09:39:18,339 INFO      ('epochs', '100')
2021-01-20 09:39:18,339 INFO      ('start_epoch', '0')
2021-01-20 09:39:18,339 INFO      ('train_batch', '8')
2021-01-20 09:39:18,339 INFO      ('test_batch', '8')
2021-01-20 09:39:18,339 INFO      ('lr', '0.001')
2021-01-20 09:39:18,339 INFO      ('drop', '0')
2021-01-20 09:39:18,339 INFO      ('schedule', '[1, 2, 4, 6, 8, 10]')
2021-01-20 09:39:18,339 INFO      ('gamma', '0.8')
2021-01-20 09:39:18,340 INFO      ('momentum', '0.8')
2021-01-20 09:39:18,340 INFO      ('weight_decay', '0.001')
2021-01-20 09:39:18,340 INFO      ('checkpoint', 'checkpoints/my_data_v4_resnet18_seg_4classes')
2021-01-20 09:39:18,340 INFO      ('resume', '')
2021-01-20 09:39:18,340 INFO      ('arch', 'resnet18_seg')
2021-01-20 09:39:18,340 INFO      ('manualSeed', '2004')
2021-01-20 10:23:34,178 INFO      epoch: 1, train_acc: 97.39, test_acc: 85.56
2021-01-20 10:49:13,350 INFO      ----------configuration**********
2021-01-20 10:49:13,367 INFO      ('dataset', 'my_data_seg')
2021-01-20 10:49:13,367 INFO      ('train_path', 'G:\\vscode_workspace\\Weather_Recognition\\data_split_v4\\train\\')
2021-01-20 10:49:13,367 INFO      ('test_path', 'G:\\vscode_workspace\\Weather_Recognition\\data_split_v4\\test\\')
2021-01-20 10:49:13,367 INFO      ('imagesize', '224')
2021-01-20 10:49:13,367 INFO      ('epochs', '100')
2021-01-20 10:49:13,367 INFO      ('start_epoch', '1')
2021-01-20 10:49:13,367 INFO      ('train_batch', '8')
2021-01-20 10:49:13,367 INFO      ('test_batch', '8')
2021-01-20 10:49:13,367 INFO      ('lr', '0.001')
2021-01-20 10:49:13,368 INFO      ('drop', '0')
2021-01-20 10:49:13,368 INFO      ('schedule', '[1, 2, 4, 6, 8, 10]')
2021-01-20 10:49:13,368 INFO      ('gamma', '0.8')
2021-01-20 10:49:13,368 INFO      ('momentum', '0.8')
2021-01-20 10:49:13,368 INFO      ('weight_decay', '0.001')
2021-01-20 10:49:13,368 INFO      ('checkpoint', 'checkpoints/my_data_v4_resnet18_seg_4classes')
2021-01-20 10:49:13,368 INFO      ('resume', 'checkpoints/my_data_v4_resnet18_seg_4classes/fold_0_checkpoint.pth.tar')
2021-01-20 10:49:13,368 INFO      ('arch', 'resnet18_seg')
2021-01-20 10:49:13,368 INFO      ('manualSeed', '9050')
2021-01-20 11:13:16,632 INFO      ----------configuration**********
2021-01-20 11:13:16,632 INFO      ('dataset', 'my_data_seg')
2021-01-20 11:13:16,632 INFO      ('train_path', 'G:\\vscode_workspace\\Weather_Recognition\\data_split_v4\\train\\')
2021-01-20 11:13:16,632 INFO      ('test_path', 'G:\\vscode_workspace\\Weather_Recognition\\data_split_v4\\test\\')
2021-01-20 11:13:16,632 INFO      ('imagesize', '224')
2021-01-20 11:13:16,632 INFO      ('epochs', '100')
2021-01-20 11:13:16,633 INFO      ('start_epoch', '1')
2021-01-20 11:13:16,633 INFO      ('train_batch', '8')
2021-01-20 11:13:16,633 INFO      ('test_batch', '8')
2021-01-20 11:13:16,633 INFO      ('lr', '0.001')
2021-01-20 11:13:16,633 INFO      ('drop', '0')
2021-01-20 11:13:16,633 INFO      ('schedule', '[1, 2, 4, 6, 8, 10]')
2021-01-20 11:13:16,633 INFO      ('gamma', '0.8')
2021-01-20 11:13:16,633 INFO      ('momentum', '0.8')
2021-01-20 11:13:16,633 INFO      ('weight_decay', '0.001')
2021-01-20 11:13:16,633 INFO      ('checkpoint', 'checkpoints/my_data_v4_resnet18_seg_4classes')
2021-01-20 11:13:16,633 INFO      ('resume', 'checkpoints/my_data_v4_resnet18_seg_4classes/fold_0_checkpoint.pth.tar')
2021-01-20 11:13:16,633 INFO      ('arch', 'resnet18_seg')
2021-01-20 11:13:16,633 INFO      ('manualSeed', '1722')
2021-01-20 11:48:13,378 INFO      epoch: 2, train_acc: 99.72, test_acc: 81.21
2021-01-20 12:18:04,679 INFO      epoch: 3, train_acc: 99.87, test_acc: 81.44
2021-01-20 12:24:05,181 INFO      ----------configuration**********
2021-01-20 12:24:05,181 INFO      ('dataset', 'my_data_seg')
2021-01-20 12:24:05,181 INFO      ('train_path', 'G:\\vscode_workspace\\Weather_Recognition\\data_split_v4\\train\\')
2021-01-20 12:24:05,182 INFO      ('test_path', 'G:\\vscode_workspace\\Weather_Recognition\\data_split_v4\\test\\')
2021-01-20 12:24:05,182 INFO      ('imagesize', '224')
2021-01-20 12:24:05,182 INFO      ('epochs', '100')
2021-01-20 12:24:05,182 INFO      ('start_epoch', '0')
2021-01-20 12:24:05,182 INFO      ('train_batch', '8')
2021-01-20 12:24:05,182 INFO      ('test_batch', '8')
2021-01-20 12:24:05,182 INFO      ('lr', '0.0005')
2021-01-20 12:24:05,182 INFO      ('drop', '0')
2021-01-20 12:24:05,182 INFO      ('schedule', '[1, 2, 4, 6, 8, 10]')
2021-01-20 12:24:05,182 INFO      ('gamma', '0.8')
2021-01-20 12:24:05,182 INFO      ('momentum', '0.8')
2021-01-20 12:24:05,183 INFO      ('weight_decay', '0.001')
2021-01-20 12:24:05,183 INFO      ('checkpoint', 'checkpoints/my_data_v4_resnet18_seg_4classes')
2021-01-20 12:24:05,183 INFO      ('resume', '')
2021-01-20 12:24:05,183 INFO      ('arch', 'resnet18_seg')
2021-01-20 12:24:05,183 INFO      ('manualSeed', '9996')
2021-01-20 14:31:01,361 INFO      ----------configuration**********
2021-01-20 14:31:01,361 INFO      ('dataset', 'my_data_seg')
2021-01-20 14:31:01,361 INFO      ('train_path', 'G:\\vscode_workspace\\Weather_Recognition\\data_split_v4\\train\\')
2021-01-20 14:31:01,361 INFO      ('test_path', 'G:\\vscode_workspace\\Weather_Recognition\\data_split_v4\\test\\')
2021-01-20 14:31:01,361 INFO      ('imagesize', '224')
2021-01-20 14:31:01,361 INFO      ('epochs', '100')
2021-01-20 14:31:01,361 INFO      ('start_epoch', '0')
2021-01-20 14:31:01,362 INFO      ('train_batch', '8')
2021-01-20 14:31:01,362 INFO      ('test_batch', '8')
2021-01-20 14:31:01,362 INFO      ('lr', '0.0005')
2021-01-20 14:31:01,362 INFO      ('drop', '0')
2021-01-20 14:31:01,362 INFO      ('schedule', '[1, 2, 4, 6, 8, 10]')
2021-01-20 14:31:01,362 INFO      ('gamma', '0.8')
2021-01-20 14:31:01,362 INFO      ('momentum', '0.8')
2021-01-20 14:31:01,362 INFO      ('weight_decay', '0.001')
2021-01-20 14:31:01,362 INFO      ('checkpoint', 'checkpoints/my_data_v4_resnet18_seg_4classes')
2021-01-20 14:31:01,362 INFO      ('resume', '')
2021-01-20 14:31:01,362 INFO      ('arch', 'resnet18_seg')
2021-01-20 14:31:01,362 INFO      ('manualSeed', '3470')
2021-01-20 14:38:26,938 INFO      ----------configuration**********
2021-01-20 14:38:26,938 INFO      ('dataset', 'my_data_seg')
2021-01-20 14:38:26,938 INFO      ('train_path', 'G:\\vscode_workspace\\Weather_Recognition\\data_split_v4\\train\\')
2021-01-20 14:38:26,938 INFO      ('test_path', 'G:\\vscode_workspace\\Weather_Recognition\\data_split_v4\\test\\')
2021-01-20 14:38:26,938 INFO      ('imagesize', '224')
2021-01-20 14:38:26,938 INFO      ('epochs', '100')
2021-01-20 14:38:26,938 INFO      ('start_epoch', '0')
2021-01-20 14:38:26,938 INFO      ('train_batch', '8')
2021-01-20 14:38:26,939 INFO      ('test_batch', '8')
2021-01-20 14:38:26,939 INFO      ('lr', '0.0005')
2021-01-20 14:38:26,939 INFO      ('drop', '0')
2021-01-20 14:38:26,939 INFO      ('schedule', '[1, 2, 4, 6, 8, 10]')
2021-01-20 14:38:26,939 INFO      ('gamma', '0.8')
2021-01-20 14:38:26,939 INFO      ('momentum', '0.8')
2021-01-20 14:38:26,939 INFO      ('weight_decay', '0.001')
2021-01-20 14:38:26,939 INFO      ('checkpoint', 'checkpoints/my_data_v4_resnet18_seg_4classes')
2021-01-20 14:38:26,939 INFO      ('resume', '')
2021-01-20 14:38:26,939 INFO      ('arch', 'resnet18_seg')
2021-01-20 14:38:26,939 INFO      ('manualSeed', '7918')
2021-01-20 14:39:42,399 INFO      ----------configuration**********
2021-01-20 14:39:42,399 INFO      ('dataset', 'my_data_seg')
2021-01-20 14:39:42,399 INFO      ('train_path', 'G:\\vscode_workspace\\Weather_Recognition\\data_split_v4\\train\\')
2021-01-20 14:39:42,399 INFO      ('test_path', 'G:\\vscode_workspace\\Weather_Recognition\\data_split_v4\\test\\')
2021-01-20 14:39:42,400 INFO      ('imagesize', '224')
2021-01-20 14:39:42,400 INFO      ('epochs', '100')
2021-01-20 14:39:42,400 INFO      ('start_epoch', '0')
2021-01-20 14:39:42,400 INFO      ('train_batch', '8')
2021-01-20 14:39:42,400 INFO      ('test_batch', '8')
2021-01-20 14:39:42,400 INFO      ('lr', '0.0005')
2021-01-20 14:39:42,400 INFO      ('drop', '0')
2021-01-20 14:39:42,400 INFO      ('schedule', '[1, 2, 4, 6, 8, 10]')
2021-01-20 14:39:42,400 INFO      ('gamma', '0.8')
2021-01-20 14:39:42,400 INFO      ('momentum', '0.8')
2021-01-20 14:39:42,400 INFO      ('weight_decay', '0.001')
2021-01-20 14:39:42,400 INFO      ('checkpoint', 'checkpoints/my_data_v4_resnet18_seg_4classes')
2021-01-20 14:39:42,400 INFO      ('resume', '')
2021-01-20 14:39:42,401 INFO      ('arch', 'resnet18_seg')
2021-01-20 14:39:42,401 INFO      ('manualSeed', '6665')
2021-01-20 14:41:38,339 INFO      ----------configuration**********
2021-01-20 14:41:38,339 INFO      ('dataset', 'my_data_seg')
2021-01-20 14:41:38,339 INFO      ('train_path', 'G:\\vscode_workspace\\Weather_Recognition\\data_split_v4\\train\\')
2021-01-20 14:41:38,339 INFO      ('test_path', 'G:\\vscode_workspace\\Weather_Recognition\\data_split_v4\\test\\')
2021-01-20 14:41:38,339 INFO      ('imagesize', '224')
2021-01-20 14:41:38,339 INFO      ('epochs', '100')
2021-01-20 14:41:38,339 INFO      ('start_epoch', '0')
2021-01-20 14:41:38,339 INFO      ('train_batch', '8')
2021-01-20 14:41:38,340 INFO      ('test_batch', '8')
2021-01-20 14:41:38,340 INFO      ('lr', '0.0005')
2021-01-20 14:41:38,340 INFO      ('drop', '0')
2021-01-20 14:41:38,340 INFO      ('schedule', '[1, 2, 4, 6, 8, 10]')
2021-01-20 14:41:38,340 INFO      ('gamma', '0.8')
2021-01-20 14:41:38,340 INFO      ('momentum', '0.8')
2021-01-20 14:41:38,340 INFO      ('weight_decay', '0.001')
2021-01-20 14:41:38,340 INFO      ('checkpoint', 'checkpoints/my_data_v4_resnet18_seg_4classes')
2021-01-20 14:41:38,340 INFO      ('resume', '')
2021-01-20 14:41:38,340 INFO      ('arch', 'resnet18_seg')
2021-01-20 14:41:38,340 INFO      ('manualSeed', '4646')
2021-01-20 14:44:26,387 INFO      ----------configuration**********
2021-01-20 14:44:26,387 INFO      ('dataset', 'my_data_seg')
2021-01-20 14:44:26,387 INFO      ('train_path', 'G:\\vscode_workspace\\Weather_Recognition\\data_split_v4\\train\\')
2021-01-20 14:44:26,387 INFO      ('test_path', 'G:\\vscode_workspace\\Weather_Recognition\\data_split_v4\\test\\')
2021-01-20 14:44:26,387 INFO      ('imagesize', '224')
2021-01-20 14:44:26,387 INFO      ('epochs', '100')
2021-01-20 14:44:26,387 INFO      ('start_epoch', '0')
2021-01-20 14:44:26,387 INFO      ('train_batch', '8')
2021-01-20 14:44:26,387 INFO      ('test_batch', '8')
2021-01-20 14:44:26,387 INFO      ('lr', '0.0005')
2021-01-20 14:44:26,387 INFO      ('drop', '0')
2021-01-20 14:44:26,387 INFO      ('schedule', '[1, 2, 4, 6, 8, 10]')
2021-01-20 14:44:26,387 INFO      ('gamma', '0.8')
2021-01-20 14:44:26,387 INFO      ('momentum', '0.8')
2021-01-20 14:44:26,387 INFO      ('weight_decay', '0.001')
2021-01-20 14:44:26,388 INFO      ('checkpoint', 'checkpoints/my_data_v4_resnet18_seg_4classes')
2021-01-20 14:44:26,388 INFO      ('resume', '')
2021-01-20 14:44:26,388 INFO      ('arch', 'resnet18_seg')
2021-01-20 14:44:26,388 INFO      ('manualSeed', '4448')
2021-01-20 14:45:30,696 INFO      ----------configuration**********
2021-01-20 14:45:30,697 INFO      ('dataset', 'my_data_seg')
2021-01-20 14:45:30,697 INFO      ('train_path', 'G:\\vscode_workspace\\Weather_Recognition\\data_split_v4\\train\\')
2021-01-20 14:45:30,697 INFO      ('test_path', 'G:\\vscode_workspace\\Weather_Recognition\\data_split_v4\\test\\')
2021-01-20 14:45:30,697 INFO      ('imagesize', '224')
2021-01-20 14:45:30,697 INFO      ('epochs', '100')
2021-01-20 14:45:30,697 INFO      ('start_epoch', '0')
2021-01-20 14:45:30,697 INFO      ('train_batch', '8')
2021-01-20 14:45:30,697 INFO      ('test_batch', '8')
2021-01-20 14:45:30,697 INFO      ('lr', '0.0005')
2021-01-20 14:45:30,697 INFO      ('drop', '0')
2021-01-20 14:45:30,697 INFO      ('schedule', '[1, 2, 4, 6, 8, 10]')
2021-01-20 14:45:30,697 INFO      ('gamma', '0.8')
2021-01-20 14:45:30,697 INFO      ('momentum', '0.8')
2021-01-20 14:45:30,697 INFO      ('weight_decay', '0.001')
2021-01-20 14:45:30,697 INFO      ('checkpoint', 'checkpoints/my_data_v4_resnet18_seg_4classes')
2021-01-20 14:45:30,698 INFO      ('resume', '')
2021-01-20 14:45:30,698 INFO      ('arch', 'resnet18_seg')
2021-01-20 14:45:30,698 INFO      ('manualSeed', '1958')
2021-01-20 15:11:42,123 INFO      ----------configuration**********
2021-01-20 15:11:42,141 INFO      ('dataset', 'my_data_seg')
2021-01-20 15:11:42,141 INFO      ('train_path', 'G:\\vscode_workspace\\Weather_Recognition\\data_split_v4\\train\\')
2021-01-20 15:11:42,141 INFO      ('test_path', 'G:\\vscode_workspace\\Weather_Recognition\\data_split_v4\\test\\')
2021-01-20 15:11:42,141 INFO      ('imagesize', '224')
2021-01-20 15:11:42,141 INFO      ('epochs', '100')
2021-01-20 15:11:42,142 INFO      ('start_epoch', '0')
2021-01-20 15:11:42,142 INFO      ('train_batch', '4')
2021-01-20 15:11:42,142 INFO      ('test_batch', '4')
2021-01-20 15:11:42,142 INFO      ('lr', '0.0005')
2021-01-20 15:11:42,142 INFO      ('drop', '0')
2021-01-20 15:11:42,142 INFO      ('schedule', '[1, 2, 4, 6, 8, 10]')
2021-01-20 15:11:42,143 INFO      ('gamma', '0.8')
2021-01-20 15:11:42,143 INFO      ('momentum', '0.8')
2021-01-20 15:11:42,143 INFO      ('weight_decay', '0.001')
2021-01-20 15:11:42,143 INFO      ('checkpoint', 'checkpoints/my_data_v4_resnet18_seg_4classes')
2021-01-20 15:11:42,143 INFO      ('resume', '')
2021-01-20 15:11:42,143 INFO      ('arch', 'resnet18_seg')
2021-01-20 15:11:42,143 INFO      ('manualSeed', '831')
2021-01-20 16:03:30,224 INFO      epoch: 1, train_acc: 94.60, test_acc: 80.01
2021-01-20 16:40:26,497 INFO      epoch: 2, train_acc: 99.14, test_acc: 78.39
2021-01-20 16:41:26,689 INFO      ----------configuration**********
2021-01-20 16:41:26,689 INFO      ('dataset', 'my_data_seg')
2021-01-20 16:41:26,689 INFO      ('train_path', 'G:\\vscode_workspace\\Weather_Recognition\\data_split_v4\\train\\')
2021-01-20 16:41:26,689 INFO      ('test_path', 'G:\\vscode_workspace\\Weather_Recognition\\data_split_v4\\test\\')
2021-01-20 16:41:26,689 INFO      ('imagesize', '224')
2021-01-20 16:41:26,689 INFO      ('epochs', '100')
2021-01-20 16:41:26,689 INFO      ('start_epoch', '0')
2021-01-20 16:41:26,689 INFO      ('train_batch', '4')
2021-01-20 16:41:26,689 INFO      ('test_batch', '4')
2021-01-20 16:41:26,689 INFO      ('lr', '0.001')
2021-01-20 16:41:26,689 INFO      ('drop', '0')
2021-01-20 16:41:26,689 INFO      ('schedule', '[1, 2, 4, 6, 8, 10]')
2021-01-20 16:41:26,689 INFO      ('gamma', '0.8')
2021-01-20 16:41:26,690 INFO      ('momentum', '0.8')
2021-01-20 16:41:26,690 INFO      ('weight_decay', '0.001')
2021-01-20 16:41:26,690 INFO      ('checkpoint', 'checkpoints/my_data_v4_resnet18_seg_4classes')
2021-01-20 16:41:26,690 INFO      ('resume', '')
2021-01-20 16:41:26,690 INFO      ('arch', 'resnet18_seg')
2021-01-20 16:41:26,690 INFO      ('manualSeed', '6491')
2021-01-20 17:19:33,577 INFO      epoch: 1, train_acc: 95.26, test_acc: 87.63
2021-01-20 17:55:05,351 INFO      epoch: 2, train_acc: 99.30, test_acc: 80.67
2021-01-20 18:28:28,105 INFO      epoch: 3, train_acc: 99.83, test_acc: 82.48
2021-01-20 19:02:15,105 INFO      epoch: 4, train_acc: 99.92, test_acc: 82.17
2021-01-20 19:38:13,912 INFO      epoch: 5, train_acc: 99.97, test_acc: 80.05
2021-01-20 20:12:58,795 INFO      epoch: 6, train_acc: 99.95, test_acc: 81.94
