2022-03-04 13:24:22,143 INFO      ----------configuration**********
2022-03-04 13:24:22,143 INFO      ('dataset', 'my_data')
2022-03-04 13:24:22,143 INFO      ('train_path', 'G:\\vscode_workspace\\Weather_Recognition\\data_split_v6\\train\\')
2022-03-04 13:24:22,143 INFO      ('test_path', 'G:\\vscode_workspace\\Weather_Recognition\\data_split_v6\\test\\')
2022-03-04 13:24:22,143 INFO      ('imagesize', '224')
2022-03-04 13:24:22,143 INFO      ('pretrained_path', 'G:\\vscode_workspace\\Weather_Recognition\\checkpoints\\mwd_resnet18\\04_14_14_25_fold_0_model_best.pth.tar')
2022-03-04 13:24:22,143 INFO      ('epochs', '20')
2022-03-04 13:24:22,143 INFO      ('start_epoch', '0')
2022-03-04 13:24:22,143 INFO      ('train_batch', '16')
2022-03-04 13:24:22,144 INFO      ('test_batch', '4')
2022-03-04 13:24:22,144 INFO      ('lr', '0.001')
2022-03-04 13:24:22,144 INFO      ('drop', '0')
2022-03-04 13:24:22,144 INFO      ('schedule', '[5, 10, 15, 20, 25, 30, 35, 40, 45]')
2022-03-04 13:24:22,144 INFO      ('gamma', '0.9')
2022-03-04 13:24:22,144 INFO      ('momentum', '0.8')
2022-03-04 13:24:22,144 INFO      ('weight_decay', '0.0001')
2022-03-04 13:24:22,144 INFO      ('checkpoint', 'checkpoints/my_data_v6_resnet18_transfer_480_triplet_loss_ba')
2022-03-04 13:24:22,144 INFO      ('resume', '')
2022-03-04 13:24:22,144 INFO      ('arch', 'resnet18')
2022-03-04 13:24:22,144 INFO      ('manualSeed', '8623')
2022-03-04 13:27:12,120 INFO      ----------configuration**********
2022-03-04 13:27:12,120 INFO      ('dataset', 'my_data')
2022-03-04 13:27:12,121 INFO      ('train_path', 'G:\\vscode_workspace\\Weather_Recognition\\data_split_v6\\train\\')
2022-03-04 13:27:12,121 INFO      ('test_path', 'G:\\vscode_workspace\\Weather_Recognition\\data_split_v6\\test\\')
2022-03-04 13:27:12,121 INFO      ('imagesize', '224')
2022-03-04 13:27:12,121 INFO      ('pretrained_path', 'G:\\vscode_workspace\\Weather_Recognition\\checkpoints\\mwd_resnet18\\04_14_14_25_fold_0_model_best.pth.tar')
2022-03-04 13:27:12,121 INFO      ('epochs', '20')
2022-03-04 13:27:12,121 INFO      ('start_epoch', '0')
2022-03-04 13:27:12,121 INFO      ('train_batch', '16')
2022-03-04 13:27:12,121 INFO      ('test_batch', '4')
2022-03-04 13:27:12,121 INFO      ('lr', '0.001')
2022-03-04 13:27:12,121 INFO      ('drop', '0')
2022-03-04 13:27:12,121 INFO      ('schedule', '[5, 10, 15, 20, 25, 30, 35, 40, 45]')
2022-03-04 13:27:12,121 INFO      ('gamma', '0.9')
2022-03-04 13:27:12,121 INFO      ('momentum', '0.8')
2022-03-04 13:27:12,121 INFO      ('weight_decay', '0.0001')
2022-03-04 13:27:12,121 INFO      ('checkpoint', 'checkpoints/my_data_v6_resnet18_transfer_480_triplet_loss_ba')
2022-03-04 13:27:12,121 INFO      ('resume', '')
2022-03-04 13:27:12,121 INFO      ('arch', 'resnet18')
2022-03-04 13:27:12,121 INFO      ('manualSeed', '1540')
2022-03-04 13:28:14,645 INFO      ----------configuration**********
2022-03-04 13:28:14,645 INFO      ('dataset', 'my_data')
2022-03-04 13:28:14,645 INFO      ('train_path', 'G:\\vscode_workspace\\Weather_Recognition\\data_split_v6\\train\\')
2022-03-04 13:28:14,645 INFO      ('test_path', 'G:\\vscode_workspace\\Weather_Recognition\\data_split_v6\\test\\')
2022-03-04 13:28:14,645 INFO      ('imagesize', '224')
2022-03-04 13:28:14,645 INFO      ('pretrained_path', 'G:\\vscode_workspace\\Weather_Recognition\\checkpoints\\mwd_resnet18\\04_14_14_25_fold_0_model_best.pth.tar')
2022-03-04 13:28:14,645 INFO      ('epochs', '20')
2022-03-04 13:28:14,645 INFO      ('start_epoch', '0')
2022-03-04 13:28:14,645 INFO      ('train_batch', '16')
2022-03-04 13:28:14,645 INFO      ('test_batch', '4')
2022-03-04 13:28:14,645 INFO      ('lr', '0.001')
2022-03-04 13:28:14,645 INFO      ('drop', '0')
2022-03-04 13:28:14,645 INFO      ('schedule', '[5, 10, 15, 20, 25, 30, 35, 40, 45]')
2022-03-04 13:28:14,645 INFO      ('gamma', '0.9')
2022-03-04 13:28:14,645 INFO      ('momentum', '0.8')
2022-03-04 13:28:14,646 INFO      ('weight_decay', '0.0001')
2022-03-04 13:28:14,646 INFO      ('checkpoint', 'checkpoints/my_data_v6_resnet18_transfer_480_triplet_loss_ba')
2022-03-04 13:28:14,646 INFO      ('resume', '')
2022-03-04 13:28:14,646 INFO      ('arch', 'resnet18')
2022-03-04 13:28:14,646 INFO      ('manualSeed', '4214')
2022-03-08 20:44:54,477 INFO      ----------configuration**********
2022-03-08 20:44:54,490 INFO      ('dataset', 'my_data')
2022-03-08 20:44:54,490 INFO      ('train_path', 'G:\\vscode_workspace\\Weather_Recognition\\data_split_v6\\train\\')
2022-03-08 20:44:54,490 INFO      ('test_path', 'G:\\vscode_workspace\\Weather_Recognition\\data_split_v6\\test\\')
2022-03-08 20:44:54,490 INFO      ('imagesize', '224')
2022-03-08 20:44:54,491 INFO      ('pretrained_path', 'G:\\vscode_workspace\\Weather_Recognition\\checkpoints\\mwd_resnet18\\04_14_14_25_fold_0_model_best.pth.tar')
2022-03-08 20:44:54,491 INFO      ('epochs', '20')
2022-03-08 20:44:54,491 INFO      ('start_epoch', '0')
2022-03-08 20:44:54,491 INFO      ('train_batch', '16')
2022-03-08 20:44:54,491 INFO      ('test_batch', '4')
2022-03-08 20:44:54,491 INFO      ('lr', '0.001')
2022-03-08 20:44:54,491 INFO      ('drop', '0')
2022-03-08 20:44:54,491 INFO      ('schedule', '[5, 10, 15, 20, 25, 30, 35, 40, 45]')
2022-03-08 20:44:54,491 INFO      ('gamma', '0.9')
2022-03-08 20:44:54,491 INFO      ('momentum', '0.8')
2022-03-08 20:44:54,491 INFO      ('weight_decay', '0.0001')
2022-03-08 20:44:54,491 INFO      ('checkpoint', 'checkpoints/my_data_v6_resnet18_transfer_480_triplet_loss_ba')
2022-03-08 20:44:54,491 INFO      ('resume', '')
2022-03-08 20:44:54,491 INFO      ('arch', 'resnet18')
2022-03-08 20:44:54,491 INFO      ('manualSeed', '213')
2022-03-08 20:47:41,048 INFO      ----------configuration**********
2022-03-08 20:47:41,048 INFO      ('dataset', 'my_data')
2022-03-08 20:47:41,048 INFO      ('train_path', 'G:\\vscode_workspace\\Weather_Recognition\\data_split_v6\\train\\')
2022-03-08 20:47:41,048 INFO      ('test_path', 'G:\\vscode_workspace\\Weather_Recognition\\data_split_v6\\test\\')
2022-03-08 20:47:41,048 INFO      ('imagesize', '224')
2022-03-08 20:47:41,048 INFO      ('pretrained_path', 'G:\\vscode_workspace\\Weather_Recognition\\checkpoints\\mwd_resnet18\\04_14_14_25_fold_0_model_best.pth.tar')
2022-03-08 20:47:41,048 INFO      ('epochs', '20')
2022-03-08 20:47:41,048 INFO      ('start_epoch', '0')
2022-03-08 20:47:41,049 INFO      ('train_batch', '16')
2022-03-08 20:47:41,049 INFO      ('test_batch', '4')
2022-03-08 20:47:41,049 INFO      ('lr', '0.001')
2022-03-08 20:47:41,049 INFO      ('drop', '0')
2022-03-08 20:47:41,049 INFO      ('schedule', '[5, 10, 15, 20, 25, 30, 35, 40, 45]')
2022-03-08 20:47:41,049 INFO      ('gamma', '0.9')
2022-03-08 20:47:41,049 INFO      ('momentum', '0.8')
2022-03-08 20:47:41,049 INFO      ('weight_decay', '0.0001')
2022-03-08 20:47:41,049 INFO      ('checkpoint', 'checkpoints/my_data_v6_resnet18_transfer_480_triplet_loss_ba')
2022-03-08 20:47:41,049 INFO      ('resume', '')
2022-03-08 20:47:41,049 INFO      ('arch', 'resnet18')
2022-03-08 20:47:41,049 INFO      ('manualSeed', '3546')
2022-03-08 20:55:58,732 INFO      ----------configuration**********
2022-03-08 20:55:58,732 INFO      ('dataset', 'my_data')
2022-03-08 20:55:58,732 INFO      ('train_path', 'G:\\vscode_workspace\\Weather_Recognition\\data_split_v6\\train\\')
2022-03-08 20:55:58,732 INFO      ('test_path', 'G:\\vscode_workspace\\Weather_Recognition\\data_split_v6\\test\\')
2022-03-08 20:55:58,733 INFO      ('imagesize', '224')
2022-03-08 20:55:58,733 INFO      ('pretrained_path', 'G:\\vscode_workspace\\Weather_Recognition\\checkpoints\\mwd_resnet18\\04_14_14_25_fold_0_model_best.pth.tar')
2022-03-08 20:55:58,733 INFO      ('epochs', '20')
2022-03-08 20:55:58,733 INFO      ('start_epoch', '0')
2022-03-08 20:55:58,733 INFO      ('train_batch', '16')
2022-03-08 20:55:58,733 INFO      ('test_batch', '4')
2022-03-08 20:55:58,733 INFO      ('lr', '0.001')
2022-03-08 20:55:58,733 INFO      ('drop', '0')
2022-03-08 20:55:58,733 INFO      ('schedule', '[5, 10, 15, 20, 25, 30, 35, 40, 45]')
2022-03-08 20:55:58,733 INFO      ('gamma', '0.9')
2022-03-08 20:55:58,750 INFO      ('momentum', '0.8')
2022-03-08 20:55:58,750 INFO      ('weight_decay', '0.0001')
2022-03-08 20:55:58,750 INFO      ('checkpoint', 'checkpoints/my_data_v6_resnet18_transfer_480_triplet_loss_ba')
2022-03-08 20:55:58,750 INFO      ('resume', '')
2022-03-08 20:55:58,751 INFO      ('arch', 'resnet18')
2022-03-08 20:55:58,751 INFO      ('manualSeed', '2201')
2022-03-08 21:49:46,561 INFO      ----------configuration**********
2022-03-08 21:49:46,562 INFO      ('dataset', 'my_data')
2022-03-08 21:49:46,562 INFO      ('train_path', 'G:\\vscode_workspace\\Weather_Recognition\\data_split_v6\\train\\')
2022-03-08 21:49:46,562 INFO      ('test_path', 'G:\\vscode_workspace\\Weather_Recognition\\data_split_v6\\test\\')
2022-03-08 21:49:46,562 INFO      ('imagesize', '224')
2022-03-08 21:49:46,562 INFO      ('pretrained_path', 'G:\\vscode_workspace\\Weather_Recognition\\checkpoints\\mwd_resnet18\\04_14_14_25_fold_0_model_best.pth.tar')
2022-03-08 21:49:46,562 INFO      ('epochs', '20')
2022-03-08 21:49:46,562 INFO      ('start_epoch', '0')
2022-03-08 21:49:46,562 INFO      ('train_batch', '16')
2022-03-08 21:49:46,562 INFO      ('test_batch', '4')
2022-03-08 21:49:46,562 INFO      ('lr', '0.001')
2022-03-08 21:49:46,562 INFO      ('drop', '0')
2022-03-08 21:49:46,562 INFO      ('schedule', '[5, 10, 15, 20, 25, 30, 35, 40, 45]')
2022-03-08 21:49:46,562 INFO      ('gamma', '0.9')
2022-03-08 21:49:46,562 INFO      ('momentum', '0.8')
2022-03-08 21:49:46,563 INFO      ('weight_decay', '0.0001')
2022-03-08 21:49:46,563 INFO      ('checkpoint', 'checkpoints/my_data_v6_resnet18_transfer_480_triplet_loss_ba')
2022-03-08 21:49:46,563 INFO      ('resume', '')
2022-03-08 21:49:46,563 INFO      ('arch', 'resnet18')
2022-03-08 21:49:46,563 INFO      ('manualSeed', '5249')
2022-03-08 21:50:13,074 INFO      ----------configuration**********
2022-03-08 21:50:13,074 INFO      ('dataset', 'my_data')
2022-03-08 21:50:13,074 INFO      ('train_path', 'G:\\vscode_workspace\\Weather_Recognition\\data_split_v6\\train\\')
2022-03-08 21:50:13,074 INFO      ('test_path', 'G:\\vscode_workspace\\Weather_Recognition\\data_split_v6\\test\\')
2022-03-08 21:50:13,074 INFO      ('imagesize', '224')
2022-03-08 21:50:13,074 INFO      ('pretrained_path', 'G:\\vscode_workspace\\Weather_Recognition\\checkpoints\\mwd_resnet18\\04_14_14_25_fold_0_model_best.pth.tar')
2022-03-08 21:50:13,074 INFO      ('epochs', '20')
2022-03-08 21:50:13,074 INFO      ('start_epoch', '0')
2022-03-08 21:50:13,074 INFO      ('train_batch', '16')
2022-03-08 21:50:13,074 INFO      ('test_batch', '4')
2022-03-08 21:50:13,075 INFO      ('lr', '0.001')
2022-03-08 21:50:13,075 INFO      ('drop', '0')
2022-03-08 21:50:13,075 INFO      ('schedule', '[5, 10, 15, 20, 25, 30, 35, 40, 45]')
2022-03-08 21:50:13,075 INFO      ('gamma', '0.9')
2022-03-08 21:50:13,075 INFO      ('momentum', '0.8')
2022-03-08 21:50:13,075 INFO      ('weight_decay', '0.0001')
2022-03-08 21:50:13,075 INFO      ('checkpoint', 'checkpoints/my_data_v6_resnet18_transfer_480_triplet_loss_ba')
2022-03-08 21:50:13,075 INFO      ('resume', '')
2022-03-08 21:50:13,075 INFO      ('arch', 'resnet18')
2022-03-08 21:50:13,075 INFO      ('manualSeed', '7742')
2022-03-08 21:50:54,348 INFO      ----------configuration**********
2022-03-08 21:50:54,348 INFO      ('dataset', 'my_data')
2022-03-08 21:50:54,348 INFO      ('train_path', 'G:\\vscode_workspace\\Weather_Recognition\\data_split_v6\\train\\')
2022-03-08 21:50:54,349 INFO      ('test_path', 'G:\\vscode_workspace\\Weather_Recognition\\data_split_v6\\test\\')
2022-03-08 21:50:54,349 INFO      ('imagesize', '224')
2022-03-08 21:50:54,349 INFO      ('pretrained_path', 'G:\\vscode_workspace\\Weather_Recognition\\checkpoints\\mwd_resnet18\\04_14_14_25_fold_0_model_best.pth.tar')
2022-03-08 21:50:54,349 INFO      ('epochs', '20')
2022-03-08 21:50:54,349 INFO      ('start_epoch', '0')
2022-03-08 21:50:54,349 INFO      ('train_batch', '16')
2022-03-08 21:50:54,349 INFO      ('test_batch', '4')
2022-03-08 21:50:54,349 INFO      ('lr', '0.001')
2022-03-08 21:50:54,349 INFO      ('drop', '0')
2022-03-08 21:50:54,349 INFO      ('schedule', '[5, 10, 15, 20, 25, 30, 35, 40, 45]')
2022-03-08 21:50:54,349 INFO      ('gamma', '0.9')
2022-03-08 21:50:54,349 INFO      ('momentum', '0.8')
2022-03-08 21:50:54,349 INFO      ('weight_decay', '0.0001')
2022-03-08 21:50:54,349 INFO      ('checkpoint', 'checkpoints/my_data_v6_resnet18_transfer_480_triplet_loss_ba')
2022-03-08 21:50:54,349 INFO      ('resume', '')
2022-03-08 21:50:54,349 INFO      ('arch', 'resnet18')
2022-03-08 21:50:54,349 INFO      ('manualSeed', '4313')
2022-03-08 22:27:14,527 INFO      epoch: 1, train_acc: 96.77, test_acc: 80.93
2022-03-08 22:57:41,732 INFO      epoch: 2, train_acc: 99.66, test_acc: 74.68
2022-03-08 23:28:01,379 INFO      epoch: 3, train_acc: 99.87, test_acc: 78.14
2022-03-08 23:57:48,471 INFO      epoch: 4, train_acc: 99.96, test_acc: 82.36
2022-03-09 00:27:35,624 INFO      epoch: 5, train_acc: 99.97, test_acc: 83.28
2022-03-09 00:57:48,555 INFO      epoch: 6, train_acc: 99.95, test_acc: 81.67
2022-03-09 01:27:32,886 INFO      epoch: 7, train_acc: 99.96, test_acc: 81.07
2022-03-09 01:57:32,269 INFO      epoch: 8, train_acc: 100.00, test_acc: 83.51
2022-03-09 02:27:36,696 INFO      epoch: 9, train_acc: 99.99, test_acc: 80.97
2022-03-09 02:57:47,416 INFO      epoch: 10, train_acc: 99.99, test_acc: 81.29
2022-03-09 03:29:21,250 INFO      epoch: 11, train_acc: 99.98, test_acc: 81.07
2022-03-09 04:03:44,779 INFO      epoch: 12, train_acc: 99.99, test_acc: 80.86
2022-03-09 04:35:19,813 INFO      epoch: 13, train_acc: 99.98, test_acc: 81.22
2022-03-09 05:06:06,120 INFO      epoch: 14, train_acc: 99.99, test_acc: 80.13
2022-03-09 05:36:46,403 INFO      epoch: 15, train_acc: 99.99, test_acc: 80.52
2022-03-09 06:07:33,706 INFO      epoch: 16, train_acc: 99.98, test_acc: 79.33
2022-03-09 06:38:21,691 INFO      epoch: 17, train_acc: 99.98, test_acc: 81.34
