2021-05-11 15:05:42,904 INFO      ----------configuration**********
2021-05-11 15:05:42,904 INFO      ('dataset', 'my_data')
2021-05-11 15:05:42,904 INFO      ('train_path', 'D:\\flk\\Weather_Recognition\\data_split_2classes_v6\\train\\')
2021-05-11 15:05:42,905 INFO      ('test_path', 'D:\\flk\\Weather_Recognition\\data_split_2classes_v6\\test\\')
2021-05-11 15:05:42,905 INFO      ('mwd_path', 'D:\\flk\\MWD\\weather_classification\\')
2021-05-11 15:05:42,905 INFO      ('imagesize', '224')
2021-05-11 15:05:42,905 INFO      ('pretrained_path', 'D:\\flk\\Weather_Recognition\\checkpoints\\mwd_resnet18_2classes\\05_10_10_36_fold_0_model_best.pth.tar')
2021-05-11 15:05:42,905 INFO      ('epochs', '20')
2021-05-11 15:05:42,905 INFO      ('start_epoch', '0')
2021-05-11 15:05:42,905 INFO      ('train_batch', '8')
2021-05-11 15:05:42,905 INFO      ('test_batch', '8')
2021-05-11 15:05:42,905 INFO      ('mwd_batch', '24')
2021-05-11 15:05:42,905 INFO      ('lr', '1e-05')
2021-05-11 15:05:42,905 INFO      ('drop', '0')
2021-05-11 15:05:42,905 INFO      ('schedule', '[5, 10, 15, 20, 25, 30, 35, 40, 45]')
2021-05-11 15:05:42,906 INFO      ('gamma', '0.9')
2021-05-11 15:05:42,906 INFO      ('momentum', '0.8')
2021-05-11 15:05:42,906 INFO      ('weight_decay', '0.0005')
2021-05-11 15:05:42,906 INFO      ('weight_domain', '0.1')
2021-05-11 15:05:42,906 INFO      ('weight_my_data', '0.6')
2021-05-11 15:05:42,906 INFO      ('weight_mwd', '0.4')
2021-05-11 15:05:42,906 INFO      ('checkpoint', 'checkpoints/my_data_v6_resnet18_tripletloss_transfer_480_maml')
2021-05-11 15:05:42,906 INFO      ('resume', '')
2021-05-11 15:05:42,906 INFO      ('arch', 'resnet18')
2021-05-11 15:05:42,906 INFO      ('manualSeed', '679')
2021-05-11 15:07:01,145 INFO      ----------configuration**********
2021-05-11 15:07:01,145 INFO      ('dataset', 'my_data')
2021-05-11 15:07:01,146 INFO      ('train_path', 'D:\\flk\\Weather_Recognition\\data_split_2classes_v6\\train\\')
2021-05-11 15:07:01,146 INFO      ('test_path', 'D:\\flk\\Weather_Recognition\\data_split_2classes_v6\\test\\')
2021-05-11 15:07:01,146 INFO      ('mwd_path', 'D:\\flk\\MWD\\weather_classification\\')
2021-05-11 15:07:01,146 INFO      ('imagesize', '224')
2021-05-11 15:07:01,146 INFO      ('pretrained_path', 'D:\\flk\\Weather_Recognition\\checkpoints\\mwd_resnet18_2classes\\05_10_10_36_fold_0_model_best.pth.tar')
2021-05-11 15:07:01,146 INFO      ('epochs', '20')
2021-05-11 15:07:01,146 INFO      ('start_epoch', '0')
2021-05-11 15:07:01,146 INFO      ('train_batch', '8')
2021-05-11 15:07:01,146 INFO      ('test_batch', '8')
2021-05-11 15:07:01,146 INFO      ('mwd_batch', '24')
2021-05-11 15:07:01,146 INFO      ('lr', '1e-05')
2021-05-11 15:07:01,147 INFO      ('drop', '0')
2021-05-11 15:07:01,147 INFO      ('schedule', '[5, 10, 15, 20, 25, 30, 35, 40, 45]')
2021-05-11 15:07:01,147 INFO      ('gamma', '0.9')
2021-05-11 15:07:01,147 INFO      ('momentum', '0.8')
2021-05-11 15:07:01,147 INFO      ('weight_decay', '0.0005')
2021-05-11 15:07:01,147 INFO      ('weight_domain', '0.1')
2021-05-11 15:07:01,147 INFO      ('weight_my_data', '0.6')
2021-05-11 15:07:01,147 INFO      ('weight_mwd', '0.4')
2021-05-11 15:07:01,147 INFO      ('checkpoint', 'checkpoints/my_data_v6_resnet18_tripletloss_transfer_480_maml')
2021-05-11 15:07:01,147 INFO      ('resume', '')
2021-05-11 15:07:01,147 INFO      ('arch', 'resnet18')
2021-05-11 15:07:01,147 INFO      ('manualSeed', '4648')
2021-05-11 15:09:45,437 INFO      ----------configuration**********
2021-05-11 15:09:45,437 INFO      ('dataset', 'my_data')
2021-05-11 15:09:45,438 INFO      ('train_path', 'D:\\flk\\Weather_Recognition\\data_split_2classes_v6\\train\\')
2021-05-11 15:09:45,438 INFO      ('test_path', 'D:\\flk\\Weather_Recognition\\data_split_2classes_v6\\test\\')
2021-05-11 15:09:45,438 INFO      ('mwd_path', 'D:\\flk\\MWD\\weather_classification\\')
2021-05-11 15:09:45,438 INFO      ('imagesize', '224')
2021-05-11 15:09:45,438 INFO      ('pretrained_path', 'D:\\flk\\Weather_Recognition\\checkpoints\\mwd_resnet18_2classes\\05_10_10_36_fold_0_model_best.pth.tar')
2021-05-11 15:09:45,438 INFO      ('epochs', '20')
2021-05-11 15:09:45,438 INFO      ('start_epoch', '0')
2021-05-11 15:09:45,438 INFO      ('train_batch', '4')
2021-05-11 15:09:45,438 INFO      ('test_batch', '4')
2021-05-11 15:09:45,438 INFO      ('mwd_batch', '12')
2021-05-11 15:09:45,438 INFO      ('lr', '1e-05')
2021-05-11 15:09:45,438 INFO      ('drop', '0')
2021-05-11 15:09:45,438 INFO      ('schedule', '[5, 10, 15, 20, 25, 30, 35, 40, 45]')
2021-05-11 15:09:45,438 INFO      ('gamma', '0.9')
2021-05-11 15:09:45,439 INFO      ('momentum', '0.8')
2021-05-11 15:09:45,439 INFO      ('weight_decay', '0.0005')
2021-05-11 15:09:45,439 INFO      ('weight_domain', '0.1')
2021-05-11 15:09:45,439 INFO      ('weight_my_data', '0.6')
2021-05-11 15:09:45,439 INFO      ('weight_mwd', '0.4')
2021-05-11 15:09:45,439 INFO      ('checkpoint', 'checkpoints/my_data_v6_resnet18_tripletloss_transfer_480_maml')
2021-05-11 15:09:45,439 INFO      ('resume', '')
2021-05-11 15:09:45,439 INFO      ('arch', 'resnet18')
2021-05-11 15:09:45,439 INFO      ('manualSeed', '4643')
2021-05-11 15:12:33,256 INFO      ----------configuration**********
2021-05-11 15:12:33,256 INFO      ('dataset', 'my_data')
2021-05-11 15:12:33,256 INFO      ('train_path', 'D:\\flk\\Weather_Recognition\\data_split_2classes_v6\\train\\')
2021-05-11 15:12:33,256 INFO      ('test_path', 'D:\\flk\\Weather_Recognition\\data_split_2classes_v6\\test\\')
2021-05-11 15:12:33,256 INFO      ('mwd_path', 'D:\\flk\\MWD\\weather_classification\\')
2021-05-11 15:12:33,257 INFO      ('imagesize', '224')
2021-05-11 15:12:33,257 INFO      ('pretrained_path', 'D:\\flk\\Weather_Recognition\\checkpoints\\mwd_resnet18_2classes\\05_10_10_36_fold_0_model_best.pth.tar')
2021-05-11 15:12:33,257 INFO      ('epochs', '20')
2021-05-11 15:12:33,257 INFO      ('start_epoch', '0')
2021-05-11 15:12:33,257 INFO      ('train_batch', '4')
2021-05-11 15:12:33,257 INFO      ('test_batch', '4')
2021-05-11 15:12:33,257 INFO      ('mwd_batch', '12')
2021-05-11 15:12:33,257 INFO      ('lr', '1e-05')
2021-05-11 15:12:33,257 INFO      ('drop', '0')
2021-05-11 15:12:33,257 INFO      ('schedule', '[5, 10, 15, 20, 25, 30, 35, 40, 45]')
2021-05-11 15:12:33,257 INFO      ('gamma', '0.9')
2021-05-11 15:12:33,257 INFO      ('momentum', '0.8')
2021-05-11 15:12:33,257 INFO      ('weight_decay', '0.0005')
2021-05-11 15:12:33,257 INFO      ('weight_domain', '0.1')
2021-05-11 15:12:33,257 INFO      ('weight_my_data', '0.6')
2021-05-11 15:12:33,257 INFO      ('weight_mwd', '0.4')
2021-05-11 15:12:33,257 INFO      ('checkpoint', 'checkpoints/my_data_v6_resnet18_tripletloss_transfer_480_maml')
2021-05-11 15:12:33,257 INFO      ('resume', '')
2021-05-11 15:12:33,257 INFO      ('arch', 'resnet18')
2021-05-11 15:12:33,257 INFO      ('manualSeed', '4603')
2021-05-11 15:29:31,987 INFO      ----------configuration**********
2021-05-11 15:29:31,987 INFO      ('dataset', 'my_data')
2021-05-11 15:29:31,987 INFO      ('train_path', 'D:\\flk\\Weather_Recognition\\data_split_2classes_v6\\train\\')
2021-05-11 15:29:31,987 INFO      ('test_path', 'D:\\flk\\Weather_Recognition\\data_split_2classes_v6\\test\\')
2021-05-11 15:29:31,987 INFO      ('mwd_path', 'D:\\flk\\MWD\\weather_classification\\')
2021-05-11 15:29:31,987 INFO      ('imagesize', '224')
2021-05-11 15:29:31,987 INFO      ('pretrained_path', 'D:\\flk\\Weather_Recognition\\checkpoints\\mwd_resnet18_2classes\\05_10_10_36_fold_0_model_best.pth.tar')
2021-05-11 15:29:31,987 INFO      ('epochs', '20')
2021-05-11 15:29:31,987 INFO      ('start_epoch', '0')
2021-05-11 15:29:31,987 INFO      ('train_batch', '6')
2021-05-11 15:29:31,987 INFO      ('test_batch', '6')
2021-05-11 15:29:31,987 INFO      ('mwd_batch', '18')
2021-05-11 15:29:31,987 INFO      ('lr', '1e-05')
2021-05-11 15:29:31,988 INFO      ('drop', '0')
2021-05-11 15:29:31,988 INFO      ('schedule', '[5, 10, 15, 20, 25, 30, 35, 40, 45]')
2021-05-11 15:29:31,988 INFO      ('gamma', '0.9')
2021-05-11 15:29:31,988 INFO      ('momentum', '0.8')
2021-05-11 15:29:31,988 INFO      ('weight_decay', '0.0005')
2021-05-11 15:29:31,988 INFO      ('weight_domain', '0.1')
2021-05-11 15:29:31,988 INFO      ('weight_my_data', '0.6')
2021-05-11 15:29:31,988 INFO      ('weight_mwd', '0.4')
2021-05-11 15:29:31,988 INFO      ('checkpoint', 'checkpoints/my_data_v6_resnet18_tripletloss_transfer_480_maml')
2021-05-11 15:29:31,988 INFO      ('resume', '')
2021-05-11 15:29:31,988 INFO      ('arch', 'resnet18')
2021-05-11 15:29:31,988 INFO      ('manualSeed', '6474')
2021-05-11 15:50:20,170 INFO      epoch: 1, train_acc: 93.12, test_acc: 85.77
2021-05-11 16:11:01,527 INFO      epoch: 2, train_acc: 97.92, test_acc: 85.94
2021-05-11 16:22:46,741 INFO      ----------configuration**********
2021-05-11 16:22:46,741 INFO      ('dataset', 'my_data')
2021-05-11 16:22:46,741 INFO      ('train_path', 'D:\\flk\\Weather_Recognition\\data_split_2classes_v6\\train\\')
2021-05-11 16:22:46,741 INFO      ('test_path', 'D:\\flk\\Weather_Recognition\\data_split_2classes_v6\\test\\')
2021-05-11 16:22:46,741 INFO      ('mwd_path', 'D:\\flk\\MWD\\weather_classification\\')
2021-05-11 16:22:46,741 INFO      ('imagesize', '224')
2021-05-11 16:22:46,741 INFO      ('pretrained_path', 'D:\\flk\\Weather_Recognition\\checkpoints\\mwd_resnet18_2classes\\05_10_10_36_fold_0_model_best.pth.tar')
2021-05-11 16:22:46,741 INFO      ('epochs', '20')
2021-05-11 16:22:46,741 INFO      ('start_epoch', '0')
2021-05-11 16:22:46,741 INFO      ('train_batch', '6')
2021-05-11 16:22:46,741 INFO      ('test_batch', '6')
2021-05-11 16:22:46,741 INFO      ('mwd_batch', '18')
2021-05-11 16:22:46,742 INFO      ('lr', '1e-05')
2021-05-11 16:22:46,742 INFO      ('drop', '0')
2021-05-11 16:22:46,742 INFO      ('schedule', '[5, 10, 15, 20, 25, 30, 35, 40, 45]')
2021-05-11 16:22:46,742 INFO      ('gamma', '0.9')
2021-05-11 16:22:46,742 INFO      ('momentum', '0.8')
2021-05-11 16:22:46,742 INFO      ('weight_decay', '0.0005')
2021-05-11 16:22:46,742 INFO      ('weight_domain', '0.1')
2021-05-11 16:22:46,742 INFO      ('weight_my_data', '0.9')
2021-05-11 16:22:46,742 INFO      ('weight_mwd', '0.1')
2021-05-11 16:22:46,742 INFO      ('checkpoint', 'checkpoints/my_data_v6_resnet18_tripletloss_transfer_480_maml')
2021-05-11 16:22:46,742 INFO      ('resume', '')
2021-05-11 16:22:46,742 INFO      ('arch', 'resnet18')
2021-05-11 16:22:46,742 INFO      ('manualSeed', '7')
2021-05-11 16:43:14,139 INFO      epoch: 1, train_acc: 94.28, test_acc: 79.51
2021-05-11 17:03:55,146 INFO      epoch: 2, train_acc: 98.10, test_acc: 87.40
2021-05-11 17:24:34,236 INFO      epoch: 3, train_acc: 98.35, test_acc: 83.79
2021-05-11 17:45:15,578 INFO      epoch: 4, train_acc: 98.70, test_acc: 81.76
2021-05-11 18:05:52,706 INFO      epoch: 5, train_acc: 98.95, test_acc: 82.40
2021-05-11 18:26:28,098 INFO      epoch: 6, train_acc: 98.84, test_acc: 79.27
2021-05-11 18:47:08,351 INFO      epoch: 7, train_acc: 98.87, test_acc: 84.96
2021-05-11 19:07:47,730 INFO      epoch: 8, train_acc: 98.82, test_acc: 82.50
2021-05-11 19:22:37,544 INFO      ----------configuration**********
2021-05-11 19:22:37,545 INFO      ('dataset', 'my_data')
2021-05-11 19:22:37,545 INFO      ('train_path', 'D:\\flk\\Weather_Recognition\\data_split_2classes_v6\\train\\')
2021-05-11 19:22:37,545 INFO      ('test_path', 'D:\\flk\\Weather_Recognition\\data_split_2classes_v6\\test\\')
2021-05-11 19:22:37,545 INFO      ('mwd_path', 'D:\\flk\\MWD\\weather_classification\\')
2021-05-11 19:22:37,545 INFO      ('imagesize', '224')
2021-05-11 19:22:37,545 INFO      ('pretrained_path', 'D:\\flk\\Weather_Recognition\\checkpoints\\mwd_resnet18_2classes\\05_10_10_36_fold_0_model_best.pth.tar')
2021-05-11 19:22:37,545 INFO      ('epochs', '20')
2021-05-11 19:22:37,545 INFO      ('start_epoch', '0')
2021-05-11 19:22:37,545 INFO      ('train_batch', '6')
2021-05-11 19:22:37,545 INFO      ('test_batch', '6')
2021-05-11 19:22:37,545 INFO      ('mwd_batch', '18')
2021-05-11 19:22:37,545 INFO      ('lr', '1e-05')
2021-05-11 19:22:37,545 INFO      ('drop', '0')
2021-05-11 19:22:37,545 INFO      ('schedule', '[5, 10, 15, 20, 25, 30, 35, 40, 45]')
2021-05-11 19:22:37,545 INFO      ('gamma', '0.9')
2021-05-11 19:22:37,545 INFO      ('momentum', '0.8')
2021-05-11 19:22:37,545 INFO      ('weight_decay', '0.0005')
2021-05-11 19:22:37,545 INFO      ('weight_domain', '0.2')
2021-05-11 19:22:37,545 INFO      ('weight_my_data', '0.8')
2021-05-11 19:22:37,545 INFO      ('weight_mwd', '0.2')
2021-05-11 19:22:37,545 INFO      ('checkpoint', 'checkpoints/my_data_v6_resnet18_tripletloss_transfer_480_maml')
2021-05-11 19:22:37,545 INFO      ('resume', '')
2021-05-11 19:22:37,545 INFO      ('arch', 'resnet18')
2021-05-11 19:22:37,545 INFO      ('manualSeed', '4888')
2021-05-11 19:43:20,194 INFO      epoch: 1, train_acc: 93.86, test_acc: 83.49
