2021-05-07 16:11:55,068 INFO      ----------configuration**********
2021-05-07 16:11:55,068 INFO      ('dataset', 'my_data')
2021-05-07 16:11:55,068 INFO      ('train_path', 'D:\\flk\\Weather_Recognition\\data_split_v6\\train\\')
2021-05-07 16:11:55,068 INFO      ('test_path', 'D:\\flk\\Weather_Recognition\\data_split_v6\\test\\')
2021-05-07 16:11:55,068 INFO      ('imagesize', '224')
2021-05-07 16:11:55,068 INFO      ('pretrained_path', 'D:\\flk\\Weather_Recognition\\checkpoints\\mwd_resnet18\\04_14_14_25_fold_0_model_best.pth.tar')
2021-05-07 16:11:55,068 INFO      ('epochs', '20')
2021-05-07 16:11:55,068 INFO      ('start_epoch', '0')
2021-05-07 16:11:55,068 INFO      ('train_batch', '32')
2021-05-07 16:11:55,068 INFO      ('test_batch', '32')
2021-05-07 16:11:55,069 INFO      ('lr', '0.005')
2021-05-07 16:11:55,069 INFO      ('drop', '0')
2021-05-07 16:11:55,069 INFO      ('schedule', '[5, 10, 15, 20, 25, 30, 35, 40, 45]')
2021-05-07 16:11:55,069 INFO      ('gamma', '0.9')
2021-05-07 16:11:55,069 INFO      ('momentum', '0.8')
2021-05-07 16:11:55,069 INFO      ('weight_decay', '0.0001')
2021-05-07 16:11:55,069 INFO      ('lr_cent', '0.05')
2021-05-07 16:11:55,069 INFO      ('weight_cent', '0.1')
2021-05-07 16:11:55,069 INFO      ('checkpoint', 'checkpoints/my_data_v6_resnet18_centerloss_transfer_480_2classes')
2021-05-07 16:11:55,069 INFO      ('resume', '')
2021-05-07 16:11:55,069 INFO      ('arch', 'resnet18')
2021-05-07 16:11:55,069 INFO      ('manualSeed', '6187')
2021-05-07 16:17:33,500 INFO      ----------configuration**********
2021-05-07 16:17:33,500 INFO      ('dataset', 'my_data')
2021-05-07 16:17:33,500 INFO      ('train_path', 'D:\\flk\\Weather_Recognition\\data_split_v6\\train\\')
2021-05-07 16:17:33,500 INFO      ('test_path', 'D:\\flk\\Weather_Recognition\\data_split_v6\\test\\')
2021-05-07 16:17:33,500 INFO      ('imagesize', '224')
2021-05-07 16:17:33,500 INFO      ('pretrained_path', 'D:\\flk\\Weather_Recognition\\checkpoints\\mwd_resnet18\\04_14_14_25_fold_0_model_best.pth.tar')
2021-05-07 16:17:33,500 INFO      ('epochs', '20')
2021-05-07 16:17:33,500 INFO      ('start_epoch', '0')
2021-05-07 16:17:33,500 INFO      ('train_batch', '32')
2021-05-07 16:17:33,501 INFO      ('test_batch', '32')
2021-05-07 16:17:33,501 INFO      ('lr', '0.005')
2021-05-07 16:17:33,501 INFO      ('drop', '0')
2021-05-07 16:17:33,501 INFO      ('schedule', '[5, 10, 15, 20, 25, 30, 35, 40, 45]')
2021-05-07 16:17:33,501 INFO      ('gamma', '0.9')
2021-05-07 16:17:33,501 INFO      ('momentum', '0.8')
2021-05-07 16:17:33,501 INFO      ('weight_decay', '0.0001')
2021-05-07 16:17:33,501 INFO      ('lr_cent', '0.05')
2021-05-07 16:17:33,501 INFO      ('weight_cent', '0.1')
2021-05-07 16:17:33,501 INFO      ('plot', 'True')
2021-05-07 16:17:33,501 INFO      ('checkpoint', 'checkpoints/my_data_v6_resnet18_centerloss_transfer_480_2classes')
2021-05-07 16:17:33,501 INFO      ('resume', '')
2021-05-07 16:17:33,501 INFO      ('arch', 'resnet18')
2021-05-07 16:17:33,501 INFO      ('manualSeed', '1832')
2021-05-07 16:18:27,365 INFO      ----------configuration**********
2021-05-07 16:18:27,365 INFO      ('dataset', 'my_data')
2021-05-07 16:18:27,365 INFO      ('train_path', 'D:\\flk\\Weather_Recognition\\data_split_v6\\train\\')
2021-05-07 16:18:27,365 INFO      ('test_path', 'D:\\flk\\Weather_Recognition\\data_split_v6\\test\\')
2021-05-07 16:18:27,365 INFO      ('imagesize', '224')
2021-05-07 16:18:27,365 INFO      ('pretrained_path', 'D:\\flk\\Weather_Recognition\\checkpoints\\mwd_resnet18\\04_14_14_25_fold_0_model_best.pth.tar')
2021-05-07 16:18:27,365 INFO      ('epochs', '20')
2021-05-07 16:18:27,366 INFO      ('start_epoch', '0')
2021-05-07 16:18:27,366 INFO      ('train_batch', '32')
2021-05-07 16:18:27,366 INFO      ('test_batch', '32')
2021-05-07 16:18:27,366 INFO      ('lr', '0.005')
2021-05-07 16:18:27,366 INFO      ('drop', '0')
2021-05-07 16:18:27,366 INFO      ('schedule', '[5, 10, 15, 20, 25, 30, 35, 40, 45]')
2021-05-07 16:18:27,366 INFO      ('gamma', '0.9')
2021-05-07 16:18:27,366 INFO      ('momentum', '0.8')
2021-05-07 16:18:27,366 INFO      ('weight_decay', '0.0001')
2021-05-07 16:18:27,366 INFO      ('lr_cent', '0.05')
2021-05-07 16:18:27,366 INFO      ('weight_cent', '0.1')
2021-05-07 16:18:27,366 INFO      ('plot', 'True')
2021-05-07 16:18:27,366 INFO      ('checkpoint', 'checkpoints/my_data_v6_resnet18_centerloss_transfer_480_2classes')
2021-05-07 16:18:27,366 INFO      ('resume', '')
2021-05-07 16:18:27,366 INFO      ('arch', 'resnet18')
2021-05-07 16:18:27,366 INFO      ('manualSeed', '8283')
2021-05-07 16:23:21,802 INFO      ----------configuration**********
2021-05-07 16:23:21,802 INFO      ('dataset', 'my_data')
2021-05-07 16:23:21,802 INFO      ('train_path', 'D:\\flk\\Weather_Recognition\\data_split_v6\\train\\')
2021-05-07 16:23:21,802 INFO      ('test_path', 'D:\\flk\\Weather_Recognition\\data_split_v6\\test\\')
2021-05-07 16:23:21,802 INFO      ('imagesize', '224')
2021-05-07 16:23:21,803 INFO      ('pretrained_path', 'D:\\flk\\Weather_Recognition\\checkpoints\\mwd_resnet18\\04_14_14_25_fold_0_model_best.pth.tar')
2021-05-07 16:23:21,803 INFO      ('epochs', '20')
2021-05-07 16:23:21,803 INFO      ('start_epoch', '0')
2021-05-07 16:23:21,803 INFO      ('train_batch', '32')
2021-05-07 16:23:21,803 INFO      ('test_batch', '32')
2021-05-07 16:23:21,803 INFO      ('lr', '0.005')
2021-05-07 16:23:21,803 INFO      ('drop', '0')
2021-05-07 16:23:21,803 INFO      ('schedule', '[5, 10, 15, 20, 25, 30, 35, 40, 45]')
2021-05-07 16:23:21,803 INFO      ('gamma', '0.9')
2021-05-07 16:23:21,803 INFO      ('momentum', '0.8')
2021-05-07 16:23:21,803 INFO      ('weight_decay', '0.0001')
2021-05-07 16:23:21,803 INFO      ('lr_cent', '0.05')
2021-05-07 16:23:21,803 INFO      ('weight_cent', '0.1')
2021-05-07 16:23:21,803 INFO      ('plot', 'True')
2021-05-07 16:23:21,803 INFO      ('checkpoint', 'checkpoints/my_data_v6_resnet18_centerloss_transfer_480_2classes')
2021-05-07 16:23:21,803 INFO      ('resume', '')
2021-05-07 16:23:21,803 INFO      ('arch', 'resnet18')
2021-05-07 16:23:21,803 INFO      ('manualSeed', '6873')
2021-05-07 16:31:17,174 INFO      epoch: 1, train_acc: 91.83, test_acc: 81.02
2021-05-07 16:39:18,752 INFO      epoch: 2, train_acc: 99.92, test_acc: 81.60
2021-05-07 16:47:31,198 INFO      epoch: 3, train_acc: 99.97, test_acc: 81.03
2021-05-07 16:48:04,027 INFO      ----------configuration**********
2021-05-07 16:48:04,027 INFO      ('dataset', 'my_data')
2021-05-07 16:48:04,028 INFO      ('train_path', 'D:\\flk\\Weather_Recognition\\data_split_v6\\train\\')
2021-05-07 16:48:04,028 INFO      ('test_path', 'D:\\flk\\Weather_Recognition\\data_split_v6\\test\\')
2021-05-07 16:48:04,028 INFO      ('imagesize', '224')
2021-05-07 16:48:04,028 INFO      ('pretrained_path', 'D:\\flk\\Weather_Recognition\\checkpoints\\mwd_resnet18\\04_14_14_25_fold_0_model_best.pth.tar')
2021-05-07 16:48:04,028 INFO      ('epochs', '20')
2021-05-07 16:48:04,028 INFO      ('start_epoch', '0')
2021-05-07 16:48:04,028 INFO      ('train_batch', '32')
2021-05-07 16:48:04,028 INFO      ('test_batch', '32')
2021-05-07 16:48:04,028 INFO      ('lr', '0.005')
2021-05-07 16:48:04,028 INFO      ('drop', '0')
2021-05-07 16:48:04,028 INFO      ('schedule', '[5, 10, 15, 20, 25, 30, 35, 40, 45]')
2021-05-07 16:48:04,028 INFO      ('gamma', '0.9')
2021-05-07 16:48:04,028 INFO      ('momentum', '0.8')
2021-05-07 16:48:04,028 INFO      ('weight_decay', '0.0005')
2021-05-07 16:48:04,028 INFO      ('lr_cent', '0.05')
2021-05-07 16:48:04,028 INFO      ('weight_cent', '0.7')
2021-05-07 16:48:04,028 INFO      ('plot', 'True')
2021-05-07 16:48:04,028 INFO      ('checkpoint', 'checkpoints/my_data_v6_resnet18_centerloss_transfer_480_2classes')
2021-05-07 16:48:04,028 INFO      ('resume', '')
2021-05-07 16:48:04,028 INFO      ('arch', 'resnet18')
2021-05-07 16:48:04,028 INFO      ('manualSeed', '8664')
2021-05-07 16:56:09,719 INFO      epoch: 1, train_acc: 52.25, test_acc: 27.31
2021-05-07 17:04:15,182 INFO      epoch: 2, train_acc: 52.68, test_acc: 27.31
2021-05-07 17:05:12,634 INFO      ----------configuration**********
2021-05-07 17:05:12,634 INFO      ('dataset', 'my_data')
2021-05-07 17:05:12,634 INFO      ('train_path', 'D:\\flk\\Weather_Recognition\\data_split_v6\\train\\')
2021-05-07 17:05:12,634 INFO      ('test_path', 'D:\\flk\\Weather_Recognition\\data_split_v6\\test\\')
2021-05-07 17:05:12,634 INFO      ('imagesize', '224')
2021-05-07 17:05:12,634 INFO      ('pretrained_path', 'D:\\flk\\Weather_Recognition\\checkpoints\\mwd_resnet18\\04_14_14_25_fold_0_model_best.pth.tar')
2021-05-07 17:05:12,634 INFO      ('epochs', '20')
2021-05-07 17:05:12,635 INFO      ('start_epoch', '0')
2021-05-07 17:05:12,635 INFO      ('train_batch', '32')
2021-05-07 17:05:12,635 INFO      ('test_batch', '32')
2021-05-07 17:05:12,635 INFO      ('lr', '0.005')
2021-05-07 17:05:12,635 INFO      ('drop', '0')
2021-05-07 17:05:12,635 INFO      ('schedule', '[5, 10, 15, 20, 25, 30, 35, 40, 45]')
2021-05-07 17:05:12,635 INFO      ('gamma', '0.9')
2021-05-07 17:05:12,635 INFO      ('momentum', '0.8')
2021-05-07 17:05:12,635 INFO      ('weight_decay', '0.0001')
2021-05-07 17:05:12,635 INFO      ('lr_cent', '0.05')
2021-05-07 17:05:12,635 INFO      ('weight_cent', '0.4')
2021-05-07 17:05:12,635 INFO      ('plot', 'True')
2021-05-07 17:05:12,635 INFO      ('checkpoint', 'checkpoints/my_data_v6_resnet18_centerloss_transfer_480_2classes')
2021-05-07 17:05:12,635 INFO      ('resume', '')
2021-05-07 17:05:12,635 INFO      ('arch', 'resnet18')
2021-05-07 17:05:12,635 INFO      ('manualSeed', '8922')
2021-05-07 17:13:18,329 INFO      epoch: 1, train_acc: 58.45, test_acc: 72.69
2021-05-07 17:21:22,908 INFO      epoch: 2, train_acc: 63.92, test_acc: 41.11
2021-05-07 17:22:05,367 INFO      ----------configuration**********
2021-05-07 17:22:05,367 INFO      ('dataset', 'my_data')
2021-05-07 17:22:05,367 INFO      ('train_path', 'D:\\flk\\Weather_Recognition\\data_split_v6\\train\\')
2021-05-07 17:22:05,367 INFO      ('test_path', 'D:\\flk\\Weather_Recognition\\data_split_v6\\test\\')
2021-05-07 17:22:05,367 INFO      ('imagesize', '224')
2021-05-07 17:22:05,367 INFO      ('pretrained_path', 'D:\\flk\\Weather_Recognition\\checkpoints\\mwd_resnet18\\04_14_14_25_fold_0_model_best.pth.tar')
2021-05-07 17:22:05,367 INFO      ('epochs', '20')
2021-05-07 17:22:05,367 INFO      ('start_epoch', '0')
2021-05-07 17:22:05,367 INFO      ('train_batch', '32')
2021-05-07 17:22:05,367 INFO      ('test_batch', '32')
2021-05-07 17:22:05,367 INFO      ('lr', '0.005')
2021-05-07 17:22:05,367 INFO      ('drop', '0')
2021-05-07 17:22:05,367 INFO      ('schedule', '[5, 10, 15, 20, 25, 30, 35, 40, 45]')
2021-05-07 17:22:05,367 INFO      ('gamma', '0.9')
2021-05-07 17:22:05,368 INFO      ('momentum', '0.8')
2021-05-07 17:22:05,368 INFO      ('weight_decay', '0.0001')
2021-05-07 17:22:05,368 INFO      ('lr_cent', '0.1')
2021-05-07 17:22:05,368 INFO      ('weight_cent', '0.2')
2021-05-07 17:22:05,368 INFO      ('plot', 'True')
2021-05-07 17:22:05,368 INFO      ('checkpoint', 'checkpoints/my_data_v6_resnet18_centerloss_transfer_480_2classes')
2021-05-07 17:22:05,368 INFO      ('resume', '')
2021-05-07 17:22:05,368 INFO      ('arch', 'resnet18')
2021-05-07 17:22:05,368 INFO      ('manualSeed', '785')
2021-05-07 17:30:09,470 INFO      epoch: 1, train_acc: 89.73, test_acc: 66.72
2021-05-07 17:38:14,416 INFO      epoch: 2, train_acc: 99.76, test_acc: 76.52
2021-05-07 17:46:20,261 INFO      epoch: 3, train_acc: 99.96, test_acc: 74.75
2021-05-07 17:54:26,782 INFO      epoch: 4, train_acc: 100.00, test_acc: 75.95
2021-05-07 18:02:34,421 INFO      epoch: 5, train_acc: 100.00, test_acc: 73.95
2021-05-07 18:10:42,983 INFO      epoch: 6, train_acc: 100.00, test_acc: 78.85
2021-05-07 18:18:54,244 INFO      epoch: 7, train_acc: 100.00, test_acc: 79.75
2021-05-07 18:27:06,942 INFO      epoch: 8, train_acc: 100.00, test_acc: 72.64
2021-05-07 18:35:19,791 INFO      epoch: 9, train_acc: 100.00, test_acc: 75.95
2021-05-07 18:43:34,285 INFO      epoch: 10, train_acc: 100.00, test_acc: 78.94
2021-05-07 18:51:35,551 INFO      epoch: 11, train_acc: 100.00, test_acc: 77.33
2021-05-07 18:59:41,994 INFO      epoch: 12, train_acc: 100.00, test_acc: 79.49
2021-05-07 19:07:59,350 INFO      epoch: 13, train_acc: 100.00, test_acc: 76.09
2021-05-07 19:16:17,274 INFO      epoch: 14, train_acc: 100.00, test_acc: 77.86
2021-05-07 19:24:37,064 INFO      epoch: 15, train_acc: 100.00, test_acc: 77.44
