2021-01-27 15:18:47,360 INFO      ----------configuration**********
2021-01-27 15:18:47,360 INFO      ('dataset', 'my_data_seg')
2021-01-27 15:18:47,360 INFO      ('train_path', 'G:\\vscode_workspace\\Weather_Recognition\\data_split_v5\\train\\')
2021-01-27 15:18:47,360 INFO      ('test_path', 'G:\\vscode_workspace\\Weather_Recognition\\data_split_v5\\test\\')
2021-01-27 15:18:47,360 INFO      ('imagesize', '224')
2021-01-27 15:18:47,360 INFO      ('epochs', '100')
2021-01-27 15:18:47,360 INFO      ('start_epoch', '0')
2021-01-27 15:18:47,361 INFO      ('train_batch', '4')
2021-01-27 15:18:47,361 INFO      ('test_batch', '4')
2021-01-27 15:18:47,361 INFO      ('lr', '0.001')
2021-01-27 15:18:47,361 INFO      ('other_lr', '0.003')
2021-01-27 15:18:47,361 INFO      ('drop', '0')
2021-01-27 15:18:47,361 INFO      ('schedule', '[1, 3, 5, 7, 9]')
2021-01-27 15:18:47,361 INFO      ('gamma', '0.8')
2021-01-27 15:18:47,361 INFO      ('momentum', '0.8')
2021-01-27 15:18:47,361 INFO      ('weight_decay', '0.001')
2021-01-27 15:18:47,361 INFO      ('checkpoint', 'checkpoints/my_data_v5_resnet18_seg')
2021-01-27 15:18:47,361 INFO      ('resume', '')
2021-01-27 15:18:47,361 INFO      ('arch', 'resnet18_seg')
2021-01-27 15:18:47,361 INFO      ('manualSeed', '4606')
2021-01-27 16:04:23,733 INFO      epoch: 1, train_acc: 94.45, test_acc: 86.28
2021-01-27 16:08:52,672 INFO      ----------configuration**********
2021-01-27 16:08:52,672 INFO      ('dataset', 'my_data_seg')
2021-01-27 16:08:52,673 INFO      ('train_path', 'G:\\vscode_workspace\\Weather_Recognition\\data_split_v5\\train\\')
2021-01-27 16:08:52,673 INFO      ('test_path', 'G:\\vscode_workspace\\Weather_Recognition\\data_split_v5\\test\\')
2021-01-27 16:08:52,673 INFO      ('imagesize', '224')
2021-01-27 16:08:52,673 INFO      ('epochs', '100')
2021-01-27 16:08:52,673 INFO      ('start_epoch', '0')
2021-01-27 16:08:52,673 INFO      ('train_batch', '4')
2021-01-27 16:08:52,673 INFO      ('test_batch', '4')
2021-01-27 16:08:52,673 INFO      ('lr', '0.001')
2021-01-27 16:08:52,673 INFO      ('other_lr', '0.003')
2021-01-27 16:08:52,673 INFO      ('drop', '0')
2021-01-27 16:08:52,673 INFO      ('schedule', '[1, 3, 5, 7, 9]')
2021-01-27 16:08:52,673 INFO      ('gamma', '0.8')
2021-01-27 16:08:52,673 INFO      ('momentum', '0.8')
2021-01-27 16:08:52,673 INFO      ('weight_decay', '0.001')
2021-01-27 16:08:52,673 INFO      ('checkpoint', 'checkpoints/my_data_v5_resnet18_seg')
2021-01-27 16:08:52,673 INFO      ('resume', '')
2021-01-27 16:08:52,673 INFO      ('arch', 'resnet18_seg')
2021-01-27 16:08:52,673 INFO      ('manualSeed', '230')
2021-01-27 16:10:14,562 INFO      ----------configuration**********
2021-01-27 16:10:14,563 INFO      ('dataset', 'my_data_seg')
2021-01-27 16:10:14,563 INFO      ('train_path', 'G:\\vscode_workspace\\Weather_Recognition\\data_split_v5\\train\\')
2021-01-27 16:10:14,563 INFO      ('test_path', 'G:\\vscode_workspace\\Weather_Recognition\\data_split_v5\\test\\')
2021-01-27 16:10:14,563 INFO      ('imagesize', '224')
2021-01-27 16:10:14,563 INFO      ('epochs', '100')
2021-01-27 16:10:14,563 INFO      ('start_epoch', '0')
2021-01-27 16:10:14,563 INFO      ('train_batch', '4')
2021-01-27 16:10:14,563 INFO      ('test_batch', '4')
2021-01-27 16:10:14,563 INFO      ('lr', '0.001')
2021-01-27 16:10:14,563 INFO      ('other_lr', '0.003')
2021-01-27 16:10:14,563 INFO      ('drop', '0')
2021-01-27 16:10:14,563 INFO      ('schedule', '[1, 3, 5, 7, 9]')
2021-01-27 16:10:14,563 INFO      ('gamma', '0.8')
2021-01-27 16:10:14,563 INFO      ('momentum', '0.8')
2021-01-27 16:10:14,563 INFO      ('weight_decay', '0.001')
2021-01-27 16:10:14,563 INFO      ('checkpoint', 'checkpoints/my_data_v5_resnet18_seg')
2021-01-27 16:10:14,563 INFO      ('resume', '')
2021-01-27 16:10:14,564 INFO      ('arch', 'resnet18_seg')
2021-01-27 16:10:14,564 INFO      ('manualSeed', '5503')
2021-01-27 16:11:30,131 INFO      ----------configuration**********
2021-01-27 16:11:30,131 INFO      ('dataset', 'my_data_seg')
2021-01-27 16:11:30,131 INFO      ('train_path', 'G:\\vscode_workspace\\Weather_Recognition\\data_split_v5\\train\\')
2021-01-27 16:11:30,132 INFO      ('test_path', 'G:\\vscode_workspace\\Weather_Recognition\\data_split_v5\\test\\')
2021-01-27 16:11:30,132 INFO      ('imagesize', '224')
2021-01-27 16:11:30,132 INFO      ('epochs', '100')
2021-01-27 16:11:30,132 INFO      ('start_epoch', '0')
2021-01-27 16:11:30,132 INFO      ('train_batch', '4')
2021-01-27 16:11:30,132 INFO      ('test_batch', '4')
2021-01-27 16:11:30,132 INFO      ('lr', '0.001')
2021-01-27 16:11:30,132 INFO      ('other_lr', '0.003')
2021-01-27 16:11:30,132 INFO      ('drop', '0')
2021-01-27 16:11:30,132 INFO      ('schedule', '[1, 3, 5, 7, 9]')
2021-01-27 16:11:30,132 INFO      ('gamma', '0.8')
2021-01-27 16:11:30,132 INFO      ('momentum', '0.8')
2021-01-27 16:11:30,132 INFO      ('weight_decay', '0.001')
2021-01-27 16:11:30,132 INFO      ('checkpoint', 'checkpoints/my_data_v5_resnet18_seg')
2021-01-27 16:11:30,132 INFO      ('resume', '')
2021-01-27 16:11:30,132 INFO      ('arch', 'resnet18_seg')
2021-01-27 16:11:30,132 INFO      ('manualSeed', '7974')
2021-01-27 16:54:22,097 INFO      epoch: 1, train_acc: 93.48, test_acc: 75.42
2021-01-27 17:38:55,934 INFO      epoch: 2, train_acc: 99.26, test_acc: 77.00
2021-01-27 18:21:26,410 INFO      epoch: 3, train_acc: 99.64, test_acc: 74.96
2021-01-27 19:03:14,148 INFO      epoch: 4, train_acc: 99.74, test_acc: 74.49
2021-01-27 19:45:03,633 INFO      epoch: 5, train_acc: 99.84, test_acc: 72.55
2021-01-27 19:51:24,584 INFO      ----------configuration**********
2021-01-27 19:51:24,584 INFO      ('dataset', 'my_data_seg')
2021-01-27 19:51:24,584 INFO      ('train_path', 'G:\\vscode_workspace\\Weather_Recognition\\data_split_v5\\train\\')
2021-01-27 19:51:24,584 INFO      ('test_path', 'G:\\vscode_workspace\\Weather_Recognition\\data_split_v5\\test\\')
2021-01-27 19:51:24,584 INFO      ('imagesize', '224')
2021-01-27 19:51:24,584 INFO      ('epochs', '100')
2021-01-27 19:51:24,584 INFO      ('start_epoch', '0')
2021-01-27 19:51:24,584 INFO      ('train_batch', '4')
2021-01-27 19:51:24,584 INFO      ('test_batch', '4')
2021-01-27 19:51:24,584 INFO      ('lr', '0.001')
2021-01-27 19:51:24,584 INFO      ('other_lr', '0.005')
2021-01-27 19:51:24,584 INFO      ('drop', '0')
2021-01-27 19:51:24,584 INFO      ('schedule', '[1, 3, 5, 7, 9]')
2021-01-27 19:51:24,584 INFO      ('gamma', '0.8')
2021-01-27 19:51:24,585 INFO      ('momentum', '0.8')
2021-01-27 19:51:24,585 INFO      ('weight_decay', '0.001')
2021-01-27 19:51:24,585 INFO      ('checkpoint', 'checkpoints/my_data_v5_resnet18_seg')
2021-01-27 19:51:24,585 INFO      ('resume', '')
2021-01-27 19:51:24,585 INFO      ('arch', 'resnet18_seg')
2021-01-27 19:51:24,585 INFO      ('manualSeed', '7356')
2021-01-27 20:33:30,093 INFO      epoch: 1, train_acc: 92.96, test_acc: 76.35
2021-01-27 21:15:48,414 INFO      epoch: 2, train_acc: 99.26, test_acc: 73.68
2021-01-27 21:57:20,502 INFO      epoch: 3, train_acc: 99.63, test_acc: 71.13
2021-01-27 22:39:40,618 INFO      epoch: 4, train_acc: 99.79, test_acc: 72.59
2021-01-27 23:21:47,941 INFO      epoch: 5, train_acc: 99.91, test_acc: 76.10
2021-01-28 00:04:59,926 INFO      epoch: 6, train_acc: 99.90, test_acc: 74.86
2021-01-28 00:48:25,897 INFO      epoch: 7, train_acc: 99.94, test_acc: 76.42
2021-01-28 01:31:39,217 INFO      epoch: 8, train_acc: 99.95, test_acc: 77.27
2021-01-28 02:14:49,876 INFO      epoch: 9, train_acc: 99.96, test_acc: 75.08
2021-01-28 02:57:53,272 INFO      epoch: 10, train_acc: 99.97, test_acc: 74.38
2021-01-28 03:41:03,326 INFO      epoch: 11, train_acc: 99.98, test_acc: 75.77
2021-01-28 04:24:32,383 INFO      epoch: 12, train_acc: 99.96, test_acc: 77.09
2021-01-28 05:07:50,708 INFO      epoch: 13, train_acc: 99.96, test_acc: 76.88
2021-01-28 05:51:14,426 INFO      epoch: 14, train_acc: 99.99, test_acc: 76.37
2021-01-28 06:34:32,016 INFO      epoch: 15, train_acc: 99.98, test_acc: 75.86
2021-01-28 07:17:48,887 INFO      epoch: 16, train_acc: 99.98, test_acc: 73.70
2021-01-28 08:01:14,723 INFO      epoch: 17, train_acc: 99.98, test_acc: 76.81
2021-01-28 08:44:34,426 INFO      epoch: 18, train_acc: 99.98, test_acc: 75.17
2021-01-28 09:27:43,591 INFO      epoch: 19, train_acc: 99.97, test_acc: 75.54
2021-01-28 16:04:19,262 INFO      ----------configuration**********
2021-01-28 16:04:19,277 INFO      ('dataset', 'my_data_seg')
2021-01-28 16:04:19,277 INFO      ('train_path', 'G:\\vscode_workspace\\Weather_Recognition\\data_split_v5\\train\\')
2021-01-28 16:04:19,277 INFO      ('test_path', 'G:\\vscode_workspace\\Weather_Recognition\\data_split_v5\\test\\')
2021-01-28 16:04:19,277 INFO      ('imagesize', '224')
2021-01-28 16:04:19,277 INFO      ('epochs', '100')
2021-01-28 16:04:19,277 INFO      ('start_epoch', '0')
2021-01-28 16:04:19,277 INFO      ('train_batch', '4')
2021-01-28 16:04:19,277 INFO      ('test_batch', '4')
2021-01-28 16:04:19,278 INFO      ('lr', '0.0005')
2021-01-28 16:04:19,278 INFO      ('other_lr', '0.001')
2021-01-28 16:04:19,278 INFO      ('drop', '0')
2021-01-28 16:04:19,278 INFO      ('schedule', '[1, 3, 5, 7, 9]')
2021-01-28 16:04:19,278 INFO      ('gamma', '0.8')
2021-01-28 16:04:19,278 INFO      ('momentum', '0.8')
2021-01-28 16:04:19,278 INFO      ('weight_decay', '0.001')
2021-01-28 16:04:19,278 INFO      ('checkpoint', 'checkpoints/my_data_v5_resnet18_seg')
2021-01-28 16:04:19,278 INFO      ('resume', '')
2021-01-28 16:04:19,278 INFO      ('arch', 'resnet18_seg')
2021-01-28 16:04:19,278 INFO      ('manualSeed', '9537')
2021-01-28 16:49:43,308 INFO      epoch: 1, train_acc: 92.88, test_acc: 73.91
2021-01-28 17:00:50,517 INFO      ----------configuration**********
2021-01-28 17:00:50,517 INFO      ('dataset', 'my_data_seg')
2021-01-28 17:00:50,517 INFO      ('train_path', 'G:\\vscode_workspace\\Weather_Recognition\\data_split_v5\\train\\')
2021-01-28 17:00:50,517 INFO      ('test_path', 'G:\\vscode_workspace\\Weather_Recognition\\data_split_v5\\test\\')
2021-01-28 17:00:50,517 INFO      ('imagesize', '224')
2021-01-28 17:00:50,517 INFO      ('epochs', '100')
2021-01-28 17:00:50,517 INFO      ('start_epoch', '0')
2021-01-28 17:00:50,517 INFO      ('train_batch', '4')
2021-01-28 17:00:50,518 INFO      ('test_batch', '4')
2021-01-28 17:00:50,518 INFO      ('lr', '0.0005')
2021-01-28 17:00:50,518 INFO      ('other_lr', '0.001')
2021-01-28 17:00:50,518 INFO      ('drop', '0')
2021-01-28 17:00:50,518 INFO      ('schedule', '[1, 3, 5, 7, 9]')
2021-01-28 17:00:50,518 INFO      ('gamma', '0.8')
2021-01-28 17:00:50,518 INFO      ('momentum', '0.8')
2021-01-28 17:00:50,518 INFO      ('weight_decay', '0.001')
2021-01-28 17:00:50,518 INFO      ('checkpoint', 'checkpoints/my_data_v5_resnet18_seg')
2021-01-28 17:00:50,518 INFO      ('resume', '')
2021-01-28 17:00:50,518 INFO      ('arch', 'resnet18_seg')
2021-01-28 17:00:50,518 INFO      ('manualSeed', '4037')
