2021-05-24 21:56:58,237 INFO      ----------configuration**********
2021-05-24 21:56:58,237 INFO      ('dataset', 'my_data')
2021-05-24 21:56:58,237 INFO      ('train_path', 'G:\\vscode_workspace\\Weather_Recognition\\data_v6_new\\train2\\')
2021-05-24 21:56:58,238 INFO      ('test_path', 'G:\\vscode_workspace\\Weather_Recognition\\data3\\test\\')
2021-05-24 21:56:58,238 INFO      ('imagesize', '224')
2021-05-24 21:56:58,238 INFO      ('pretrained_path', 'G:\\vscode_workspace\\Weather_Recognition\\checkpoints\\mwd_densenet121\\04_20_21_15_fold_0_model_best.pth.tar')
2021-05-24 21:56:58,238 INFO      ('epochs', '20')
2021-05-24 21:56:58,238 INFO      ('start_epoch', '0')
2021-05-24 21:56:58,238 INFO      ('train_batch', '8')
2021-05-24 21:56:58,238 INFO      ('test_batch', '8')
2021-05-24 21:56:58,238 INFO      ('lr', '0.0001')
2021-05-24 21:56:58,238 INFO      ('drop', '0')
2021-05-24 21:56:58,238 INFO      ('schedule', '[5, 10, 15, 20, 25, 30, 35, 40, 45]')
2021-05-24 21:56:58,238 INFO      ('gamma', '0.9')
2021-05-24 21:56:58,238 INFO      ('momentum', '0.8')
2021-05-24 21:56:58,238 INFO      ('weight_decay', '0.0005')
2021-05-24 21:56:58,238 INFO      ('checkpoint', 'checkpoints/my_data_v6_new_densenet121_transfer_480')
2021-05-24 21:56:58,239 INFO      ('resume', '')
2021-05-24 21:56:58,239 INFO      ('arch', 'resnet18')
2021-05-24 21:56:58,239 INFO      ('manualSeed', '2403')
2021-05-24 21:59:51,545 INFO      ----------configuration**********
2021-05-24 21:59:51,545 INFO      ('dataset', 'my_data')
2021-05-24 21:59:51,545 INFO      ('train_path', 'G:\\vscode_workspace\\Weather_Recognition\\data_v6_new\\train2\\')
2021-05-24 21:59:51,545 INFO      ('test_path', 'G:\\vscode_workspace\\Weather_Recognition\\data3\\test\\')
2021-05-24 21:59:51,545 INFO      ('imagesize', '224')
2021-05-24 21:59:51,545 INFO      ('pretrained_path', 'G:\\vscode_workspace\\Weather_Recognition\\checkpoints\\mwd_densenet121\\04_20_21_15_fold_0_model_best.pth.tar')
2021-05-24 21:59:51,546 INFO      ('epochs', '20')
2021-05-24 21:59:51,546 INFO      ('start_epoch', '0')
2021-05-24 21:59:51,546 INFO      ('train_batch', '8')
2021-05-24 21:59:51,546 INFO      ('test_batch', '8')
2021-05-24 21:59:51,546 INFO      ('lr', '0.0001')
2021-05-24 21:59:51,546 INFO      ('drop', '0')
2021-05-24 21:59:51,546 INFO      ('schedule', '[5, 10, 15, 20, 25, 30, 35, 40, 45]')
2021-05-24 21:59:51,546 INFO      ('gamma', '0.9')
2021-05-24 21:59:51,546 INFO      ('momentum', '0.8')
2021-05-24 21:59:51,547 INFO      ('weight_decay', '0.0005')
2021-05-24 21:59:51,547 INFO      ('checkpoint', 'checkpoints/my_data_v6_new_densenet121_transfer_480')
2021-05-24 21:59:51,547 INFO      ('resume', '')
2021-05-24 21:59:51,547 INFO      ('arch', 'resnet18')
2021-05-24 21:59:51,547 INFO      ('manualSeed', '4441')
2021-05-24 23:15:12,752 INFO      ----------configuration**********
2021-05-24 23:15:12,752 INFO      ('dataset', 'my_data')
2021-05-24 23:15:12,752 INFO      ('train_path', 'G:\\vscode_workspace\\Weather_Recognition\\data_v6_new\\train2\\')
2021-05-24 23:15:12,752 INFO      ('test_path', 'G:\\vscode_workspace\\Weather_Recognition\\data3\\test\\')
2021-05-24 23:15:12,752 INFO      ('imagesize', '224')
2021-05-24 23:15:12,752 INFO      ('pretrained_path', 'G:\\vscode_workspace\\Weather_Recognition\\checkpoints\\mwd_densenet121\\04_20_21_15_fold_0_model_best.pth.tar')
2021-05-24 23:15:12,752 INFO      ('epochs', '20')
2021-05-24 23:15:12,753 INFO      ('start_epoch', '0')
2021-05-24 23:15:12,753 INFO      ('train_batch', '4')
2021-05-24 23:15:12,753 INFO      ('test_batch', '4')
2021-05-24 23:15:12,753 INFO      ('lr', '0.0001')
2021-05-24 23:15:12,753 INFO      ('drop', '0')
2021-05-24 23:15:12,753 INFO      ('schedule', '[5, 10, 15, 20, 25, 30, 35, 40, 45]')
2021-05-24 23:15:12,753 INFO      ('gamma', '0.9')
2021-05-24 23:15:12,753 INFO      ('momentum', '0.8')
2021-05-24 23:15:12,753 INFO      ('weight_decay', '0.0005')
2021-05-24 23:15:12,753 INFO      ('checkpoint', 'checkpoints/my_data_v6_new_densenet121_transfer_480')
2021-05-24 23:15:12,754 INFO      ('resume', '')
2021-05-24 23:15:12,754 INFO      ('arch', 'resnet18')
2021-05-24 23:15:12,754 INFO      ('manualSeed', '9231')
2021-05-24 23:38:02,999 INFO      epoch: 1, train_acc: 92.30, test_acc: 77.99
2021-05-25 00:00:11,687 INFO      epoch: 2, train_acc: 98.43, test_acc: 77.92
2021-05-25 00:21:53,414 INFO      epoch: 3, train_acc: 99.22, test_acc: 78.19
2021-05-25 00:43:35,162 INFO      epoch: 4, train_acc: 99.34, test_acc: 77.12
2021-05-25 01:05:22,025 INFO      epoch: 5, train_acc: 99.48, test_acc: 76.45
2021-05-25 01:27:03,430 INFO      epoch: 6, train_acc: 99.52, test_acc: 75.72
2021-05-25 01:48:50,815 INFO      epoch: 7, train_acc: 99.70, test_acc: 76.72
2021-05-25 02:10:33,773 INFO      epoch: 8, train_acc: 99.76, test_acc: 74.58
2021-05-25 02:32:22,234 INFO      epoch: 9, train_acc: 99.79, test_acc: 76.58
2021-05-25 02:54:04,460 INFO      epoch: 10, train_acc: 99.83, test_acc: 76.25
2021-05-25 03:15:54,278 INFO      epoch: 11, train_acc: 99.82, test_acc: 75.78
2021-05-25 03:37:37,563 INFO      epoch: 12, train_acc: 99.85, test_acc: 75.58
2021-05-25 03:59:23,436 INFO      epoch: 13, train_acc: 99.90, test_acc: 72.45
2021-05-25 04:21:15,614 INFO      epoch: 14, train_acc: 99.93, test_acc: 74.52
2021-05-25 04:42:56,546 INFO      epoch: 15, train_acc: 99.91, test_acc: 74.32
2021-05-25 05:04:45,204 INFO      epoch: 16, train_acc: 99.95, test_acc: 75.78
2021-05-25 05:26:26,455 INFO      epoch: 17, train_acc: 99.92, test_acc: 75.52
2021-05-25 05:48:13,038 INFO      epoch: 18, train_acc: 99.91, test_acc: 75.18
2021-05-25 06:09:54,566 INFO      epoch: 19, train_acc: 99.96, test_acc: 76.45
2021-05-25 06:31:41,115 INFO      epoch: 20, train_acc: 99.94, test_acc: 73.65
2021-05-25 06:31:41,115 INFO      best_acc: 78.19
2021-05-25 08:45:23,418 INFO      ----------configuration**********
2021-05-25 08:45:23,418 INFO      ('dataset', 'my_data')
2021-05-25 08:45:23,418 INFO      ('train_path', 'G:\\vscode_workspace\\Weather_Recognition\\data_v6_new\\train2\\')
2021-05-25 08:45:23,418 INFO      ('test_path', 'G:\\vscode_workspace\\Weather_Recognition\\data3\\test\\')
2021-05-25 08:45:23,418 INFO      ('imagesize', '224')
2021-05-25 08:45:23,418 INFO      ('pretrained_path', 'G:\\vscode_workspace\\Weather_Recognition\\checkpoints\\mwd_densenet121\\04_20_21_15_fold_0_model_best.pth.tar')
2021-05-25 08:45:23,418 INFO      ('epochs', '20')
2021-05-25 08:45:23,418 INFO      ('start_epoch', '0')
2021-05-25 08:45:23,418 INFO      ('train_batch', '4')
2021-05-25 08:45:23,418 INFO      ('test_batch', '4')
2021-05-25 08:45:23,418 INFO      ('lr', '1e-05')
2021-05-25 08:45:23,418 INFO      ('drop', '0')
2021-05-25 08:45:23,418 INFO      ('schedule', '[5, 10, 15, 20, 25, 30, 35, 40, 45]')
2021-05-25 08:45:23,418 INFO      ('gamma', '0.9')
2021-05-25 08:45:23,418 INFO      ('momentum', '0.8')
2021-05-25 08:45:23,418 INFO      ('weight_decay', '0.0005')
2021-05-25 08:45:23,418 INFO      ('checkpoint', 'checkpoints/my_data_v6_new_densenet121_transfer_480')
2021-05-25 08:45:23,418 INFO      ('resume', '')
2021-05-25 08:45:23,418 INFO      ('arch', 'resnet18')
2021-05-25 08:45:23,418 INFO      ('manualSeed', '4903')
2021-05-25 09:07:30,448 INFO      epoch: 1, train_acc: 74.69, test_acc: 73.38
2021-05-25 09:29:43,909 INFO      epoch: 2, train_acc: 87.10, test_acc: 75.45
2021-05-25 09:52:05,668 INFO      epoch: 3, train_acc: 91.66, test_acc: 77.99
2021-05-25 10:14:44,625 INFO      epoch: 4, train_acc: 93.77, test_acc: 78.92
2021-05-25 10:36:54,011 INFO      epoch: 5, train_acc: 94.82, test_acc: 78.12
2021-05-25 10:59:10,670 INFO      epoch: 6, train_acc: 95.77, test_acc: 79.59
2021-05-25 11:21:19,043 INFO      epoch: 7, train_acc: 96.28, test_acc: 77.25
2021-05-25 11:43:28,614 INFO      epoch: 8, train_acc: 96.58, test_acc: 79.52
2021-05-25 12:05:43,922 INFO      epoch: 9, train_acc: 96.87, test_acc: 76.98
2021-05-25 12:27:45,063 INFO      epoch: 10, train_acc: 97.00, test_acc: 78.65
2021-05-25 12:49:51,272 INFO      epoch: 11, train_acc: 97.35, test_acc: 79.05
2021-05-25 13:12:26,099 INFO      epoch: 12, train_acc: 97.38, test_acc: 78.32
2021-05-25 13:34:33,553 INFO      epoch: 13, train_acc: 97.70, test_acc: 77.45
2021-05-25 13:56:32,908 INFO      epoch: 14, train_acc: 97.88, test_acc: 77.38
2021-05-25 14:18:40,520 INFO      epoch: 15, train_acc: 97.69, test_acc: 78.52
2021-05-25 14:40:48,175 INFO      epoch: 16, train_acc: 98.05, test_acc: 78.12
