2020-12-22 10:52:42,347 INFO      ----------configuration**********
2020-12-22 10:52:42,347 INFO      ('dataset', 'mwd')
2020-12-22 10:52:42,347 INFO      ('root_path', 'G:\\dataset\\MWD\\weather_classification\\')
2020-12-22 10:52:42,347 INFO      ('imagesize', '224')
2020-12-22 10:52:42,347 INFO      ('epochs', '100')
2020-12-22 10:52:42,347 INFO      ('start_epoch', '0')
2020-12-22 10:52:42,348 INFO      ('train_batch', '16')
2020-12-22 10:52:42,348 INFO      ('test_batch', '16')
2020-12-22 10:52:42,348 INFO      ('lr', '0.001')
2020-12-22 10:52:42,348 INFO      ('drop', '0')
2020-12-22 10:52:42,348 INFO      ('schedule', '[20, 30, 40]')
2020-12-22 10:52:42,348 INFO      ('gamma', '0.9')
2020-12-22 10:52:42,348 INFO      ('momentum', '0.8')
2020-12-22 10:52:42,348 INFO      ('weight_decay', '0.0001')
2020-12-22 10:52:42,348 INFO      ('checkpoint', 'checkpoints/mwd_resnet50')
2020-12-22 10:52:42,348 INFO      ('resume', '')
2020-12-22 10:52:42,348 INFO      ('arch', 'resnet50')
2020-12-22 10:52:42,348 INFO      ('manualSeed', '5803')
2020-12-22 10:54:57,746 INFO      ----------configuration**********
2020-12-22 10:54:57,746 INFO      ('dataset', 'mwd')
2020-12-22 10:54:57,746 INFO      ('root_path', 'G:\\dataset\\MWD\\weather_classification\\')
2020-12-22 10:54:57,746 INFO      ('imagesize', '224')
2020-12-22 10:54:57,746 INFO      ('epochs', '100')
2020-12-22 10:54:57,746 INFO      ('start_epoch', '0')
2020-12-22 10:54:57,746 INFO      ('train_batch', '16')
2020-12-22 10:54:57,746 INFO      ('test_batch', '16')
2020-12-22 10:54:57,746 INFO      ('lr', '0.001')
2020-12-22 10:54:57,747 INFO      ('drop', '0')
2020-12-22 10:54:57,747 INFO      ('schedule', '[20, 30, 40]')
2020-12-22 10:54:57,747 INFO      ('gamma', '0.9')
2020-12-22 10:54:57,747 INFO      ('momentum', '0.8')
2020-12-22 10:54:57,747 INFO      ('weight_decay', '0.0001')
2020-12-22 10:54:57,747 INFO      ('checkpoint', 'checkpoints/mwd_resnet50')
2020-12-22 10:54:57,747 INFO      ('resume', '')
2020-12-22 10:54:57,747 INFO      ('arch', 'resnet50')
2020-12-22 10:54:57,747 INFO      ('manualSeed', '7474')
2020-12-22 10:58:48,527 INFO      ----------configuration**********
2020-12-22 10:58:48,527 INFO      ('dataset', 'mwd')
2020-12-22 10:58:48,527 INFO      ('root_path', 'G:\\dataset\\MWD\\weather_classification\\')
2020-12-22 10:58:48,527 INFO      ('imagesize', '224')
2020-12-22 10:58:48,527 INFO      ('epochs', '100')
2020-12-22 10:58:48,527 INFO      ('start_epoch', '0')
2020-12-22 10:58:48,527 INFO      ('train_batch', '32')
2020-12-22 10:58:48,527 INFO      ('test_batch', '32')
2020-12-22 10:58:48,527 INFO      ('lr', '0.001')
2020-12-22 10:58:48,527 INFO      ('drop', '0')
2020-12-22 10:58:48,527 INFO      ('schedule', '[20, 30, 40]')
2020-12-22 10:58:48,527 INFO      ('gamma', '0.9')
2020-12-22 10:58:48,528 INFO      ('momentum', '0.8')
2020-12-22 10:58:48,528 INFO      ('weight_decay', '0.0001')
2020-12-22 10:58:48,528 INFO      ('checkpoint', 'checkpoints/mwd_resnet50')
2020-12-22 10:58:48,528 INFO      ('resume', '')
2020-12-22 10:58:48,528 INFO      ('arch', 'resnet50')
2020-12-22 10:58:48,528 INFO      ('manualSeed', '5612')
