2021-04-13 11:01:54,102 INFO      ----------configuration**********
2021-04-13 11:01:54,122 INFO      ('dataset', 'my_data')
2021-04-13 11:01:54,122 INFO      ('train_path', 'G:\\vscode_workspace\\Weather_Recognition\\data_split_reduce_v6\\train\\')
2021-04-13 11:01:54,122 INFO      ('test_path', 'G:\\vscode_workspace\\Weather_Recognition\\data_split_reduce_v6\\test\\')
2021-04-13 11:01:54,122 INFO      ('imagesize', '224')
2021-04-13 11:01:54,122 INFO      ('pretrained_path', 'G:\\vscode_workspace\\Weather_Recognition\\checkpoints\\mwd_resnet18\\fold_0_model_best.pth.tar')
2021-04-13 11:01:54,123 INFO      ('epochs', '20')
2021-04-13 11:01:54,123 INFO      ('start_epoch', '0')
2021-04-13 11:01:54,123 INFO      ('train_batch', '4')
2021-04-13 11:01:54,159 INFO      ('test_batch', '4')
2021-04-13 11:01:54,160 INFO      ('lr', '0.0005')
2021-04-13 11:01:54,160 INFO      ('drop', '0')
2021-04-13 11:01:54,160 INFO      ('schedule', '[5, 10, 15, 20, 25, 30, 35, 40, 45]')
2021-04-13 11:01:54,160 INFO      ('gamma', '0.9')
2021-04-13 11:01:54,160 INFO      ('momentum', '0.8')
2021-04-13 11:01:54,160 INFO      ('weight_decay', '0.0001')
2021-04-13 11:01:54,160 INFO      ('checkpoint', 'checkpoints/my_data_reduce_v6_resnet18_transfer_480')
2021-04-13 11:01:54,160 INFO      ('resume', '')
2021-04-13 11:01:54,160 INFO      ('arch', 'resnet18')
2021-04-13 11:01:54,160 INFO      ('manualSeed', '8590')
2021-04-13 11:11:37,280 INFO      epoch: 1, train_acc: 78.86, test_acc: 76.92
2021-04-13 11:19:55,520 INFO      epoch: 2, train_acc: 93.69, test_acc: 81.22
2021-04-13 11:27:24,178 INFO      epoch: 3, train_acc: 96.61, test_acc: 81.34
2021-04-13 11:34:32,449 INFO      epoch: 4, train_acc: 97.87, test_acc: 76.90
2021-04-13 11:41:41,233 INFO      epoch: 5, train_acc: 97.73, test_acc: 80.60
2021-04-13 11:48:47,147 INFO      epoch: 6, train_acc: 98.37, test_acc: 80.57
2021-04-13 11:55:54,128 INFO      epoch: 7, train_acc: 98.13, test_acc: 81.16
2021-04-13 12:02:55,909 INFO      epoch: 8, train_acc: 98.76, test_acc: 81.82
2021-04-13 12:10:04,086 INFO      epoch: 9, train_acc: 99.46, test_acc: 80.46
2021-04-13 12:17:08,731 INFO      epoch: 10, train_acc: 98.49, test_acc: 77.37
2021-04-13 12:24:11,721 INFO      epoch: 11, train_acc: 99.02, test_acc: 80.54
2021-04-13 12:31:18,614 INFO      epoch: 12, train_acc: 98.88, test_acc: 78.77
2021-04-13 12:38:22,252 INFO      epoch: 13, train_acc: 98.94, test_acc: 79.78
2021-04-13 12:45:29,797 INFO      epoch: 14, train_acc: 99.22, test_acc: 81.35
2021-04-13 12:52:32,790 INFO      epoch: 15, train_acc: 98.98, test_acc: 80.82
2021-04-13 12:59:44,824 INFO      epoch: 16, train_acc: 98.96, test_acc: 81.67
2021-04-13 13:07:00,274 INFO      epoch: 17, train_acc: 99.16, test_acc: 79.55
2021-04-13 13:14:17,347 INFO      epoch: 18, train_acc: 99.16, test_acc: 82.25
2021-04-13 13:21:33,015 INFO      epoch: 19, train_acc: 99.04, test_acc: 81.61
2021-04-13 13:28:51,548 INFO      epoch: 20, train_acc: 98.90, test_acc: 81.76
2021-04-13 13:28:51,548 INFO      best_acc: 82.25
2022-03-12 23:01:56,045 INFO      ----------configuration**********
2022-03-12 23:01:56,063 INFO      ('dataset', 'my_data')
2022-03-12 23:01:56,063 INFO      ('train_path', 'G:\\vscode_workspace\\Weather_Recognition\\data_split_reduce_v6\\train\\')
2022-03-12 23:01:56,063 INFO      ('test_path', 'G:\\vscode_workspace\\Weather_Recognition\\data_split_reduce_v6\\test\\')
2022-03-12 23:01:56,064 INFO      ('imagesize', '224')
2022-03-12 23:01:56,064 INFO      ('pretrained_path', 'G:\\vscode_workspace\\Weather_Recognition\\checkpoints\\mwd_resnet18\\04_14_14_25_fold_0_model_best.pth.tar')
2022-03-12 23:01:56,064 INFO      ('epochs', '20')
2022-03-12 23:01:56,064 INFO      ('start_epoch', '0')
2022-03-12 23:01:56,064 INFO      ('train_batch', '8')
2022-03-12 23:01:56,064 INFO      ('test_batch', '4')
2022-03-12 23:01:56,064 INFO      ('lr', '0.0005')
2022-03-12 23:01:56,064 INFO      ('drop', '0')
2022-03-12 23:01:56,064 INFO      ('schedule', '[5, 10, 15, 20, 25, 30, 35, 40, 45]')
2022-03-12 23:01:56,064 INFO      ('gamma', '0.9')
2022-03-12 23:01:56,075 INFO      ('momentum', '0.8')
2022-03-12 23:01:56,075 INFO      ('weight_decay', '0.0001')
2022-03-12 23:01:56,075 INFO      ('checkpoint', 'checkpoints/my_data_reduce_v6_resnet18_transfer_480')
2022-03-12 23:01:56,075 INFO      ('resume', '')
2022-03-12 23:01:56,075 INFO      ('arch', 'resnet18')
2022-03-12 23:01:56,075 INFO      ('manualSeed', '2745')
2022-03-12 23:11:02,078 INFO      epoch: 1, train_acc: 80.12, test_acc: 81.74
2022-03-12 23:16:55,297 INFO      epoch: 2, train_acc: 96.29, test_acc: 83.41
2022-03-12 23:22:48,263 INFO      epoch: 3, train_acc: 98.84, test_acc: 82.55
2022-03-12 23:28:48,212 INFO      epoch: 4, train_acc: 99.30, test_acc: 81.82
2022-03-12 23:34:51,133 INFO      epoch: 5, train_acc: 99.38, test_acc: 82.31
2022-03-12 23:40:52,844 INFO      epoch: 6, train_acc: 99.62, test_acc: 82.87
2022-03-12 23:46:49,219 INFO      epoch: 7, train_acc: 99.60, test_acc: 83.97
2022-03-12 23:52:45,336 INFO      epoch: 8, train_acc: 99.74, test_acc: 84.79
2022-03-12 23:58:46,150 INFO      epoch: 9, train_acc: 99.68, test_acc: 84.14
2022-03-13 00:04:43,455 INFO      epoch: 10, train_acc: 99.68, test_acc: 85.36
2022-03-13 00:10:46,678 INFO      epoch: 11, train_acc: 99.74, test_acc: 83.65
2022-03-13 00:16:40,371 INFO      epoch: 12, train_acc: 99.90, test_acc: 84.17
2022-03-13 00:22:34,355 INFO      epoch: 13, train_acc: 99.82, test_acc: 83.42
2022-03-13 00:28:35,391 INFO      epoch: 14, train_acc: 99.86, test_acc: 84.34
2022-03-13 00:34:31,180 INFO      epoch: 15, train_acc: 99.92, test_acc: 83.34
2022-03-13 00:40:33,573 INFO      epoch: 16, train_acc: 99.90, test_acc: 84.46
2022-03-13 00:46:28,137 INFO      epoch: 17, train_acc: 99.80, test_acc: 83.24
2022-03-13 00:52:22,267 INFO      epoch: 18, train_acc: 99.92, test_acc: 84.95
2022-03-13 00:58:23,613 INFO      epoch: 19, train_acc: 99.80, test_acc: 83.80
2022-03-13 01:04:19,473 INFO      epoch: 20, train_acc: 99.86, test_acc: 83.58
2022-03-13 01:04:19,473 INFO      best_acc: 85.36
