2022-03-01 10:59:16,805 INFO      ----------configuration**********
2022-03-01 10:59:16,805 INFO      ('dataset', 'my_data')
2022-03-01 10:59:16,806 INFO      ('train_path', 'G:\\vscode_workspace\\Weather_Recognition\\data_split_v6\\train\\')
2022-03-01 10:59:16,806 INFO      ('test_path', 'G:\\vscode_workspace\\Weather_Recognition\\data_split_v6\\test\\')
2022-03-01 10:59:16,806 INFO      ('imagesize', '224')
2022-03-01 10:59:16,806 INFO      ('pretrained_path', 'G:\\vscode_workspace\\Weather_Recognition\\checkpoints\\mwd_resnet18\\04_14_14_25_fold_0_model_best.pth.tar')
2022-03-01 10:59:16,806 INFO      ('epochs', '20')
2022-03-01 10:59:16,806 INFO      ('start_epoch', '0')
2022-03-01 10:59:16,806 INFO      ('train_batch', '16')
2022-03-01 10:59:16,807 INFO      ('test_batch', '4')
2022-03-01 10:59:16,807 INFO      ('lr', '0.001')
2022-03-01 10:59:16,807 INFO      ('drop', '0')
2022-03-01 10:59:16,807 INFO      ('schedule', '[5, 10, 15, 20, 25, 30, 35, 40, 45]')
2022-03-01 10:59:16,807 INFO      ('gamma', '0.9')
2022-03-01 10:59:16,807 INFO      ('momentum', '0.8')
2022-03-01 10:59:16,807 INFO      ('weight_decay', '0.0001')
2022-03-01 10:59:16,807 INFO      ('checkpoint', 'checkpoints/my_data_v6_resnet18_transfer_480_triplet_loss_normal')
2022-03-01 10:59:16,807 INFO      ('resume', '')
2022-03-01 10:59:16,807 INFO      ('arch', 'resnet18')
2022-03-01 10:59:16,807 INFO      ('manualSeed', '4631')
2022-03-01 11:01:26,625 INFO      ----------configuration**********
2022-03-01 11:01:26,625 INFO      ('dataset', 'my_data')
2022-03-01 11:01:26,626 INFO      ('train_path', 'G:\\vscode_workspace\\Weather_Recognition\\data_split_v6\\train\\')
2022-03-01 11:01:26,626 INFO      ('test_path', 'G:\\vscode_workspace\\Weather_Recognition\\data_split_v6\\test\\')
2022-03-01 11:01:26,626 INFO      ('imagesize', '224')
2022-03-01 11:01:26,626 INFO      ('pretrained_path', 'G:\\vscode_workspace\\Weather_Recognition\\checkpoints\\mwd_resnet18\\04_14_14_25_fold_0_model_best.pth.tar')
2022-03-01 11:01:26,626 INFO      ('epochs', '20')
2022-03-01 11:01:26,626 INFO      ('start_epoch', '0')
2022-03-01 11:01:26,626 INFO      ('train_batch', '16')
2022-03-01 11:01:26,626 INFO      ('test_batch', '4')
2022-03-01 11:01:26,626 INFO      ('lr', '0.001')
2022-03-01 11:01:26,626 INFO      ('drop', '0')
2022-03-01 11:01:26,626 INFO      ('schedule', '[5, 10, 15, 20, 25, 30, 35, 40, 45]')
2022-03-01 11:01:26,626 INFO      ('gamma', '0.9')
2022-03-01 11:01:26,626 INFO      ('momentum', '0.8')
2022-03-01 11:01:26,626 INFO      ('weight_decay', '0.0001')
2022-03-01 11:01:26,626 INFO      ('checkpoint', 'checkpoints/my_data_v6_resnet18_transfer_480_triplet_loss_normal')
2022-03-01 11:01:26,626 INFO      ('resume', '')
2022-03-01 11:01:26,626 INFO      ('arch', 'resnet18')
2022-03-01 11:01:26,627 INFO      ('manualSeed', '722')
2022-03-01 11:02:03,596 INFO      ----------configuration**********
2022-03-01 11:02:03,596 INFO      ('dataset', 'my_data')
2022-03-01 11:02:03,596 INFO      ('train_path', 'G:\\vscode_workspace\\Weather_Recognition\\data_split_v6\\train\\')
2022-03-01 11:02:03,597 INFO      ('test_path', 'G:\\vscode_workspace\\Weather_Recognition\\data_split_v6\\test\\')
2022-03-01 11:02:03,597 INFO      ('imagesize', '224')
2022-03-01 11:02:03,597 INFO      ('pretrained_path', 'G:\\vscode_workspace\\Weather_Recognition\\checkpoints\\mwd_resnet18\\04_14_14_25_fold_0_model_best.pth.tar')
2022-03-01 11:02:03,597 INFO      ('epochs', '20')
2022-03-01 11:02:03,597 INFO      ('start_epoch', '0')
2022-03-01 11:02:03,597 INFO      ('train_batch', '16')
2022-03-01 11:02:03,597 INFO      ('test_batch', '4')
2022-03-01 11:02:03,597 INFO      ('lr', '0.001')
2022-03-01 11:02:03,597 INFO      ('drop', '0')
2022-03-01 11:02:03,597 INFO      ('schedule', '[5, 10, 15, 20, 25, 30, 35, 40, 45]')
2022-03-01 11:02:03,597 INFO      ('gamma', '0.9')
2022-03-01 11:02:03,597 INFO      ('momentum', '0.8')
2022-03-01 11:02:03,597 INFO      ('weight_decay', '0.0001')
2022-03-01 11:02:03,597 INFO      ('checkpoint', 'checkpoints/my_data_v6_resnet18_transfer_480_triplet_loss_normal')
2022-03-01 11:02:03,597 INFO      ('resume', '')
2022-03-01 11:02:03,598 INFO      ('arch', 'resnet18')
2022-03-01 11:02:03,598 INFO      ('manualSeed', '9679')
2022-03-01 11:31:28,182 INFO      epoch: 1, train_acc: 61.84, test_acc: 50.32
2022-03-01 11:58:56,362 INFO      epoch: 2, train_acc: 93.03, test_acc: 64.04
2022-03-01 12:27:17,157 INFO      epoch: 3, train_acc: 97.94, test_acc: 48.89
2022-03-01 12:56:01,473 INFO      epoch: 4, train_acc: 99.01, test_acc: 73.38
2022-03-01 13:25:44,846 INFO      epoch: 5, train_acc: 99.36, test_acc: 75.03
2022-03-01 13:56:05,762 INFO      epoch: 6, train_acc: 99.55, test_acc: 69.45
2022-03-01 14:25:53,824 INFO      epoch: 7, train_acc: 99.65, test_acc: 69.06
2022-03-01 14:55:47,064 INFO      epoch: 8, train_acc: 99.76, test_acc: 69.75
2022-03-01 15:25:57,544 INFO      epoch: 9, train_acc: 99.83, test_acc: 71.07
2022-03-01 15:55:28,503 INFO      epoch: 10, train_acc: 99.84, test_acc: 71.01
2022-03-06 22:29:48,137 INFO      ----------configuration**********
2022-03-06 22:29:48,152 INFO      ('dataset', 'my_data')
2022-03-06 22:29:48,152 INFO      ('train_path', 'G:\\vscode_workspace\\Weather_Recognition\\data_split_v6\\train\\')
2022-03-06 22:29:48,152 INFO      ('test_path', 'G:\\vscode_workspace\\Weather_Recognition\\data_split_v6\\test\\')
2022-03-06 22:29:48,152 INFO      ('imagesize', '224')
2022-03-06 22:29:48,152 INFO      ('pretrained_path', 'G:\\vscode_workspace\\Weather_Recognition\\checkpoints\\mwd_resnet18\\04_14_14_25_fold_0_model_best.pth.tar')
2022-03-06 22:29:48,152 INFO      ('epochs', '20')
2022-03-06 22:29:48,152 INFO      ('start_epoch', '0')
2022-03-06 22:29:48,152 INFO      ('train_batch', '16')
2022-03-06 22:29:48,152 INFO      ('test_batch', '4')
2022-03-06 22:29:48,152 INFO      ('lr', '0.001')
2022-03-06 22:29:48,152 INFO      ('drop', '0')
2022-03-06 22:29:48,152 INFO      ('schedule', '[5, 10, 15, 20, 25, 30, 35, 40, 45]')
2022-03-06 22:29:48,152 INFO      ('gamma', '0.9')
2022-03-06 22:29:48,152 INFO      ('momentum', '0.8')
2022-03-06 22:29:48,152 INFO      ('weight_decay', '0.0001')
2022-03-06 22:29:48,153 INFO      ('checkpoint', 'checkpoints/my_data_v6_resnet18_transfer_480_triplet_loss_normal')
2022-03-06 22:29:48,153 INFO      ('resume', '')
2022-03-06 22:29:48,153 INFO      ('arch', 'resnet18')
2022-03-06 22:29:48,153 INFO      ('manualSeed', '8384')
2022-03-06 22:29:57,186 INFO      ----------configuration**********
2022-03-06 22:29:57,186 INFO      ('dataset', 'my_data')
2022-03-06 22:29:57,186 INFO      ('train_path', 'G:\\vscode_workspace\\Weather_Recognition\\data_split_v6\\train\\')
2022-03-06 22:29:57,186 INFO      ('test_path', 'G:\\vscode_workspace\\Weather_Recognition\\data_split_v6\\test\\')
2022-03-06 22:29:57,186 INFO      ('imagesize', '224')
2022-03-06 22:29:57,186 INFO      ('pretrained_path', 'G:\\vscode_workspace\\Weather_Recognition\\checkpoints\\mwd_resnet18\\04_14_14_25_fold_0_model_best.pth.tar')
2022-03-06 22:29:57,187 INFO      ('epochs', '20')
2022-03-06 22:29:57,187 INFO      ('start_epoch', '0')
2022-03-06 22:29:57,187 INFO      ('train_batch', '16')
2022-03-06 22:29:57,187 INFO      ('test_batch', '4')
2022-03-06 22:29:57,187 INFO      ('lr', '0.001')
2022-03-06 22:29:57,187 INFO      ('drop', '0')
2022-03-06 22:29:57,187 INFO      ('schedule', '[5, 10, 15, 20, 25, 30, 35, 40, 45]')
2022-03-06 22:29:57,187 INFO      ('gamma', '0.9')
2022-03-06 22:29:57,187 INFO      ('momentum', '0.8')
2022-03-06 22:29:57,187 INFO      ('weight_decay', '0.0001')
2022-03-06 22:29:57,187 INFO      ('checkpoint', 'checkpoints/my_data_v6_resnet18_transfer_480_triplet_loss_normal')
2022-03-06 22:29:57,187 INFO      ('resume', '')
2022-03-06 22:29:57,187 INFO      ('arch', 'resnet18')
2022-03-06 22:29:57,187 INFO      ('manualSeed', '4946')
