2021-01-13 19:10:25,560 INFO      ----------configuration**********
2021-01-13 19:10:25,574 INFO      ('dataset', 'my_data')
2021-01-13 19:10:25,574 INFO      ('train_path', 'G:\\vscode_workspace\\Weather_Recognition\\data_split_v2\\train\\')
2021-01-13 19:10:25,574 INFO      ('test_path', 'G:\\vscode_workspace\\Weather_Recognition\\data_split_v2\\test\\')
2021-01-13 19:10:25,574 INFO      ('imagesize', '224')
2021-01-13 19:10:25,574 INFO      ('epochs', '100')
2021-01-13 19:10:25,574 INFO      ('start_epoch', '0')
2021-01-13 19:10:25,574 INFO      ('train_batch', '16')
2021-01-13 19:10:25,574 INFO      ('test_batch', '16')
2021-01-13 19:10:25,574 INFO      ('lr', '0.001')
2021-01-13 19:10:25,574 INFO      ('drop', '0')
2021-01-13 19:10:25,575 INFO      ('schedule', '[20, 30, 40]')
2021-01-13 19:10:25,575 INFO      ('gamma', '0.9')
2021-01-13 19:10:25,575 INFO      ('momentum', '0.8')
2021-01-13 19:10:25,575 INFO      ('weight_decay', '0.0001')
2021-01-13 19:10:25,575 INFO      ('checkpoint', 'checkpoints/my_data_resnet50_cs')
2021-01-13 19:10:25,575 INFO      ('resume', '')
2021-01-13 19:10:25,575 INFO      ('arch', 'resnet50_adv')
2021-01-13 19:10:25,575 INFO      ('manualSeed', '8248')
2021-01-13 19:10:59,128 INFO      ----------configuration**********
2021-01-13 19:10:59,128 INFO      ('dataset', 'my_data')
2021-01-13 19:10:59,128 INFO      ('train_path', 'G:\\vscode_workspace\\Weather_Recognition\\data_split_v2\\train\\')
2021-01-13 19:10:59,128 INFO      ('test_path', 'G:\\vscode_workspace\\Weather_Recognition\\data_split_v2\\test\\')
2021-01-13 19:10:59,129 INFO      ('imagesize', '224')
2021-01-13 19:10:59,129 INFO      ('epochs', '100')
2021-01-13 19:10:59,129 INFO      ('start_epoch', '0')
2021-01-13 19:10:59,129 INFO      ('train_batch', '16')
2021-01-13 19:10:59,129 INFO      ('test_batch', '16')
2021-01-13 19:10:59,129 INFO      ('lr', '0.001')
2021-01-13 19:10:59,129 INFO      ('drop', '0')
2021-01-13 19:10:59,129 INFO      ('schedule', '[20, 30, 40]')
2021-01-13 19:10:59,129 INFO      ('gamma', '0.9')
2021-01-13 19:10:59,129 INFO      ('momentum', '0.8')
2021-01-13 19:10:59,130 INFO      ('weight_decay', '0.0001')
2021-01-13 19:10:59,130 INFO      ('checkpoint', 'checkpoints/my_data_resnet50_cs')
2021-01-13 19:10:59,130 INFO      ('resume', '')
2021-01-13 19:10:59,130 INFO      ('arch', 'resnet50_adv')
2021-01-13 19:10:59,130 INFO      ('manualSeed', '6461')
2021-01-13 19:31:17,039 INFO      ----------configuration**********
2021-01-13 19:31:17,040 INFO      ('dataset', 'my_data')
2021-01-13 19:31:17,040 INFO      ('train_path', 'G:\\vscode_workspace\\Weather_Recognition\\data_split_v2\\train\\')
2021-01-13 19:31:17,040 INFO      ('test_path', 'G:\\vscode_workspace\\Weather_Recognition\\data_split_v2\\test\\')
2021-01-13 19:31:17,040 INFO      ('imagesize', '224')
2021-01-13 19:31:17,040 INFO      ('epochs', '100')
2021-01-13 19:31:17,040 INFO      ('start_epoch', '0')
2021-01-13 19:31:17,040 INFO      ('train_batch', '16')
2021-01-13 19:31:17,040 INFO      ('test_batch', '16')
2021-01-13 19:31:17,040 INFO      ('lr', '0.001')
2021-01-13 19:31:17,040 INFO      ('drop', '0')
2021-01-13 19:31:17,040 INFO      ('schedule', '[20, 30, 40]')
2021-01-13 19:31:17,041 INFO      ('gamma', '0.9')
2021-01-13 19:31:17,041 INFO      ('momentum', '0.8')
2021-01-13 19:31:17,041 INFO      ('weight_decay', '0.0001')
2021-01-13 19:31:17,041 INFO      ('checkpoint', 'checkpoints/my_data_resnet50_cs')
2021-01-13 19:31:17,041 INFO      ('resume', '')
2021-01-13 19:31:17,041 INFO      ('arch', 'resnet50_adv')
2021-01-13 19:31:17,041 INFO      ('manualSeed', '7057')
2021-01-13 19:50:12,978 INFO      epoch: 1, train_acc: 92.11, test_acc: 89.64
2021-01-13 20:08:52,512 INFO      epoch: 2, train_acc: 99.63, test_acc: 89.24
2021-01-13 20:28:09,830 INFO      epoch: 3, train_acc: 99.79, test_acc: 90.36
2021-01-13 20:48:07,914 INFO      epoch: 4, train_acc: 99.92, test_acc: 90.56
2021-01-13 21:08:49,830 INFO      epoch: 5, train_acc: 99.98, test_acc: 90.96
2021-01-13 21:29:12,287 INFO      epoch: 6, train_acc: 99.96, test_acc: 88.52
