2021-01-08 18:42:26,717 INFO      ----------configuration**********
2021-01-08 18:42:26,718 INFO      ('dataset', 'my_data')
2021-01-08 18:42:26,718 INFO      ('train_path', 'G:\\vscode_workspace\\Weather_Recognition\\data_split_v2\\train\\')
2021-01-08 18:42:26,718 INFO      ('test_path', 'G:\\vscode_workspace\\Weather_Recognition\\data_split_v2\\test\\')
2021-01-08 18:42:26,718 INFO      ('imagesize', '224')
2021-01-08 18:42:26,718 INFO      ('epochs', '100')
2021-01-08 18:42:26,718 INFO      ('start_epoch', '0')
2021-01-08 18:42:26,718 INFO      ('train_batch', '8')
2021-01-08 18:42:26,719 INFO      ('test_batch', '8')
2021-01-08 18:42:26,719 INFO      ('lr', '0.001')
2021-01-08 18:42:26,719 INFO      ('drop', '0')
2021-01-08 18:42:26,719 INFO      ('schedule', '[20, 30, 40]')
2021-01-08 18:42:26,719 INFO      ('gamma', '0.9')
2021-01-08 18:42:26,719 INFO      ('momentum', '0.8')
2021-01-08 18:42:26,719 INFO      ('weight_decay', '0.0001')
2021-01-08 18:42:26,719 INFO      ('checkpoint', 'checkpoints/my_data_densenet121')
2021-01-08 18:42:26,719 INFO      ('resume', '')
2021-01-08 18:42:26,719 INFO      ('arch', 'densenet121')
2021-01-08 18:42:26,719 INFO      ('manualSeed', '3964')
2021-01-08 18:42:45,752 INFO      ----------configuration**********
2021-01-08 18:42:45,753 INFO      ('dataset', 'my_data')
2021-01-08 18:42:45,753 INFO      ('train_path', 'G:\\vscode_workspace\\Weather_Recognition\\data_split_v2\\train\\')
2021-01-08 18:42:45,753 INFO      ('test_path', 'G:\\vscode_workspace\\Weather_Recognition\\data_split_v2\\test\\')
2021-01-08 18:42:45,753 INFO      ('imagesize', '224')
2021-01-08 18:42:45,753 INFO      ('epochs', '100')
2021-01-08 18:42:45,753 INFO      ('start_epoch', '0')
2021-01-08 18:42:45,753 INFO      ('train_batch', '16')
2021-01-08 18:42:45,753 INFO      ('test_batch', '16')
2021-01-08 18:42:45,753 INFO      ('lr', '0.001')
2021-01-08 18:42:45,753 INFO      ('drop', '0')
2021-01-08 18:42:45,753 INFO      ('schedule', '[20, 30, 40]')
2021-01-08 18:42:45,753 INFO      ('gamma', '0.9')
2021-01-08 18:42:45,753 INFO      ('momentum', '0.8')
2021-01-08 18:42:45,753 INFO      ('weight_decay', '0.0001')
2021-01-08 18:42:45,753 INFO      ('checkpoint', 'checkpoints/my_data_densenet121')
2021-01-08 18:42:45,753 INFO      ('resume', '')
2021-01-08 18:42:45,753 INFO      ('arch', 'densenet121')
2021-01-08 18:42:45,753 INFO      ('manualSeed', '3506')
2021-01-08 18:54:24,206 INFO      epoch: 1, train_acc: 95.42, test_acc: 88.00
2021-01-08 19:05:51,852 INFO      epoch: 2, train_acc: 99.82, test_acc: 90.31
2021-01-08 19:17:22,399 INFO      epoch: 3, train_acc: 99.90, test_acc: 87.34
2021-01-08 19:29:10,147 INFO      epoch: 4, train_acc: 99.94, test_acc: 89.20


change dataset

2021-01-08 19:44:21,917 INFO      ----------configuration**********
2021-01-08 19:44:21,917 INFO      ('dataset', 'my_data')
2021-01-08 19:44:21,917 INFO      ('train_path', 'G:\\vscode_workspace\\Weather_Recognition\\data_split_v2\\train\\')
2021-01-08 19:44:21,917 INFO      ('test_path', 'G:\\vscode_workspace\\Weather_Recognition\\data_split_v2\\test\\')
2021-01-08 19:44:21,917 INFO      ('imagesize', '224')
2021-01-08 19:44:21,917 INFO      ('epochs', '100')
2021-01-08 19:44:21,917 INFO      ('start_epoch', '0')
2021-01-08 19:44:21,917 INFO      ('train_batch', '16')
2021-01-08 19:44:21,917 INFO      ('test_batch', '16')
2021-01-08 19:44:21,917 INFO      ('lr', '0.001')
2021-01-08 19:44:21,917 INFO      ('drop', '0')
2021-01-08 19:44:21,917 INFO      ('schedule', '[20, 30, 40]')
2021-01-08 19:44:21,918 INFO      ('gamma', '0.9')
2021-01-08 19:44:21,918 INFO      ('momentum', '0.8')
2021-01-08 19:44:21,918 INFO      ('weight_decay', '0.0001')
2021-01-08 19:44:21,918 INFO      ('checkpoint', 'checkpoints/my_data_densenet121')
2021-01-08 19:44:21,918 INFO      ('resume', '')
2021-01-08 19:44:21,918 INFO      ('arch', 'densenet121')
2021-01-08 19:44:21,918 INFO      ('manualSeed', '3649')

epoch 0 
epoch 1 90.39002021-01-12 10:21:17,847 INFO      ----------configuration**********
2021-01-12 10:21:17,863 INFO      ('dataset', 'my_data')
2021-01-12 10:21:17,864 INFO      ('train_path', 'G:\\vscode_workspace\\Weather_Recognition\\data_split_v2\\train\\')
2021-01-12 10:21:17,864 INFO      ('test_path', 'G:\\vscode_workspace\\Weather_Recognition\\data_split_v2\\test\\')
2021-01-12 10:21:17,864 INFO      ('imagesize', '224')
2021-01-12 10:21:17,864 INFO      ('epochs', '100')
2021-01-12 10:21:17,864 INFO      ('start_epoch', '0')
2021-01-12 10:21:17,864 INFO      ('train_batch', '16')
2021-01-12 10:21:17,864 INFO      ('test_batch', '16')
2021-01-12 10:21:17,864 INFO      ('lr', '0.001')
2021-01-12 10:21:17,864 INFO      ('drop', '0')
2021-01-12 10:21:17,864 INFO      ('schedule', '[20, 30, 40]')
2021-01-12 10:21:17,865 INFO      ('gamma', '0.9')
2021-01-12 10:21:17,865 INFO      ('momentum', '0.8')
2021-01-12 10:21:17,865 INFO      ('weight_decay', '0.0001')
2021-01-12 10:21:17,865 INFO      ('checkpoint', 'checkpoints/my_data_densenet121')
2021-01-12 10:21:17,865 INFO      ('resume', '')
2021-01-12 10:21:17,865 INFO      ('arch', 'densenet121')
2021-01-12 10:21:17,865 INFO      ('manualSeed', '5175')
2021-01-12 10:37:27,381 INFO      epoch: 1, train_acc: 95.66, test_acc: 89.95
2021-01-12 10:52:08,971 INFO      epoch: 2, train_acc: 99.73, test_acc: 90.70
2021-01-12 11:05:40,412 INFO      epoch: 3, train_acc: 99.80, test_acc: 90.02
2021-01-12 11:17:22,907 INFO      epoch: 4, train_acc: 99.87, test_acc: 90.01
2021-01-12 11:28:30,100 INFO      epoch: 5, train_acc: 99.93, test_acc: 89.86
