2021-05-20 22:16:05,354 INFO      ----------configuration**********
2021-05-20 22:16:05,354 INFO      ('dataset', 'my_data')
2021-05-20 22:16:05,354 INFO      ('train_path', 'D:\\flk\\Weather_Recognition\\data_v6_new\\train2\\')
2021-05-20 22:16:05,355 INFO      ('test_path', 'D:\\flk\\Weather_Recognition\\val_imgs_3\\')
2021-05-20 22:16:05,355 INFO      ('train2_path', 'D:\\flk\\Weather_Recognition\\data2\\train\\')
2021-05-20 22:16:05,355 INFO      ('imagesize', '224')
2021-05-20 22:16:05,355 INFO      ('pretrained_path', 'D:\\flk\\Weather_Recognition\\checkpoints\\mwd_resnet18\\04_14_14_25_fold_0_model_best.pth.tar')
2021-05-20 22:16:05,355 INFO      ('epochs', '20')
2021-05-20 22:16:05,355 INFO      ('start_epoch', '0')
2021-05-20 22:16:05,355 INFO      ('train_batch', '16')
2021-05-20 22:16:05,355 INFO      ('test_batch', '16')
2021-05-20 22:16:05,355 INFO      ('mwd_batch', '16')
2021-05-20 22:16:05,355 INFO      ('lr', '0.0001')
2021-05-20 22:16:05,355 INFO      ('drop', '0')
2021-05-20 22:16:05,355 INFO      ('schedule', '[5, 10, 15, 20, 25, 30, 35, 40, 45]')
2021-05-20 22:16:05,355 INFO      ('gamma', '0.9')
2021-05-20 22:16:05,355 INFO      ('momentum', '0.8')
2021-05-20 22:16:05,356 INFO      ('weight_decay', '0.0005')
2021-05-20 22:16:05,356 INFO      ('weight_domain', '0.2')
2021-05-20 22:16:05,356 INFO      ('weight_my_data', '0.3')
2021-05-20 22:16:05,356 INFO      ('weight_mwd', '0.7')
2021-05-20 22:16:05,356 INFO      ('checkpoint', 'checkpoints/my_data_v6_resnet18_tripletloss_transfer_480_maml_5classes')
2021-05-20 22:16:05,356 INFO      ('resume', '')
2021-05-20 22:16:05,356 INFO      ('arch', 'resnet18')
2021-05-20 22:16:05,356 INFO      ('manualSeed', '3887')
2021-05-20 22:18:40,943 INFO      ----------configuration**********
2021-05-20 22:18:40,943 INFO      ('dataset', 'my_data')
2021-05-20 22:18:40,943 INFO      ('train_path', 'D:\\flk\\Weather_Recognition\\data_v6_new\\train2\\')
2021-05-20 22:18:40,943 INFO      ('test_path', 'D:\\flk\\Weather_Recognition\\val_imgs_3\\')
2021-05-20 22:18:40,943 INFO      ('train2_path', 'D:\\flk\\Weather_Recognition\\data2\\train\\')
2021-05-20 22:18:40,944 INFO      ('imagesize', '224')
2021-05-20 22:18:40,944 INFO      ('pretrained_path', 'D:\\flk\\Weather_Recognition\\checkpoints\\mwd_resnet18\\04_14_14_25_fold_0_model_best.pth.tar')
2021-05-20 22:18:40,944 INFO      ('epochs', '20')
2021-05-20 22:18:40,944 INFO      ('start_epoch', '0')
2021-05-20 22:18:40,944 INFO      ('train_batch', '16')
2021-05-20 22:18:40,944 INFO      ('test_batch', '16')
2021-05-20 22:18:40,944 INFO      ('mwd_batch', '16')
2021-05-20 22:18:40,944 INFO      ('lr', '0.0001')
2021-05-20 22:18:40,944 INFO      ('drop', '0')
2021-05-20 22:18:40,944 INFO      ('schedule', '[5, 10, 15, 20, 25, 30, 35, 40, 45]')
2021-05-20 22:18:40,944 INFO      ('gamma', '0.9')
2021-05-20 22:18:40,944 INFO      ('momentum', '0.8')
2021-05-20 22:18:40,944 INFO      ('weight_decay', '0.0005')
2021-05-20 22:18:40,944 INFO      ('weight_domain', '0.2')
2021-05-20 22:18:40,944 INFO      ('weight_my_data', '0.3')
2021-05-20 22:18:40,944 INFO      ('weight_mwd', '0.7')
2021-05-20 22:18:40,944 INFO      ('checkpoint', 'checkpoints/my_data_v6_resnet18_tripletloss_transfer_480_maml_5classes')
2021-05-20 22:18:40,944 INFO      ('resume', '')
2021-05-20 22:18:40,944 INFO      ('arch', 'resnet18')
2021-05-20 22:18:40,944 INFO      ('manualSeed', '9877')
2021-05-20 22:37:14,656 INFO      epoch: 1, train_acc: 90.94, test_acc: 78.05
2021-05-20 22:54:14,262 INFO      epoch: 2, train_acc: 97.56, test_acc: 78.65
2021-05-20 23:10:35,848 INFO      epoch: 3, train_acc: 98.54, test_acc: 78.79
2021-05-20 23:28:36,339 INFO      epoch: 4, train_acc: 99.11, test_acc: 78.85
2021-05-20 23:46:08,537 INFO      epoch: 5, train_acc: 99.20, test_acc: 78.85
2021-05-21 00:02:33,938 INFO      epoch: 6, train_acc: 99.27, test_acc: 79.25
2021-05-21 00:19:40,287 INFO      epoch: 7, train_acc: 99.40, test_acc: 78.85
2021-05-21 00:36:40,102 INFO      epoch: 8, train_acc: 99.51, test_acc: 78.99
2021-05-21 00:53:53,254 INFO      epoch: 9, train_acc: 99.50, test_acc: 77.59
2021-05-21 01:11:00,725 INFO      epoch: 10, train_acc: 99.54, test_acc: 79.05
2021-05-21 01:27:22,845 INFO      epoch: 11, train_acc: 99.56, test_acc: 78.45
2021-05-21 01:43:45,525 INFO      epoch: 12, train_acc: 99.55, test_acc: 78.12
2021-05-21 02:00:10,981 INFO      epoch: 13, train_acc: 99.68, test_acc: 78.25
2021-05-21 02:16:32,921 INFO      epoch: 14, train_acc: 99.62, test_acc: 78.19
2021-05-21 02:32:54,704 INFO      epoch: 15, train_acc: 99.67, test_acc: 77.99
2021-05-21 02:49:17,639 INFO      epoch: 16, train_acc: 99.59, test_acc: 78.25
2021-05-21 03:05:41,330 INFO      epoch: 17, train_acc: 99.69, test_acc: 78.85
2021-05-21 03:22:03,083 INFO      epoch: 18, train_acc: 99.71, test_acc: 79.12
2021-05-21 03:38:24,798 INFO      epoch: 19, train_acc: 99.65, test_acc: 78.92
2021-05-21 03:54:48,800 INFO      epoch: 20, train_acc: 99.71, test_acc: 79.12
2021-05-21 03:54:48,800 INFO      best_acc: 79.25
