2022-03-13 22:30:13,636 INFO      ----------configuration**********
2022-03-13 22:30:13,637 INFO      ('dataset', 'my_data')
2022-03-13 22:30:13,637 INFO      ('train_path', 'G:\\vscode_workspace\\Weather_Recognition\\data_split_v6\\train\\')
2022-03-13 22:30:13,637 INFO      ('test_path', 'G:\\vscode_workspace\\Weather_Recognition\\data_split_v6\\test\\')
2022-03-13 22:30:13,637 INFO      ('imagesize', '224')
2022-03-13 22:30:13,637 INFO      ('pretrained_path', 'G:\\vscode_workspace\\Weather_Recognition\\checkpoints\\mwd_resnet18\\04_14_14_25_fold_0_model_best.pth.tar')
2022-03-13 22:30:13,637 INFO      ('epochs', '20')
2022-03-13 22:30:13,637 INFO      ('start_epoch', '0')
2022-03-13 22:30:13,637 INFO      ('train_batch', '16')
2022-03-13 22:30:13,638 INFO      ('test_batch', '4')
2022-03-13 22:30:13,638 INFO      ('lr', '0.001')
2022-03-13 22:30:13,638 INFO      ('drop', '0')
2022-03-13 22:30:13,638 INFO      ('schedule', '[5, 10, 15, 20, 25, 30, 35, 40, 45]')
2022-03-13 22:30:13,638 INFO      ('gamma', '0.9')
2022-03-13 22:30:13,638 INFO      ('momentum', '0.8')
2022-03-13 22:30:13,638 INFO      ('weight_decay', '0.0001')
2022-03-13 22:30:13,638 INFO      ('checkpoint', 'checkpoints/my_data_v6_resnet18_transfer_480_ms_loss')
2022-03-13 22:30:13,638 INFO      ('resume', '')
2022-03-13 22:30:13,638 INFO      ('arch', 'resnet18')
2022-03-13 22:30:13,638 INFO      ('manualSeed', '6317')
2022-03-13 22:34:44,800 INFO      ----------configuration**********
2022-03-13 22:34:44,801 INFO      ('dataset', 'my_data')
2022-03-13 22:34:44,801 INFO      ('train_path', 'G:\\vscode_workspace\\Weather_Recognition\\data_split_v6\\train\\')
2022-03-13 22:34:44,801 INFO      ('test_path', 'G:\\vscode_workspace\\Weather_Recognition\\data_split_v6\\test\\')
2022-03-13 22:34:44,801 INFO      ('imagesize', '224')
2022-03-13 22:34:44,801 INFO      ('pretrained_path', 'G:\\vscode_workspace\\Weather_Recognition\\checkpoints\\mwd_resnet18\\04_14_14_25_fold_0_model_best.pth.tar')
2022-03-13 22:34:44,801 INFO      ('epochs', '20')
2022-03-13 22:34:44,801 INFO      ('start_epoch', '0')
2022-03-13 22:34:44,801 INFO      ('train_batch', '16')
2022-03-13 22:34:44,801 INFO      ('test_batch', '4')
2022-03-13 22:34:44,801 INFO      ('lr', '0.001')
2022-03-13 22:34:44,801 INFO      ('drop', '0')
2022-03-13 22:34:44,801 INFO      ('schedule', '[5, 10, 15, 20, 25, 30, 35, 40, 45]')
2022-03-13 22:34:44,801 INFO      ('gamma', '0.9')
2022-03-13 22:34:44,801 INFO      ('momentum', '0.8')
2022-03-13 22:34:44,801 INFO      ('weight_decay', '0.0001')
2022-03-13 22:34:44,802 INFO      ('checkpoint', 'checkpoints/my_data_v6_resnet18_transfer_480_ms_loss')
2022-03-13 22:34:44,802 INFO      ('resume', '')
2022-03-13 22:34:44,802 INFO      ('arch', 'resnet18')
2022-03-13 22:34:44,802 INFO      ('manualSeed', '5100')
2022-03-13 22:38:43,675 INFO      ----------configuration**********
2022-03-13 22:38:43,676 INFO      ('dataset', 'my_data')
2022-03-13 22:38:43,676 INFO      ('train_path', 'G:\\vscode_workspace\\Weather_Recognition\\data_split_v6\\train\\')
2022-03-13 22:38:43,676 INFO      ('test_path', 'G:\\vscode_workspace\\Weather_Recognition\\data_split_v6\\test\\')
2022-03-13 22:38:43,676 INFO      ('imagesize', '224')
2022-03-13 22:38:43,676 INFO      ('pretrained_path', 'G:\\vscode_workspace\\Weather_Recognition\\checkpoints\\mwd_resnet18\\04_14_14_25_fold_0_model_best.pth.tar')
2022-03-13 22:38:43,676 INFO      ('epochs', '20')
2022-03-13 22:38:43,676 INFO      ('start_epoch', '0')
2022-03-13 22:38:43,676 INFO      ('train_batch', '16')
2022-03-13 22:38:43,676 INFO      ('test_batch', '4')
2022-03-13 22:38:43,676 INFO      ('lr', '0.001')
2022-03-13 22:38:43,676 INFO      ('drop', '0')
2022-03-13 22:38:43,676 INFO      ('schedule', '[5, 10, 15, 20, 25, 30, 35, 40, 45]')
2022-03-13 22:38:43,676 INFO      ('gamma', '0.9')
2022-03-13 22:38:43,676 INFO      ('momentum', '0.8')
2022-03-13 22:38:43,676 INFO      ('weight_decay', '0.0001')
2022-03-13 22:38:43,676 INFO      ('checkpoint', 'checkpoints/my_data_v6_resnet18_transfer_480_ms_loss')
2022-03-13 22:38:43,676 INFO      ('resume', '')
2022-03-13 22:38:43,676 INFO      ('arch', 'resnet18')
2022-03-13 22:38:43,676 INFO      ('manualSeed', '1813')
2022-03-13 22:39:25,415 INFO      ----------configuration**********
2022-03-13 22:39:25,416 INFO      ('dataset', 'my_data')
2022-03-13 22:39:25,416 INFO      ('train_path', 'G:\\vscode_workspace\\Weather_Recognition\\data_split_v6\\train\\')
2022-03-13 22:39:25,416 INFO      ('test_path', 'G:\\vscode_workspace\\Weather_Recognition\\data_split_v6\\test\\')
2022-03-13 22:39:25,416 INFO      ('imagesize', '224')
2022-03-13 22:39:25,416 INFO      ('pretrained_path', 'G:\\vscode_workspace\\Weather_Recognition\\checkpoints\\mwd_resnet18\\04_14_14_25_fold_0_model_best.pth.tar')
2022-03-13 22:39:25,416 INFO      ('epochs', '20')
2022-03-13 22:39:25,416 INFO      ('start_epoch', '0')
2022-03-13 22:39:25,416 INFO      ('train_batch', '16')
2022-03-13 22:39:25,416 INFO      ('test_batch', '4')
2022-03-13 22:39:25,416 INFO      ('lr', '0.001')
2022-03-13 22:39:25,416 INFO      ('drop', '0')
2022-03-13 22:39:25,416 INFO      ('schedule', '[5, 10, 15, 20, 25, 30, 35, 40, 45]')
2022-03-13 22:39:25,416 INFO      ('gamma', '0.9')
2022-03-13 22:39:25,416 INFO      ('momentum', '0.8')
2022-03-13 22:39:25,416 INFO      ('weight_decay', '0.0001')
2022-03-13 22:39:25,416 INFO      ('checkpoint', 'checkpoints/my_data_v6_resnet18_transfer_480_ms_loss')
2022-03-13 22:39:25,416 INFO      ('resume', '')
2022-03-13 22:39:25,416 INFO      ('arch', 'resnet18')
2022-03-13 22:39:25,416 INFO      ('manualSeed', '6968')
2022-03-14 00:29:32,300 INFO      ----------configuration**********
2022-03-14 00:29:32,319 INFO      ('dataset', 'my_data')
2022-03-14 00:29:32,319 INFO      ('train_path', 'G:\\vscode_workspace\\Weather_Recognition\\data_split_v6\\train\\')
2022-03-14 00:29:32,319 INFO      ('test_path', 'G:\\vscode_workspace\\Weather_Recognition\\data_split_v6\\test\\')
2022-03-14 00:29:32,319 INFO      ('imagesize', '224')
2022-03-14 00:29:32,319 INFO      ('pretrained_path', 'G:\\vscode_workspace\\Weather_Recognition\\checkpoints\\mwd_resnet18\\04_14_14_25_fold_0_model_best.pth.tar')
2022-03-14 00:29:32,319 INFO      ('epochs', '20')
2022-03-14 00:29:32,319 INFO      ('start_epoch', '0')
2022-03-14 00:29:32,319 INFO      ('train_batch', '8')
2022-03-14 00:29:32,319 INFO      ('test_batch', '4')
2022-03-14 00:29:32,319 INFO      ('lr', '0.001')
2022-03-14 00:29:32,319 INFO      ('drop', '0')
2022-03-14 00:29:32,319 INFO      ('schedule', '[5, 10, 15, 20, 25, 30, 35, 40, 45]')
2022-03-14 00:29:32,319 INFO      ('gamma', '0.9')
2022-03-14 00:29:32,320 INFO      ('momentum', '0.8')
2022-03-14 00:29:32,320 INFO      ('weight_decay', '0.0001')
2022-03-14 00:29:32,320 INFO      ('checkpoint', 'checkpoints/my_data_v6_resnet18_transfer_480_ms_loss')
2022-03-14 00:29:32,320 INFO      ('resume', '')
2022-03-14 00:29:32,320 INFO      ('arch', 'resnet18')
2022-03-14 00:29:32,320 INFO      ('manualSeed', '4549')
2022-03-14 01:01:11,372 INFO      epoch: 1, train_acc: 97.29, test_acc: 79.90
2022-03-14 01:28:41,043 INFO      epoch: 2, train_acc: 99.76, test_acc: 81.06
2022-03-14 01:55:07,674 INFO      epoch: 3, train_acc: 99.84, test_acc: 82.63
2022-03-14 02:23:19,110 INFO      epoch: 4, train_acc: 99.93, test_acc: 82.19
2022-03-14 02:49:40,601 INFO      epoch: 5, train_acc: 99.97, test_acc: 81.03
2022-03-14 03:15:46,290 INFO      epoch: 6, train_acc: 99.97, test_acc: 81.32
2022-03-14 03:43:14,847 INFO      epoch: 7, train_acc: 99.93, test_acc: 78.91
2022-03-14 04:08:55,780 INFO      epoch: 8, train_acc: 99.96, test_acc: 80.13
2022-03-14 04:37:52,261 INFO      epoch: 9, train_acc: 100.00, test_acc: 81.22
2022-03-14 05:04:50,326 INFO      epoch: 10, train_acc: 99.99, test_acc: 79.97
2022-03-14 05:31:14,225 INFO      epoch: 11, train_acc: 99.99, test_acc: 80.39
2022-03-14 05:58:37,083 INFO      epoch: 12, train_acc: 99.99, test_acc: 79.63
2022-03-14 06:25:11,009 INFO      epoch: 13, train_acc: 99.98, test_acc: 80.42
