2021-05-24 16:01:50,501 INFO      ----------configuration**********
2021-05-24 16:01:50,502 INFO      ('dataset', 'my_data')
2021-05-24 16:01:50,502 INFO      ('train_path', 'G:\\vscode_workspace\\Weather_Recognition\\data_v6_new\\train2\\')
2021-05-24 16:01:50,502 INFO      ('test_path', 'G:\\vscode_workspace\\Weather_Recognition\\data3\\test\\')
2021-05-24 16:01:50,502 INFO      ('imagesize', '224')
2021-05-24 16:01:50,502 INFO      ('pretrained_path', 'G:\\vscode_workspace\\Weather_Recognition\\checkpoints\\mwd_resnet18_2classes\\05_10_10_36_fold_0_model_best.pth.tar')
2021-05-24 16:01:50,502 INFO      ('epochs', '20')
2021-05-24 16:01:50,502 INFO      ('start_epoch', '0')
2021-05-24 16:01:50,502 INFO      ('train_batch', '4')
2021-05-24 16:01:50,502 INFO      ('test_batch', '4')
2021-05-24 16:01:50,502 INFO      ('lr', '0.0001')
2021-05-24 16:01:50,502 INFO      ('drop', '0')
2021-05-24 16:01:50,503 INFO      ('schedule', '[5, 10, 15, 20, 25, 30, 35, 40, 45]')
2021-05-24 16:01:50,503 INFO      ('gamma', '0.9')
2021-05-24 16:01:50,503 INFO      ('momentum', '0.8')
2021-05-24 16:01:50,503 INFO      ('weight_decay', '0.0001')
2021-05-24 16:01:50,503 INFO      ('triplet_margin', '1.5')
2021-05-24 16:01:50,503 INFO      ('checkpoint', 'checkpoints/my_data_v6_new_resnet18_tripletloss_transfer_480_2classes')
2021-05-24 16:01:50,503 INFO      ('resume', '')
2021-05-24 16:01:50,503 INFO      ('arch', 'resnet18')
2021-05-24 16:01:50,503 INFO      ('manualSeed', '7027')
2021-05-24 16:02:37,754 INFO      epoch: 1, train_acc: 0.00, test_acc: 60.37, val_acc: 44.70
2021-05-24 17:30:19,247 INFO      ----------configuration**********
2021-05-24 17:30:19,247 INFO      ('dataset', 'my_data')
2021-05-24 17:30:19,247 INFO      ('train_path', 'G:\\vscode_workspace\\Weather_Recognition\\data_v6_new_2classes\\train2\\')
2021-05-24 17:30:19,247 INFO      ('test_path', 'G:\\vscode_workspace\\Weather_Recognition\\data3\\test\\')
2021-05-24 17:30:19,247 INFO      ('imagesize', '224')
2021-05-24 17:30:19,247 INFO      ('pretrained_path', 'G:\\vscode_workspace\\Weather_Recognition\\checkpoints\\mwd_resnet18_2classes\\05_10_10_36_fold_0_model_best.pth.tar')
2021-05-24 17:30:19,247 INFO      ('epochs', '20')
2021-05-24 17:30:19,247 INFO      ('start_epoch', '0')
2021-05-24 17:30:19,248 INFO      ('train_batch', '4')
2021-05-24 17:30:19,248 INFO      ('test_batch', '4')
2021-05-24 17:30:19,248 INFO      ('lr', '1e-05')
2021-05-24 17:30:19,248 INFO      ('drop', '0')
2021-05-24 17:30:19,248 INFO      ('schedule', '[5, 10, 15, 20, 25, 30, 35, 40, 45]')
2021-05-24 17:30:19,248 INFO      ('gamma', '0.9')
2021-05-24 17:30:19,248 INFO      ('momentum', '0.8')
2021-05-24 17:30:19,248 INFO      ('weight_decay', '0.0001')
2021-05-24 17:30:19,248 INFO      ('triplet_margin', '1.5')
2021-05-24 17:30:19,248 INFO      ('checkpoint', 'checkpoints/my_data_v6_new_resnet18_tripletloss_transfer_480_2classes')
2021-05-24 17:30:19,248 INFO      ('resume', '')
2021-05-24 17:30:19,248 INFO      ('arch', 'resnet18')
2021-05-24 17:30:19,248 INFO      ('manualSeed', '3703')
2021-05-24 17:40:19,211 INFO      ----------configuration**********
2021-05-24 17:40:19,223 INFO      ('dataset', 'my_data')
2021-05-24 17:40:19,223 INFO      ('train_path', 'G:\\vscode_workspace\\Weather_Recognition\\data_v6_new_2classes\\train2\\')
2021-05-24 17:40:19,223 INFO      ('test_path', 'G:\\vscode_workspace\\Weather_Recognition\\data3\\test\\')
2021-05-24 17:40:19,223 INFO      ('imagesize', '224')
2021-05-24 17:40:19,223 INFO      ('pretrained_path', 'G:\\vscode_workspace\\Weather_Recognition\\checkpoints\\mwd_resnet18_2classes\\05_10_10_36_fold_0_model_best.pth.tar')
2021-05-24 17:40:19,223 INFO      ('epochs', '20')
2021-05-24 17:40:19,223 INFO      ('start_epoch', '0')
2021-05-24 17:40:19,223 INFO      ('train_batch', '3')
2021-05-24 17:40:19,223 INFO      ('test_batch', '3')
2021-05-24 17:40:19,224 INFO      ('lr', '1e-05')
2021-05-24 17:40:19,224 INFO      ('drop', '0')
2021-05-24 17:40:19,224 INFO      ('schedule', '[5, 10, 15, 20, 25, 30, 35, 40, 45]')
2021-05-24 17:40:19,224 INFO      ('gamma', '0.9')
2021-05-24 17:40:19,224 INFO      ('momentum', '0.8')
2021-05-24 17:40:19,224 INFO      ('weight_decay', '0.0001')
2021-05-24 17:40:19,224 INFO      ('triplet_margin', '1.5')
2021-05-24 17:40:19,224 INFO      ('checkpoint', 'checkpoints/my_data_v6_new_resnet18_tripletloss_transfer_480_2classes')
2021-05-24 17:40:19,224 INFO      ('resume', '')
2021-05-24 17:40:19,224 INFO      ('arch', 'resnet18')
2021-05-24 17:40:19,225 INFO      ('manualSeed', '7696')
2021-05-24 17:54:46,847 INFO      epoch: 1, train_acc: 98.46, test_acc: 76.56
2021-05-24 18:05:53,317 INFO      epoch: 2, train_acc: 99.96, test_acc: 74.20
2021-05-24 18:39:13,013 INFO      ----------configuration**********
2021-05-24 18:39:13,013 INFO      ('dataset', 'my_data')
2021-05-24 18:39:13,013 INFO      ('train_path', 'G:\\vscode_workspace\\Weather_Recognition\\data_v6_new_2classes\\train2\\')
2021-05-24 18:39:13,013 INFO      ('test_path', 'G:\\vscode_workspace\\Weather_Recognition\\data3\\test\\')
2021-05-24 18:39:13,013 INFO      ('imagesize', '224')
2021-05-24 18:39:13,014 INFO      ('pretrained_path', 'G:\\vscode_workspace\\Weather_Recognition\\checkpoints\\mwd_resnet18_2classes\\05_10_10_36_fold_0_model_best.pth.tar')
2021-05-24 18:39:13,014 INFO      ('epochs', '20')
2021-05-24 18:39:13,014 INFO      ('start_epoch', '0')
2021-05-24 18:39:13,014 INFO      ('train_batch', '3')
2021-05-24 18:39:13,014 INFO      ('test_batch', '3')
2021-05-24 18:39:13,014 INFO      ('lr', '1e-05')
2021-05-24 18:39:13,014 INFO      ('drop', '0')
2021-05-24 18:39:13,014 INFO      ('schedule', '[5, 10, 15, 20, 25, 30, 35, 40, 45]')
2021-05-24 18:39:13,014 INFO      ('gamma', '0.9')
2021-05-24 18:39:13,014 INFO      ('momentum', '0.8')
2021-05-24 18:39:13,014 INFO      ('weight_decay', '0.0005')
2021-05-24 18:39:13,014 INFO      ('triplet_margin', '1.0')
2021-05-24 18:39:13,014 INFO      ('checkpoint', 'checkpoints/my_data_v6_new_resnet18_tripletloss_transfer_480_2classes')
2021-05-24 18:39:13,014 INFO      ('resume', '')
2021-05-24 18:39:13,014 INFO      ('arch', 'resnet18')
2021-05-24 18:39:13,014 INFO      ('manualSeed', '4327')
2021-05-24 18:50:33,641 INFO      epoch: 1, train_acc: 98.26, test_acc: 76.05
2021-05-24 19:01:59,932 INFO      epoch: 2, train_acc: 99.94, test_acc: 75.38
2021-05-24 19:13:16,960 INFO      epoch: 3, train_acc: 99.98, test_acc: 77.91
2021-05-24 19:24:38,867 INFO      epoch: 4, train_acc: 99.98, test_acc: 75.55
2021-05-24 19:36:07,126 INFO      epoch: 5, train_acc: 99.98, test_acc: 74.03
2021-05-24 19:47:37,000 INFO      epoch: 6, train_acc: 99.99, test_acc: 76.22
2021-05-24 19:59:04,640 INFO      epoch: 7, train_acc: 99.99, test_acc: 77.91
2021-05-24 20:10:25,141 INFO      epoch: 8, train_acc: 99.99, test_acc: 76.22
2021-05-24 20:21:51,928 INFO      epoch: 9, train_acc: 99.99, test_acc: 76.05
