2021-03-07 10:24:24,679 INFO      ----------configuration**********
2021-03-07 10:24:24,679 INFO      ('dataset', 'my_data_seg')
2021-03-07 10:24:24,679 INFO      ('train_path', 'G:\\vscode_workspace\\Weather_Recognition\\data_split_v6\\train\\')
2021-03-07 10:24:24,679 INFO      ('test_path', 'G:\\vscode_workspace\\Weather_Recognition\\data_split_v6\\test\\')
2021-03-07 10:24:24,679 INFO      ('imagesize', '224')
2021-03-07 10:24:24,679 INFO      ('epochs', '100')
2021-03-07 10:24:24,680 INFO      ('start_epoch', '0')
2021-03-07 10:24:24,680 INFO      ('train_batch', '4')
2021-03-07 10:24:24,680 INFO      ('test_batch', '4')
2021-03-07 10:24:24,680 INFO      ('lr', '0.001')
2021-03-07 10:24:24,680 INFO      ('other_lr', '0.001')
2021-03-07 10:24:24,680 INFO      ('drop', '0')
2021-03-07 10:24:24,680 INFO      ('schedule', '[1, 5, 10]')
2021-03-07 10:24:24,680 INFO      ('gamma', '0.8')
2021-03-07 10:24:24,680 INFO      ('momentum', '0.8')
2021-03-07 10:24:24,680 INFO      ('weight_decay', '0.001')
2021-03-07 10:24:24,680 INFO      ('checkpoint', 'checkpoints/my_data_v6_resnet18_seg')
2021-03-07 10:24:24,680 INFO      ('resume', '')
2021-03-07 10:24:24,681 INFO      ('arch', 'resnet18_seg')
2021-03-07 10:24:24,681 INFO      ('manualSeed', '1960')
2021-03-07 11:05:24,075 INFO      epoch: 1, train_acc: 94.24, test_acc: 78.42
2021-03-07 11:11:29,245 INFO      ----------configuration**********
2021-03-07 11:11:29,245 INFO      ('dataset', 'my_data_seg')
2021-03-07 11:11:29,245 INFO      ('train_path', 'G:\\vscode_workspace\\Weather_Recognition\\data_split_v6\\train\\')
2021-03-07 11:11:29,246 INFO      ('test_path', 'G:\\vscode_workspace\\Weather_Recognition\\data_split_v6\\test\\')
2021-03-07 11:11:29,246 INFO      ('imagesize', '224')
2021-03-07 11:11:29,246 INFO      ('epochs', '100')
2021-03-07 11:11:29,246 INFO      ('start_epoch', '0')
2021-03-07 11:11:29,246 INFO      ('train_batch', '4')
2021-03-07 11:11:29,246 INFO      ('test_batch', '4')
2021-03-07 11:11:29,246 INFO      ('lr', '0.001')
2021-03-07 11:11:29,246 INFO      ('other_lr', '0.001')
2021-03-07 11:11:29,246 INFO      ('drop', '0')
2021-03-07 11:11:29,246 INFO      ('schedule', '[1, 5, 10]')
2021-03-07 11:11:29,246 INFO      ('gamma', '0.8')
2021-03-07 11:11:29,247 INFO      ('momentum', '0.8')
2021-03-07 11:11:29,247 INFO      ('weight_decay', '0.001')
2021-03-07 11:11:29,247 INFO      ('checkpoint', 'checkpoints/my_data_v6_resnet18_seg')
2021-03-07 11:11:29,247 INFO      ('resume', '')
2021-03-07 11:11:29,247 INFO      ('arch', 'resnet18_seg')
2021-03-07 11:11:29,247 INFO      ('manualSeed', '6339')
2021-03-07 11:12:46,971 INFO      ----------configuration**********
2021-03-07 11:12:46,972 INFO      ('dataset', 'my_data_seg')
2021-03-07 11:12:46,972 INFO      ('train_path', 'G:\\vscode_workspace\\Weather_Recognition\\data_split_v6\\train\\')
2021-03-07 11:12:46,972 INFO      ('test_path', 'G:\\vscode_workspace\\Weather_Recognition\\data_split_v6\\test\\')
2021-03-07 11:12:46,972 INFO      ('imagesize', '224')
2021-03-07 11:12:46,972 INFO      ('epochs', '100')
2021-03-07 11:12:46,972 INFO      ('start_epoch', '0')
2021-03-07 11:12:46,973 INFO      ('train_batch', '4')
2021-03-07 11:12:46,973 INFO      ('test_batch', '4')
2021-03-07 11:12:46,973 INFO      ('lr', '0.001')
2021-03-07 11:12:46,973 INFO      ('other_lr', '0.001')
2021-03-07 11:12:46,973 INFO      ('drop', '0')
2021-03-07 11:12:46,973 INFO      ('schedule', '[1, 5, 10]')
2021-03-07 11:12:46,973 INFO      ('gamma', '0.8')
2021-03-07 11:12:46,973 INFO      ('momentum', '0.8')
2021-03-07 11:12:46,973 INFO      ('weight_decay', '0.001')
2021-03-07 11:12:46,973 INFO      ('checkpoint', 'checkpoints/my_data_v6_resnet18_seg')
2021-03-07 11:12:46,973 INFO      ('resume', '')
2021-03-07 11:12:46,973 INFO      ('arch', 'resnet18_seg')
2021-03-07 11:12:46,974 INFO      ('manualSeed', '861')
2021-03-07 11:14:45,626 INFO      ----------configuration**********
2021-03-07 11:14:45,626 INFO      ('dataset', 'my_data_seg')
2021-03-07 11:14:45,627 INFO      ('train_path', 'G:\\vscode_workspace\\Weather_Recognition\\data_split_v6\\train\\')
2021-03-07 11:14:45,627 INFO      ('test_path', 'G:\\vscode_workspace\\Weather_Recognition\\data_split_v6\\test\\')
2021-03-07 11:14:45,627 INFO      ('imagesize', '224')
2021-03-07 11:14:45,627 INFO      ('epochs', '100')
2021-03-07 11:14:45,627 INFO      ('start_epoch', '0')
2021-03-07 11:14:45,627 INFO      ('train_batch', '4')
2021-03-07 11:14:45,627 INFO      ('test_batch', '4')
2021-03-07 11:14:45,627 INFO      ('lr', '0.001')
2021-03-07 11:14:45,627 INFO      ('other_lr', '0.001')
2021-03-07 11:14:45,627 INFO      ('drop', '0')
2021-03-07 11:14:45,627 INFO      ('schedule', '[1, 5, 10]')
2021-03-07 11:14:45,627 INFO      ('gamma', '0.8')
2021-03-07 11:14:45,627 INFO      ('momentum', '0.8')
2021-03-07 11:14:45,627 INFO      ('weight_decay', '0.001')
2021-03-07 11:14:45,627 INFO      ('checkpoint', 'checkpoints/my_data_v6_resnet18_seg')
2021-03-07 11:14:45,627 INFO      ('resume', '')
2021-03-07 11:14:45,628 INFO      ('arch', 'resnet18_seg')
2021-03-07 11:14:45,628 INFO      ('manualSeed', '5654')
2021-03-07 11:52:53,312 INFO      epoch: 1, train_acc: 94.34, test_acc: 71.37
2021-03-07 12:28:35,822 INFO      epoch: 2, train_acc: 99.10, test_acc: 77.83
2021-03-07 13:03:56,766 INFO      epoch: 3, train_acc: 99.32, test_acc: 74.88
2021-03-07 13:39:02,261 INFO      epoch: 4, train_acc: 99.51, test_acc: 77.79
2021-03-07 14:14:35,802 INFO      epoch: 5, train_acc: 99.66, test_acc: 74.48
2021-03-07 14:50:25,549 INFO      epoch: 6, train_acc: 99.69, test_acc: 78.31
