2021-05-13 16:24:50,801 INFO      ----------configuration**********
2021-05-13 16:24:50,801 INFO      ('dataset', 'my_data')
2021-05-13 16:24:50,801 INFO      ('train_path', 'G:\\vscode_workspace\\Weather_Recognition\\data_split_v6\\train\\')
2021-05-13 16:24:50,802 INFO      ('test_path', 'G:\\vscode_workspace\\Weather_Recognition\\data_split_v6\\test\\')
2021-05-13 16:24:50,802 INFO      ('imagesize', '224')
2021-05-13 16:24:50,802 INFO      ('pretrained_path', 'G:\\vscode_workspace\\Weather_Recognition\\checkpoints\\mwd_resnet18_2classes\\05_10_10_36_fold_0_model_best.pth.tar')
2021-05-13 16:24:50,802 INFO      ('epochs', '20')
2021-05-13 16:24:50,802 INFO      ('start_epoch', '0')
2021-05-13 16:24:50,802 INFO      ('train_batch', '16')
2021-05-13 16:24:50,802 INFO      ('test_batch', '16')
2021-05-13 16:24:50,803 INFO      ('lr', '1e-05')
2021-05-13 16:24:50,803 INFO      ('drop', '0')
2021-05-13 16:24:50,803 INFO      ('schedule', '[5, 10, 15, 20, 25, 30, 35, 40, 45]')
2021-05-13 16:24:50,803 INFO      ('gamma', '0.9')
2021-05-13 16:24:50,803 INFO      ('momentum', '0.8')
2021-05-13 16:24:50,803 INFO      ('weight_decay', '0.0005')
2021-05-13 16:24:50,803 INFO      ('triplet_margin', '0.9')
2021-05-13 16:24:50,803 INFO      ('checkpoint', 'checkpoints/my_data_v6_resnet18_contrastiveloss_transfer_480')
2021-05-13 16:24:50,803 INFO      ('resume', '')
2021-05-13 16:24:50,803 INFO      ('arch', 'resnet18')
2021-05-13 16:24:50,803 INFO      ('manualSeed', '9054')
2021-05-13 16:32:46,803 INFO      epoch: 1, train_acc: 82.68, test_acc: 75.68, val_acc: 53.87
2021-05-13 16:33:03,457 INFO      ----------configuration**********
2021-05-13 16:33:03,457 INFO      ('dataset', 'my_data')
2021-05-13 16:33:03,457 INFO      ('train_path', 'G:\\vscode_workspace\\Weather_Recognition\\data_split_v6\\train\\')
2021-05-13 16:33:03,457 INFO      ('test_path', 'G:\\vscode_workspace\\Weather_Recognition\\data_split_v6\\test\\')
2021-05-13 16:33:03,457 INFO      ('imagesize', '224')
2021-05-13 16:33:03,457 INFO      ('pretrained_path', 'G:\\vscode_workspace\\Weather_Recognition\\checkpoints\\mwd_resnet18_2classes\\05_10_10_36_fold_0_model_best.pth.tar')
2021-05-13 16:33:03,458 INFO      ('epochs', '20')
2021-05-13 16:33:03,458 INFO      ('start_epoch', '0')
2021-05-13 16:33:03,458 INFO      ('train_batch', '16')
2021-05-13 16:33:03,458 INFO      ('test_batch', '16')
2021-05-13 16:33:03,458 INFO      ('lr', '1e-05')
2021-05-13 16:33:03,458 INFO      ('drop', '0')
2021-05-13 16:33:03,458 INFO      ('schedule', '[5, 10, 15, 20, 25, 30, 35, 40, 45]')
2021-05-13 16:33:03,458 INFO      ('gamma', '0.9')
2021-05-13 16:33:03,458 INFO      ('momentum', '0.8')
2021-05-13 16:33:03,458 INFO      ('weight_decay', '0.0005')
2021-05-13 16:33:03,458 INFO      ('weight_contrast', '0.2')
2021-05-13 16:33:03,458 INFO      ('triplet_margin', '0.9')
2021-05-13 16:33:03,458 INFO      ('checkpoint', 'checkpoints/my_data_v6_resnet18_contrastiveloss_transfer_480')
2021-05-13 16:33:03,458 INFO      ('resume', '')
2021-05-13 16:33:03,458 INFO      ('arch', 'resnet18')
2021-05-13 16:33:03,458 INFO      ('manualSeed', '3875')
2021-05-13 16:40:48,331 INFO      epoch: 1, train_acc: 89.88, test_acc: 79.11, val_acc: 69.63
2021-05-13 16:43:30,630 INFO      ----------configuration**********
2021-05-13 16:43:30,631 INFO      ('dataset', 'my_data')
2021-05-13 16:43:30,631 INFO      ('train_path', 'G:\\vscode_workspace\\Weather_Recognition\\data_split_v6\\train\\')
2021-05-13 16:43:30,631 INFO      ('test_path', 'G:\\vscode_workspace\\Weather_Recognition\\data_split_v6\\test\\')
2021-05-13 16:43:30,631 INFO      ('imagesize', '224')
2021-05-13 16:43:30,631 INFO      ('pretrained_path', 'G:\\vscode_workspace\\Weather_Recognition\\checkpoints\\mwd_resnet18_2classes\\05_10_10_36_fold_0_model_best.pth.tar')
2021-05-13 16:43:30,631 INFO      ('epochs', '20')
2021-05-13 16:43:30,631 INFO      ('start_epoch', '0')
2021-05-13 16:43:30,631 INFO      ('train_batch', '16')
2021-05-13 16:43:30,631 INFO      ('test_batch', '16')
2021-05-13 16:43:30,631 INFO      ('lr', '1e-05')
2021-05-13 16:43:30,631 INFO      ('drop', '0')
2021-05-13 16:43:30,631 INFO      ('schedule', '[5, 10, 15, 20, 25, 30, 35, 40, 45]')
2021-05-13 16:43:30,631 INFO      ('gamma', '0.9')
2021-05-13 16:43:30,631 INFO      ('momentum', '0.8')
2021-05-13 16:43:30,631 INFO      ('weight_decay', '0.0005')
2021-05-13 16:43:30,631 INFO      ('weight_contrast', '0.2')
2021-05-13 16:43:30,632 INFO      ('triplet_margin', '0.9')
2021-05-13 16:43:30,632 INFO      ('checkpoint', 'checkpoints/my_data_v6_resnet18_contrastiveloss_transfer_480')
2021-05-13 16:43:30,632 INFO      ('resume', '')
2021-05-13 16:43:30,632 INFO      ('arch', 'resnet18')
2021-05-13 16:43:30,632 INFO      ('manualSeed', '5706')
2021-05-13 16:48:11,592 INFO      ----------configuration**********
2021-05-13 16:48:11,593 INFO      ('dataset', 'my_data')
2021-05-13 16:48:11,593 INFO      ('train_path', 'G:\\vscode_workspace\\Weather_Recognition\\data_split_v6\\train\\')
2021-05-13 16:48:11,593 INFO      ('test_path', 'G:\\vscode_workspace\\Weather_Recognition\\data_split_v6\\test\\')
2021-05-13 16:48:11,593 INFO      ('imagesize', '224')
2021-05-13 16:48:11,593 INFO      ('pretrained_path', 'G:\\vscode_workspace\\Weather_Recognition\\checkpoints\\mwd_resnet18_2classes\\05_10_10_36_fold_0_model_best.pth.tar')
2021-05-13 16:48:11,593 INFO      ('epochs', '20')
2021-05-13 16:48:11,593 INFO      ('start_epoch', '0')
2021-05-13 16:48:11,593 INFO      ('train_batch', '16')
2021-05-13 16:48:11,593 INFO      ('test_batch', '16')
2021-05-13 16:48:11,593 INFO      ('lr', '1e-05')
2021-05-13 16:48:11,593 INFO      ('drop', '0')
2021-05-13 16:48:11,593 INFO      ('schedule', '[5, 10, 15, 20, 25, 30, 35, 40, 45]')
2021-05-13 16:48:11,593 INFO      ('gamma', '0.9')
2021-05-13 16:48:11,593 INFO      ('momentum', '0.8')
2021-05-13 16:48:11,593 INFO      ('weight_decay', '0.0005')
2021-05-13 16:48:11,593 INFO      ('weight_contrast', '0.2')
2021-05-13 16:48:11,593 INFO      ('triplet_margin', '0.9')
2021-05-13 16:48:11,594 INFO      ('checkpoint', 'checkpoints/my_data_v6_resnet18_contrastiveloss_transfer_480')
2021-05-13 16:48:11,594 INFO      ('resume', '')
2021-05-13 16:48:11,594 INFO      ('arch', 'resnet18')
2021-05-13 16:48:11,594 INFO      ('manualSeed', '5758')
2021-05-13 16:49:01,232 INFO      ----------configuration**********
2021-05-13 16:49:01,233 INFO      ('dataset', 'my_data')
2021-05-13 16:49:01,233 INFO      ('train_path', 'G:\\vscode_workspace\\Weather_Recognition\\data_split_v6\\train\\')
2021-05-13 16:49:01,233 INFO      ('test_path', 'G:\\vscode_workspace\\Weather_Recognition\\data_split_v6\\test\\')
2021-05-13 16:49:01,233 INFO      ('imagesize', '224')
2021-05-13 16:49:01,233 INFO      ('pretrained_path', 'G:\\vscode_workspace\\Weather_Recognition\\checkpoints\\mwd_resnet18_2classes\\05_10_10_36_fold_0_model_best.pth.tar')
2021-05-13 16:49:01,233 INFO      ('epochs', '20')
2021-05-13 16:49:01,233 INFO      ('start_epoch', '0')
2021-05-13 16:49:01,233 INFO      ('train_batch', '16')
2021-05-13 16:49:01,233 INFO      ('test_batch', '16')
2021-05-13 16:49:01,233 INFO      ('lr', '1e-05')
2021-05-13 16:49:01,233 INFO      ('drop', '0')
2021-05-13 16:49:01,233 INFO      ('schedule', '[5, 10, 15, 20, 25, 30, 35, 40, 45]')
2021-05-13 16:49:01,233 INFO      ('gamma', '0.9')
2021-05-13 16:49:01,233 INFO      ('momentum', '0.8')
2021-05-13 16:49:01,233 INFO      ('weight_decay', '0.0005')
2021-05-13 16:49:01,233 INFO      ('weight_contrast', '0.2')
2021-05-13 16:49:01,234 INFO      ('triplet_margin', '0.9')
2021-05-13 16:49:01,234 INFO      ('checkpoint', 'checkpoints/my_data_v6_resnet18_contrastiveloss_transfer_480')
2021-05-13 16:49:01,234 INFO      ('resume', '')
2021-05-13 16:49:01,234 INFO      ('arch', 'resnet18')
2021-05-13 16:49:01,234 INFO      ('manualSeed', '3723')
2021-05-13 16:49:30,596 INFO      ----------configuration**********
2021-05-13 16:49:30,596 INFO      ('dataset', 'my_data')
2021-05-13 16:49:30,597 INFO      ('train_path', 'G:\\vscode_workspace\\Weather_Recognition\\data_split_v6\\train\\')
2021-05-13 16:49:30,597 INFO      ('test_path', 'G:\\vscode_workspace\\Weather_Recognition\\data_split_v6\\test\\')
2021-05-13 16:49:30,597 INFO      ('imagesize', '224')
2021-05-13 16:49:30,597 INFO      ('pretrained_path', 'G:\\vscode_workspace\\Weather_Recognition\\checkpoints\\mwd_resnet18_2classes\\05_10_10_36_fold_0_model_best.pth.tar')
2021-05-13 16:49:30,597 INFO      ('epochs', '20')
2021-05-13 16:49:30,597 INFO      ('start_epoch', '0')
2021-05-13 16:49:30,597 INFO      ('train_batch', '16')
2021-05-13 16:49:30,597 INFO      ('test_batch', '16')
2021-05-13 16:49:30,597 INFO      ('lr', '1e-05')
2021-05-13 16:49:30,597 INFO      ('drop', '0')
2021-05-13 16:49:30,597 INFO      ('schedule', '[5, 10, 15, 20, 25, 30, 35, 40, 45]')
2021-05-13 16:49:30,597 INFO      ('gamma', '0.9')
2021-05-13 16:49:30,597 INFO      ('momentum', '0.8')
2021-05-13 16:49:30,597 INFO      ('weight_decay', '0.0005')
2021-05-13 16:49:30,597 INFO      ('weight_contrast', '0.2')
2021-05-13 16:49:30,597 INFO      ('triplet_margin', '0.9')
2021-05-13 16:49:30,597 INFO      ('checkpoint', 'checkpoints/my_data_v6_resnet18_contrastiveloss_transfer_480')
2021-05-13 16:49:30,597 INFO      ('resume', '')
2021-05-13 16:49:30,598 INFO      ('arch', 'resnet18')
2021-05-13 16:49:30,598 INFO      ('manualSeed', '3303')
2021-05-13 16:52:49,568 INFO      ----------configuration**********
2021-05-13 16:52:49,568 INFO      ('dataset', 'my_data')
2021-05-13 16:52:49,568 INFO      ('train_path', 'G:\\vscode_workspace\\Weather_Recognition\\data_split_v6\\train\\')
2021-05-13 16:52:49,568 INFO      ('test_path', 'G:\\vscode_workspace\\Weather_Recognition\\data_split_v6\\test\\')
2021-05-13 16:52:49,569 INFO      ('imagesize', '224')
2021-05-13 16:52:49,569 INFO      ('pretrained_path', 'G:\\vscode_workspace\\Weather_Recognition\\checkpoints\\mwd_resnet18_2classes\\05_10_10_36_fold_0_model_best.pth.tar')
2021-05-13 16:52:49,569 INFO      ('epochs', '20')
2021-05-13 16:52:49,569 INFO      ('start_epoch', '0')
2021-05-13 16:52:49,569 INFO      ('train_batch', '16')
2021-05-13 16:52:49,569 INFO      ('test_batch', '16')
2021-05-13 16:52:49,569 INFO      ('lr', '1e-05')
2021-05-13 16:52:49,569 INFO      ('drop', '0')
2021-05-13 16:52:49,569 INFO      ('schedule', '[5, 10, 15, 20, 25, 30, 35, 40, 45]')
2021-05-13 16:52:49,569 INFO      ('gamma', '0.9')
2021-05-13 16:52:49,569 INFO      ('momentum', '0.8')
2021-05-13 16:52:49,569 INFO      ('weight_decay', '0.0005')
2021-05-13 16:52:49,569 INFO      ('weight_contrast', '0.2')
2021-05-13 16:52:49,569 INFO      ('triplet_margin', '0.9')
2021-05-13 16:52:49,569 INFO      ('checkpoint', 'checkpoints/my_data_v6_resnet18_contrastiveloss_transfer_480')
2021-05-13 16:52:49,569 INFO      ('resume', '')
2021-05-13 16:52:49,569 INFO      ('arch', 'resnet18')
2021-05-13 16:52:49,569 INFO      ('manualSeed', '4929')
2021-05-13 17:15:15,841 INFO      ----------configuration**********
2021-05-13 17:15:15,841 INFO      ('dataset', 'my_data')
2021-05-13 17:15:15,841 INFO      ('train_path', 'G:\\vscode_workspace\\Weather_Recognition\\data_split_v6\\train\\')
2021-05-13 17:15:15,841 INFO      ('test_path', 'G:\\vscode_workspace\\Weather_Recognition\\data_split_v6\\test\\')
2021-05-13 17:15:15,841 INFO      ('imagesize', '224')
2021-05-13 17:15:15,842 INFO      ('pretrained_path', 'G:\\vscode_workspace\\Weather_Recognition\\checkpoints\\mwd_resnet18_2classes\\05_10_10_36_fold_0_model_best.pth.tar')
2021-05-13 17:15:15,842 INFO      ('epochs', '20')
2021-05-13 17:15:15,842 INFO      ('start_epoch', '0')
2021-05-13 17:15:15,842 INFO      ('train_batch', '16')
2021-05-13 17:15:15,842 INFO      ('test_batch', '16')
2021-05-13 17:15:15,842 INFO      ('lr', '1e-05')
2021-05-13 17:15:15,842 INFO      ('drop', '0')
2021-05-13 17:15:15,842 INFO      ('schedule', '[5, 10, 15, 20, 25, 30, 35, 40, 45]')
2021-05-13 17:15:15,842 INFO      ('gamma', '0.9')
2021-05-13 17:15:15,842 INFO      ('momentum', '0.8')
2021-05-13 17:15:15,842 INFO      ('weight_decay', '0.0005')
2021-05-13 17:15:15,842 INFO      ('weight_contrast', '0.3')
2021-05-13 17:15:15,842 INFO      ('triplet_margin', '1.0')
2021-05-13 17:15:15,842 INFO      ('checkpoint', 'checkpoints/my_data_v6_resnet18_contrastiveloss_transfer_480')
2021-05-13 17:15:15,842 INFO      ('resume', '')
2021-05-13 17:15:15,842 INFO      ('arch', 'resnet18')
2021-05-13 17:15:15,842 INFO      ('manualSeed', '2079')
2021-05-13 17:23:39,153 INFO      epoch: 1, train_acc: 77.50, test_acc: 75.06, val_acc: 58.74
2021-05-13 17:26:22,076 INFO      ----------configuration**********
2021-05-13 17:26:22,077 INFO      ('dataset', 'my_data')
2021-05-13 17:26:22,077 INFO      ('train_path', 'G:\\vscode_workspace\\Weather_Recognition\\data_split_v6\\train\\')
2021-05-13 17:26:22,077 INFO      ('test_path', 'G:\\vscode_workspace\\Weather_Recognition\\data_split_v6\\test\\')
2021-05-13 17:26:22,077 INFO      ('imagesize', '224')
2021-05-13 17:26:22,077 INFO      ('pretrained_path', 'G:\\vscode_workspace\\Weather_Recognition\\checkpoints\\mwd_resnet18_2classes\\05_10_10_36_fold_0_model_best.pth.tar')
2021-05-13 17:26:22,077 INFO      ('epochs', '20')
2021-05-13 17:26:22,077 INFO      ('start_epoch', '0')
2021-05-13 17:26:22,077 INFO      ('train_batch', '16')
2021-05-13 17:26:22,077 INFO      ('test_batch', '16')
2021-05-13 17:26:22,077 INFO      ('lr', '0.0001')
2021-05-13 17:26:22,078 INFO      ('drop', '0')
2021-05-13 17:26:22,078 INFO      ('schedule', '[5, 10, 15, 20, 25, 30, 35, 40, 45]')
2021-05-13 17:26:22,078 INFO      ('gamma', '0.9')
2021-05-13 17:26:22,078 INFO      ('momentum', '0.8')
2021-05-13 17:26:22,078 INFO      ('weight_decay', '0.0005')
2021-05-13 17:26:22,078 INFO      ('weight_contrast', '0.3')
2021-05-13 17:26:22,078 INFO      ('triplet_margin', '1.0')
2021-05-13 17:26:22,078 INFO      ('checkpoint', 'checkpoints/my_data_v6_resnet18_contrastiveloss_transfer_480')
2021-05-13 17:26:22,078 INFO      ('resume', '')
2021-05-13 17:26:22,078 INFO      ('arch', 'resnet18')
2021-05-13 17:26:22,078 INFO      ('manualSeed', '7839')
2021-05-13 17:34:29,450 INFO      epoch: 1, train_acc: 86.71, test_acc: 65.55, val_acc: 38.68
2021-05-13 17:42:44,809 INFO      epoch: 2, train_acc: 97.54, test_acc: 77.40, val_acc: 49.86
2021-05-13 17:50:40,237 INFO      epoch: 3, train_acc: 98.69, test_acc: 70.16, val_acc: 65.04
2021-05-13 17:58:40,357 INFO      epoch: 4, train_acc: 98.12, test_acc: 74.30, val_acc: 41.55
2021-05-13 18:06:35,950 INFO      epoch: 5, train_acc: 99.24, test_acc: 68.79, val_acc: 38.11
2021-05-13 18:14:36,987 INFO      epoch: 6, train_acc: 99.43, test_acc: 67.02, val_acc: 37.82
2021-05-13 18:18:11,207 INFO      ----------configuration**********
2021-05-13 18:18:11,207 INFO      ('dataset', 'my_data')
2021-05-13 18:18:11,207 INFO      ('train_path', 'G:\\vscode_workspace\\Weather_Recognition\\data_split_v6\\train\\')
2021-05-13 18:18:11,207 INFO      ('test_path', 'G:\\vscode_workspace\\Weather_Recognition\\data_split_v6\\test\\')
2021-05-13 18:18:11,207 INFO      ('imagesize', '224')
2021-05-13 18:18:11,207 INFO      ('pretrained_path', 'G:\\vscode_workspace\\Weather_Recognition\\checkpoints\\mwd_resnet18_2classes\\05_10_10_36_fold_0_model_best.pth.tar')
2021-05-13 18:18:11,207 INFO      ('epochs', '20')
2021-05-13 18:18:11,207 INFO      ('start_epoch', '0')
2021-05-13 18:18:11,207 INFO      ('train_batch', '16')
2021-05-13 18:18:11,207 INFO      ('test_batch', '16')
2021-05-13 18:18:11,207 INFO      ('lr', '1e-05')
2021-05-13 18:18:11,207 INFO      ('drop', '0')
2021-05-13 18:18:11,207 INFO      ('schedule', '[5, 10, 15, 20, 25, 30, 35, 40, 45]')
2021-05-13 18:18:11,207 INFO      ('gamma', '0.9')
2021-05-13 18:18:11,208 INFO      ('momentum', '0.8')
2021-05-13 18:18:11,208 INFO      ('weight_decay', '0.0005')
2021-05-13 18:18:11,208 INFO      ('weight_contrast', '0.1')
2021-05-13 18:18:11,208 INFO      ('triplet_margin', '1.0')
2021-05-13 18:18:11,208 INFO      ('checkpoint', 'checkpoints/my_data_v6_resnet18_contrastiveloss_transfer_480')
2021-05-13 18:18:11,208 INFO      ('resume', '')
2021-05-13 18:18:11,208 INFO      ('arch', 'resnet18')
2021-05-13 18:18:11,208 INFO      ('manualSeed', '5289')
2021-05-13 18:26:33,153 INFO      epoch: 1, train_acc: 85.84, test_acc: 73.87, val_acc: 60.17
2021-05-13 18:34:39,612 INFO      epoch: 2, train_acc: 92.36, test_acc: 77.14, val_acc: 60.17
2021-05-13 18:42:49,959 INFO      epoch: 3, train_acc: 94.77, test_acc: 77.49, val_acc: 57.02
