2021-04-19 15:42:49,648 INFO      ----------configuration**********
2021-04-19 15:42:49,648 INFO      ('dataset', 'my_data')
2021-04-19 15:42:49,648 INFO      ('train_path', 'D:\\flk\\Weather_Recognition\\data_split_v6\\train\\')
2021-04-19 15:42:49,648 INFO      ('test_path', 'D:\\flk\\Weather_Recognition\\data_split_v6\\test\\')
2021-04-19 15:42:49,648 INFO      ('imagesize', '224')
2021-04-19 15:42:49,648 INFO      ('pretrained_path', 'D:\\flk\\Weather_Recognition\\checkpoints\\mwd_resnet18\\04_14_14_25_fold_0_model_best.pth.tar')
2021-04-19 15:42:49,648 INFO      ('epochs', '20')
2021-04-19 15:42:49,648 INFO      ('start_epoch', '0')
2021-04-19 15:42:49,648 INFO      ('train_batch', '16')
2021-04-19 15:42:49,648 INFO      ('test_batch', '16')
2021-04-19 15:42:49,649 INFO      ('lr', '0.0005')
2021-04-19 15:42:49,649 INFO      ('drop', '0')
2021-04-19 15:42:49,649 INFO      ('schedule', '[5, 10, 15, 20, 25, 30, 35, 40, 45]')
2021-04-19 15:42:49,649 INFO      ('gamma', '0.9')
2021-04-19 15:42:49,649 INFO      ('momentum', '0.8')
2021-04-19 15:42:49,649 INFO      ('weight_decay', '0.0001')
2021-04-19 15:42:49,649 INFO      ('checkpoint', 'checkpoints/my_data_v6_resnet18_centerloss_transfer_480')
2021-04-19 15:42:49,649 INFO      ('resume', '')
2021-04-19 15:42:49,649 INFO      ('arch', 'resnet18')
2021-04-19 15:42:49,649 INFO      ('manualSeed', '8214')
2021-04-19 15:43:26,719 INFO      ----------configuration**********
2021-04-19 15:43:26,720 INFO      ('dataset', 'my_data')
2021-04-19 15:43:26,720 INFO      ('train_path', 'D:\\flk\\Weather_Recognition\\data_split_v6\\train\\')
2021-04-19 15:43:26,720 INFO      ('test_path', 'D:\\flk\\Weather_Recognition\\data_split_v6\\test\\')
2021-04-19 15:43:26,720 INFO      ('imagesize', '224')
2021-04-19 15:43:26,720 INFO      ('pretrained_path', 'D:\\flk\\Weather_Recognition\\checkpoints\\mwd_resnet18\\04_14_14_25_fold_0_model_best.pth.tar')
2021-04-19 15:43:26,720 INFO      ('epochs', '20')
2021-04-19 15:43:26,720 INFO      ('start_epoch', '0')
2021-04-19 15:43:26,720 INFO      ('train_batch', '16')
2021-04-19 15:43:26,720 INFO      ('test_batch', '16')
2021-04-19 15:43:26,720 INFO      ('lr', '0.0005')
2021-04-19 15:43:26,720 INFO      ('drop', '0')
2021-04-19 15:43:26,720 INFO      ('schedule', '[5, 10, 15, 20, 25, 30, 35, 40, 45]')
2021-04-19 15:43:26,720 INFO      ('gamma', '0.9')
2021-04-19 15:43:26,720 INFO      ('momentum', '0.8')
2021-04-19 15:43:26,720 INFO      ('weight_decay', '0.0001')
2021-04-19 15:43:26,720 INFO      ('checkpoint', 'checkpoints/my_data_v6_resnet18_centerloss_transfer_480')
2021-04-19 15:43:26,720 INFO      ('resume', '')
2021-04-19 15:43:26,720 INFO      ('arch', 'resnet18')
2021-04-19 15:43:26,720 INFO      ('manualSeed', '4546')
2021-04-19 15:44:52,265 INFO      ----------configuration**********
2021-04-19 15:44:52,265 INFO      ('dataset', 'my_data')
2021-04-19 15:44:52,265 INFO      ('train_path', 'D:\\flk\\Weather_Recognition\\data_split_v6\\train\\')
2021-04-19 15:44:52,265 INFO      ('test_path', 'D:\\flk\\Weather_Recognition\\data_split_v6\\test\\')
2021-04-19 15:44:52,265 INFO      ('imagesize', '224')
2021-04-19 15:44:52,265 INFO      ('pretrained_path', 'D:\\flk\\Weather_Recognition\\checkpoints\\mwd_resnet18\\04_14_14_25_fold_0_model_best.pth.tar')
2021-04-19 15:44:52,265 INFO      ('epochs', '20')
2021-04-19 15:44:52,265 INFO      ('start_epoch', '0')
2021-04-19 15:44:52,265 INFO      ('train_batch', '16')
2021-04-19 15:44:52,265 INFO      ('test_batch', '16')
2021-04-19 15:44:52,265 INFO      ('lr', '0.0005')
2021-04-19 15:44:52,265 INFO      ('drop', '0')
2021-04-19 15:44:52,265 INFO      ('schedule', '[5, 10, 15, 20, 25, 30, 35, 40, 45]')
2021-04-19 15:44:52,266 INFO      ('gamma', '0.9')
2021-04-19 15:44:52,266 INFO      ('momentum', '0.8')
2021-04-19 15:44:52,266 INFO      ('weight_decay', '0.0001')
2021-04-19 15:44:52,266 INFO      ('checkpoint', 'checkpoints/my_data_v6_resnet18_centerloss_transfer_480')
2021-04-19 15:44:52,266 INFO      ('resume', '')
2021-04-19 15:44:52,266 INFO      ('arch', 'resnet18')
2021-04-19 15:44:52,266 INFO      ('manualSeed', '5661')
2021-04-19 15:53:34,657 INFO      ----------configuration**********
2021-04-19 15:53:34,658 INFO      ('dataset', 'my_data')
2021-04-19 15:53:34,658 INFO      ('train_path', 'D:\\flk\\Weather_Recognition\\data_split_v6\\train\\')
2021-04-19 15:53:34,658 INFO      ('test_path', 'D:\\flk\\Weather_Recognition\\data_split_v6\\test\\')
2021-04-19 15:53:34,658 INFO      ('imagesize', '224')
2021-04-19 15:53:34,658 INFO      ('pretrained_path', 'D:\\flk\\Weather_Recognition\\checkpoints\\mwd_resnet18\\04_14_14_25_fold_0_model_best.pth.tar')
2021-04-19 15:53:34,658 INFO      ('epochs', '20')
2021-04-19 15:53:34,658 INFO      ('start_epoch', '0')
2021-04-19 15:53:34,658 INFO      ('train_batch', '16')
2021-04-19 15:53:34,658 INFO      ('test_batch', '16')
2021-04-19 15:53:34,658 INFO      ('lr', '0.0005')
2021-04-19 15:53:34,658 INFO      ('drop', '0')
2021-04-19 15:53:34,658 INFO      ('schedule', '[5, 10, 15, 20, 25, 30, 35, 40, 45]')
2021-04-19 15:53:34,658 INFO      ('gamma', '0.9')
2021-04-19 15:53:34,658 INFO      ('momentum', '0.8')
2021-04-19 15:53:34,658 INFO      ('weight_decay', '0.0001')
2021-04-19 15:53:34,658 INFO      ('lr_cent', '0.5')
2021-04-19 15:53:34,658 INFO      ('weight_cent', '1')
2021-04-19 15:53:34,658 INFO      ('checkpoint', 'checkpoints/my_data_v6_resnet18_centerloss_transfer_480')
2021-04-19 15:53:34,658 INFO      ('resume', '')
2021-04-19 15:53:34,658 INFO      ('arch', 'resnet18')
2021-04-19 15:53:34,658 INFO      ('manualSeed', '4299')
2021-04-19 15:54:37,074 INFO      ----------configuration**********
2021-04-19 15:54:37,074 INFO      ('dataset', 'my_data')
2021-04-19 15:54:37,074 INFO      ('train_path', 'D:\\flk\\Weather_Recognition\\data_split_v6\\train\\')
2021-04-19 15:54:37,074 INFO      ('test_path', 'D:\\flk\\Weather_Recognition\\data_split_v6\\test\\')
2021-04-19 15:54:37,074 INFO      ('imagesize', '224')
2021-04-19 15:54:37,074 INFO      ('pretrained_path', 'D:\\flk\\Weather_Recognition\\checkpoints\\mwd_resnet18\\04_14_14_25_fold_0_model_best.pth.tar')
2021-04-19 15:54:37,074 INFO      ('epochs', '20')
2021-04-19 15:54:37,074 INFO      ('start_epoch', '0')
2021-04-19 15:54:37,074 INFO      ('train_batch', '16')
2021-04-19 15:54:37,074 INFO      ('test_batch', '16')
2021-04-19 15:54:37,074 INFO      ('lr', '0.0005')
2021-04-19 15:54:37,074 INFO      ('drop', '0')
2021-04-19 15:54:37,074 INFO      ('schedule', '[5, 10, 15, 20, 25, 30, 35, 40, 45]')
2021-04-19 15:54:37,075 INFO      ('gamma', '0.9')
2021-04-19 15:54:37,075 INFO      ('momentum', '0.8')
2021-04-19 15:54:37,075 INFO      ('weight_decay', '0.0001')
2021-04-19 15:54:37,075 INFO      ('lr_cent', '0.5')
2021-04-19 15:54:37,075 INFO      ('weight_cent', '1')
2021-04-19 15:54:37,075 INFO      ('checkpoint', 'checkpoints/my_data_v6_resnet18_centerloss_transfer_480')
2021-04-19 15:54:37,075 INFO      ('resume', '')
2021-04-19 15:54:37,075 INFO      ('arch', 'resnet18')
2021-04-19 15:54:37,075 INFO      ('manualSeed', '9858')
2021-04-19 16:00:07,029 INFO      ----------configuration**********
2021-04-19 16:00:07,029 INFO      ('dataset', 'my_data')
2021-04-19 16:00:07,029 INFO      ('train_path', 'D:\\flk\\Weather_Recognition\\data_split_v6\\train\\')
2021-04-19 16:00:07,029 INFO      ('test_path', 'D:\\flk\\Weather_Recognition\\data_split_v6\\test\\')
2021-04-19 16:00:07,030 INFO      ('imagesize', '224')
2021-04-19 16:00:07,030 INFO      ('pretrained_path', 'D:\\flk\\Weather_Recognition\\checkpoints\\mwd_resnet18\\04_14_14_25_fold_0_model_best.pth.tar')
2021-04-19 16:00:07,030 INFO      ('epochs', '20')
2021-04-19 16:00:07,030 INFO      ('start_epoch', '0')
2021-04-19 16:00:07,030 INFO      ('train_batch', '32')
2021-04-19 16:00:07,030 INFO      ('test_batch', '32')
2021-04-19 16:00:07,030 INFO      ('lr', '0.0005')
2021-04-19 16:00:07,030 INFO      ('drop', '0')
2021-04-19 16:00:07,030 INFO      ('schedule', '[5, 10, 15, 20, 25, 30, 35, 40, 45]')
2021-04-19 16:00:07,030 INFO      ('gamma', '0.9')
2021-04-19 16:00:07,030 INFO      ('momentum', '0.8')
2021-04-19 16:00:07,030 INFO      ('weight_decay', '0.0001')
2021-04-19 16:00:07,030 INFO      ('lr_cent', '0.05')
2021-04-19 16:00:07,030 INFO      ('weight_cent', '1')
2021-04-19 16:00:07,030 INFO      ('checkpoint', 'checkpoints/my_data_v6_resnet18_centerloss_transfer_480')
2021-04-19 16:00:07,030 INFO      ('resume', '')
2021-04-19 16:00:07,030 INFO      ('arch', 'resnet18')
2021-04-19 16:00:07,030 INFO      ('manualSeed', '9089')
2021-04-19 16:21:07,984 INFO      ----------configuration**********
2021-04-19 16:21:07,984 INFO      ('dataset', 'my_data')
2021-04-19 16:21:07,984 INFO      ('train_path', 'D:\\flk\\Weather_Recognition\\data_split_v6\\train\\')
2021-04-19 16:21:07,984 INFO      ('test_path', 'D:\\flk\\Weather_Recognition\\data_split_v6\\test\\')
2021-04-19 16:21:07,984 INFO      ('imagesize', '224')
2021-04-19 16:21:07,984 INFO      ('pretrained_path', 'D:\\flk\\Weather_Recognition\\checkpoints\\mwd_resnet18\\04_14_14_25_fold_0_model_best.pth.tar')
2021-04-19 16:21:07,984 INFO      ('epochs', '20')
2021-04-19 16:21:07,984 INFO      ('start_epoch', '0')
2021-04-19 16:21:07,984 INFO      ('train_batch', '32')
2021-04-19 16:21:07,984 INFO      ('test_batch', '32')
2021-04-19 16:21:07,984 INFO      ('lr', '0.0005')
2021-04-19 16:21:07,984 INFO      ('drop', '0')
2021-04-19 16:21:07,984 INFO      ('schedule', '[5, 10, 15, 20, 25, 30, 35, 40, 45]')
2021-04-19 16:21:07,984 INFO      ('gamma', '0.9')
2021-04-19 16:21:07,984 INFO      ('momentum', '0.8')
2021-04-19 16:21:07,984 INFO      ('weight_decay', '0.0001')
2021-04-19 16:21:07,985 INFO      ('lr_cent', '0.05')
2021-04-19 16:21:07,985 INFO      ('weight_cent', '1')
2021-04-19 16:21:07,985 INFO      ('checkpoint', 'checkpoints/my_data_v6_resnet18_centerloss_transfer_480')
2021-04-19 16:21:07,985 INFO      ('resume', '')
2021-04-19 16:21:07,985 INFO      ('arch', 'resnet18')
2021-04-19 16:21:07,985 INFO      ('manualSeed', '10')
2021-04-19 16:21:22,869 INFO      ----------configuration**********
2021-04-19 16:21:22,869 INFO      ('dataset', 'my_data')
2021-04-19 16:21:22,869 INFO      ('train_path', 'D:\\flk\\Weather_Recognition\\data_split_v6\\train\\')
2021-04-19 16:21:22,869 INFO      ('test_path', 'D:\\flk\\Weather_Recognition\\data_split_v6\\test\\')
2021-04-19 16:21:22,869 INFO      ('imagesize', '224')
2021-04-19 16:21:22,870 INFO      ('pretrained_path', 'D:\\flk\\Weather_Recognition\\checkpoints\\mwd_resnet18\\04_14_14_25_fold_0_model_best.pth.tar')
2021-04-19 16:21:22,870 INFO      ('epochs', '20')
2021-04-19 16:21:22,870 INFO      ('start_epoch', '0')
2021-04-19 16:21:22,870 INFO      ('train_batch', '32')
2021-04-19 16:21:22,870 INFO      ('test_batch', '32')
2021-04-19 16:21:22,870 INFO      ('lr', '0.0005')
2021-04-19 16:21:22,870 INFO      ('drop', '0')
2021-04-19 16:21:22,870 INFO      ('schedule', '[5, 10, 15, 20, 25, 30, 35, 40, 45]')
2021-04-19 16:21:22,870 INFO      ('gamma', '0.9')
2021-04-19 16:21:22,870 INFO      ('momentum', '0.8')
2021-04-19 16:21:22,870 INFO      ('weight_decay', '0.0001')
2021-04-19 16:21:22,870 INFO      ('lr_cent', '0.05')
2021-04-19 16:21:22,870 INFO      ('weight_cent', '1')
2021-04-19 16:21:22,870 INFO      ('checkpoint', 'checkpoints/my_data_v6_resnet18_centerloss_transfer_480')
2021-04-19 16:21:22,870 INFO      ('resume', '')
2021-04-19 16:21:22,870 INFO      ('arch', 'resnet18')
2021-04-19 16:21:22,870 INFO      ('manualSeed', '7342')
2021-04-19 16:36:30,663 INFO      epoch: 1, train_acc: 78.74, test_acc: 72.73
2021-04-19 16:49:54,012 INFO      epoch: 2, train_acc: 98.22, test_acc: 81.67
2021-04-19 17:03:15,819 INFO      epoch: 3, train_acc: 99.58, test_acc: 78.70
2021-04-19 17:16:38,595 INFO      epoch: 4, train_acc: 99.86, test_acc: 79.82
2021-04-19 17:29:59,899 INFO      epoch: 5, train_acc: 99.92, test_acc: 80.27
2021-04-19 17:43:23,163 INFO      epoch: 6, train_acc: 99.95, test_acc: 78.28
2021-04-19 17:56:44,788 INFO      epoch: 7, train_acc: 99.95, test_acc: 79.01
2021-04-19 18:10:06,067 INFO      epoch: 8, train_acc: 99.99, test_acc: 78.74
2021-04-19 18:23:26,340 INFO      epoch: 9, train_acc: 99.98, test_acc: 80.70
2021-04-19 18:36:44,910 INFO      epoch: 10, train_acc: 99.99, test_acc: 80.51
2021-04-19 18:50:04,163 INFO      epoch: 11, train_acc: 99.99, test_acc: 78.96
2021-04-19 19:03:22,677 INFO      epoch: 12, train_acc: 99.99, test_acc: 80.00
2021-04-19 19:16:45,427 INFO      epoch: 13, train_acc: 99.98, test_acc: 79.83
2021-04-19 19:30:07,910 INFO      epoch: 14, train_acc: 99.99, test_acc: 77.50
2021-04-19 19:43:30,206 INFO      epoch: 15, train_acc: 99.99, test_acc: 78.36
2021-04-19 19:56:53,349 INFO      epoch: 16, train_acc: 99.99, test_acc: 78.95
2021-04-19 20:10:16,110 INFO      epoch: 17, train_acc: 99.99, test_acc: 77.93
2021-04-19 20:23:39,563 INFO      epoch: 18, train_acc: 99.99, test_acc: 79.11
2021-04-19 20:37:02,284 INFO      epoch: 19, train_acc: 100.00, test_acc: 78.46
2021-04-19 20:50:22,457 INFO      epoch: 20, train_acc: 100.00, test_acc: 79.59
2021-04-19 20:50:22,457 INFO      best_acc: 81.67
2021-05-07 16:11:36,072 INFO      ----------configuration**********
2021-05-07 16:11:36,072 INFO      ('dataset', 'my_data')
2021-05-07 16:11:36,072 INFO      ('train_path', 'D:\\flk\\Weather_Recognition\\data_split_v6\\train\\')
2021-05-07 16:11:36,072 INFO      ('test_path', 'D:\\flk\\Weather_Recognition\\data_split_v6\\test\\')
2021-05-07 16:11:36,072 INFO      ('imagesize', '224')
2021-05-07 16:11:36,072 INFO      ('pretrained_path', 'D:\\flk\\Weather_Recognition\\checkpoints\\mwd_resnet18\\04_14_14_25_fold_0_model_best.pth.tar')
2021-05-07 16:11:36,072 INFO      ('epochs', '20')
2021-05-07 16:11:36,072 INFO      ('start_epoch', '0')
2021-05-07 16:11:36,072 INFO      ('train_batch', '32')
2021-05-07 16:11:36,072 INFO      ('test_batch', '32')
2021-05-07 16:11:36,072 INFO      ('lr', '0.005')
2021-05-07 16:11:36,072 INFO      ('drop', '0')
2021-05-07 16:11:36,072 INFO      ('schedule', '[5, 10, 15, 20, 25, 30, 35, 40, 45]')
2021-05-07 16:11:36,072 INFO      ('gamma', '0.9')
2021-05-07 16:11:36,072 INFO      ('momentum', '0.8')
2021-05-07 16:11:36,072 INFO      ('weight_decay', '0.0001')
2021-05-07 16:11:36,072 INFO      ('lr_cent', '0.05')
2021-05-07 16:11:36,073 INFO      ('weight_cent', '0.1')
2021-05-07 16:11:36,073 INFO      ('checkpoint', 'checkpoints/my_data_v6_resnet18_centerloss_transfer_480')
2021-05-07 16:11:36,073 INFO      ('resume', '')
2021-05-07 16:11:36,073 INFO      ('arch', 'resnet18')
2021-05-07 16:11:36,073 INFO      ('manualSeed', '3493')
