2021-05-20 16:32:48,655 INFO      ----------configuration**********
2021-05-20 16:32:48,655 INFO      ('dataset', 'my_data')
2021-05-20 16:32:48,656 INFO      ('train_path', 'G:\\vscode_workspace\\Weather_Recognition\\data2\\train\\')
2021-05-20 16:32:48,656 INFO      ('test_path', 'G:\\vscode_workspace\\Weather_Recognition\\data2\\test\\')
2021-05-20 16:32:48,656 INFO      ('imagesize', '224')
2021-05-20 16:32:48,656 INFO      ('pretrained_path', 'G:\\vscode_workspace\\Weather_Recognition\\checkpoints\\mwd_resnet18\\04_14_14_25_fold_0_model_best.pth.tar')
2021-05-20 16:32:48,656 INFO      ('epochs', '20')
2021-05-20 16:32:48,656 INFO      ('start_epoch', '0')
2021-05-20 16:32:48,656 INFO      ('train_batch', '8')
2021-05-20 16:32:48,657 INFO      ('test_batch', '8')
2021-05-20 16:32:48,657 INFO      ('lr', '0.0005')
2021-05-20 16:32:48,657 INFO      ('drop', '0')
2021-05-20 16:32:48,657 INFO      ('schedule', '[5, 10, 15, 20, 25, 30, 35, 40, 45]')
2021-05-20 16:32:48,657 INFO      ('gamma', '0.9')
2021-05-20 16:32:48,657 INFO      ('momentum', '0.8')
2021-05-20 16:32:48,657 INFO      ('weight_decay', '0.0001')
2021-05-20 16:32:48,657 INFO      ('checkpoint', 'checkpoints/data2_resnet18_transfer_480_gce_loss')
2021-05-20 16:32:48,657 INFO      ('resume', '')
2021-05-20 16:32:48,657 INFO      ('arch', 'resnet18')
2021-05-20 16:32:48,657 INFO      ('manualSeed', '916')
2021-05-20 16:34:08,845 INFO      ----------configuration**********
2021-05-20 16:34:08,845 INFO      ('dataset', 'my_data')
2021-05-20 16:34:08,846 INFO      ('train_path', 'G:\\vscode_workspace\\Weather_Recognition\\data2\\train\\')
2021-05-20 16:34:08,846 INFO      ('test_path', 'G:\\vscode_workspace\\Weather_Recognition\\data2\\test\\')
2021-05-20 16:34:08,846 INFO      ('imagesize', '224')
2021-05-20 16:34:08,846 INFO      ('pretrained_path', 'G:\\vscode_workspace\\Weather_Recognition\\checkpoints\\mwd_resnet18\\04_14_14_25_fold_0_model_best.pth.tar')
2021-05-20 16:34:08,846 INFO      ('epochs', '20')
2021-05-20 16:34:08,846 INFO      ('start_epoch', '0')
2021-05-20 16:34:08,846 INFO      ('train_batch', '8')
2021-05-20 16:34:08,846 INFO      ('test_batch', '8')
2021-05-20 16:34:08,846 INFO      ('lr', '0.0005')
2021-05-20 16:34:08,846 INFO      ('drop', '0')
2021-05-20 16:34:08,846 INFO      ('schedule', '[5, 10, 15, 20, 25, 30, 35, 40, 45]')
2021-05-20 16:34:08,846 INFO      ('gamma', '0.9')
2021-05-20 16:34:08,846 INFO      ('momentum', '0.8')
2021-05-20 16:34:08,846 INFO      ('weight_decay', '0.0001')
2021-05-20 16:34:08,846 INFO      ('checkpoint', 'checkpoints/data2_resnet18_transfer_480_gce_loss')
2021-05-20 16:34:08,846 INFO      ('resume', '')
2021-05-20 16:34:08,846 INFO      ('arch', 'resnet18')
2021-05-20 16:34:08,846 INFO      ('manualSeed', '8721')
2021-05-20 16:34:49,221 INFO      ----------configuration**********
2021-05-20 16:34:49,221 INFO      ('dataset', 'my_data')
2021-05-20 16:34:49,221 INFO      ('train_path', 'G:\\vscode_workspace\\Weather_Recognition\\data2\\train\\')
2021-05-20 16:34:49,221 INFO      ('test_path', 'G:\\vscode_workspace\\Weather_Recognition\\data2\\test\\')
2021-05-20 16:34:49,221 INFO      ('imagesize', '224')
2021-05-20 16:34:49,221 INFO      ('pretrained_path', 'G:\\vscode_workspace\\Weather_Recognition\\checkpoints\\mwd_resnet18\\04_14_14_25_fold_0_model_best.pth.tar')
2021-05-20 16:34:49,221 INFO      ('epochs', '20')
2021-05-20 16:34:49,221 INFO      ('start_epoch', '0')
2021-05-20 16:34:49,221 INFO      ('train_batch', '8')
2021-05-20 16:34:49,221 INFO      ('test_batch', '8')
2021-05-20 16:34:49,221 INFO      ('lr', '0.0005')
2021-05-20 16:34:49,222 INFO      ('drop', '0')
2021-05-20 16:34:49,222 INFO      ('schedule', '[5, 10, 15, 20, 25, 30, 35, 40, 45]')
2021-05-20 16:34:49,222 INFO      ('gamma', '0.9')
2021-05-20 16:34:49,222 INFO      ('momentum', '0.8')
2021-05-20 16:34:49,222 INFO      ('weight_decay', '0.0001')
2021-05-20 16:34:49,222 INFO      ('checkpoint', 'checkpoints/data2_resnet18_transfer_480_gce_loss')
2021-05-20 16:34:49,222 INFO      ('resume', '')
2021-05-20 16:34:49,222 INFO      ('arch', 'resnet18')
2021-05-20 16:34:49,222 INFO      ('manualSeed', '6305')
2021-05-20 16:36:34,254 INFO      epoch: 1, train_acc: 60.62, test_acc: 59.72
2021-05-20 16:38:18,842 INFO      epoch: 2, train_acc: 78.31, test_acc: 75.82
2021-05-20 16:40:02,867 INFO      epoch: 3, train_acc: 83.47, test_acc: 72.54
2021-05-20 16:41:52,634 INFO      epoch: 4, train_acc: 85.58, test_acc: 79.79
2021-05-20 16:43:39,333 INFO      epoch: 5, train_acc: 88.82, test_acc: 84.39
2021-05-20 16:45:22,800 INFO      epoch: 6, train_acc: 92.70, test_acc: 83.00
2021-05-20 16:47:06,277 INFO      epoch: 7, train_acc: 94.47, test_acc: 81.53
2021-05-20 16:48:49,398 INFO      epoch: 8, train_acc: 95.75, test_acc: 80.00
