2021-05-11 20:44:20,640 INFO      ----------configuration**********
2021-05-11 20:44:20,640 INFO      ('dataset', 'my_data')
2021-05-11 20:44:20,640 INFO      ('train_path', 'D:\\flk\\Weather_Recognition\\data_split_v6\\train\\')
2021-05-11 20:44:20,640 INFO      ('test_path', 'D:\\flk\\Weather_Recognition\\data_split_v6\\test\\')
2021-05-11 20:44:20,640 INFO      ('imagesize', '224')
2021-05-11 20:44:20,640 INFO      ('pretrained_path', 'D:\\flk\\Weather_Recognition\\checkpoints\\mwd_resnet18\\04_14_14_25_fold_0_model_best.pth.tar')
2021-05-11 20:44:20,640 INFO      ('epochs', '20')
2021-05-11 20:44:20,640 INFO      ('start_epoch', '0')
2021-05-11 20:44:20,640 INFO      ('train_batch', '32')
2021-05-11 20:44:20,640 INFO      ('test_batch', '32')
2021-05-11 20:44:20,641 INFO      ('lr', '5e-05')
2021-05-11 20:44:20,641 INFO      ('drop', '0')
2021-05-11 20:44:20,641 INFO      ('schedule', '[5, 10, 15, 20, 25, 30, 35, 40, 45]')
2021-05-11 20:44:20,641 INFO      ('gamma', '0.9')
2021-05-11 20:44:20,641 INFO      ('momentum', '0.8')
2021-05-11 20:44:20,641 INFO      ('weight_decay', '0.0001')
2021-05-11 20:44:20,641 INFO      ('checkpoint', 'checkpoints/my_data_v6_resnet18_transfer_480_2classes')
2021-05-11 20:44:20,641 INFO      ('resume', '')
2021-05-11 20:44:20,641 INFO      ('arch', 'resnet18')
2021-05-11 20:44:20,641 INFO      ('manualSeed', '1196')
2021-05-11 20:44:44,005 INFO      ----------configuration**********
2021-05-11 20:44:44,005 INFO      ('dataset', 'my_data')
2021-05-11 20:44:44,005 INFO      ('train_path', 'D:\\flk\\Weather_Recognition\\data_split_v6\\train\\')
2021-05-11 20:44:44,006 INFO      ('test_path', 'D:\\flk\\Weather_Recognition\\data_split_v6\\test\\')
2021-05-11 20:44:44,006 INFO      ('imagesize', '224')
2021-05-11 20:44:44,006 INFO      ('pretrained_path', 'D:\\flk\\Weather_Recognition\\checkpoints\\mwd_resnet18\\04_14_14_25_fold_0_model_best.pth.tar')
2021-05-11 20:44:44,006 INFO      ('epochs', '20')
2021-05-11 20:44:44,006 INFO      ('start_epoch', '0')
2021-05-11 20:44:44,006 INFO      ('train_batch', '32')
2021-05-11 20:44:44,006 INFO      ('test_batch', '32')
2021-05-11 20:44:44,006 INFO      ('lr', '5e-05')
2021-05-11 20:44:44,006 INFO      ('drop', '0')
2021-05-11 20:44:44,006 INFO      ('schedule', '[5, 10, 15, 20, 25, 30, 35, 40, 45]')
2021-05-11 20:44:44,006 INFO      ('gamma', '0.9')
2021-05-11 20:44:44,006 INFO      ('momentum', '0.8')
2021-05-11 20:44:44,006 INFO      ('weight_decay', '0.0001')
2021-05-11 20:44:44,006 INFO      ('checkpoint', 'checkpoints/my_data_v6_resnet18_transfer_480_2classes')
2021-05-11 20:44:44,006 INFO      ('resume', '')
2021-05-11 20:44:44,006 INFO      ('arch', 'resnet18')
2021-05-11 20:44:44,006 INFO      ('manualSeed', '2967')
2021-05-11 20:44:56,059 INFO      ----------configuration**********
2021-05-11 20:44:56,059 INFO      ('dataset', 'my_data')
2021-05-11 20:44:56,059 INFO      ('train_path', 'D:\\flk\\Weather_Recognition\\data_split_v6\\train\\')
2021-05-11 20:44:56,059 INFO      ('test_path', 'D:\\flk\\Weather_Recognition\\data_split_v6\\test\\')
2021-05-11 20:44:56,059 INFO      ('imagesize', '224')
2021-05-11 20:44:56,059 INFO      ('pretrained_path', 'D:\\flk\\Weather_Recognition\\checkpoints\\mwd_resnet18\\04_14_14_25_fold_0_model_best.pth.tar')
2021-05-11 20:44:56,059 INFO      ('epochs', '20')
2021-05-11 20:44:56,059 INFO      ('start_epoch', '0')
2021-05-11 20:44:56,059 INFO      ('train_batch', '32')
2021-05-11 20:44:56,059 INFO      ('test_batch', '32')
2021-05-11 20:44:56,060 INFO      ('lr', '5e-05')
2021-05-11 20:44:56,060 INFO      ('drop', '0')
2021-05-11 20:44:56,060 INFO      ('schedule', '[5, 10, 15, 20, 25, 30, 35, 40, 45]')
2021-05-11 20:44:56,060 INFO      ('gamma', '0.9')
2021-05-11 20:44:56,060 INFO      ('momentum', '0.8')
2021-05-11 20:44:56,060 INFO      ('weight_decay', '0.0001')
2021-05-11 20:44:56,060 INFO      ('checkpoint', 'checkpoints/my_data_v6_resnet18_transfer_480_2classes')
2021-05-11 20:44:56,060 INFO      ('resume', '')
2021-05-11 20:44:56,060 INFO      ('arch', 'resnet18')
2021-05-11 20:44:56,060 INFO      ('manualSeed', '2623')
2021-05-11 20:45:20,847 INFO      ----------configuration**********
2021-05-11 20:45:20,847 INFO      ('dataset', 'my_data')
2021-05-11 20:45:20,847 INFO      ('train_path', 'D:\\flk\\Weather_Recognition\\data_split_v6\\train\\')
2021-05-11 20:45:20,848 INFO      ('test_path', 'D:\\flk\\Weather_Recognition\\data_split_v6\\test\\')
2021-05-11 20:45:20,848 INFO      ('imagesize', '224')
2021-05-11 20:45:20,848 INFO      ('pretrained_path', 'D:\\flk\\Weather_Recognition\\checkpoints\\mwd_resnet18\\04_14_14_25_fold_0_model_best.pth.tar')
2021-05-11 20:45:20,848 INFO      ('epochs', '20')
2021-05-11 20:45:20,848 INFO      ('start_epoch', '0')
2021-05-11 20:45:20,848 INFO      ('train_batch', '32')
2021-05-11 20:45:20,848 INFO      ('test_batch', '32')
2021-05-11 20:45:20,848 INFO      ('lr', '5e-05')
2021-05-11 20:45:20,848 INFO      ('drop', '0')
2021-05-11 20:45:20,848 INFO      ('schedule', '[5, 10, 15, 20, 25, 30, 35, 40, 45]')
2021-05-11 20:45:20,848 INFO      ('gamma', '0.9')
2021-05-11 20:45:20,848 INFO      ('momentum', '0.8')
2021-05-11 20:45:20,848 INFO      ('weight_decay', '0.0001')
2021-05-11 20:45:20,848 INFO      ('checkpoint', 'checkpoints/my_data_v6_resnet18_transfer_480_2classes')
2021-05-11 20:45:20,848 INFO      ('resume', '')
2021-05-11 20:45:20,848 INFO      ('arch', 'resnet18')
2021-05-11 20:45:20,848 INFO      ('manualSeed', '9800')
2021-05-11 20:51:16,070 INFO      ----------configuration**********
2021-05-11 20:51:16,071 INFO      ('dataset', 'my_data')
2021-05-11 20:51:16,071 INFO      ('train_path', 'D:\\flk\\Weather_Recognition\\data_split_v6\\train\\')
2021-05-11 20:51:16,071 INFO      ('test_path', 'D:\\flk\\Weather_Recognition\\data_split_v6\\test\\')
2021-05-11 20:51:16,071 INFO      ('imagesize', '224')
2021-05-11 20:51:16,071 INFO      ('pretrained_path', 'D:\\flk\\Weather_Recognition\\checkpoints\\mwd_resnet18\\04_14_14_25_fold_0_model_best.pth.tar')
2021-05-11 20:51:16,071 INFO      ('epochs', '20')
2021-05-11 20:51:16,071 INFO      ('start_epoch', '0')
2021-05-11 20:51:16,071 INFO      ('train_batch', '16')
2021-05-11 20:51:16,071 INFO      ('test_batch', '16')
2021-05-11 20:51:16,071 INFO      ('lr', '0.0001')
2021-05-11 20:51:16,071 INFO      ('drop', '0')
2021-05-11 20:51:16,071 INFO      ('schedule', '[5, 10, 15, 20, 25, 30, 35, 40, 45]')
2021-05-11 20:51:16,071 INFO      ('gamma', '0.9')
2021-05-11 20:51:16,071 INFO      ('momentum', '0.8')
2021-05-11 20:51:16,071 INFO      ('weight_decay', '0.0001')
2021-05-11 20:51:16,071 INFO      ('checkpoint', 'checkpoints/my_data_v6_resnet18_transfer_480_2classes')
2021-05-11 20:51:16,071 INFO      ('resume', '')
2021-05-11 20:51:16,071 INFO      ('arch', 'resnet18')
2021-05-11 20:51:16,071 INFO      ('manualSeed', '1193')
2021-05-11 21:00:05,185 INFO      epoch: 1, train_acc: 87.10, test_acc: 89.87
2021-05-11 21:08:35,078 INFO      epoch: 2, train_acc: 96.60, test_acc: 88.11
