2021-01-21 15:12:21,838 INFO      ----------configuration**********
2021-01-21 15:12:21,838 INFO      ('dataset', 'my_data')
2021-01-21 15:12:21,838 INFO      ('train_path', 'E:\\flk\\Weather_Recognition\\data_split_v4\\train\\')
2021-01-21 15:12:21,838 INFO      ('test_path', 'E:\\flk\\Weather_Recognition\\data_split_v4\\test\\')
2021-01-21 15:12:21,838 INFO      ('imagesize', '224')
2021-01-21 15:12:21,838 INFO      ('epochs', '100')
2021-01-21 15:12:21,838 INFO      ('start_epoch', '0')
2021-01-21 15:12:21,838 INFO      ('train_batch', '16')
2021-01-21 15:12:21,838 INFO      ('test_batch', '16')
2021-01-21 15:12:21,838 INFO      ('lr', '0.001')
2021-01-21 15:12:21,838 INFO      ('drop', '0')
2021-01-21 15:12:21,838 INFO      ('schedule', '[1, 2, 3, 5, 10, 15]')
2021-01-21 15:12:21,838 INFO      ('gamma', '0.9')
2021-01-21 15:12:21,838 INFO      ('momentum', '0.8')
2021-01-21 15:12:21,838 INFO      ('weight_decay', '0.001')
2021-01-21 15:12:21,838 INFO      ('checkpoint', 'checkpoints/my_data_v4_resnet18_4classes')
2021-01-21 15:12:21,838 INFO      ('resume', '')
2021-01-21 15:12:21,838 INFO      ('arch', 'resnet18')
2021-01-21 15:12:21,838 INFO      ('manualSeed', '1947')
2021-01-21 15:16:19,754 INFO      ----------configuration**********
2021-01-21 15:16:19,754 INFO      ('dataset', 'my_data')
2021-01-21 15:16:19,754 INFO      ('train_path', 'E:\\flk\\Weather_Recognition\\data_split_v4\\train\\')
2021-01-21 15:16:19,754 INFO      ('test_path', 'E:\\flk\\Weather_Recognition\\data_split_v4\\test\\')
2021-01-21 15:16:19,754 INFO      ('imagesize', '224')
2021-01-21 15:16:19,754 INFO      ('epochs', '100')
2021-01-21 15:16:19,754 INFO      ('start_epoch', '0')
2021-01-21 15:16:19,754 INFO      ('train_batch', '16')
2021-01-21 15:16:19,754 INFO      ('test_batch', '16')
2021-01-21 15:16:19,754 INFO      ('lr', '0.001')
2021-01-21 15:16:19,754 INFO      ('drop', '0')
2021-01-21 15:16:19,754 INFO      ('schedule', '[1, 2, 3, 5, 10, 15]')
2021-01-21 15:16:19,754 INFO      ('gamma', '0.9')
2021-01-21 15:16:19,754 INFO      ('momentum', '0.8')
2021-01-21 15:16:19,754 INFO      ('weight_decay', '0.001')
2021-01-21 15:16:19,754 INFO      ('checkpoint', 'checkpoints/my_data_v4_resnet18_4classes')
2021-01-21 15:16:19,754 INFO      ('resume', '')
2021-01-21 15:16:19,754 INFO      ('arch', 'resnet18')
2021-01-21 15:16:19,754 INFO      ('manualSeed', '2604')
2021-01-21 15:18:31,144 INFO      ----------configuration**********
2021-01-21 15:18:31,144 INFO      ('dataset', 'my_data')
2021-01-21 15:18:31,144 INFO      ('train_path', 'E:\\flk\\Weather_Recognition\\data_split_v4\\train\\')
2021-01-21 15:18:31,144 INFO      ('test_path', 'E:\\flk\\Weather_Recognition\\data_split_v4\\test\\')
2021-01-21 15:18:31,144 INFO      ('imagesize', '224')
2021-01-21 15:18:31,144 INFO      ('epochs', '100')
2021-01-21 15:18:31,144 INFO      ('start_epoch', '0')
2021-01-21 15:18:31,144 INFO      ('train_batch', '16')
2021-01-21 15:18:31,144 INFO      ('test_batch', '16')
2021-01-21 15:18:31,144 INFO      ('lr', '0.001')
2021-01-21 15:18:31,144 INFO      ('drop', '0')
2021-01-21 15:18:31,144 INFO      ('schedule', '[1, 2, 3, 5, 10, 15]')
2021-01-21 15:18:31,144 INFO      ('gamma', '0.9')
2021-01-21 15:18:31,144 INFO      ('momentum', '0.8')
2021-01-21 15:18:31,144 INFO      ('weight_decay', '0.001')
2021-01-21 15:18:31,144 INFO      ('checkpoint', 'checkpoints/my_data_v4_resnet18_4classes')
2021-01-21 15:18:31,144 INFO      ('resume', '')
2021-01-21 15:18:31,144 INFO      ('arch', 'resnet18')
2021-01-21 15:18:31,144 INFO      ('manualSeed', '3707')
2021-01-21 15:18:49,582 INFO      ----------configuration**********
2021-01-21 15:18:49,582 INFO      ('dataset', 'my_data')
2021-01-21 15:18:49,582 INFO      ('train_path', 'E:\\flk\\Weather_Recognition\\data_split_v4\\train\\')
2021-01-21 15:18:49,582 INFO      ('test_path', 'E:\\flk\\Weather_Recognition\\data_split_v4\\test\\')
2021-01-21 15:18:49,582 INFO      ('imagesize', '224')
2021-01-21 15:18:49,582 INFO      ('epochs', '100')
2021-01-21 15:18:49,582 INFO      ('start_epoch', '0')
2021-01-21 15:18:49,582 INFO      ('train_batch', '16')
2021-01-21 15:18:49,582 INFO      ('test_batch', '16')
2021-01-21 15:18:49,582 INFO      ('lr', '0.001')
2021-01-21 15:18:49,582 INFO      ('drop', '0')
2021-01-21 15:18:49,582 INFO      ('schedule', '[1, 2, 3, 5, 10, 15]')
2021-01-21 15:18:49,582 INFO      ('gamma', '0.9')
2021-01-21 15:18:49,582 INFO      ('momentum', '0.8')
2021-01-21 15:18:49,582 INFO      ('weight_decay', '0.001')
2021-01-21 15:18:49,582 INFO      ('checkpoint', 'checkpoints/my_data_v4_resnet18_4classes')
2021-01-21 15:18:49,582 INFO      ('resume', '')
2021-01-21 15:18:49,582 INFO      ('arch', 'resnet18')
2021-01-21 15:18:49,582 INFO      ('manualSeed', '130')
2021-01-21 15:19:28,160 INFO      ----------configuration**********
2021-01-21 15:19:28,160 INFO      ('dataset', 'my_data')
2021-01-21 15:19:28,160 INFO      ('train_path', 'E:\\flk\\Weather_Recognition\\data_split_v4\\train\\')
2021-01-21 15:19:28,160 INFO      ('test_path', 'E:\\flk\\Weather_Recognition\\data_split_v4\\test\\')
2021-01-21 15:19:28,160 INFO      ('imagesize', '224')
2021-01-21 15:19:28,160 INFO      ('epochs', '100')
2021-01-21 15:19:28,160 INFO      ('start_epoch', '0')
2021-01-21 15:19:28,160 INFO      ('train_batch', '16')
2021-01-21 15:19:28,160 INFO      ('test_batch', '16')
2021-01-21 15:19:28,160 INFO      ('lr', '0.001')
2021-01-21 15:19:28,160 INFO      ('drop', '0')
2021-01-21 15:19:28,160 INFO      ('schedule', '[1, 2, 3, 5, 10, 15]')
2021-01-21 15:19:28,160 INFO      ('gamma', '0.9')
2021-01-21 15:19:28,160 INFO      ('momentum', '0.8')
2021-01-21 15:19:28,160 INFO      ('weight_decay', '0.001')
2021-01-21 15:19:28,160 INFO      ('checkpoint', 'checkpoints/my_data_v4_resnet18_4classes')
2021-01-21 15:19:28,160 INFO      ('resume', '')
2021-01-21 15:19:28,160 INFO      ('arch', 'resnet18')
2021-01-21 15:19:28,160 INFO      ('manualSeed', '8934')
2021-01-21 15:34:01,438 INFO      epoch: 1, train_acc: 96.36, test_acc: 85.49
2021-01-21 15:48:33,488 INFO      epoch: 2, train_acc: 99.56, test_acc: 87.23
2021-01-21 16:03:08,281 INFO      epoch: 3, train_acc: 99.71, test_acc: 84.71
2021-01-21 16:17:41,035 INFO      epoch: 4, train_acc: 99.81, test_acc: 86.47
2021-01-21 16:32:11,387 INFO      epoch: 5, train_acc: 99.88, test_acc: 81.59
2021-01-21 16:46:59,207 INFO      epoch: 6, train_acc: 99.93, test_acc: 80.59
